2024-08-16 22:33:21,168 - root - INFO - Namespace(data='simulate_v2', bs=200, prefix='tgn-attn', n_degree=10, n_head=2, n_epoch=100, n_layer=2, lr=0.0001, patience=5, n_runs=1, drop_out=0.1, gpu=0, node_dim=100, time_dim=100, backprop_every=1, use_memory=True, embedding_module='graph_attention', message_function='identity', memory_updater='gru', aggregator='last', memory_update_at_end=False, message_dim=100, memory_dim=4, different_new_nodes=False, uniform=False, randomize_features=False, use_destination_embedding_in_message=False, use_source_embedding_in_message=False, dyrep=False)
2024-08-16 22:33:21,561 - root - INFO - num of training instances: 5872
2024-08-16 22:33:21,561 - root - INFO - num of batches per epoch: 30
2024-08-16 22:33:21,561 - root - INFO - start 0 epoch
2024-08-16 22:33:31,291 - root - INFO - epoch: 0 took 9.73s
2024-08-16 22:33:31,291 - root - INFO - epoch train mean loss: 0.7327918688456218
2024-08-16 22:33:31,291 - root - INFO - train acc: 0.5090185185185185, test acc: 0.47916666666666663
2024-08-16 22:33:31,291 - root - INFO - train ap: 0.4318030806177579, val ap: 0.4534502297162312
2024-08-16 22:33:31,293 - root - INFO - start 1 epoch
2024-08-16 22:33:41,143 - root - INFO - epoch: 1 took 9.85s
2024-08-16 22:33:41,143 - root - INFO - epoch train mean loss: 0.7097035070260366
2024-08-16 22:33:41,143 - root - INFO - train acc: 0.5065185185185185, test acc: 0.47916666666666663
2024-08-16 22:33:41,143 - root - INFO - train ap: 0.4299116404893004, val ap: 0.45994795485797557
2024-08-16 22:33:41,145 - root - INFO - start 2 epoch
2024-08-16 22:33:50,946 - root - INFO - epoch: 2 took 9.80s
2024-08-16 22:33:50,946 - root - INFO - epoch train mean loss: 0.700588325659434
2024-08-16 22:33:50,946 - root - INFO - train acc: 0.5001851851851853, test acc: 0.47916666666666663
2024-08-16 22:33:50,946 - root - INFO - train ap: 0.4342116662143493, val ap: 0.46384174511588994
2024-08-16 22:33:50,948 - root - INFO - start 3 epoch
2024-08-16 22:34:01,040 - root - INFO - epoch: 3 took 10.09s
2024-08-16 22:34:01,040 - root - INFO - epoch train mean loss: 0.7004956742127736
2024-08-16 22:34:01,040 - root - INFO - train acc: 0.4977222222222222, test acc: 0.47791666666666666
2024-08-16 22:34:01,040 - root - INFO - train ap: 0.4390152195426119, val ap: 0.4688686808630296
2024-08-16 22:34:01,042 - root - INFO - start 4 epoch
2024-08-16 22:34:10,598 - root - INFO - epoch: 4 took 9.56s
2024-08-16 22:34:10,598 - root - INFO - epoch train mean loss: 0.7001085698604583
2024-08-16 22:34:10,598 - root - INFO - train acc: 0.5000555555555555, test acc: 0.47791666666666666
2024-08-16 22:34:10,598 - root - INFO - train ap: 0.44348995567520644, val ap: 0.4737485273390388
2024-08-16 22:34:10,600 - root - INFO - start 5 epoch
2024-08-16 22:34:20,270 - root - INFO - epoch: 5 took 9.67s
2024-08-16 22:34:20,270 - root - INFO - epoch train mean loss: 0.7003244042396546
2024-08-16 22:34:20,271 - root - INFO - train acc: 0.5026851851851851, test acc: 0.47916666666666663
2024-08-16 22:34:20,271 - root - INFO - train ap: 0.44820613137552706, val ap: 0.47921680575498915
2024-08-16 22:34:20,272 - root - INFO - start 6 epoch
2024-08-16 22:34:29,953 - root - INFO - epoch: 6 took 9.68s
2024-08-16 22:34:29,953 - root - INFO - epoch train mean loss: 0.7005146483580271
2024-08-16 22:34:29,954 - root - INFO - train acc: 0.5015185185185185, test acc: 0.47979166666666667
2024-08-16 22:34:29,954 - root - INFO - train ap: 0.45382180917054654, val ap: 0.4851881390275051
2024-08-16 22:34:29,955 - root - INFO - start 7 epoch
2024-08-16 22:34:39,688 - root - INFO - epoch: 7 took 9.73s
2024-08-16 22:34:39,688 - root - INFO - epoch train mean loss: 0.6973526060581208
2024-08-16 22:34:39,688 - root - INFO - train acc: 0.5016851851851852, test acc: 0.47979166666666667
2024-08-16 22:34:39,688 - root - INFO - train ap: 0.46005109415967016, val ap: 0.4917102714963979
2024-08-16 22:34:39,690 - root - INFO - start 8 epoch
2024-08-16 22:34:49,390 - root - INFO - epoch: 8 took 9.70s
2024-08-16 22:34:49,390 - root - INFO - epoch train mean loss: 0.6987061858177185
2024-08-16 22:34:49,390 - root - INFO - train acc: 0.5031851851851852, test acc: 0.47979166666666667
2024-08-16 22:34:49,390 - root - INFO - train ap: 0.4669084199296958, val ap: 0.49881765993452565
2024-08-16 22:34:49,391 - root - INFO - start 9 epoch
2024-08-16 22:34:59,168 - root - INFO - epoch: 9 took 9.78s
2024-08-16 22:34:59,168 - root - INFO - epoch train mean loss: 0.6972823699315389
2024-08-16 22:34:59,168 - root - INFO - train acc: 0.5040185185185185, test acc: 0.47979166666666667
2024-08-16 22:34:59,168 - root - INFO - train ap: 0.4739906922533607, val ap: 0.5075070305504965
2024-08-16 22:34:59,170 - root - INFO - start 10 epoch
2024-08-16 22:35:08,760 - root - INFO - epoch: 10 took 9.59s
2024-08-16 22:35:08,761 - root - INFO - epoch train mean loss: 0.6965396424134572
2024-08-16 22:35:08,761 - root - INFO - train acc: 0.5058518518518519, test acc: 0.47979166666666667
2024-08-16 22:35:08,761 - root - INFO - train ap: 0.48177115828055045, val ap: 0.5154770879701964
2024-08-16 22:35:08,762 - root - INFO - start 11 epoch
2024-08-16 22:35:18,735 - root - INFO - epoch: 11 took 9.97s
2024-08-16 22:35:18,735 - root - INFO - epoch train mean loss: 0.6968362430731455
2024-08-16 22:35:18,735 - root - INFO - train acc: 0.5071851851851852, test acc: 0.47979166666666667
2024-08-16 22:35:18,735 - root - INFO - train ap: 0.49040366491054915, val ap: 0.5248219998209485
2024-08-16 22:35:18,736 - root - INFO - start 12 epoch
2024-08-16 22:35:28,380 - root - INFO - epoch: 12 took 9.64s
2024-08-16 22:35:28,380 - root - INFO - epoch train mean loss: 0.6962858398755392
2024-08-16 22:35:28,380 - root - INFO - train acc: 0.5073518518518518, test acc: 0.47916666666666663
2024-08-16 22:35:28,380 - root - INFO - train ap: 0.5007359628319918, val ap: 0.5357181609125277
2024-08-16 22:35:28,382 - root - INFO - start 13 epoch
2024-08-16 22:35:38,107 - root - INFO - epoch: 13 took 9.72s
2024-08-16 22:35:38,107 - root - INFO - epoch train mean loss: 0.6958324909210205
2024-08-16 22:35:38,107 - root - INFO - train acc: 0.5078518518518519, test acc: 0.47916666666666663
2024-08-16 22:35:38,107 - root - INFO - train ap: 0.5111344276591077, val ap: 0.5473949914440783
2024-08-16 22:35:38,109 - root - INFO - start 14 epoch
2024-08-16 22:35:47,848 - root - INFO - epoch: 14 took 9.74s
2024-08-16 22:35:47,849 - root - INFO - epoch train mean loss: 0.6951641579469044
2024-08-16 22:35:47,849 - root - INFO - train acc: 0.5100185185185185, test acc: 0.47916666666666663
2024-08-16 22:35:47,849 - root - INFO - train ap: 0.523871711011895, val ap: 0.559656787488754
2024-08-16 22:35:47,851 - root - INFO - start 15 epoch
2024-08-16 22:35:57,610 - root - INFO - epoch: 15 took 9.76s
2024-08-16 22:35:57,610 - root - INFO - epoch train mean loss: 0.695394241809845
2024-08-16 22:35:57,610 - root - INFO - train acc: 0.5115185185185185, test acc: 0.47916666666666663
2024-08-16 22:35:57,610 - root - INFO - train ap: 0.5359753982627076, val ap: 0.5753873497102479
2024-08-16 22:35:57,612 - root - INFO - start 16 epoch
2024-08-16 22:36:07,280 - root - INFO - epoch: 16 took 9.67s
2024-08-16 22:36:07,280 - root - INFO - epoch train mean loss: 0.6947672009468079
2024-08-16 22:36:07,280 - root - INFO - train acc: 0.5195000000000001, test acc: 0.4810416666666667
2024-08-16 22:36:07,281 - root - INFO - train ap: 0.5441219396674479, val ap: 0.5889862250344984
2024-08-16 22:36:07,282 - root - INFO - start 17 epoch
2024-08-16 22:36:17,042 - root - INFO - epoch: 17 took 9.76s
2024-08-16 22:36:17,042 - root - INFO - epoch train mean loss: 0.6941555043061575
2024-08-16 22:36:17,042 - root - INFO - train acc: 0.5245555555555556, test acc: 0.47916666666666663
2024-08-16 22:36:17,042 - root - INFO - train ap: 0.5639755535537546, val ap: 0.6116224279593869
2024-08-16 22:36:17,043 - root - INFO - start 18 epoch
2024-08-16 22:36:26,769 - root - INFO - epoch: 18 took 9.73s
2024-08-16 22:36:26,769 - root - INFO - epoch train mean loss: 0.6938282251358032
2024-08-16 22:36:26,769 - root - INFO - train acc: 0.5098518518518519, test acc: 0.47916666666666663
2024-08-16 22:36:26,769 - root - INFO - train ap: 0.5931420182768784, val ap: 0.6271936747448834
2024-08-16 22:36:26,770 - root - INFO - start 19 epoch
2024-08-16 22:36:36,562 - root - INFO - epoch: 19 took 9.79s
2024-08-16 22:36:36,562 - root - INFO - epoch train mean loss: 0.6930983463923136
2024-08-16 22:36:36,562 - root - INFO - train acc: 0.5120185185185185, test acc: 0.47916666666666663
2024-08-16 22:36:36,562 - root - INFO - train ap: 0.6137460268064701, val ap: 0.6414213064779543
2024-08-16 22:36:36,564 - root - INFO - start 20 epoch
2024-08-16 22:36:46,239 - root - INFO - epoch: 20 took 9.68s
2024-08-16 22:36:46,239 - root - INFO - epoch train mean loss: 0.6927608668804168
2024-08-16 22:36:46,239 - root - INFO - train acc: 0.5148518518518519, test acc: 0.47916666666666663
2024-08-16 22:36:46,239 - root - INFO - train ap: 0.6320909933575264, val ap: 0.6588360028374428
2024-08-16 22:36:46,241 - root - INFO - start 21 epoch
2024-08-16 22:36:56,175 - root - INFO - epoch: 21 took 9.93s
2024-08-16 22:36:56,175 - root - INFO - epoch train mean loss: 0.6918959021568298
2024-08-16 22:36:56,175 - root - INFO - train acc: 0.5156851851851851, test acc: 0.47916666666666663
2024-08-16 22:36:56,175 - root - INFO - train ap: 0.6373117768292946, val ap: 0.6644225294573842
2024-08-16 22:36:56,176 - root - INFO - start 22 epoch
2024-08-16 22:37:06,046 - root - INFO - epoch: 22 took 9.87s
2024-08-16 22:37:06,047 - root - INFO - epoch train mean loss: 0.6917189796765645
2024-08-16 22:37:06,047 - root - INFO - train acc: 0.5156851851851851, test acc: 0.48104166666666665
2024-08-16 22:37:06,047 - root - INFO - train ap: 0.6437960589022862, val ap: 0.6709535316338073
2024-08-16 22:37:06,048 - root - INFO - start 23 epoch
2024-08-16 22:37:15,694 - root - INFO - epoch: 23 took 9.65s
2024-08-16 22:37:15,694 - root - INFO - epoch train mean loss: 0.6910200575987498
2024-08-16 22:37:15,694 - root - INFO - train acc: 0.5183518518518518, test acc: 0.47916666666666663
2024-08-16 22:37:15,694 - root - INFO - train ap: 0.6519346531504502, val ap: 0.6777319566091644
2024-08-16 22:37:15,695 - root - INFO - start 24 epoch
2024-08-16 22:37:25,336 - root - INFO - epoch: 24 took 9.64s
2024-08-16 22:37:25,336 - root - INFO - epoch train mean loss: 0.6917613466580709
2024-08-16 22:37:25,336 - root - INFO - train acc: 0.5173518518518518, test acc: 0.4816666666666667
2024-08-16 22:37:25,336 - root - INFO - train ap: 0.6664370002352468, val ap: 0.6915419555165496
2024-08-16 22:37:25,337 - root - INFO - start 25 epoch
2024-08-16 22:37:35,027 - root - INFO - epoch: 25 took 9.69s
2024-08-16 22:37:35,027 - root - INFO - epoch train mean loss: 0.6898934960365295
2024-08-16 22:37:35,027 - root - INFO - train acc: 0.5646481481481481, test acc: 0.5455208333333333
2024-08-16 22:37:35,027 - root - INFO - train ap: 0.6915791368770403, val ap: 0.7145468903522987
2024-08-16 22:37:35,029 - root - INFO - start 26 epoch
2024-08-16 22:37:44,711 - root - INFO - epoch: 26 took 9.68s
2024-08-16 22:37:44,711 - root - INFO - epoch train mean loss: 0.6876263042291005
2024-08-16 22:37:44,711 - root - INFO - train acc: 0.5869629629629629, test acc: 0.6159375
2024-08-16 22:37:44,712 - root - INFO - train ap: 0.7106419402231471, val ap: 0.7352326697538147
2024-08-16 22:37:44,713 - root - INFO - start 27 epoch
2024-08-16 22:37:54,306 - root - INFO - epoch: 27 took 9.59s
2024-08-16 22:37:54,306 - root - INFO - epoch train mean loss: 0.6856627364953359
2024-08-16 22:37:54,307 - root - INFO - train acc: 0.595611111111111, test acc: 0.593125
2024-08-16 22:37:54,307 - root - INFO - train ap: 0.7236062037749028, val ap: 0.7508172361508387
2024-08-16 22:37:54,308 - root - INFO - start 28 epoch
2024-08-16 22:38:03,982 - root - INFO - epoch: 28 took 9.67s
2024-08-16 22:38:03,982 - root - INFO - epoch train mean loss: 0.6852427164713542
2024-08-16 22:38:03,982 - root - INFO - train acc: 0.620537037037037, test acc: 0.5874999999999999
2024-08-16 22:38:03,983 - root - INFO - train ap: 0.733808591772576, val ap: 0.7604960606236373
2024-08-16 22:38:03,984 - root - INFO - start 29 epoch
2024-08-16 22:38:13,545 - root - INFO - epoch: 29 took 9.56s
2024-08-16 22:38:13,545 - root - INFO - epoch train mean loss: 0.6833105444908142
2024-08-16 22:38:13,545 - root - INFO - train acc: 0.6341851851851852, test acc: 0.6152083333333334
2024-08-16 22:38:13,545 - root - INFO - train ap: 0.7453324204234121, val ap: 0.7712259469069511
2024-08-16 22:38:13,546 - root - INFO - start 30 epoch
2024-08-16 22:38:23,361 - root - INFO - epoch: 30 took 9.82s
2024-08-16 22:38:23,362 - root - INFO - epoch train mean loss: 0.68305757244428
2024-08-16 22:38:23,362 - root - INFO - train acc: 0.559648148148148, test acc: 0.548125
2024-08-16 22:38:23,362 - root - INFO - train ap: 0.7523594382395733, val ap: 0.7818214472095786
2024-08-16 22:38:23,363 - root - INFO - start 31 epoch
2024-08-16 22:38:33,115 - root - INFO - epoch: 31 took 9.75s
2024-08-16 22:38:33,115 - root - INFO - epoch train mean loss: 0.6819920023282369
2024-08-16 22:38:33,115 - root - INFO - train acc: 0.5330185185185184, test acc: 0.4847916666666666
2024-08-16 22:38:33,115 - root - INFO - train ap: 0.7585931551861702, val ap: 0.7885991746935112
2024-08-16 22:38:33,117 - root - INFO - start 32 epoch
2024-08-16 22:38:43,073 - root - INFO - epoch: 32 took 9.96s
2024-08-16 22:38:43,073 - root - INFO - epoch train mean loss: 0.678108956416448
2024-08-16 22:38:43,073 - root - INFO - train acc: 0.6337592592592591, test acc: 0.6098958333333333
2024-08-16 22:38:43,073 - root - INFO - train ap: 0.7646481454546238, val ap: 0.7949690753451769
2024-08-16 22:38:43,075 - root - INFO - start 33 epoch
2024-08-16 22:38:52,715 - root - INFO - epoch: 33 took 9.64s
2024-08-16 22:38:52,715 - root - INFO - epoch train mean loss: 0.6764661987622579
2024-08-16 22:38:52,715 - root - INFO - train acc: 0.655425925925926, test acc: 0.6707291666666666
2024-08-16 22:38:52,715 - root - INFO - train ap: 0.7757314817324854, val ap: 0.8035188714673982
2024-08-16 22:38:52,717 - root - INFO - start 34 epoch
2024-08-16 22:39:02,266 - root - INFO - epoch: 34 took 9.55s
2024-08-16 22:39:02,266 - root - INFO - epoch train mean loss: 0.6736530741055806
2024-08-16 22:39:02,266 - root - INFO - train acc: 0.6218703703703704, test acc: 0.6358333333333333
2024-08-16 22:39:02,266 - root - INFO - train ap: 0.7855568785508339, val ap: 0.8144618725951032
2024-08-16 22:39:02,268 - root - INFO - start 35 epoch
2024-08-16 22:39:11,808 - root - INFO - epoch: 35 took 9.54s
2024-08-16 22:39:11,808 - root - INFO - epoch train mean loss: 0.6709153354167938
2024-08-16 22:39:11,808 - root - INFO - train acc: 0.641148148148148, test acc: 0.5754166666666667
2024-08-16 22:39:11,808 - root - INFO - train ap: 0.7934925978165314, val ap: 0.8256743962395944
2024-08-16 22:39:11,809 - root - INFO - start 36 epoch
2024-08-16 22:39:21,371 - root - INFO - epoch: 36 took 9.56s
2024-08-16 22:39:21,371 - root - INFO - epoch train mean loss: 0.6661423067251842
2024-08-16 22:39:21,371 - root - INFO - train acc: 0.6817037037037037, test acc: 0.6628125
2024-08-16 22:39:21,371 - root - INFO - train ap: 0.803070607219181, val ap: 0.8309278249351286
2024-08-16 22:39:21,373 - root - INFO - start 37 epoch
2024-08-16 22:39:31,024 - root - INFO - epoch: 37 took 9.65s
2024-08-16 22:39:31,024 - root - INFO - epoch train mean loss: 0.6607633372147877
2024-08-16 22:39:31,024 - root - INFO - train acc: 0.6661851851851852, test acc: 0.7060416666666667
2024-08-16 22:39:31,024 - root - INFO - train ap: 0.8141195782409736, val ap: 0.8377219904438807
2024-08-16 22:39:31,025 - root - INFO - start 38 epoch
2024-08-16 22:39:40,607 - root - INFO - epoch: 38 took 9.58s
2024-08-16 22:39:40,607 - root - INFO - epoch train mean loss: 0.6561831732590994
2024-08-16 22:39:40,607 - root - INFO - train acc: 0.6861481481481481, test acc: 0.7072916666666667
2024-08-16 22:39:40,607 - root - INFO - train ap: 0.8221857776342124, val ap: 0.846875758265224
2024-08-16 22:39:40,609 - root - INFO - start 39 epoch
2024-08-16 22:39:50,258 - root - INFO - epoch: 39 took 9.65s
2024-08-16 22:39:50,258 - root - INFO - epoch train mean loss: 0.6509789387385051
2024-08-16 22:39:50,258 - root - INFO - train acc: 0.7213148148148145, test acc: 0.7065625
2024-08-16 22:39:50,258 - root - INFO - train ap: 0.8311822484357702, val ap: 0.8524958041570829
2024-08-16 22:39:50,259 - root - INFO - start 40 epoch
2024-08-16 22:40:00,097 - root - INFO - epoch: 40 took 9.84s
2024-08-16 22:40:00,097 - root - INFO - epoch train mean loss: 0.6415662348270417
2024-08-16 22:40:00,097 - root - INFO - train acc: 0.7041851851851854, test acc: 0.748125
2024-08-16 22:40:00,097 - root - INFO - train ap: 0.8420022178160261, val ap: 0.8601622068146683
2024-08-16 22:40:00,098 - root - INFO - start 41 epoch
2024-08-16 22:40:09,716 - root - INFO - epoch: 41 took 9.62s
2024-08-16 22:40:09,716 - root - INFO - epoch train mean loss: 0.633038047949473
2024-08-16 22:40:09,716 - root - INFO - train acc: 0.743574074074074, test acc: 0.7609375
2024-08-16 22:40:09,716 - root - INFO - train ap: 0.84996613369523, val ap: 0.8660753595009749
2024-08-16 22:40:09,718 - root - INFO - start 42 epoch
2024-08-16 22:40:19,437 - root - INFO - epoch: 42 took 9.72s
2024-08-16 22:40:19,437 - root - INFO - epoch train mean loss: 0.6204109330972035
2024-08-16 22:40:19,437 - root - INFO - train acc: 0.7608703703703703, test acc: 0.7586458333333334
2024-08-16 22:40:19,437 - root - INFO - train ap: 0.8562434370003544, val ap: 0.8708311861300124
2024-08-16 22:40:19,438 - root - INFO - start 43 epoch
2024-08-16 22:40:29,357 - root - INFO - epoch: 43 took 9.92s
2024-08-16 22:40:29,357 - root - INFO - epoch train mean loss: 0.6060267130533854
2024-08-16 22:40:29,357 - root - INFO - train acc: 0.7583148148148147, test acc: 0.7782291666666666
2024-08-16 22:40:29,357 - root - INFO - train ap: 0.8681014442285421, val ap: 0.8794088570563137
2024-08-16 22:40:29,359 - root - INFO - start 44 epoch
2024-08-16 22:40:39,044 - root - INFO - epoch: 44 took 9.69s
2024-08-16 22:40:39,044 - root - INFO - epoch train mean loss: 0.5945367177327474
2024-08-16 22:40:39,044 - root - INFO - train acc: 0.7965740740740741, test acc: 0.7986458333333333
2024-08-16 22:40:39,044 - root - INFO - train ap: 0.8797316635385038, val ap: 0.8861643775665664
2024-08-16 22:40:39,046 - root - INFO - start 45 epoch
2024-08-16 22:40:48,658 - root - INFO - epoch: 45 took 9.61s
2024-08-16 22:40:48,658 - root - INFO - epoch train mean loss: 0.568303386370341
2024-08-16 22:40:48,658 - root - INFO - train acc: 0.8071296296296296, test acc: 0.8087500000000001
2024-08-16 22:40:48,658 - root - INFO - train ap: 0.8893427627439764, val ap: 0.8914048967714105
2024-08-16 22:40:48,660 - root - INFO - start 46 epoch
2024-08-16 22:40:58,369 - root - INFO - epoch: 46 took 9.71s
2024-08-16 22:40:58,369 - root - INFO - epoch train mean loss: 0.536629522840182
2024-08-16 22:40:58,369 - root - INFO - train acc: 0.8182592592592591, test acc: 0.824375
2024-08-16 22:40:58,370 - root - INFO - train ap: 0.8993506528406294, val ap: 0.8983894346997492
2024-08-16 22:40:58,371 - root - INFO - start 47 epoch
2024-08-16 22:41:08,058 - root - INFO - epoch: 47 took 9.69s
2024-08-16 22:41:08,058 - root - INFO - epoch train mean loss: 0.5145922422409057
2024-08-16 22:41:08,058 - root - INFO - train acc: 0.8387962962962964, test acc: 0.8389583333333334
2024-08-16 22:41:08,058 - root - INFO - train ap: 0.9066231446412812, val ap: 0.9054065816176704
2024-08-16 22:41:08,060 - root - INFO - start 48 epoch
2024-08-16 22:41:17,782 - root - INFO - epoch: 48 took 9.72s
2024-08-16 22:41:17,782 - root - INFO - epoch train mean loss: 0.4743263026078542
2024-08-16 22:41:17,782 - root - INFO - train acc: 0.8546296296296296, test acc: 0.8496874999999999
2024-08-16 22:41:17,782 - root - INFO - train ap: 0.9134598662819919, val ap: 0.9119471337305559
2024-08-16 22:41:17,794 - root - INFO - start 49 epoch
2024-08-16 22:41:27,354 - root - INFO - epoch: 49 took 9.56s
2024-08-16 22:41:27,354 - root - INFO - epoch train mean loss: 0.4437570015589396
2024-08-16 22:41:27,354 - root - INFO - train acc: 0.8656296296296296, test acc: 0.8634375
2024-08-16 22:41:27,354 - root - INFO - train ap: 0.9208565360359047, val ap: 0.9208442322408861
2024-08-16 22:41:27,356 - root - INFO - start 50 epoch
2024-08-16 22:41:37,076 - root - INFO - epoch: 50 took 9.72s
2024-08-16 22:41:37,076 - root - INFO - epoch train mean loss: 0.41702543596426644
2024-08-16 22:41:37,076 - root - INFO - train acc: 0.8736296296296296, test acc: 0.8728125
2024-08-16 22:41:37,076 - root - INFO - train ap: 0.9267001336371703, val ap: 0.9293965678057494
2024-08-16 22:41:37,078 - root - INFO - start 51 epoch
2024-08-16 22:41:46,729 - root - INFO - epoch: 51 took 9.65s
2024-08-16 22:41:46,729 - root - INFO - epoch train mean loss: 0.3976181854804357
2024-08-16 22:41:46,729 - root - INFO - train acc: 0.8795925925925926, test acc: 0.8797916666666667
2024-08-16 22:41:46,730 - root - INFO - train ap: 0.9310442322643924, val ap: 0.9351135460330253
2024-08-16 22:41:46,731 - root - INFO - start 52 epoch
2024-08-16 22:41:56,356 - root - INFO - epoch: 52 took 9.63s
2024-08-16 22:41:56,356 - root - INFO - epoch train mean loss: 0.37309977660576504
2024-08-16 22:41:56,356 - root - INFO - train acc: 0.8875925925925927, test acc: 0.8855208333333333
2024-08-16 22:41:56,356 - root - INFO - train ap: 0.9345427061888354, val ap: 0.9399618128229308
2024-08-16 22:41:56,357 - root - INFO - start 53 epoch
2024-08-16 22:42:06,009 - root - INFO - epoch: 53 took 9.65s
2024-08-16 22:42:06,009 - root - INFO - epoch train mean loss: 0.3550210585196813
2024-08-16 22:42:06,009 - root - INFO - train acc: 0.8923518518518521, test acc: 0.8879166666666667
2024-08-16 22:42:06,009 - root - INFO - train ap: 0.9379726256496739, val ap: 0.9440966989502576
2024-08-16 22:42:06,011 - root - INFO - start 54 epoch
2024-08-16 22:42:15,655 - root - INFO - epoch: 54 took 9.64s
2024-08-16 22:42:15,655 - root - INFO - epoch train mean loss: 0.3384709676106771
2024-08-16 22:42:15,655 - root - INFO - train acc: 0.8946481481481482, test acc: 0.8923958333333333
2024-08-16 22:42:15,655 - root - INFO - train ap: 0.9408050836354936, val ap: 0.9466308896687059
2024-08-16 22:42:15,656 - root - INFO - start 55 epoch
2024-08-16 22:42:25,798 - root - INFO - epoch: 55 took 10.14s
2024-08-16 22:42:25,798 - root - INFO - epoch train mean loss: 0.32951178004344306
2024-08-16 22:42:25,798 - root - INFO - train acc: 0.9007777777777779, test acc: 0.903125
2024-08-16 22:42:25,798 - root - INFO - train ap: 0.9440173073133356, val ap: 0.9463946342567223
2024-08-16 22:42:25,800 - root - INFO - start 56 epoch
2024-08-16 22:42:35,607 - root - INFO - epoch: 56 took 9.81s
2024-08-16 22:42:35,607 - root - INFO - epoch train mean loss: 0.31735344578822455
2024-08-16 22:42:35,607 - root - INFO - train acc: 0.9059074074074075, test acc: 0.904375
2024-08-16 22:42:35,607 - root - INFO - train ap: 0.9459706500549853, val ap: 0.9455198544139823
2024-08-16 22:42:35,608 - root - INFO - start 57 epoch
2024-08-16 22:42:45,377 - root - INFO - epoch: 57 took 9.77s
2024-08-16 22:42:45,377 - root - INFO - epoch train mean loss: 0.3086044708887736
2024-08-16 22:42:45,377 - root - INFO - train acc: 0.9115740740740741, test acc: 0.9094791666666667
2024-08-16 22:42:45,377 - root - INFO - train ap: 0.9477511630888862, val ap: 0.9467277041618978
2024-08-16 22:42:45,378 - root - INFO - start 58 epoch
2024-08-16 22:42:55,138 - root - INFO - epoch: 58 took 9.76s
2024-08-16 22:42:55,138 - root - INFO - epoch train mean loss: 0.30017368992169696
2024-08-16 22:42:55,138 - root - INFO - train acc: 0.9125740740740741, test acc: 0.9139583333333334
2024-08-16 22:42:55,138 - root - INFO - train ap: 0.949301023818963, val ap: 0.948564597319602
2024-08-16 22:42:55,139 - root - INFO - start 59 epoch
2024-08-16 22:43:04,993 - root - INFO - epoch: 59 took 9.85s
2024-08-16 22:43:04,993 - root - INFO - epoch train mean loss: 0.2925039072831472
2024-08-16 22:43:04,993 - root - INFO - train acc: 0.9132777777777777, test acc: 0.9145833333333333
2024-08-16 22:43:04,993 - root - INFO - train ap: 0.9505640340036723, val ap: 0.95061058295413
2024-08-16 22:43:04,995 - root - INFO - start 60 epoch
2024-08-16 22:43:14,603 - root - INFO - epoch: 60 took 9.61s
2024-08-16 22:43:14,603 - root - INFO - epoch train mean loss: 0.28573958824078244
2024-08-16 22:43:14,603 - root - INFO - train acc: 0.915111111111111, test acc: 0.9152083333333334
2024-08-16 22:43:14,603 - root - INFO - train ap: 0.9518792553092787, val ap: 0.9518809157507668
2024-08-16 22:43:14,605 - root - INFO - start 61 epoch
2024-08-16 22:43:24,388 - root - INFO - epoch: 61 took 9.78s
2024-08-16 22:43:24,388 - root - INFO - epoch train mean loss: 0.2761913388967514
2024-08-16 22:43:24,388 - root - INFO - train acc: 0.9190740740740739, test acc: 0.9164583333333334
2024-08-16 22:43:24,388 - root - INFO - train ap: 0.9532367198343998, val ap: 0.9523707934377892
2024-08-16 22:43:24,390 - root - INFO - start 62 epoch
2024-08-16 22:43:34,207 - root - INFO - epoch: 62 took 9.82s
2024-08-16 22:43:34,208 - root - INFO - epoch train mean loss: 0.2691831737756729
2024-08-16 22:43:34,208 - root - INFO - train acc: 0.9205740740740741, test acc: 0.9164583333333334
2024-08-16 22:43:34,208 - root - INFO - train ap: 0.9543926112710817, val ap: 0.9530107696413787
2024-08-16 22:43:34,209 - root - INFO - start 63 epoch
2024-08-16 22:43:44,010 - root - INFO - epoch: 63 took 9.80s
2024-08-16 22:43:44,010 - root - INFO - epoch train mean loss: 0.2649803434809049
2024-08-16 22:43:44,010 - root - INFO - train acc: 0.9236111111111112, test acc: 0.9177083333333333
2024-08-16 22:43:44,010 - root - INFO - train ap: 0.9553314795647466, val ap: 0.9533048021938559
2024-08-16 22:43:44,012 - root - INFO - start 64 epoch
2024-08-16 22:43:53,880 - root - INFO - epoch: 64 took 9.87s
2024-08-16 22:43:53,880 - root - INFO - epoch train mean loss: 0.25318257212638856
2024-08-16 22:43:53,880 - root - INFO - train acc: 0.9229444444444443, test acc: 0.9183333333333333
2024-08-16 22:43:53,880 - root - INFO - train ap: 0.9562369816098567, val ap: 0.9539920357961117
2024-08-16 22:43:53,881 - root - INFO - start 65 epoch
2024-08-16 22:44:03,614 - root - INFO - epoch: 65 took 9.73s
2024-08-16 22:44:03,614 - root - INFO - epoch train mean loss: 0.252941440542539
2024-08-16 22:44:03,615 - root - INFO - train acc: 0.9214444444444445, test acc: 0.9183333333333333
2024-08-16 22:44:03,615 - root - INFO - train ap: 0.956722080974116, val ap: 0.9541209981805813
2024-08-16 22:44:03,616 - root - INFO - start 66 epoch
2024-08-16 22:44:13,249 - root - INFO - epoch: 66 took 9.63s
2024-08-16 22:44:13,249 - root - INFO - epoch train mean loss: 0.2479081432024638
2024-08-16 22:44:13,249 - root - INFO - train acc: 0.9247777777777778, test acc: 0.9259375000000001
2024-08-16 22:44:13,249 - root - INFO - train ap: 0.9574617758988495, val ap: 0.9547851770978536
2024-08-16 22:44:13,250 - root - INFO - start 67 epoch
2024-08-16 22:44:23,088 - root - INFO - epoch: 67 took 9.84s
2024-08-16 22:44:23,089 - root - INFO - epoch train mean loss: 0.2436402733127276
2024-08-16 22:44:23,089 - root - INFO - train acc: 0.9234444444444444, test acc: 0.9259375000000001
2024-08-16 22:44:23,089 - root - INFO - train ap: 0.9583382984857318, val ap: 0.9547471352861299
2024-08-16 22:44:23,091 - root - INFO - start 68 epoch
2024-08-16 22:44:32,723 - root - INFO - epoch: 68 took 9.63s
2024-08-16 22:44:32,723 - root - INFO - epoch train mean loss: 0.24120768706003826
2024-08-16 22:44:32,723 - root - INFO - train acc: 0.9274444444444444, test acc: 0.9304166666666667
2024-08-16 22:44:32,723 - root - INFO - train ap: 0.9591230837751614, val ap: 0.9550196034305991
2024-08-16 22:44:32,724 - root - INFO - start 69 epoch
2024-08-16 22:44:42,497 - root - INFO - epoch: 69 took 9.77s
2024-08-16 22:44:42,497 - root - INFO - epoch train mean loss: 0.23236620277166367
2024-08-16 22:44:42,497 - root - INFO - train acc: 0.9276111111111108, test acc: 0.9271875
2024-08-16 22:44:42,497 - root - INFO - train ap: 0.9601261734539027, val ap: 0.9554433304175758
2024-08-16 22:44:42,499 - root - INFO - start 70 epoch
2024-08-16 22:44:52,049 - root - INFO - epoch: 70 took 9.55s
2024-08-16 22:44:52,049 - root - INFO - epoch train mean loss: 0.22895263185103734
2024-08-16 22:44:52,050 - root - INFO - train acc: 0.9302777777777778, test acc: 0.9310416666666667
2024-08-16 22:44:52,050 - root - INFO - train ap: 0.9607172475473521, val ap: 0.9560132973262926
2024-08-16 22:44:52,051 - root - INFO - start 71 epoch
2024-08-16 22:45:01,785 - root - INFO - epoch: 71 took 9.73s
2024-08-16 22:45:01,786 - root - INFO - epoch train mean loss: 0.22376636564731597
2024-08-16 22:45:01,786 - root - INFO - train acc: 0.9314444444444444, test acc: 0.9342708333333334
2024-08-16 22:45:01,786 - root - INFO - train ap: 0.9612685516549979, val ap: 0.9564747950834782
2024-08-16 22:45:01,787 - root - INFO - start 72 epoch
2024-08-16 22:45:11,644 - root - INFO - epoch: 72 took 9.86s
2024-08-16 22:45:11,644 - root - INFO - epoch train mean loss: 0.227436164021492
2024-08-16 22:45:11,644 - root - INFO - train acc: 0.9329444444444444, test acc: 0.9348958333333334
2024-08-16 22:45:11,644 - root - INFO - train ap: 0.961665810827014, val ap: 0.957430128405627
2024-08-16 22:45:11,645 - root - INFO - start 73 epoch
2024-08-16 22:45:21,439 - root - INFO - epoch: 73 took 9.79s
2024-08-16 22:45:21,439 - root - INFO - epoch train mean loss: 0.21764761755863826
2024-08-16 22:45:21,439 - root - INFO - train acc: 0.9327777777777778, test acc: 0.9342708333333334
2024-08-16 22:45:21,439 - root - INFO - train ap: 0.9626300928276503, val ap: 0.9581223011769329
2024-08-16 22:45:21,440 - root - INFO - start 74 epoch
2024-08-16 22:45:31,118 - root - INFO - epoch: 74 took 9.68s
2024-08-16 22:45:31,118 - root - INFO - epoch train mean loss: 0.21423775901397069
2024-08-16 22:45:31,118 - root - INFO - train acc: 0.9352407407407408, test acc: 0.9361458333333333
2024-08-16 22:45:31,118 - root - INFO - train ap: 0.9631893832645632, val ap: 0.9585562173148807
2024-08-16 22:45:31,119 - root - INFO - start 75 epoch
2024-08-16 22:45:40,771 - root - INFO - epoch: 75 took 9.65s
2024-08-16 22:45:40,771 - root - INFO - epoch train mean loss: 0.2134305941561858
2024-08-16 22:45:40,771 - root - INFO - train acc: 0.9351111111111111, test acc: 0.9355208333333334
2024-08-16 22:45:40,771 - root - INFO - train ap: 0.9637376314427901, val ap: 0.9591687198080792
2024-08-16 22:45:40,772 - root - INFO - start 76 epoch
2024-08-16 22:45:50,415 - root - INFO - epoch: 76 took 9.64s
2024-08-16 22:45:50,415 - root - INFO - epoch train mean loss: 0.21625584562619526
2024-08-16 22:45:50,415 - root - INFO - train acc: 0.9344444444444444, test acc: 0.9361458333333333
2024-08-16 22:45:50,415 - root - INFO - train ap: 0.9642560582439063, val ap: 0.9595035061155665
2024-08-16 22:45:50,416 - root - INFO - start 77 epoch
2024-08-16 22:46:00,044 - root - INFO - epoch: 77 took 9.63s
2024-08-16 22:46:00,044 - root - INFO - epoch train mean loss: 0.2139968899389108
2024-08-16 22:46:00,044 - root - INFO - train acc: 0.9364444444444444, test acc: 0.9367708333333333
2024-08-16 22:46:00,044 - root - INFO - train ap: 0.9648375545366822, val ap: 0.9602568715455368
2024-08-16 22:46:00,046 - root - INFO - start 78 epoch
2024-08-16 22:46:09,807 - root - INFO - epoch: 78 took 9.76s
2024-08-16 22:46:09,807 - root - INFO - epoch train mean loss: 0.2103516990939776
2024-08-16 22:46:09,807 - root - INFO - train acc: 0.9374444444444444, test acc: 0.9380208333333333
2024-08-16 22:46:09,807 - root - INFO - train ap: 0.9653172758162303, val ap: 0.9606056977792112
2024-08-16 22:46:09,808 - root - INFO - start 79 epoch
2024-08-16 22:46:19,405 - root - INFO - epoch: 79 took 9.60s
2024-08-16 22:46:19,405 - root - INFO - epoch train mean loss: 0.20356255769729614
2024-08-16 22:46:19,405 - root - INFO - train acc: 0.9391111111111111, test acc: 0.9392708333333333
2024-08-16 22:46:19,405 - root - INFO - train ap: 0.9656533923060756, val ap: 0.9610201014898374
2024-08-16 22:46:19,406 - root - INFO - start 80 epoch
2024-08-16 22:46:29,090 - root - INFO - epoch: 80 took 9.68s
2024-08-16 22:46:29,090 - root - INFO - epoch train mean loss: 0.2055057590206464
2024-08-16 22:46:29,090 - root - INFO - train acc: 0.9389444444444445, test acc: 0.9411458333333333
2024-08-16 22:46:29,090 - root - INFO - train ap: 0.9663580368776784, val ap: 0.9612705532199473
2024-08-16 22:46:29,092 - root - INFO - start 81 epoch
2024-08-16 22:46:39,025 - root - INFO - epoch: 81 took 9.93s
2024-08-16 22:46:39,025 - root - INFO - epoch train mean loss: 0.1974086304505666
2024-08-16 22:46:39,025 - root - INFO - train acc: 0.9399444444444445, test acc: 0.9423958333333333
2024-08-16 22:46:39,025 - root - INFO - train ap: 0.966680723695002, val ap: 0.961288839853701
2024-08-16 22:46:39,027 - root - INFO - start 82 epoch
2024-08-16 22:46:48,676 - root - INFO - epoch: 82 took 9.65s
2024-08-16 22:46:48,676 - root - INFO - epoch train mean loss: 0.201610034207503
2024-08-16 22:46:48,676 - root - INFO - train acc: 0.9402777777777779, test acc: 0.9423958333333333
2024-08-16 22:46:48,676 - root - INFO - train ap: 0.9670309318842485, val ap: 0.9610763297305859
2024-08-16 22:46:48,677 - root - INFO - start 83 epoch
2024-08-16 22:46:58,382 - root - INFO - epoch: 83 took 9.71s
2024-08-16 22:46:58,383 - root - INFO - epoch train mean loss: 0.19351480032006899
2024-08-16 22:46:58,383 - root - INFO - train acc: 0.9407777777777777, test acc: 0.9417708333333332
2024-08-16 22:46:58,383 - root - INFO - train ap: 0.9673286774947805, val ap: 0.9612047760060541
2024-08-16 22:46:58,384 - root - INFO - start 84 epoch
2024-08-16 22:47:08,269 - root - INFO - epoch: 84 took 9.89s
2024-08-16 22:47:08,269 - root - INFO - epoch train mean loss: 0.19497069592277208
2024-08-16 22:47:08,269 - root - INFO - train acc: 0.9412777777777777, test acc: 0.9423958333333333
2024-08-16 22:47:08,269 - root - INFO - train ap: 0.9675028044454669, val ap: 0.9615429085589131
2024-08-16 22:47:08,271 - root - INFO - start 85 epoch
2024-08-16 22:47:17,953 - root - INFO - epoch: 85 took 9.68s
2024-08-16 22:47:17,954 - root - INFO - epoch train mean loss: 0.19018068710962932
2024-08-16 22:47:17,954 - root - INFO - train acc: 0.9424444444444443, test acc: 0.9430208333333332
2024-08-16 22:47:17,954 - root - INFO - train ap: 0.9679400690924943, val ap: 0.9619931196139999
2024-08-16 22:47:17,955 - root - INFO - start 86 epoch
2024-08-16 22:47:27,513 - root - INFO - epoch: 86 took 9.56s
2024-08-16 22:47:27,514 - root - INFO - epoch train mean loss: 0.19056156799197196
2024-08-16 22:47:27,514 - root - INFO - train acc: 0.9407777777777776, test acc: 0.9436458333333333
2024-08-16 22:47:27,514 - root - INFO - train ap: 0.9681210747469894, val ap: 0.961889096118512
2024-08-16 22:47:27,515 - root - INFO - start 87 epoch
2024-08-16 22:47:37,314 - root - INFO - epoch: 87 took 9.80s
2024-08-16 22:47:37,314 - root - INFO - epoch train mean loss: 0.18683218881487845
2024-08-16 22:47:37,314 - root - INFO - train acc: 0.9412777777777777, test acc: 0.9436458333333333
2024-08-16 22:47:37,315 - root - INFO - train ap: 0.9684094762814773, val ap: 0.9622465887184231
2024-08-16 22:47:37,316 - root - INFO - start 88 epoch
2024-08-16 22:47:47,155 - root - INFO - epoch: 88 took 9.84s
2024-08-16 22:47:47,155 - root - INFO - epoch train mean loss: 0.18708098580439886
2024-08-16 22:47:47,155 - root - INFO - train acc: 0.9429444444444444, test acc: 0.9442708333333334
2024-08-16 22:47:47,155 - root - INFO - train ap: 0.9686199095968479, val ap: 0.9629359682376937
2024-08-16 22:47:47,157 - root - INFO - start 89 epoch
2024-08-16 22:47:56,798 - root - INFO - epoch: 89 took 9.64s
2024-08-16 22:47:56,799 - root - INFO - epoch train mean loss: 0.184783440331618
2024-08-16 22:47:56,799 - root - INFO - train acc: 0.942611111111111, test acc: 0.9436458333333333
2024-08-16 22:47:56,799 - root - INFO - train ap: 0.9688289085710206, val ap: 0.9629772032649573
2024-08-16 22:47:56,800 - root - INFO - start 90 epoch
2024-08-16 22:48:06,666 - root - INFO - epoch: 90 took 9.87s
2024-08-16 22:48:06,667 - root - INFO - epoch train mean loss: 0.18049669762452444
2024-08-16 22:48:06,667 - root - INFO - train acc: 0.9432777777777778, test acc: 0.9448958333333333
2024-08-16 22:48:06,667 - root - INFO - train ap: 0.96892737820791, val ap: 0.963277272104321
2024-08-16 22:48:06,668 - root - INFO - start 91 epoch
2024-08-16 22:48:16,435 - root - INFO - epoch: 91 took 9.77s
2024-08-16 22:48:16,436 - root - INFO - epoch train mean loss: 0.18249257206916808
2024-08-16 22:48:16,436 - root - INFO - train acc: 0.9437777777777776, test acc: 0.9442708333333333
2024-08-16 22:48:16,436 - root - INFO - train ap: 0.9691565471401543, val ap: 0.9633642921530128
2024-08-16 22:48:16,437 - root - INFO - start 92 epoch
2024-08-16 22:48:26,314 - root - INFO - epoch: 92 took 9.88s
2024-08-16 22:48:26,314 - root - INFO - epoch train mean loss: 0.17842496732870738
2024-08-16 22:48:26,314 - root - INFO - train acc: 0.9441111111111111, test acc: 0.9448958333333333
2024-08-16 22:48:26,314 - root - INFO - train ap: 0.9692949992763336, val ap: 0.9634438489344164
2024-08-16 22:48:26,316 - root - INFO - start 93 epoch
2024-08-16 22:48:35,941 - root - INFO - epoch: 93 took 9.63s
2024-08-16 22:48:35,941 - root - INFO - epoch train mean loss: 0.17746489370862642
2024-08-16 22:48:35,941 - root - INFO - train acc: 0.9442777777777777, test acc: 0.9455208333333334
2024-08-16 22:48:35,941 - root - INFO - train ap: 0.969388886769543, val ap: 0.9635756717245648
2024-08-16 22:48:35,943 - root - INFO - start 94 epoch
2024-08-16 22:48:45,865 - root - INFO - epoch: 94 took 9.92s
2024-08-16 22:48:45,865 - root - INFO - epoch train mean loss: 0.17964036017656326
2024-08-16 22:48:45,865 - root - INFO - train acc: 0.9460740740740741, test acc: 0.9455208333333334
2024-08-16 22:48:45,865 - root - INFO - train ap: 0.969585213275045, val ap: 0.9636017404517352
2024-08-16 22:48:45,867 - root - INFO - start 95 epoch
2024-08-16 22:48:55,510 - root - INFO - epoch: 95 took 9.64s
2024-08-16 22:48:55,510 - root - INFO - epoch train mean loss: 0.1761590210100015
2024-08-16 22:48:55,510 - root - INFO - train acc: 0.9477407407407407, test acc: 0.9461458333333332
2024-08-16 22:48:55,510 - root - INFO - train ap: 0.969821759049515, val ap: 0.9639499020054972
2024-08-16 22:48:55,512 - root - INFO - start 96 epoch
2024-08-16 22:49:05,103 - root - INFO - epoch: 96 took 9.59s
2024-08-16 22:49:05,103 - root - INFO - epoch train mean loss: 0.17873985121647518
2024-08-16 22:49:05,103 - root - INFO - train acc: 0.9447777777777777, test acc: 0.9442708333333333
2024-08-16 22:49:05,103 - root - INFO - train ap: 0.9700783876019198, val ap: 0.9635982353337316
2024-08-16 22:49:05,105 - root - INFO - start 97 epoch
2024-08-16 22:49:14,787 - root - INFO - epoch: 97 took 9.68s
2024-08-16 22:49:14,787 - root - INFO - epoch train mean loss: 0.17714613055189452
2024-08-16 22:49:14,787 - root - INFO - train acc: 0.9482407407407405, test acc: 0.9480208333333333
2024-08-16 22:49:14,787 - root - INFO - train ap: 0.9702781422703741, val ap: 0.9640740869252222
2024-08-16 22:49:14,789 - root - INFO - start 98 epoch
2024-08-16 22:49:24,306 - root - INFO - epoch: 98 took 9.52s
2024-08-16 22:49:24,306 - root - INFO - epoch train mean loss: 0.17533782372872034
2024-08-16 22:49:24,306 - root - INFO - train acc: 0.9474074074074074, test acc: 0.9455208333333334
2024-08-16 22:49:24,306 - root - INFO - train ap: 0.9704662208978839, val ap: 0.9641623290711036
2024-08-16 22:49:24,307 - root - INFO - start 99 epoch
2024-08-16 22:49:33,150 - root - INFO - epoch: 99 took 8.84s
2024-08-16 22:49:33,151 - root - INFO - epoch train mean loss: 0.17321367065111795
2024-08-16 22:49:33,151 - root - INFO - train acc: 0.9489074074074073, test acc: 0.9486458333333333
2024-08-16 22:49:33,151 - root - INFO - train ap: 0.9705285677632072, val ap: 0.9642373136259308
2024-08-16 22:49:33,153 - root - INFO - TGN model saved
