2024-09-04 10:25:44,386 - root - INFO - Namespace(data='simulate_v2', bs=200, prefix='tgn-attn', n_degree=10, n_head=2, n_epoch=150, n_layer=2, lr=0.0001, patience=5, n_runs=1, drop_out=0.1, gpu=0, node_dim=100, time_dim=100, backprop_every=1, use_memory=True, embedding_module='graph_attention', message_function='identity', memory_updater='gru', aggregator='last', memory_update_at_end=False, message_dim=100, memory_dim=4, different_new_nodes=False, uniform=False, randomize_features=False, use_destination_embedding_in_message=False, use_source_embedding_in_message=False, dyrep=False)
2024-09-04 10:25:44,781 - root - INFO - num of training instances: 5872
2024-09-04 10:25:44,781 - root - INFO - num of batches per epoch: 30
2024-09-04 10:25:44,781 - root - INFO - start 0 epoch
2024-09-04 10:25:53,471 - root - INFO - epoch: 0 took 8.69s
2024-09-04 10:25:53,471 - root - INFO - epoch train mean loss: 0.7327918688456218
2024-09-04 10:25:53,471 - root - INFO - train acc: 0.5090185185185185, test acc: 0.47916666666666663
2024-09-04 10:25:53,471 - root - INFO - train ap: 0.4318030806177579, val ap: 0.4534502297162312
2024-09-04 10:25:53,472 - root - INFO - start 1 epoch
2024-09-04 10:26:02,209 - root - INFO - epoch: 1 took 8.74s
2024-09-04 10:26:02,209 - root - INFO - epoch train mean loss: 0.7097035090128581
2024-09-04 10:26:02,209 - root - INFO - train acc: 0.5065185185185185, test acc: 0.47916666666666663
2024-09-04 10:26:02,209 - root - INFO - train ap: 0.42990768294297915, val ap: 0.45994795485797557
2024-09-04 10:26:02,210 - root - INFO - start 2 epoch
2024-09-04 10:26:10,910 - root - INFO - epoch: 2 took 8.70s
2024-09-04 10:26:10,910 - root - INFO - epoch train mean loss: 0.7005883236726125
2024-09-04 10:26:10,910 - root - INFO - train acc: 0.5001851851851853, test acc: 0.47916666666666663
2024-09-04 10:26:10,910 - root - INFO - train ap: 0.4342103824525605, val ap: 0.46384174511588994
2024-09-04 10:26:10,911 - root - INFO - start 3 epoch
2024-09-04 10:26:19,590 - root - INFO - epoch: 3 took 8.68s
2024-09-04 10:26:19,590 - root - INFO - epoch train mean loss: 0.7004956821600596
2024-09-04 10:26:19,590 - root - INFO - train acc: 0.4977222222222222, test acc: 0.47791666666666666
2024-09-04 10:26:19,590 - root - INFO - train ap: 0.43901982486636615, val ap: 0.4688686808630296
2024-09-04 10:26:19,592 - root - INFO - start 4 epoch
2024-09-04 10:26:28,263 - root - INFO - epoch: 4 took 8.67s
2024-09-04 10:26:28,263 - root - INFO - epoch train mean loss: 0.7001085877418518
2024-09-04 10:26:28,263 - root - INFO - train acc: 0.5000555555555555, test acc: 0.47791666666666666
2024-09-04 10:26:28,263 - root - INFO - train ap: 0.4434915882585562, val ap: 0.4737414532020835
2024-09-04 10:26:28,264 - root - INFO - start 5 epoch
2024-09-04 10:26:36,973 - root - INFO - epoch: 5 took 8.71s
2024-09-04 10:26:36,973 - root - INFO - epoch train mean loss: 0.7003244062264761
2024-09-04 10:26:37,008 - root - INFO - train acc: 0.5026851851851851, test acc: 0.47916666666666663
2024-09-04 10:26:37,009 - root - INFO - train ap: 0.4482025331115969, val ap: 0.47920122376129176
2024-09-04 10:26:37,012 - root - INFO - start 6 epoch
2024-09-04 10:26:45,675 - root - INFO - epoch: 6 took 8.66s
2024-09-04 10:26:45,675 - root - INFO - epoch train mean loss: 0.7005146423975627
2024-09-04 10:26:45,675 - root - INFO - train acc: 0.5015185185185185, test acc: 0.47979166666666667
2024-09-04 10:26:45,675 - root - INFO - train ap: 0.45382274067013667, val ap: 0.4851881390275051
2024-09-04 10:26:45,676 - root - INFO - start 7 epoch
2024-09-04 10:26:54,348 - root - INFO - epoch: 7 took 8.67s
2024-09-04 10:26:54,348 - root - INFO - epoch train mean loss: 0.6973526060581208
2024-09-04 10:26:54,348 - root - INFO - train acc: 0.5016851851851852, test acc: 0.47979166666666667
2024-09-04 10:26:54,348 - root - INFO - train ap: 0.4600497974880215, val ap: 0.4917102714963979
2024-09-04 10:26:54,349 - root - INFO - start 8 epoch
2024-09-04 10:27:03,014 - root - INFO - epoch: 8 took 8.66s
2024-09-04 10:27:03,014 - root - INFO - epoch train mean loss: 0.6987061858177185
2024-09-04 10:27:03,049 - root - INFO - train acc: 0.5031851851851852, test acc: 0.47979166666666667
2024-09-04 10:27:03,049 - root - INFO - train ap: 0.46690553492594533, val ap: 0.49881765993452565
2024-09-04 10:27:03,051 - root - INFO - start 9 epoch
2024-09-04 10:27:11,731 - root - INFO - epoch: 9 took 8.68s
2024-09-04 10:27:11,731 - root - INFO - epoch train mean loss: 0.6972823679447174
2024-09-04 10:27:11,731 - root - INFO - train acc: 0.5040185185185185, test acc: 0.47979166666666667
2024-09-04 10:27:11,731 - root - INFO - train ap: 0.4739919239578848, val ap: 0.5075070305504965
2024-09-04 10:27:11,732 - root - INFO - start 10 epoch
2024-09-04 10:27:20,404 - root - INFO - epoch: 10 took 8.67s
2024-09-04 10:27:20,405 - root - INFO - epoch train mean loss: 0.6965396304925283
2024-09-04 10:27:20,405 - root - INFO - train acc: 0.5058518518518519, test acc: 0.47979166666666667
2024-09-04 10:27:20,405 - root - INFO - train ap: 0.48176881539300104, val ap: 0.5154770879701964
2024-09-04 10:27:20,406 - root - INFO - start 11 epoch
2024-09-04 10:27:29,147 - root - INFO - epoch: 11 took 8.74s
2024-09-04 10:27:29,147 - root - INFO - epoch train mean loss: 0.6968362390995025
2024-09-04 10:27:29,147 - root - INFO - train acc: 0.5071851851851852, test acc: 0.47979166666666667
2024-09-04 10:27:29,147 - root - INFO - train ap: 0.49040366491054915, val ap: 0.5248219998209485
2024-09-04 10:27:29,149 - root - INFO - start 12 epoch
2024-09-04 10:27:37,820 - root - INFO - epoch: 12 took 8.67s
2024-09-04 10:27:37,820 - root - INFO - epoch train mean loss: 0.6962858418623606
2024-09-04 10:27:37,820 - root - INFO - train acc: 0.5073518518518518, test acc: 0.47916666666666663
2024-09-04 10:27:37,820 - root - INFO - train ap: 0.5007388704373789, val ap: 0.5357181609125277
2024-09-04 10:27:37,857 - root - INFO - start 13 epoch
2024-09-04 10:27:46,551 - root - INFO - epoch: 13 took 8.69s
2024-09-04 10:27:46,551 - root - INFO - epoch train mean loss: 0.6958324948946635
2024-09-04 10:27:46,551 - root - INFO - train acc: 0.5078518518518519, test acc: 0.47916666666666663
2024-09-04 10:27:46,551 - root - INFO - train ap: 0.511139456273941, val ap: 0.547414001809384
2024-09-04 10:27:46,552 - root - INFO - start 14 epoch
2024-09-04 10:27:55,231 - root - INFO - epoch: 14 took 8.68s
2024-09-04 10:27:55,231 - root - INFO - epoch train mean loss: 0.6951641380786896
2024-09-04 10:27:55,231 - root - INFO - train acc: 0.5100185185185185, test acc: 0.47916666666666663
2024-09-04 10:27:55,231 - root - INFO - train ap: 0.5238747184256296, val ap: 0.559656787488754
2024-09-04 10:27:55,232 - root - INFO - start 15 epoch
2024-09-04 10:28:03,903 - root - INFO - epoch: 15 took 8.67s
2024-09-04 10:28:03,903 - root - INFO - epoch train mean loss: 0.6953942477703094
2024-09-04 10:28:03,903 - root - INFO - train acc: 0.5115185185185185, test acc: 0.47916666666666663
2024-09-04 10:28:03,903 - root - INFO - train ap: 0.5359732439709359, val ap: 0.5753809004782788
2024-09-04 10:28:03,905 - root - INFO - start 16 epoch
2024-09-04 10:28:12,598 - root - INFO - epoch: 16 took 8.69s
2024-09-04 10:28:12,598 - root - INFO - epoch train mean loss: 0.6947672466437022
2024-09-04 10:28:12,598 - root - INFO - train acc: 0.5195000000000001, test acc: 0.4810416666666667
2024-09-04 10:28:12,598 - root - INFO - train ap: 0.5441157299451146, val ap: 0.5890368323219477
2024-09-04 10:28:12,599 - root - INFO - start 17 epoch
2024-09-04 10:28:21,306 - root - INFO - epoch: 17 took 8.71s
2024-09-04 10:28:21,306 - root - INFO - epoch train mean loss: 0.6941556394100189
2024-09-04 10:28:21,306 - root - INFO - train acc: 0.5243888888888889, test acc: 0.47916666666666663
2024-09-04 10:28:21,306 - root - INFO - train ap: 0.563978741631179, val ap: 0.6116224279593869
2024-09-04 10:28:21,307 - root - INFO - start 18 epoch
2024-09-04 10:28:30,005 - root - INFO - epoch: 18 took 8.70s
2024-09-04 10:28:30,005 - root - INFO - epoch train mean loss: 0.6938275118668874
2024-09-04 10:28:30,014 - root - INFO - train acc: 0.5098518518518519, test acc: 0.47916666666666663
2024-09-04 10:28:30,015 - root - INFO - train ap: 0.5931293942023287, val ap: 0.6271936747448834
2024-09-04 10:28:30,016 - root - INFO - start 19 epoch
2024-09-04 10:28:38,717 - root - INFO - epoch: 19 took 8.70s
2024-09-04 10:28:38,717 - root - INFO - epoch train mean loss: 0.6930978616078695
2024-09-04 10:28:38,717 - root - INFO - train acc: 0.5120185185185185, test acc: 0.47916666666666663
2024-09-04 10:28:38,717 - root - INFO - train ap: 0.6137419687934855, val ap: 0.6414213064779543
2024-09-04 10:28:38,718 - root - INFO - start 20 epoch
2024-09-04 10:28:47,464 - root - INFO - epoch: 20 took 8.75s
2024-09-04 10:28:47,464 - root - INFO - epoch train mean loss: 0.6927616357803345
2024-09-04 10:28:47,464 - root - INFO - train acc: 0.5148518518518519, test acc: 0.47916666666666663
2024-09-04 10:28:47,464 - root - INFO - train ap: 0.6320821696712529, val ap: 0.6588368400092073
2024-09-04 10:28:47,465 - root - INFO - start 21 epoch
2024-09-04 10:28:56,145 - root - INFO - epoch: 21 took 8.68s
2024-09-04 10:28:56,145 - root - INFO - epoch train mean loss: 0.6918970783551533
2024-09-04 10:28:56,145 - root - INFO - train acc: 0.5158518518518519, test acc: 0.47916666666666663
2024-09-04 10:28:56,145 - root - INFO - train ap: 0.6373547691476382, val ap: 0.6643735261376527
2024-09-04 10:28:56,147 - root - INFO - start 22 epoch
2024-09-04 10:29:04,854 - root - INFO - epoch: 22 took 8.71s
2024-09-04 10:29:04,854 - root - INFO - epoch train mean loss: 0.6917214075724284
2024-09-04 10:29:04,863 - root - INFO - train acc: 0.5156851851851851, test acc: 0.48104166666666665
2024-09-04 10:29:04,863 - root - INFO - train ap: 0.6437888240283165, val ap: 0.6709475892656365
2024-09-04 10:29:04,864 - root - INFO - start 23 epoch
2024-09-04 10:29:13,547 - root - INFO - epoch: 23 took 8.68s
2024-09-04 10:29:13,548 - root - INFO - epoch train mean loss: 0.6910199443499248
2024-09-04 10:29:13,548 - root - INFO - train acc: 0.5183518518518518, test acc: 0.47916666666666663
2024-09-04 10:29:13,548 - root - INFO - train ap: 0.6519262996830513, val ap: 0.6775913949657878
2024-09-04 10:29:13,549 - root - INFO - start 24 epoch
2024-09-04 10:29:22,234 - root - INFO - epoch: 24 took 8.69s
2024-09-04 10:29:22,234 - root - INFO - epoch train mean loss: 0.6917607466379802
2024-09-04 10:29:22,234 - root - INFO - train acc: 0.5173518518518518, test acc: 0.4816666666666667
2024-09-04 10:29:22,234 - root - INFO - train ap: 0.6663920286391363, val ap: 0.6915161542411535
2024-09-04 10:29:22,235 - root - INFO - start 25 epoch
2024-09-04 10:29:30,951 - root - INFO - epoch: 25 took 8.72s
2024-09-04 10:29:30,951 - root - INFO - epoch train mean loss: 0.6898934523264567
2024-09-04 10:29:30,951 - root - INFO - train acc: 0.5648148148148148, test acc: 0.5455208333333333
2024-09-04 10:29:30,951 - root - INFO - train ap: 0.691569800633896, val ap: 0.7145396152747234
2024-09-04 10:29:30,953 - root - INFO - start 26 epoch
2024-09-04 10:29:39,652 - root - INFO - epoch: 26 took 8.70s
2024-09-04 10:29:39,652 - root - INFO - epoch train mean loss: 0.6876269161701203
2024-09-04 10:29:39,652 - root - INFO - train acc: 0.586962962962963, test acc: 0.6153124999999999
2024-09-04 10:29:39,652 - root - INFO - train ap: 0.7106848107649523, val ap: 0.7352326697538147
2024-09-04 10:29:39,653 - root - INFO - start 27 epoch
2024-09-04 10:29:48,346 - root - INFO - epoch: 27 took 8.69s
2024-09-04 10:29:48,346 - root - INFO - epoch train mean loss: 0.6856635689735413
2024-09-04 10:29:48,346 - root - INFO - train acc: 0.595611111111111, test acc: 0.5925
2024-09-04 10:29:48,346 - root - INFO - train ap: 0.7236196994489187, val ap: 0.7508172361508387
2024-09-04 10:29:48,347 - root - INFO - start 28 epoch
2024-09-04 10:29:57,077 - root - INFO - epoch: 28 took 8.73s
2024-09-04 10:29:57,077 - root - INFO - epoch train mean loss: 0.6852433343728384
2024-09-04 10:29:57,077 - root - INFO - train acc: 0.6203703703703703, test acc: 0.5874999999999999
2024-09-04 10:29:57,077 - root - INFO - train ap: 0.7338145037096383, val ap: 0.7604960606236373
2024-09-04 10:29:57,079 - root - INFO - start 29 epoch
2024-09-04 10:30:05,778 - root - INFO - epoch: 29 took 8.70s
2024-09-04 10:30:05,778 - root - INFO - epoch train mean loss: 0.6833105822404225
2024-09-04 10:30:05,778 - root - INFO - train acc: 0.6341851851851852, test acc: 0.6152083333333334
2024-09-04 10:30:05,778 - root - INFO - train ap: 0.7453158356119662, val ap: 0.7712806700665159
2024-09-04 10:30:05,815 - root - INFO - start 30 epoch
2024-09-04 10:30:14,542 - root - INFO - epoch: 30 took 8.73s
2024-09-04 10:30:14,542 - root - INFO - epoch train mean loss: 0.6830591599146525
2024-09-04 10:30:14,542 - root - INFO - train acc: 0.559648148148148, test acc: 0.5475
2024-09-04 10:30:14,542 - root - INFO - train ap: 0.7523494334383068, val ap: 0.7818114145350368
2024-09-04 10:30:14,543 - root - INFO - start 31 epoch
2024-09-04 10:30:23,216 - root - INFO - epoch: 31 took 8.67s
2024-09-04 10:30:23,216 - root - INFO - epoch train mean loss: 0.6819918553034464
2024-09-04 10:30:23,217 - root - INFO - train acc: 0.5330185185185184, test acc: 0.4847916666666666
2024-09-04 10:30:23,217 - root - INFO - train ap: 0.7585769577571176, val ap: 0.7885954991065609
2024-09-04 10:30:23,218 - root - INFO - start 32 epoch
2024-09-04 10:30:31,893 - root - INFO - epoch: 32 took 8.68s
2024-09-04 10:30:31,894 - root - INFO - epoch train mean loss: 0.6781067530314128
2024-09-04 10:30:31,894 - root - INFO - train acc: 0.6335925925925925, test acc: 0.6105208333333334
2024-09-04 10:30:31,894 - root - INFO - train ap: 0.7646478018022632, val ap: 0.7949690753451769
2024-09-04 10:30:31,929 - root - INFO - start 33 epoch
2024-09-04 10:30:40,594 - root - INFO - epoch: 33 took 8.67s
2024-09-04 10:30:40,594 - root - INFO - epoch train mean loss: 0.6764665106932323
2024-09-04 10:30:40,594 - root - INFO - train acc: 0.655425925925926, test acc: 0.6707291666666666
2024-09-04 10:30:40,594 - root - INFO - train ap: 0.7757303979151379, val ap: 0.8035200046268074
2024-09-04 10:30:40,595 - root - INFO - start 34 epoch
2024-09-04 10:30:49,283 - root - INFO - epoch: 34 took 8.69s
2024-09-04 10:30:49,283 - root - INFO - epoch train mean loss: 0.673653777440389
2024-09-04 10:30:49,283 - root - INFO - train acc: 0.622037037037037, test acc: 0.6358333333333333
2024-09-04 10:30:49,283 - root - INFO - train ap: 0.7855742897990842, val ap: 0.81447008691211
2024-09-04 10:30:49,284 - root - INFO - start 35 epoch
2024-09-04 10:30:57,959 - root - INFO - epoch: 35 took 8.68s
2024-09-04 10:30:57,960 - root - INFO - epoch train mean loss: 0.6709166983763377
2024-09-04 10:30:57,960 - root - INFO - train acc: 0.6413148148148147, test acc: 0.5754166666666667
2024-09-04 10:30:57,960 - root - INFO - train ap: 0.7935120620822688, val ap: 0.8256774377922742
2024-09-04 10:30:57,961 - root - INFO - start 36 epoch
2024-09-04 10:31:06,653 - root - INFO - epoch: 36 took 8.69s
2024-09-04 10:31:06,654 - root - INFO - epoch train mean loss: 0.6661383907000223
2024-09-04 10:31:06,654 - root - INFO - train acc: 0.6813703703703703, test acc: 0.6628125
2024-09-04 10:31:06,654 - root - INFO - train ap: 0.803172590421886, val ap: 0.8309935964383632
2024-09-04 10:31:06,655 - root - INFO - start 37 epoch
2024-09-04 10:31:15,336 - root - INFO - epoch: 37 took 8.68s
2024-09-04 10:31:15,336 - root - INFO - epoch train mean loss: 0.6607468903064728
2024-09-04 10:31:15,336 - root - INFO - train acc: 0.6661851851851852, test acc: 0.7054166666666666
2024-09-04 10:31:15,336 - root - INFO - train ap: 0.8142076441825784, val ap: 0.8377199959249506
2024-09-04 10:31:15,338 - root - INFO - start 38 epoch
2024-09-04 10:31:24,016 - root - INFO - epoch: 38 took 8.68s
2024-09-04 10:31:24,017 - root - INFO - epoch train mean loss: 0.6561765670776367
2024-09-04 10:31:24,051 - root - INFO - train acc: 0.6863148148148147, test acc: 0.7085416666666666
2024-09-04 10:31:24,052 - root - INFO - train ap: 0.8221237733922729, val ap: 0.8469561614786183
2024-09-04 10:31:24,054 - root - INFO - start 39 epoch
2024-09-04 10:31:32,726 - root - INFO - epoch: 39 took 8.67s
2024-09-04 10:31:32,726 - root - INFO - epoch train mean loss: 0.6509668449560801
2024-09-04 10:31:32,726 - root - INFO - train acc: 0.721148148148148, test acc: 0.7065625
2024-09-04 10:31:32,726 - root - INFO - train ap: 0.8312872545854664, val ap: 0.8525063429497346
2024-09-04 10:31:32,727 - root - INFO - start 40 epoch
2024-09-04 10:31:41,466 - root - INFO - epoch: 40 took 8.74s
2024-09-04 10:31:41,466 - root - INFO - epoch train mean loss: 0.6415570358435313
2024-09-04 10:31:41,466 - root - INFO - train acc: 0.704351851851852, test acc: 0.748125
2024-09-04 10:31:41,466 - root - INFO - train ap: 0.8419719309855699, val ap: 0.8601622068146683
2024-09-04 10:31:41,467 - root - INFO - start 41 epoch
2024-09-04 10:31:50,145 - root - INFO - epoch: 41 took 8.68s
2024-09-04 10:31:50,145 - root - INFO - epoch train mean loss: 0.6330363571643829
2024-09-04 10:31:50,145 - root - INFO - train acc: 0.7439074074074074, test acc: 0.7615625
2024-09-04 10:31:50,145 - root - INFO - train ap: 0.8499564332302249, val ap: 0.866086728517446
2024-09-04 10:31:50,146 - root - INFO - start 42 epoch
2024-09-04 10:31:58,833 - root - INFO - epoch: 42 took 8.69s
2024-09-04 10:31:58,834 - root - INFO - epoch train mean loss: 0.6204022248586019
2024-09-04 10:31:58,834 - root - INFO - train acc: 0.7608703703703703, test acc: 0.7592708333333333
2024-09-04 10:31:58,834 - root - INFO - train ap: 0.8562940740936402, val ap: 0.8708299416715064
2024-09-04 10:31:58,835 - root - INFO - start 43 epoch
2024-09-04 10:32:07,510 - root - INFO - epoch: 43 took 8.68s
2024-09-04 10:32:07,510 - root - INFO - epoch train mean loss: 0.6060127298037211
2024-09-04 10:32:07,510 - root - INFO - train acc: 0.758148148148148, test acc: 0.7788541666666666
2024-09-04 10:32:07,510 - root - INFO - train ap: 0.8680436963728391, val ap: 0.8794088570563137
2024-09-04 10:32:07,511 - root - INFO - start 44 epoch
2024-09-04 10:32:16,210 - root - INFO - epoch: 44 took 8.70s
2024-09-04 10:32:16,210 - root - INFO - epoch train mean loss: 0.5945359071095785
2024-09-04 10:32:16,210 - root - INFO - train acc: 0.7962407407407407, test acc: 0.7986458333333333
2024-09-04 10:32:16,210 - root - INFO - train ap: 0.8797400967167234, val ap: 0.8862582562734034
2024-09-04 10:32:16,211 - root - INFO - start 45 epoch
2024-09-04 10:32:24,931 - root - INFO - epoch: 45 took 8.72s
2024-09-04 10:32:24,931 - root - INFO - epoch train mean loss: 0.5682865023612976
2024-09-04 10:32:24,931 - root - INFO - train acc: 0.8072962962962963, test acc: 0.8087500000000001
2024-09-04 10:32:24,931 - root - INFO - train ap: 0.8892852055367289, val ap: 0.8914385714430269
2024-09-04 10:32:24,933 - root - INFO - start 46 epoch
2024-09-04 10:32:33,653 - root - INFO - epoch: 46 took 8.72s
2024-09-04 10:32:33,653 - root - INFO - epoch train mean loss: 0.5366177727778753
2024-09-04 10:32:33,653 - root - INFO - train acc: 0.8184259259259259, test acc: 0.824375
2024-09-04 10:32:33,653 - root - INFO - train ap: 0.8993469475634206, val ap: 0.8984003919227507
2024-09-04 10:32:33,654 - root - INFO - start 47 epoch
2024-09-04 10:32:42,331 - root - INFO - epoch: 47 took 8.68s
2024-09-04 10:32:42,331 - root - INFO - epoch train mean loss: 0.5145813475052515
2024-09-04 10:32:42,331 - root - INFO - train acc: 0.838962962962963, test acc: 0.8389583333333334
2024-09-04 10:32:42,331 - root - INFO - train ap: 0.9066479741672743, val ap: 0.9054065816176704
2024-09-04 10:32:42,332 - root - INFO - start 48 epoch
2024-09-04 10:32:51,000 - root - INFO - epoch: 48 took 8.67s
2024-09-04 10:32:51,000 - root - INFO - epoch train mean loss: 0.47430568635463716
2024-09-04 10:32:51,000 - root - INFO - train acc: 0.8546296296296296, test acc: 0.8496874999999999
2024-09-04 10:32:51,000 - root - INFO - train ap: 0.9134453067934111, val ap: 0.9119471337305559
2024-09-04 10:32:51,001 - root - INFO - start 49 epoch
2024-09-04 10:32:59,792 - root - INFO - epoch: 49 took 8.79s
2024-09-04 10:32:59,792 - root - INFO - epoch train mean loss: 0.4437444031238556
2024-09-04 10:32:59,792 - root - INFO - train acc: 0.8656296296296296, test acc: 0.8634375
2024-09-04 10:32:59,792 - root - INFO - train ap: 0.9208702914576925, val ap: 0.9209235532346385
2024-09-04 10:32:59,793 - root - INFO - start 50 epoch
2024-09-04 10:33:08,478 - root - INFO - epoch: 50 took 8.68s
2024-09-04 10:33:08,478 - root - INFO - epoch train mean loss: 0.41700571179389956
2024-09-04 10:33:08,478 - root - INFO - train acc: 0.8736296296296296, test acc: 0.8728125
2024-09-04 10:33:08,478 - root - INFO - train ap: 0.9267336327882776, val ap: 0.9293965678057494
2024-09-04 10:33:08,479 - root - INFO - start 51 epoch
2024-09-04 10:33:17,163 - root - INFO - epoch: 51 took 8.68s
2024-09-04 10:33:17,163 - root - INFO - epoch train mean loss: 0.3975970377524694
2024-09-04 10:33:17,163 - root - INFO - train acc: 0.8797592592592592, test acc: 0.8797916666666667
2024-09-04 10:33:17,163 - root - INFO - train ap: 0.9310400240769429, val ap: 0.9351135460330253
2024-09-04 10:33:17,164 - root - INFO - start 52 epoch
2024-09-04 10:33:25,846 - root - INFO - epoch: 52 took 8.68s
2024-09-04 10:33:25,846 - root - INFO - epoch train mean loss: 0.37308173229297004
2024-09-04 10:33:25,846 - root - INFO - train acc: 0.8875925925925927, test acc: 0.8855208333333333
2024-09-04 10:33:25,846 - root - INFO - train ap: 0.9345582376642548, val ap: 0.9399618128229308
2024-09-04 10:33:25,848 - root - INFO - start 53 epoch
2024-09-04 10:33:34,538 - root - INFO - epoch: 53 took 8.69s
2024-09-04 10:33:34,539 - root - INFO - epoch train mean loss: 0.35500798126061756
2024-09-04 10:33:34,539 - root - INFO - train acc: 0.8925185185185186, test acc: 0.8879166666666667
2024-09-04 10:33:34,539 - root - INFO - train ap: 0.9379603378681483, val ap: 0.9441343792744855
2024-09-04 10:33:34,540 - root - INFO - start 54 epoch
2024-09-04 10:33:43,224 - root - INFO - epoch: 54 took 8.68s
2024-09-04 10:33:43,224 - root - INFO - epoch train mean loss: 0.33845848341782886
2024-09-04 10:33:43,224 - root - INFO - train acc: 0.8946481481481482, test acc: 0.8923958333333333
2024-09-04 10:33:43,224 - root - INFO - train ap: 0.9407937979240482, val ap: 0.9465869065582204
2024-09-04 10:33:43,226 - root - INFO - start 55 epoch
2024-09-04 10:33:51,922 - root - INFO - epoch: 55 took 8.70s
2024-09-04 10:33:51,922 - root - INFO - epoch train mean loss: 0.3294947177171707
2024-09-04 10:33:51,922 - root - INFO - train acc: 0.9006111111111111, test acc: 0.903125
2024-09-04 10:33:51,922 - root - INFO - train ap: 0.9440146092719112, val ap: 0.9463366565201732
2024-09-04 10:33:51,924 - root - INFO - start 56 epoch
2024-09-04 10:34:00,617 - root - INFO - epoch: 56 took 8.69s
2024-09-04 10:34:00,617 - root - INFO - epoch train mean loss: 0.31733468075593313
2024-09-04 10:34:00,617 - root - INFO - train acc: 0.9057407407407408, test acc: 0.904375
2024-09-04 10:34:00,617 - root - INFO - train ap: 0.9459511345764025, val ap: 0.9455081186167251
2024-09-04 10:34:00,618 - root - INFO - start 57 epoch
2024-09-04 10:34:09,334 - root - INFO - epoch: 57 took 8.72s
2024-09-04 10:34:09,334 - root - INFO - epoch train mean loss: 0.30861014972130457
2024-09-04 10:34:09,334 - root - INFO - train acc: 0.9117407407407406, test acc: 0.9094791666666667
2024-09-04 10:34:09,334 - root - INFO - train ap: 0.9477375051373543, val ap: 0.9467173457277807
2024-09-04 10:34:09,336 - root - INFO - start 58 epoch
2024-09-04 10:34:18,024 - root - INFO - epoch: 58 took 8.69s
2024-09-04 10:34:18,024 - root - INFO - epoch train mean loss: 0.3001605381568273
2024-09-04 10:34:18,024 - root - INFO - train acc: 0.9124074074074074, test acc: 0.9133333333333333
2024-09-04 10:34:18,024 - root - INFO - train ap: 0.9493255294205056, val ap: 0.9485538373645832
2024-09-04 10:34:18,025 - root - INFO - start 59 epoch
2024-09-04 10:34:26,775 - root - INFO - epoch: 59 took 8.75s
2024-09-04 10:34:26,775 - root - INFO - epoch train mean loss: 0.2925016939640045
2024-09-04 10:34:26,775 - root - INFO - train acc: 0.9132777777777777, test acc: 0.9145833333333333
2024-09-04 10:34:26,775 - root - INFO - train ap: 0.950571519558845, val ap: 0.95061058295413
2024-09-04 10:34:26,776 - root - INFO - start 60 epoch
2024-09-04 10:34:35,476 - root - INFO - epoch: 60 took 8.70s
2024-09-04 10:34:35,476 - root - INFO - epoch train mean loss: 0.28573710173368455
2024-09-04 10:34:35,476 - root - INFO - train acc: 0.915111111111111, test acc: 0.9152083333333334
2024-09-04 10:34:35,476 - root - INFO - train ap: 0.9518772720339804, val ap: 0.9518950536596417
2024-09-04 10:34:35,477 - root - INFO - start 61 epoch
2024-09-04 10:34:44,173 - root - INFO - epoch: 61 took 8.70s
2024-09-04 10:34:44,173 - root - INFO - epoch train mean loss: 0.27619181722402575
2024-09-04 10:34:44,173 - root - INFO - train acc: 0.9190740740740739, test acc: 0.9164583333333334
2024-09-04 10:34:44,173 - root - INFO - train ap: 0.9532421126493174, val ap: 0.9523868786249403
2024-09-04 10:34:44,174 - root - INFO - start 62 epoch
2024-09-04 10:34:52,869 - root - INFO - epoch: 62 took 8.69s
2024-09-04 10:34:52,869 - root - INFO - epoch train mean loss: 0.26918275554974874
2024-09-04 10:34:52,869 - root - INFO - train acc: 0.9205740740740741, test acc: 0.9164583333333334
2024-09-04 10:34:52,869 - root - INFO - train ap: 0.9543925492389621, val ap: 0.9530611425599725
2024-09-04 10:34:52,870 - root - INFO - start 63 epoch
2024-09-04 10:35:01,582 - root - INFO - epoch: 63 took 8.71s
2024-09-04 10:35:01,582 - root - INFO - epoch train mean loss: 0.2649803787469864
2024-09-04 10:35:01,583 - root - INFO - train acc: 0.9236111111111112, test acc: 0.9177083333333333
2024-09-04 10:35:01,583 - root - INFO - train ap: 0.9553354914608, val ap: 0.9533048021938559
2024-09-04 10:35:01,584 - root - INFO - start 64 epoch
2024-09-04 10:35:10,266 - root - INFO - epoch: 64 took 8.68s
2024-09-04 10:35:10,267 - root - INFO - epoch train mean loss: 0.2531827375292778
2024-09-04 10:35:10,267 - root - INFO - train acc: 0.9229444444444443, test acc: 0.9183333333333333
2024-09-04 10:35:10,267 - root - INFO - train ap: 0.9562460072559836, val ap: 0.9539920357961117
2024-09-04 10:35:10,268 - root - INFO - start 65 epoch
2024-09-04 10:35:18,969 - root - INFO - epoch: 65 took 8.70s
2024-09-04 10:35:18,969 - root - INFO - epoch train mean loss: 0.2529436285297076
2024-09-04 10:35:19,004 - root - INFO - train acc: 0.9214444444444445, test acc: 0.9183333333333333
2024-09-04 10:35:19,004 - root - INFO - train ap: 0.9567302921255116, val ap: 0.9541206449057043
2024-09-04 10:35:19,007 - root - INFO - start 66 epoch
2024-09-04 10:35:27,696 - root - INFO - epoch: 66 took 8.69s
2024-09-04 10:35:27,696 - root - INFO - epoch train mean loss: 0.24790663172801336
2024-09-04 10:35:27,696 - root - INFO - train acc: 0.9247777777777778, test acc: 0.9259375000000001
2024-09-04 10:35:27,696 - root - INFO - train ap: 0.9574335057741095, val ap: 0.95477449349096
2024-09-04 10:35:27,697 - root - INFO - start 67 epoch
2024-09-04 10:35:36,375 - root - INFO - epoch: 67 took 8.68s
2024-09-04 10:35:36,375 - root - INFO - epoch train mean loss: 0.243639358629783
2024-09-04 10:35:36,375 - root - INFO - train acc: 0.9234444444444444, test acc: 0.9259375000000001
2024-09-04 10:35:36,375 - root - INFO - train ap: 0.9583354122114145, val ap: 0.9547471352861299
2024-09-04 10:35:36,376 - root - INFO - start 68 epoch
2024-09-04 10:35:45,066 - root - INFO - epoch: 68 took 8.69s
2024-09-04 10:35:45,067 - root - INFO - epoch train mean loss: 0.24120767066876095
2024-09-04 10:35:45,067 - root - INFO - train acc: 0.9276111111111109, test acc: 0.9304166666666667
2024-09-04 10:35:45,067 - root - INFO - train ap: 0.9591187006900742, val ap: 0.9550196034305991
2024-09-04 10:35:45,068 - root - INFO - start 69 epoch
2024-09-04 10:35:53,791 - root - INFO - epoch: 69 took 8.72s
2024-09-04 10:35:53,791 - root - INFO - epoch train mean loss: 0.23237643986940384
2024-09-04 10:35:53,791 - root - INFO - train acc: 0.9276111111111108, test acc: 0.9271875
2024-09-04 10:35:53,791 - root - INFO - train ap: 0.9601261077354366, val ap: 0.9554433304175758
2024-09-04 10:35:53,792 - root - INFO - start 70 epoch
2024-09-04 10:36:02,516 - root - INFO - epoch: 70 took 8.72s
2024-09-04 10:36:02,517 - root - INFO - epoch train mean loss: 0.22896126161019006
2024-09-04 10:36:02,517 - root - INFO - train acc: 0.9302777777777778, test acc: 0.9310416666666667
2024-09-04 10:36:02,517 - root - INFO - train ap: 0.9607231894072292, val ap: 0.956013874933612
2024-09-04 10:36:02,518 - root - INFO - start 71 epoch
2024-09-04 10:36:11,195 - root - INFO - epoch: 71 took 8.68s
2024-09-04 10:36:11,195 - root - INFO - epoch train mean loss: 0.223774491250515
2024-09-04 10:36:11,195 - root - INFO - train acc: 0.9314444444444444, test acc: 0.9342708333333334
2024-09-04 10:36:11,195 - root - INFO - train ap: 0.9612612230563411, val ap: 0.9564747950834782
2024-09-04 10:36:11,196 - root - INFO - start 72 epoch
2024-09-04 10:36:19,870 - root - INFO - epoch: 72 took 8.67s
2024-09-04 10:36:19,870 - root - INFO - epoch train mean loss: 0.22744416147470475
2024-09-04 10:36:19,870 - root - INFO - train acc: 0.9329444444444444, test acc: 0.9348958333333334
2024-09-04 10:36:19,870 - root - INFO - train ap: 0.961644192029029, val ap: 0.957430128405627
2024-09-04 10:36:19,871 - root - INFO - start 73 epoch
2024-09-04 10:36:28,557 - root - INFO - epoch: 73 took 8.69s
2024-09-04 10:36:28,558 - root - INFO - epoch train mean loss: 0.21765366991360982
2024-09-04 10:36:28,558 - root - INFO - train acc: 0.9327777777777778, test acc: 0.9342708333333334
2024-09-04 10:36:28,558 - root - INFO - train ap: 0.9626313225989358, val ap: 0.9581075383273486
2024-09-04 10:36:28,559 - root - INFO - start 74 epoch
2024-09-04 10:36:37,260 - root - INFO - epoch: 74 took 8.70s
2024-09-04 10:36:37,260 - root - INFO - epoch train mean loss: 0.21424330174922943
2024-09-04 10:36:37,260 - root - INFO - train acc: 0.9352407407407408, test acc: 0.9361458333333333
2024-09-04 10:36:37,260 - root - INFO - train ap: 0.9631959361376722, val ap: 0.9585562173148807
2024-09-04 10:36:37,261 - root - INFO - start 75 epoch
2024-09-04 10:36:45,960 - root - INFO - epoch: 75 took 8.70s
2024-09-04 10:36:45,960 - root - INFO - epoch train mean loss: 0.21343625808755556
2024-09-04 10:36:45,960 - root - INFO - train acc: 0.9351111111111111, test acc: 0.9355208333333334
2024-09-04 10:36:45,960 - root - INFO - train ap: 0.9637593009172108, val ap: 0.9591531460526055
2024-09-04 10:36:45,961 - root - INFO - start 76 epoch
2024-09-04 10:36:54,649 - root - INFO - epoch: 76 took 8.69s
2024-09-04 10:36:54,649 - root - INFO - epoch train mean loss: 0.2162664604683717
2024-09-04 10:36:54,649 - root - INFO - train acc: 0.9344444444444444, test acc: 0.9361458333333333
2024-09-04 10:36:54,649 - root - INFO - train ap: 0.964255909249564, val ap: 0.9595651659996458
2024-09-04 10:36:54,651 - root - INFO - start 77 epoch
2024-09-04 10:37:03,353 - root - INFO - epoch: 77 took 8.70s
2024-09-04 10:37:03,354 - root - INFO - epoch train mean loss: 0.21400900955001514
2024-09-04 10:37:03,354 - root - INFO - train acc: 0.9364444444444444, test acc: 0.9367708333333333
2024-09-04 10:37:03,354 - root - INFO - train ap: 0.96483453318162, val ap: 0.9602568715455368
2024-09-04 10:37:03,355 - root - INFO - start 78 epoch
2024-09-04 10:37:12,119 - root - INFO - epoch: 78 took 8.76s
2024-09-04 10:37:12,119 - root - INFO - epoch train mean loss: 0.21036033034324647
2024-09-04 10:37:12,119 - root - INFO - train acc: 0.9374444444444444, test acc: 0.9380208333333333
2024-09-04 10:37:12,119 - root - INFO - train ap: 0.9653172758162303, val ap: 0.9606056977792112
2024-09-04 10:37:12,120 - root - INFO - start 79 epoch
2024-09-04 10:37:20,820 - root - INFO - epoch: 79 took 8.70s
2024-09-04 10:37:20,820 - root - INFO - epoch train mean loss: 0.20357137819131216
2024-09-04 10:37:20,820 - root - INFO - train acc: 0.9391111111111111, test acc: 0.9392708333333333
2024-09-04 10:37:20,820 - root - INFO - train ap: 0.965664429795446, val ap: 0.9610201014898374
2024-09-04 10:37:20,821 - root - INFO - start 80 epoch
2024-09-04 10:37:29,539 - root - INFO - epoch: 80 took 8.72s
2024-09-04 10:37:29,539 - root - INFO - epoch train mean loss: 0.20551047946015993
2024-09-04 10:37:29,539 - root - INFO - train acc: 0.9389444444444445, test acc: 0.9411458333333333
2024-09-04 10:37:29,539 - root - INFO - train ap: 0.9663570614995378, val ap: 0.9612705532199473
2024-09-04 10:37:29,540 - root - INFO - start 81 epoch
2024-09-04 10:37:38,255 - root - INFO - epoch: 81 took 8.72s
2024-09-04 10:37:38,255 - root - INFO - epoch train mean loss: 0.19741421987613042
2024-09-04 10:37:38,255 - root - INFO - train acc: 0.9396111111111111, test acc: 0.9423958333333333
2024-09-04 10:37:38,255 - root - INFO - train ap: 0.966672819581213, val ap: 0.9613264338386633
2024-09-04 10:37:38,257 - root - INFO - start 82 epoch
2024-09-04 10:37:46,963 - root - INFO - epoch: 82 took 8.71s
2024-09-04 10:37:46,963 - root - INFO - epoch train mean loss: 0.20161766211191814
2024-09-04 10:37:46,963 - root - INFO - train acc: 0.9402777777777779, test acc: 0.9423958333333333
2024-09-04 10:37:46,963 - root - INFO - train ap: 0.9670448996305702, val ap: 0.9610763297305859
2024-09-04 10:37:46,973 - root - INFO - start 83 epoch
2024-09-04 10:37:55,679 - root - INFO - epoch: 83 took 8.71s
2024-09-04 10:37:55,679 - root - INFO - epoch train mean loss: 0.1935203529894352
2024-09-04 10:37:55,679 - root - INFO - train acc: 0.9407777777777777, test acc: 0.9417708333333332
2024-09-04 10:37:55,679 - root - INFO - train ap: 0.9673491952328397, val ap: 0.9612047760060541
2024-09-04 10:37:55,680 - root - INFO - start 84 epoch
2024-09-04 10:38:04,403 - root - INFO - epoch: 84 took 8.72s
2024-09-04 10:38:04,403 - root - INFO - epoch train mean loss: 0.19497264673312506
2024-09-04 10:38:04,403 - root - INFO - train acc: 0.9412777777777777, test acc: 0.9423958333333333
2024-09-04 10:38:04,403 - root - INFO - train ap: 0.9675065886752824, val ap: 0.9615429085589131
2024-09-04 10:38:04,404 - root - INFO - start 85 epoch
2024-09-04 10:38:13,091 - root - INFO - epoch: 85 took 8.69s
2024-09-04 10:38:13,091 - root - INFO - epoch train mean loss: 0.19018845135966936
2024-09-04 10:38:13,091 - root - INFO - train acc: 0.9424444444444443, test acc: 0.9430208333333332
2024-09-04 10:38:13,091 - root - INFO - train ap: 0.967934530153755, val ap: 0.9619061651638379
2024-09-04 10:38:13,092 - root - INFO - start 86 epoch
2024-09-04 10:38:21,812 - root - INFO - epoch: 86 took 8.72s
2024-09-04 10:38:21,812 - root - INFO - epoch train mean loss: 0.19056637808680535
2024-09-04 10:38:21,812 - root - INFO - train acc: 0.9407777777777776, test acc: 0.9436458333333333
2024-09-04 10:38:21,812 - root - INFO - train ap: 0.9681198477891065, val ap: 0.9619088701298115
2024-09-04 10:38:21,814 - root - INFO - start 87 epoch
2024-09-04 10:38:30,527 - root - INFO - epoch: 87 took 8.71s
2024-09-04 10:38:30,527 - root - INFO - epoch train mean loss: 0.1868338165183862
2024-09-04 10:38:30,527 - root - INFO - train acc: 0.9412777777777777, test acc: 0.9436458333333333
2024-09-04 10:38:30,527 - root - INFO - train ap: 0.9684057932604643, val ap: 0.962278791692315
2024-09-04 10:38:30,528 - root - INFO - start 88 epoch
2024-09-04 10:38:39,297 - root - INFO - epoch: 88 took 8.77s
2024-09-04 10:38:39,297 - root - INFO - epoch train mean loss: 0.18708222607771555
2024-09-04 10:38:39,297 - root - INFO - train acc: 0.9429444444444444, test acc: 0.9442708333333334
2024-09-04 10:38:39,297 - root - INFO - train ap: 0.9686142289065194, val ap: 0.9629359682376937
2024-09-04 10:38:39,298 - root - INFO - start 89 epoch
2024-09-04 10:38:48,010 - root - INFO - epoch: 89 took 8.71s
2024-09-04 10:38:48,011 - root - INFO - epoch train mean loss: 0.18478215460975964
2024-09-04 10:38:48,045 - root - INFO - train acc: 0.942611111111111, test acc: 0.9436458333333333
2024-09-04 10:38:48,046 - root - INFO - train ap: 0.9688302071400471, val ap: 0.9629772032649573
2024-09-04 10:38:48,047 - root - INFO - start 90 epoch
2024-09-04 10:38:56,759 - root - INFO - epoch: 90 took 8.71s
2024-09-04 10:38:56,759 - root - INFO - epoch train mean loss: 0.18049570346872013
2024-09-04 10:38:56,759 - root - INFO - train acc: 0.9432777777777778, test acc: 0.9448958333333333
2024-09-04 10:38:56,759 - root - INFO - train ap: 0.9689350685795443, val ap: 0.9632955162626013
2024-09-04 10:38:56,761 - root - INFO - start 91 epoch
2024-09-04 10:39:05,482 - root - INFO - epoch: 91 took 8.72s
2024-09-04 10:39:05,482 - root - INFO - epoch train mean loss: 0.18249166284998258
2024-09-04 10:39:05,482 - root - INFO - train acc: 0.943611111111111, test acc: 0.9442708333333333
2024-09-04 10:39:05,482 - root - INFO - train ap: 0.9691512906559971, val ap: 0.9633828933434889
2024-09-04 10:39:05,483 - root - INFO - start 92 epoch
2024-09-04 10:39:14,206 - root - INFO - epoch: 92 took 8.72s
2024-09-04 10:39:14,206 - root - INFO - epoch train mean loss: 0.1784337448577086
2024-09-04 10:39:14,206 - root - INFO - train acc: 0.9441111111111111, test acc: 0.9448958333333333
2024-09-04 10:39:14,206 - root - INFO - train ap: 0.9692754801674377, val ap: 0.9634624501248925
2024-09-04 10:39:14,207 - root - INFO - start 93 epoch
2024-09-04 10:39:22,914 - root - INFO - epoch: 93 took 8.71s
2024-09-04 10:39:22,914 - root - INFO - epoch train mean loss: 0.177466348807017
2024-09-04 10:39:22,914 - root - INFO - train acc: 0.9442777777777777, test acc: 0.9455208333333334
2024-09-04 10:39:22,914 - root - INFO - train ap: 0.9693795078127957, val ap: 0.9635741463843696
2024-09-04 10:39:22,915 - root - INFO - start 94 epoch
2024-09-04 10:39:31,632 - root - INFO - epoch: 94 took 8.72s
2024-09-04 10:39:31,632 - root - INFO - epoch train mean loss: 0.1796411042412122
2024-09-04 10:39:31,632 - root - INFO - train acc: 0.9460740740740741, test acc: 0.9455208333333334
2024-09-04 10:39:31,632 - root - INFO - train ap: 0.9695776084957811, val ap: 0.9636374946179787
2024-09-04 10:39:31,633 - root - INFO - start 95 epoch
2024-09-04 10:39:40,364 - root - INFO - epoch: 95 took 8.73s
2024-09-04 10:39:40,364 - root - INFO - epoch train mean loss: 0.17615920230746268
2024-09-04 10:39:40,364 - root - INFO - train acc: 0.9477407407407407, test acc: 0.9461458333333332
2024-09-04 10:39:40,364 - root - INFO - train ap: 0.969821759049515, val ap: 0.9639499020054972
2024-09-04 10:39:40,365 - root - INFO - start 96 epoch
2024-09-04 10:39:49,073 - root - INFO - epoch: 96 took 8.71s
2024-09-04 10:39:49,073 - root - INFO - epoch train mean loss: 0.1787376768887043
2024-09-04 10:39:49,073 - root - INFO - train acc: 0.9447777777777777, test acc: 0.9442708333333333
2024-09-04 10:39:49,073 - root - INFO - train ap: 0.9700785627455376, val ap: 0.9635982353337316
2024-09-04 10:39:49,074 - root - INFO - start 97 epoch
2024-09-04 10:39:57,796 - root - INFO - epoch: 97 took 8.72s
2024-09-04 10:39:57,796 - root - INFO - epoch train mean loss: 0.17714613502224286
2024-09-04 10:39:57,796 - root - INFO - train acc: 0.9482407407407405, test acc: 0.9480208333333333
2024-09-04 10:39:57,796 - root - INFO - train ap: 0.9702781422703741, val ap: 0.9640740869252222
2024-09-04 10:39:57,833 - root - INFO - start 98 epoch
2024-09-04 10:40:06,609 - root - INFO - epoch: 98 took 8.78s
2024-09-04 10:40:06,610 - root - INFO - epoch train mean loss: 0.17533747802178065
2024-09-04 10:40:06,610 - root - INFO - train acc: 0.9474074074074074, test acc: 0.9455208333333334
2024-09-04 10:40:06,610 - root - INFO - train ap: 0.9704724394691837, val ap: 0.9641623290711036
2024-09-04 10:40:06,611 - root - INFO - start 99 epoch
2024-09-04 10:40:15,326 - root - INFO - epoch: 99 took 8.72s
2024-09-04 10:40:15,326 - root - INFO - epoch train mean loss: 0.17321319580078126
2024-09-04 10:40:15,326 - root - INFO - train acc: 0.9489074074074073, test acc: 0.9486458333333333
2024-09-04 10:40:15,326 - root - INFO - train ap: 0.9705214736103864, val ap: 0.9642373136259308
2024-09-04 10:40:15,327 - root - INFO - start 100 epoch
2024-09-04 10:40:24,014 - root - INFO - epoch: 100 took 8.69s
2024-09-04 10:40:24,014 - root - INFO - epoch train mean loss: 0.17203059270977974
2024-09-04 10:40:24,014 - root - INFO - train acc: 0.9474074074074074, test acc: 0.9467708333333333
2024-09-04 10:40:24,014 - root - INFO - train ap: 0.9706756969852638, val ap: 0.9642491390485839
2024-09-04 10:40:24,015 - root - INFO - start 101 epoch
2024-09-04 10:40:32,706 - root - INFO - epoch: 101 took 8.69s
2024-09-04 10:40:32,706 - root - INFO - epoch train mean loss: 0.17147862315177917
2024-09-04 10:40:32,706 - root - INFO - train acc: 0.950074074074074, test acc: 0.9505208333333333
2024-09-04 10:40:32,706 - root - INFO - train ap: 0.9707486630606628, val ap: 0.9647400580117815
2024-09-04 10:40:32,707 - root - INFO - start 102 epoch
2024-09-04 10:40:41,397 - root - INFO - epoch: 102 took 8.69s
2024-09-04 10:40:41,397 - root - INFO - epoch train mean loss: 0.17263429388403892
2024-09-04 10:40:41,397 - root - INFO - train acc: 0.9492407407407406, test acc: 0.9511458333333332
2024-09-04 10:40:41,397 - root - INFO - train ap: 0.9707987077697394, val ap: 0.9650064830990246
2024-09-04 10:40:41,398 - root - INFO - start 103 epoch
2024-09-04 10:40:50,094 - root - INFO - epoch: 103 took 8.70s
2024-09-04 10:40:50,094 - root - INFO - epoch train mean loss: 0.1699491692086061
2024-09-04 10:40:50,094 - root - INFO - train acc: 0.9480740740740738, test acc: 0.9511458333333332
2024-09-04 10:40:50,094 - root - INFO - train ap: 0.9710634913604798, val ap: 0.9647254075862745
2024-09-04 10:40:50,096 - root - INFO - start 104 epoch
2024-09-04 10:40:58,793 - root - INFO - epoch: 104 took 8.70s
2024-09-04 10:40:58,793 - root - INFO - epoch train mean loss: 0.17083199073870978
2024-09-04 10:40:58,828 - root - INFO - train acc: 0.950074074074074, test acc: 0.9530208333333333
2024-09-04 10:40:58,828 - root - INFO - train ap: 0.9711482731312031, val ap: 0.9652796575695523
2024-09-04 10:40:58,831 - root - INFO - start 105 epoch
2024-09-04 10:41:07,544 - root - INFO - epoch: 105 took 8.71s
2024-09-04 10:41:07,544 - root - INFO - epoch train mean loss: 0.1704538290699323
2024-09-04 10:41:07,544 - root - INFO - train acc: 0.9504074074074074, test acc: 0.9530208333333333
2024-09-04 10:41:07,544 - root - INFO - train ap: 0.9712694367823393, val ap: 0.965316017495
2024-09-04 10:41:07,545 - root - INFO - start 106 epoch
2024-09-04 10:41:16,234 - root - INFO - epoch: 106 took 8.69s
2024-09-04 10:41:16,234 - root - INFO - epoch train mean loss: 0.16691065281629563
2024-09-04 10:41:16,234 - root - INFO - train acc: 0.9502407407407407, test acc: 0.9530208333333333
2024-09-04 10:41:16,234 - root - INFO - train ap: 0.9713486340844156, val ap: 0.9653617523776468
2024-09-04 10:41:16,271 - root - INFO - start 107 epoch
2024-09-04 10:41:24,957 - root - INFO - epoch: 107 took 8.69s
2024-09-04 10:41:24,957 - root - INFO - epoch train mean loss: 0.16569762180248895
2024-09-04 10:41:24,957 - root - INFO - train acc: 0.9507407407407408, test acc: 0.9523958333333333
2024-09-04 10:41:24,957 - root - INFO - train ap: 0.9715143787941519, val ap: 0.9656215765849794
2024-09-04 10:41:24,994 - root - INFO - start 108 epoch
2024-09-04 10:41:33,714 - root - INFO - epoch: 108 took 8.72s
2024-09-04 10:41:33,714 - root - INFO - epoch train mean loss: 0.17083397010962167
2024-09-04 10:41:33,714 - root - INFO - train acc: 0.9502407407407407, test acc: 0.9530208333333333
2024-09-04 10:41:33,714 - root - INFO - train ap: 0.9715638290264222, val ap: 0.9655735856186354
2024-09-04 10:41:33,715 - root - INFO - start 109 epoch
2024-09-04 10:41:42,406 - root - INFO - epoch: 109 took 8.69s
2024-09-04 10:41:42,406 - root - INFO - epoch train mean loss: 0.16518905560175579
2024-09-04 10:41:42,406 - root - INFO - train acc: 0.9499074074074074, test acc: 0.9530208333333333
2024-09-04 10:41:42,406 - root - INFO - train ap: 0.9716389906046693, val ap: 0.9655659828109118
2024-09-04 10:41:42,407 - root - INFO - start 110 epoch
2024-09-04 10:41:51,105 - root - INFO - epoch: 110 took 8.70s
2024-09-04 10:41:51,105 - root - INFO - epoch train mean loss: 0.1676922763387362
2024-09-04 10:41:51,105 - root - INFO - train acc: 0.951074074074074, test acc: 0.9536458333333333
2024-09-04 10:41:51,105 - root - INFO - train ap: 0.9716675860559055, val ap: 0.9658497191177633
2024-09-04 10:41:51,107 - root - INFO - start 111 epoch
2024-09-04 10:41:59,864 - root - INFO - epoch: 111 took 8.76s
2024-09-04 10:41:59,864 - root - INFO - epoch train mean loss: 0.16534848585724832
2024-09-04 10:41:59,899 - root - INFO - train acc: 0.9512407407407406, test acc: 0.9536458333333333
2024-09-04 10:41:59,899 - root - INFO - train ap: 0.9717406244669214, val ap: 0.9658934892499023
2024-09-04 10:41:59,901 - root - INFO - start 112 epoch
2024-09-04 10:42:08,591 - root - INFO - epoch: 112 took 8.69s
2024-09-04 10:42:08,592 - root - INFO - epoch train mean loss: 0.1659058133761088
2024-09-04 10:42:08,592 - root - INFO - train acc: 0.9514074074074074, test acc: 0.9536458333333333
2024-09-04 10:42:08,592 - root - INFO - train ap: 0.9720027927075396, val ap: 0.9660778670626677
2024-09-04 10:42:08,593 - root - INFO - start 113 epoch
2024-09-04 10:42:17,278 - root - INFO - epoch: 113 took 8.68s
2024-09-04 10:42:17,278 - root - INFO - epoch train mean loss: 0.1616062012811502
2024-09-04 10:42:17,278 - root - INFO - train acc: 0.9512407407407407, test acc: 0.9542708333333333
2024-09-04 10:42:17,278 - root - INFO - train ap: 0.9720531090919434, val ap: 0.9660615964991339
2024-09-04 10:42:17,279 - root - INFO - start 114 epoch
2024-09-04 10:42:25,966 - root - INFO - epoch: 114 took 8.69s
2024-09-04 10:42:25,966 - root - INFO - epoch train mean loss: 0.16178558294971784
2024-09-04 10:42:25,966 - root - INFO - train acc: 0.950574074074074, test acc: 0.9548958333333333
2024-09-04 10:42:25,966 - root - INFO - train ap: 0.9722051690839836, val ap: 0.9661701019481412
2024-09-04 10:42:25,967 - root - INFO - start 115 epoch
2024-09-04 10:42:34,674 - root - INFO - epoch: 115 took 8.71s
2024-09-04 10:42:34,674 - root - INFO - epoch train mean loss: 0.1646316796541214
2024-09-04 10:42:34,674 - root - INFO - train acc: 0.9520740740740741, test acc: 0.9548958333333333
2024-09-04 10:42:34,674 - root - INFO - train ap: 0.9722403368636627, val ap: 0.9663867799439492
2024-09-04 10:42:34,675 - root - INFO - start 116 epoch
2024-09-04 10:42:43,404 - root - INFO - epoch: 116 took 8.73s
2024-09-04 10:42:43,404 - root - INFO - epoch train mean loss: 0.15878563821315766
2024-09-04 10:42:43,404 - root - INFO - train acc: 0.9509074074074075, test acc: 0.9548958333333333
2024-09-04 10:42:43,404 - root - INFO - train ap: 0.9723313610892466, val ap: 0.96629450294247
2024-09-04 10:42:43,405 - root - INFO - start 117 epoch
2024-09-04 10:42:52,152 - root - INFO - epoch: 117 took 8.75s
2024-09-04 10:42:52,152 - root - INFO - epoch train mean loss: 0.1625850501159827
2024-09-04 10:42:52,152 - root - INFO - train acc: 0.952574074074074, test acc: 0.9555208333333334
2024-09-04 10:42:52,153 - root - INFO - train ap: 0.9723264612542027, val ap: 0.9664441887108568
2024-09-04 10:42:52,154 - root - INFO - start 118 epoch
2024-09-04 10:43:00,866 - root - INFO - epoch: 118 took 8.71s
2024-09-04 10:43:00,866 - root - INFO - epoch train mean loss: 0.1555408425629139
2024-09-04 10:43:00,866 - root - INFO - train acc: 0.953537037037037, test acc: 0.9555208333333334
2024-09-04 10:43:00,866 - root - INFO - train ap: 0.9724257403056437, val ap: 0.9645486164042576
2024-09-04 10:43:00,902 - root - INFO - start 119 epoch
2024-09-04 10:43:09,625 - root - INFO - epoch: 119 took 8.72s
2024-09-04 10:43:09,625 - root - INFO - epoch train mean loss: 0.1605229616165161
2024-09-04 10:43:09,625 - root - INFO - train acc: 0.9532407407407407, test acc: 0.9555208333333334
2024-09-04 10:43:09,625 - root - INFO - train ap: 0.972584714080314, val ap: 0.9670503972158905
2024-09-04 10:43:09,626 - root - INFO - start 120 epoch
2024-09-04 10:43:18,334 - root - INFO - epoch: 120 took 8.71s
2024-09-04 10:43:18,334 - root - INFO - epoch train mean loss: 0.161813506235679
2024-09-04 10:43:18,335 - root - INFO - train acc: 0.9529074074074073, test acc: 0.9561458333333333
2024-09-04 10:43:18,335 - root - INFO - train ap: 0.9727390191566038, val ap: 0.967116077003519
2024-09-04 10:43:18,336 - root - INFO - start 121 epoch
2024-09-04 10:43:27,032 - root - INFO - epoch: 121 took 8.70s
2024-09-04 10:43:27,032 - root - INFO - epoch train mean loss: 0.15970882897575697
2024-09-04 10:43:27,032 - root - INFO - train acc: 0.9527407407407407, test acc: 0.9561458333333333
2024-09-04 10:43:27,032 - root - INFO - train ap: 0.9728168547057499, val ap: 0.967088042544805
2024-09-04 10:43:27,069 - root - INFO - start 122 epoch
2024-09-04 10:43:35,762 - root - INFO - epoch: 122 took 8.69s
2024-09-04 10:43:35,762 - root - INFO - epoch train mean loss: 0.15734294379750888
2024-09-04 10:43:35,762 - root - INFO - train acc: 0.9530740740740741, test acc: 0.9561458333333333
2024-09-04 10:43:35,762 - root - INFO - train ap: 0.9728369380586132, val ap: 0.9673190289433017
2024-09-04 10:43:35,763 - root - INFO - start 123 epoch
2024-09-04 10:43:44,485 - root - INFO - epoch: 123 took 8.72s
2024-09-04 10:43:44,486 - root - INFO - epoch train mean loss: 0.15506083543101948
2024-09-04 10:43:44,486 - root - INFO - train acc: 0.9532407407407407, test acc: 0.9567708333333333
2024-09-04 10:43:44,486 - root - INFO - train ap: 0.9728519982704298, val ap: 0.9675534009082704
2024-09-04 10:43:44,487 - root - INFO - start 124 epoch
2024-09-04 10:43:53,202 - root - INFO - epoch: 124 took 8.71s
2024-09-04 10:43:53,202 - root - INFO - epoch train mean loss: 0.15683937271436055
2024-09-04 10:43:53,202 - root - INFO - train acc: 0.9530740740740742, test acc: 0.9561458333333333
2024-09-04 10:43:53,202 - root - INFO - train ap: 0.9728706880262649, val ap: 0.9671769699934212
2024-09-04 10:43:53,203 - root - INFO - start 125 epoch
2024-09-04 10:44:01,906 - root - INFO - epoch: 125 took 8.70s
2024-09-04 10:44:01,906 - root - INFO - epoch train mean loss: 0.15663675342996916
2024-09-04 10:44:01,941 - root - INFO - train acc: 0.9529074074074074, test acc: 0.9573958333333333
2024-09-04 10:44:01,941 - root - INFO - train ap: 0.9728634900314916, val ap: 0.9671330948635719
2024-09-04 10:44:01,943 - root - INFO - start 126 epoch
2024-09-04 10:44:10,670 - root - INFO - epoch: 126 took 8.73s
2024-09-04 10:44:10,670 - root - INFO - epoch train mean loss: 0.1563891383508841
2024-09-04 10:44:10,670 - root - INFO - train acc: 0.9539074074074073, test acc: 0.9567708333333333
2024-09-04 10:44:10,670 - root - INFO - train ap: 0.9729939550028067, val ap: 0.9674920871637727
2024-09-04 10:44:10,671 - root - INFO - start 127 epoch
2024-09-04 10:44:19,437 - root - INFO - epoch: 127 took 8.77s
2024-09-04 10:44:19,437 - root - INFO - epoch train mean loss: 0.15620525156458218
2024-09-04 10:44:19,437 - root - INFO - train acc: 0.9535740740740741, test acc: 0.9580208333333333
2024-09-04 10:44:19,437 - root - INFO - train ap: 0.9730325412732177, val ap: 0.9675535691714152
2024-09-04 10:44:19,438 - root - INFO - start 128 epoch
2024-09-04 10:44:28,150 - root - INFO - epoch: 128 took 8.71s
2024-09-04 10:44:28,150 - root - INFO - epoch train mean loss: 0.15156522169709205
2024-09-04 10:44:28,150 - root - INFO - train acc: 0.9529074074074073, test acc: 0.9573958333333333
2024-09-04 10:44:28,150 - root - INFO - train ap: 0.9730261869696827, val ap: 0.9672019461578818
2024-09-04 10:44:28,161 - root - INFO - start 129 epoch
2024-09-04 10:44:36,871 - root - INFO - epoch: 129 took 8.71s
2024-09-04 10:44:36,871 - root - INFO - epoch train mean loss: 0.15766911556323368
2024-09-04 10:44:36,871 - root - INFO - train acc: 0.953574074074074, test acc: 0.9580208333333333
2024-09-04 10:44:36,872 - root - INFO - train ap: 0.973197666176441, val ap: 0.9675688048059558
2024-09-04 10:44:36,873 - root - INFO - start 130 epoch
2024-09-04 10:44:45,560 - root - INFO - epoch: 130 took 8.69s
2024-09-04 10:44:45,560 - root - INFO - epoch train mean loss: 0.1545615814626217
2024-09-04 10:44:45,560 - root - INFO - train acc: 0.9553703703703704, test acc: 0.9567708333333333
2024-09-04 10:44:45,560 - root - INFO - train ap: 0.973240550972456, val ap: 0.9679540906531166
2024-09-04 10:44:45,561 - root - INFO - start 131 epoch
2024-09-04 10:44:54,268 - root - INFO - epoch: 131 took 8.71s
2024-09-04 10:44:54,268 - root - INFO - epoch train mean loss: 0.1498285430173079
2024-09-04 10:44:54,268 - root - INFO - train acc: 0.9544074074074073, test acc: 0.9573958333333333
2024-09-04 10:44:54,268 - root - INFO - train ap: 0.973170886499856, val ap: 0.9677463353355082
2024-09-04 10:44:54,305 - root - INFO - start 132 epoch
2024-09-04 10:45:03,001 - root - INFO - epoch: 132 took 8.70s
2024-09-04 10:45:03,001 - root - INFO - epoch train mean loss: 0.15085084835688273
2024-09-04 10:45:03,001 - root - INFO - train acc: 0.9544074074074073, test acc: 0.9573958333333333
2024-09-04 10:45:03,001 - root - INFO - train ap: 0.9732754906880997, val ap: 0.967633724265095
2024-09-04 10:45:03,002 - root - INFO - start 133 epoch
2024-09-04 10:45:11,703 - root - INFO - epoch: 133 took 8.70s
2024-09-04 10:45:11,703 - root - INFO - epoch train mean loss: 0.15459028482437134
2024-09-04 10:45:11,703 - root - INFO - train acc: 0.9539074074074073, test acc: 0.9580208333333333
2024-09-04 10:45:11,703 - root - INFO - train ap: 0.9732486926089604, val ap: 0.9672158960111354
2024-09-04 10:45:11,704 - root - INFO - start 134 epoch
2024-09-04 10:45:20,405 - root - INFO - epoch: 134 took 8.70s
2024-09-04 10:45:20,405 - root - INFO - epoch train mean loss: 0.15676978901028632
2024-09-04 10:45:20,405 - root - INFO - train acc: 0.954074074074074, test acc: 0.9580208333333333
2024-09-04 10:45:20,405 - root - INFO - train ap: 0.9732628805748603, val ap: 0.967305186913161
2024-09-04 10:45:20,406 - root - INFO - start 135 epoch
2024-09-04 10:45:29,119 - root - INFO - epoch: 135 took 8.71s
2024-09-04 10:45:29,119 - root - INFO - epoch train mean loss: 0.1539676882326603
2024-09-04 10:45:29,154 - root - INFO - train acc: 0.9547407407407406, test acc: 0.9580208333333333
2024-09-04 10:45:29,154 - root - INFO - train ap: 0.9735290176192736, val ap: 0.9678395834258302
2024-09-04 10:45:29,157 - root - INFO - start 136 epoch
2024-09-04 10:45:37,875 - root - INFO - epoch: 136 took 8.72s
2024-09-04 10:45:37,875 - root - INFO - epoch train mean loss: 0.15136323099335033
2024-09-04 10:45:37,910 - root - INFO - train acc: 0.955537037037037, test acc: 0.9567708333333333
2024-09-04 10:45:37,910 - root - INFO - train ap: 0.9734693883930899, val ap: 0.9680234422023785
2024-09-04 10:45:37,912 - root - INFO - start 137 epoch
2024-09-04 10:45:46,663 - root - INFO - epoch: 137 took 8.75s
2024-09-04 10:45:46,663 - root - INFO - epoch train mean loss: 0.15425194824735325
2024-09-04 10:45:46,663 - root - INFO - train acc: 0.9542407407407406, test acc: 0.9567708333333333
2024-09-04 10:45:46,663 - root - INFO - train ap: 0.973363385010935, val ap: 0.9673893571920053
2024-09-04 10:45:46,664 - root - INFO - start 138 epoch
2024-09-04 10:45:55,363 - root - INFO - epoch: 138 took 8.70s
2024-09-04 10:45:55,363 - root - INFO - epoch train mean loss: 0.151016732553641
2024-09-04 10:45:55,363 - root - INFO - train acc: 0.9547407407407407, test acc: 0.9573958333333333
2024-09-04 10:45:55,364 - root - INFO - train ap: 0.9734658650779975, val ap: 0.9676724502263032
2024-09-04 10:45:55,365 - root - INFO - start 139 epoch
2024-09-04 10:46:04,057 - root - INFO - epoch: 139 took 8.69s
2024-09-04 10:46:04,057 - root - INFO - epoch train mean loss: 0.1489224575459957
2024-09-04 10:46:04,057 - root - INFO - train acc: 0.9544074074074073, test acc: 0.9573958333333333
2024-09-04 10:46:04,057 - root - INFO - train ap: 0.9735280272878869, val ap: 0.9680009121813848
2024-09-04 10:46:04,058 - root - INFO - start 140 epoch
2024-09-04 10:46:12,761 - root - INFO - epoch: 140 took 8.70s
2024-09-04 10:46:12,761 - root - INFO - epoch train mean loss: 0.14863070597251257
2024-09-04 10:46:12,761 - root - INFO - train acc: 0.9558703703703704, test acc: 0.9567708333333333
2024-09-04 10:46:12,761 - root - INFO - train ap: 0.9736213108636027, val ap: 0.9683447902764597
2024-09-04 10:46:12,762 - root - INFO - start 141 epoch
2024-09-04 10:46:21,449 - root - INFO - epoch: 141 took 8.69s
2024-09-04 10:46:21,449 - root - INFO - epoch train mean loss: 0.15463226412733397
2024-09-04 10:46:21,450 - root - INFO - train acc: 0.9547407407407406, test acc: 0.9561458333333334
2024-09-04 10:46:21,450 - root - INFO - train ap: 0.973514660684117, val ap: 0.967587623012345
2024-09-04 10:46:21,451 - root - INFO - start 142 epoch
2024-09-04 10:46:30,151 - root - INFO - epoch: 142 took 8.70s
2024-09-04 10:46:30,151 - root - INFO - epoch train mean loss: 0.14846782634655634
2024-09-04 10:46:30,152 - root - INFO - train acc: 0.955074074074074, test acc: 0.9573958333333333
2024-09-04 10:46:30,152 - root - INFO - train ap: 0.9736569322541614, val ap: 0.96834901396488
2024-09-04 10:46:30,153 - root - INFO - start 143 epoch
2024-09-04 10:46:38,852 - root - INFO - epoch: 143 took 8.70s
2024-09-04 10:46:38,852 - root - INFO - epoch train mean loss: 0.14629252304633458
2024-09-04 10:46:38,852 - root - INFO - train acc: 0.9557037037037036, test acc: 0.9567708333333333
2024-09-04 10:46:38,852 - root - INFO - train ap: 0.9738321894118935, val ap: 0.9683010719873619
2024-09-04 10:46:38,853 - root - INFO - start 144 epoch
2024-09-04 10:46:47,536 - root - INFO - epoch: 144 took 8.68s
2024-09-04 10:46:47,536 - root - INFO - epoch train mean loss: 0.15188668792446455
2024-09-04 10:46:47,536 - root - INFO - train acc: 0.9550740740740741, test acc: 0.9573958333333333
2024-09-04 10:46:47,536 - root - INFO - train ap: 0.9737812902903474, val ap: 0.9681763958111788
2024-09-04 10:46:47,537 - root - INFO - start 145 epoch
2024-09-04 10:46:56,226 - root - INFO - epoch: 145 took 8.69s
2024-09-04 10:46:56,226 - root - INFO - epoch train mean loss: 0.1477523222565651
2024-09-04 10:46:56,226 - root - INFO - train acc: 0.9547407407407407, test acc: 0.9561458333333333
2024-09-04 10:46:56,226 - root - INFO - train ap: 0.973849607890473, val ap: 0.9678955665565019
2024-09-04 10:46:56,235 - root - INFO - start 146 epoch
2024-09-04 10:47:04,998 - root - INFO - epoch: 146 took 8.76s
2024-09-04 10:47:04,998 - root - INFO - epoch train mean loss: 0.15158021450042725
2024-09-04 10:47:04,998 - root - INFO - train acc: 0.9568703703703704, test acc: 0.9580208333333333
2024-09-04 10:47:04,998 - root - INFO - train ap: 0.9740584914283082, val ap: 0.9684787066190872
2024-09-04 10:47:04,999 - root - INFO - start 147 epoch
2024-09-04 10:47:13,699 - root - INFO - epoch: 147 took 8.70s
2024-09-04 10:47:13,699 - root - INFO - epoch train mean loss: 0.14852795153856277
2024-09-04 10:47:13,699 - root - INFO - train acc: 0.9563703703703703, test acc: 0.9580208333333333
2024-09-04 10:47:13,699 - root - INFO - train ap: 0.9740077580160352, val ap: 0.9683799684101504
2024-09-04 10:47:13,700 - root - INFO - start 148 epoch
2024-09-04 10:47:22,379 - root - INFO - epoch: 148 took 8.68s
2024-09-04 10:47:22,379 - root - INFO - epoch train mean loss: 0.151942640542984
2024-09-04 10:47:22,379 - root - INFO - train acc: 0.9552407407407407, test acc: 0.9567708333333333
2024-09-04 10:47:22,379 - root - INFO - train ap: 0.973984343103518, val ap: 0.9680624825273865
2024-09-04 10:47:22,380 - root - INFO - start 149 epoch
2024-09-04 10:47:31,064 - root - INFO - epoch: 149 took 8.68s
2024-09-04 10:47:31,064 - root - INFO - epoch train mean loss: 0.1474852020541827
2024-09-04 10:47:31,065 - root - INFO - train acc: 0.956537037037037, test acc: 0.9580208333333333
2024-09-04 10:47:31,065 - root - INFO - train ap: 0.9740629641260924, val ap: 0.9683695512178183
2024-09-04 10:47:31,076 - root - INFO - TGN model saved
