2024-08-16 22:18:32,466 - root - INFO - Namespace(data='simulate_v1', bs=256, prefix='simulate_v1', n_degree=10, n_head=2, n_epoch=100, n_layer=2, lr=0.0001, drop_out=0.1, gpu=1, node_dim=100, time_dim=100, agg_method='attn', attn_mode='prod', time='time', uniform=False)
2024-08-16 22:18:32,521 - module - INFO - Aggregation uses attention model
2024-08-16 22:18:32,522 - module - INFO - Using scaled prod attention
2024-08-16 22:18:32,522 - module - INFO - Using scaled prod attention
2024-08-16 22:18:32,522 - module - INFO - Using time encoding
2024-08-16 22:18:32,899 - root - INFO - num of training instances: 7113
2024-08-16 22:18:32,899 - root - INFO - num of batches per epoch: 28
2024-08-16 22:18:32,899 - root - INFO - start 0 epoch
2024-08-16 22:18:37,928 - root - INFO - epoch: 0:
2024-08-16 22:18:37,929 - root - INFO - Epoch mean loss: 0.6850002812487739
2024-08-16 22:18:37,929 - root - INFO - train acc: 0.5427734375, test acc: 0.5705555555555555
2024-08-16 22:18:37,929 - root - INFO - train ap: 0.6097618358874133, test ap: 0.7457086125286644
2024-08-16 22:18:37,930 - root - INFO - start 1 epoch
2024-08-16 22:18:42,800 - root - INFO - epoch: 1:
2024-08-16 22:18:42,800 - root - INFO - Epoch mean loss: 0.6752910017967224
2024-08-16 22:18:42,800 - root - INFO - train acc: 0.5983203125000001, test acc: 0.6881944444444446
2024-08-16 22:18:42,800 - root - INFO - train ap: 0.6093384338388729, test ap: 0.7455948058417232
2024-08-16 22:18:42,801 - root - INFO - start 2 epoch
2024-08-16 22:18:47,665 - root - INFO - epoch: 2:
2024-08-16 22:18:47,665 - root - INFO - Epoch mean loss: 0.6708374725920814
2024-08-16 22:18:47,665 - root - INFO - train acc: 0.6092745535714286, test acc: 0.68875
2024-08-16 22:18:47,665 - root - INFO - train ap: 0.6219641846449379, test ap: 0.7426798240602395
2024-08-16 22:18:47,666 - root - INFO - start 3 epoch
2024-08-16 22:18:52,625 - root - INFO - epoch: 3:
2024-08-16 22:18:52,625 - root - INFO - Epoch mean loss: 0.6650596963507789
2024-08-16 22:18:52,625 - root - INFO - train acc: 0.6192745535714286, test acc: 0.6965277777777776
2024-08-16 22:18:52,625 - root - INFO - train ap: 0.6390016273402965, test ap: 0.7382833882979405
2024-08-16 22:18:52,626 - root - INFO - start 4 epoch
2024-08-16 22:18:57,575 - root - INFO - epoch: 4:
2024-08-16 22:18:57,575 - root - INFO - Epoch mean loss: 0.6635484716721943
2024-08-16 22:18:57,575 - root - INFO - train acc: 0.6175669642857143, test acc: 0.69875
2024-08-16 22:18:57,575 - root - INFO - train ap: 0.6389042499469307, test ap: 0.7346390457378764
2024-08-16 22:18:57,576 - root - INFO - start 5 epoch
2024-08-16 22:19:02,584 - root - INFO - epoch: 5:
2024-08-16 22:19:02,584 - root - INFO - Epoch mean loss: 0.6553769345794406
2024-08-16 22:19:02,584 - root - INFO - train acc: 0.6371540178571429, test acc: 0.699861111111111
2024-08-16 22:19:02,584 - root - INFO - train ap: 0.6589531807031271, test ap: 0.7312271571080317
2024-08-16 22:19:02,586 - root - INFO - start 6 epoch
2024-08-16 22:19:07,415 - root - INFO - epoch: 6:
2024-08-16 22:19:07,415 - root - INFO - Epoch mean loss: 0.6545274044786181
2024-08-16 22:19:07,415 - root - INFO - train acc: 0.6303627232142857, test acc: 0.6959722222222221
2024-08-16 22:19:07,415 - root - INFO - train ap: 0.655954843370081, test ap: 0.732002888014609
2024-08-16 22:19:07,416 - root - INFO - start 7 epoch
2024-08-16 22:19:12,400 - root - INFO - epoch: 7:
2024-08-16 22:19:12,400 - root - INFO - Epoch mean loss: 0.647028563278062
2024-08-16 22:19:12,400 - root - INFO - train acc: 0.6390680803571429, test acc: 0.6981944444444446
2024-08-16 22:19:12,400 - root - INFO - train ap: 0.6767757050111463, test ap: 0.7333617273196708
2024-08-16 22:19:12,401 - root - INFO - start 8 epoch
2024-08-16 22:19:17,350 - root - INFO - epoch: 8:
2024-08-16 22:19:17,350 - root - INFO - Epoch mean loss: 0.6411241846425193
2024-08-16 22:19:17,350 - root - INFO - train acc: 0.6543080357142858, test acc: 0.7020833333333333
2024-08-16 22:19:17,350 - root - INFO - train ap: 0.6813400299195085, test ap: 0.7312076603317845
2024-08-16 22:19:17,351 - root - INFO - start 9 epoch
2024-08-16 22:19:22,335 - root - INFO - epoch: 9:
2024-08-16 22:19:22,335 - root - INFO - Epoch mean loss: 0.6393420760120664
2024-08-16 22:19:22,335 - root - INFO - train acc: 0.6524162946428572, test acc: 0.7009722222222223
2024-08-16 22:19:22,335 - root - INFO - train ap: 0.6779756809849455, test ap: 0.7329618419323402
2024-08-16 22:19:22,336 - root - INFO - start 10 epoch
2024-08-16 22:19:27,128 - root - INFO - epoch: 10:
2024-08-16 22:19:27,128 - root - INFO - Epoch mean loss: 0.6356576042515891
2024-08-16 22:19:27,128 - root - INFO - train acc: 0.6530357142857143, test acc: 0.7020833333333333
2024-08-16 22:19:27,128 - root - INFO - train ap: 0.6859074547254508, test ap: 0.7342138785009822
2024-08-16 22:19:27,129 - root - INFO - start 11 epoch
2024-08-16 22:19:32,234 - root - INFO - epoch: 11:
2024-08-16 22:19:32,234 - root - INFO - Epoch mean loss: 0.6292511650494167
2024-08-16 22:19:32,234 - root - INFO - train acc: 0.6648158482142856, test acc: 0.70375
2024-08-16 22:19:32,234 - root - INFO - train ap: 0.6967532405767887, test ap: 0.7370471694954309
2024-08-16 22:19:32,235 - root - INFO - start 12 epoch
2024-08-16 22:19:37,302 - root - INFO - epoch: 12:
2024-08-16 22:19:37,302 - root - INFO - Epoch mean loss: 0.6258304246834346
2024-08-16 22:19:37,302 - root - INFO - train acc: 0.6602957589285714, test acc: 0.7048611111111112
2024-08-16 22:19:37,302 - root - INFO - train ap: 0.6968077417178284, test ap: 0.7403873531183165
2024-08-16 22:19:37,303 - root - INFO - start 13 epoch
2024-08-16 22:19:42,455 - root - INFO - epoch: 13:
2024-08-16 22:19:42,455 - root - INFO - Epoch mean loss: 0.6166246065071651
2024-08-16 22:19:42,455 - root - INFO - train acc: 0.6723604910714285, test acc: 0.7061111111111111
2024-08-16 22:19:42,455 - root - INFO - train ap: 0.7157523878832378, test ap: 0.7436671428381019
2024-08-16 22:19:42,456 - root - INFO - start 14 epoch
2024-08-16 22:19:47,321 - root - INFO - epoch: 14:
2024-08-16 22:19:47,321 - root - INFO - Epoch mean loss: 0.6161388690982547
2024-08-16 22:19:47,321 - root - INFO - train acc: 0.6758314732142857, test acc: 0.7115277777777778
2024-08-16 22:19:47,321 - root - INFO - train ap: 0.7214699807471849, test ap: 0.7454134735618738
2024-08-16 22:19:47,322 - root - INFO - start 15 epoch
2024-08-16 22:19:52,320 - root - INFO - epoch: 15:
2024-08-16 22:19:52,320 - root - INFO - Epoch mean loss: 0.6095473212855202
2024-08-16 22:19:52,320 - root - INFO - train acc: 0.6784207589285715, test acc: 0.7204166666666667
2024-08-16 22:19:52,320 - root - INFO - train ap: 0.7247832987854145, test ap: 0.7507758290685563
2024-08-16 22:19:52,321 - root - INFO - start 16 epoch
2024-08-16 22:19:57,542 - root - INFO - epoch: 16:
2024-08-16 22:19:57,542 - root - INFO - Epoch mean loss: 0.6011118399245399
2024-08-16 22:19:57,542 - root - INFO - train acc: 0.6831194196428572, test acc: 0.7254166666666667
2024-08-16 22:19:57,543 - root - INFO - train ap: 0.7321700527704914, test ap: 0.7570802424286122
2024-08-16 22:19:57,544 - root - INFO - start 17 epoch
2024-08-16 22:20:02,606 - root - INFO - epoch: 17:
2024-08-16 22:20:02,606 - root - INFO - Epoch mean loss: 0.5929637785468783
2024-08-16 22:20:02,606 - root - INFO - train acc: 0.6973939732142858, test acc: 0.7315277777777779
2024-08-16 22:20:02,607 - root - INFO - train ap: 0.7348014610805703, test ap: 0.7670421807179189
2024-08-16 22:20:02,608 - root - INFO - start 18 epoch
2024-08-16 22:20:07,660 - root - INFO - epoch: 18:
2024-08-16 22:20:07,660 - root - INFO - Epoch mean loss: 0.585622040288789
2024-08-16 22:20:07,660 - root - INFO - train acc: 0.7043638392857143, test acc: 0.737638888888889
2024-08-16 22:20:07,661 - root - INFO - train ap: 0.7519379079796645, test ap: 0.7721165558140874
2024-08-16 22:20:07,662 - root - INFO - start 19 epoch
2024-08-16 22:20:12,629 - root - INFO - epoch: 19:
2024-08-16 22:20:12,629 - root - INFO - Epoch mean loss: 0.5762539505958557
2024-08-16 22:20:12,629 - root - INFO - train acc: 0.708627232142857, test acc: 0.7420833333333334
2024-08-16 22:20:12,629 - root - INFO - train ap: 0.7556874575830054, test ap: 0.780656154438608
2024-08-16 22:20:12,630 - root - INFO - start 20 epoch
2024-08-16 22:20:17,706 - root - INFO - epoch: 20:
2024-08-16 22:20:17,706 - root - INFO - Epoch mean loss: 0.5721490319286074
2024-08-16 22:20:17,706 - root - INFO - train acc: 0.7103850446428571, test acc: 0.74875
2024-08-16 22:20:17,706 - root - INFO - train ap: 0.7582757850697964, test ap: 0.7876517844128654
2024-08-16 22:20:17,707 - root - INFO - start 21 epoch
2024-08-16 22:20:22,788 - root - INFO - epoch: 21:
2024-08-16 22:20:22,788 - root - INFO - Epoch mean loss: 0.559505324278559
2024-08-16 22:20:22,788 - root - INFO - train acc: 0.720625, test acc: 0.75375
2024-08-16 22:20:22,788 - root - INFO - train ap: 0.7752088123731387, test ap: 0.7960429644636104
2024-08-16 22:20:22,790 - root - INFO - start 22 epoch
2024-08-16 22:20:27,886 - root - INFO - epoch: 22:
2024-08-16 22:20:27,886 - root - INFO - Epoch mean loss: 0.5547918719904763
2024-08-16 22:20:27,886 - root - INFO - train acc: 0.7238281249999999, test acc: 0.7608333333333334
2024-08-16 22:20:27,886 - root - INFO - train ap: 0.7716574954274636, test ap: 0.8024205166616079
2024-08-16 22:20:27,887 - root - INFO - start 23 epoch
2024-08-16 22:20:32,879 - root - INFO - epoch: 23:
2024-08-16 22:20:32,880 - root - INFO - Epoch mean loss: 0.5449890419840813
2024-08-16 22:20:32,880 - root - INFO - train acc: 0.7325, test acc: 0.7702777777777778
2024-08-16 22:20:32,880 - root - INFO - train ap: 0.7816313948285692, test ap: 0.8087243971842112
2024-08-16 22:20:32,881 - root - INFO - start 24 epoch
2024-08-16 22:20:37,917 - root - INFO - epoch: 24:
2024-08-16 22:20:37,917 - root - INFO - Epoch mean loss: 0.5318504007799285
2024-08-16 22:20:37,917 - root - INFO - train acc: 0.7419698660714286, test acc: 0.7775
2024-08-16 22:20:37,917 - root - INFO - train ap: 0.7920060136745877, test ap: 0.8193880305747634
2024-08-16 22:20:37,918 - root - INFO - start 25 epoch
2024-08-16 22:20:42,965 - root - INFO - epoch: 25:
2024-08-16 22:20:42,966 - root - INFO - Epoch mean loss: 0.5192469081708363
2024-08-16 22:20:42,966 - root - INFO - train acc: 0.7581863839285715, test acc: 0.7880555555555555
2024-08-16 22:20:42,966 - root - INFO - train ap: 0.797731664989997, test ap: 0.8264901508070083
2024-08-16 22:20:42,967 - root - INFO - start 26 epoch
2024-08-16 22:20:47,925 - root - INFO - epoch: 26:
2024-08-16 22:20:47,926 - root - INFO - Epoch mean loss: 0.5088879859873227
2024-08-16 22:20:47,926 - root - INFO - train acc: 0.7583705357142857, test acc: 0.7980555555555555
2024-08-16 22:20:47,926 - root - INFO - train ap: 0.8120907565248459, test ap: 0.8354603403442583
2024-08-16 22:20:47,927 - root - INFO - start 27 epoch
2024-08-16 22:20:52,956 - root - INFO - epoch: 27:
2024-08-16 22:20:52,956 - root - INFO - Epoch mean loss: 0.49599709787539076
2024-08-16 22:20:52,956 - root - INFO - train acc: 0.7672154017857142, test acc: 0.808611111111111
2024-08-16 22:20:52,956 - root - INFO - train ap: 0.8193872200979843, test ap: 0.8477318500188133
2024-08-16 22:20:52,957 - root - INFO - start 28 epoch
2024-08-16 22:20:57,754 - root - INFO - epoch: 28:
2024-08-16 22:20:57,755 - root - INFO - Epoch mean loss: 0.4781744618500982
2024-08-16 22:20:57,755 - root - INFO - train acc: 0.7856696428571429, test acc: 0.8223611111111111
2024-08-16 22:20:57,755 - root - INFO - train ap: 0.8292624287944508, test ap: 0.8568927435262531
2024-08-16 22:20:57,756 - root - INFO - start 29 epoch
2024-08-16 22:21:02,641 - root - INFO - epoch: 29:
2024-08-16 22:21:02,641 - root - INFO - Epoch mean loss: 0.4609521222966058
2024-08-16 22:21:02,641 - root - INFO - train acc: 0.8000948660714285, test acc: 0.8284722222222224
2024-08-16 22:21:02,642 - root - INFO - train ap: 0.836269471543627, test ap: 0.8622163818549903
2024-08-16 22:21:02,643 - root - INFO - start 30 epoch
2024-08-16 22:21:07,719 - root - INFO - epoch: 30:
2024-08-16 22:21:07,719 - root - INFO - Epoch mean loss: 0.4424252520714487
2024-08-16 22:21:07,719 - root - INFO - train acc: 0.8100558035714285, test acc: 0.8456944444444444
2024-08-16 22:21:07,719 - root - INFO - train ap: 0.8518268978840725, test ap: 0.8627990588248369
2024-08-16 22:21:07,720 - root - INFO - start 31 epoch
2024-08-16 22:21:12,652 - root - INFO - epoch: 31:
2024-08-16 22:21:12,652 - root - INFO - Epoch mean loss: 0.4270211841378893
2024-08-16 22:21:12,653 - root - INFO - train acc: 0.8201227678571429, test acc: 0.8579166666666667
2024-08-16 22:21:12,653 - root - INFO - train ap: 0.8529381291381013, test ap: 0.869176759054222
2024-08-16 22:21:12,653 - root - INFO - start 32 epoch
2024-08-16 22:21:17,529 - root - INFO - epoch: 32:
2024-08-16 22:21:17,529 - root - INFO - Epoch mean loss: 0.4088770608816828
2024-08-16 22:21:17,529 - root - INFO - train acc: 0.8240066964285714, test acc: 0.8661111111111112
2024-08-16 22:21:17,529 - root - INFO - train ap: 0.8666100194895241, test ap: 0.8773334068170283
2024-08-16 22:21:17,530 - root - INFO - start 33 epoch
2024-08-16 22:21:22,459 - root - INFO - epoch: 33:
2024-08-16 22:21:22,460 - root - INFO - Epoch mean loss: 0.3947517233235495
2024-08-16 22:21:22,460 - root - INFO - train acc: 0.8369587053571428, test acc: 0.8727777777777777
2024-08-16 22:21:22,460 - root - INFO - train ap: 0.87115681942877, test ap: 0.8875814914406909
2024-08-16 22:21:22,461 - root - INFO - start 34 epoch
2024-08-16 22:21:27,495 - root - INFO - epoch: 34:
2024-08-16 22:21:27,495 - root - INFO - Epoch mean loss: 0.3783667396221842
2024-08-16 22:21:27,495 - root - INFO - train acc: 0.8469977678571429, test acc: 0.8755555555555555
2024-08-16 22:21:27,495 - root - INFO - train ap: 0.877720450181794, test ap: 0.8976936358642763
2024-08-16 22:21:27,496 - root - INFO - start 35 epoch
2024-08-16 22:21:32,311 - root - INFO - epoch: 35:
2024-08-16 22:21:32,311 - root - INFO - Epoch mean loss: 0.3645531673516546
2024-08-16 22:21:32,312 - root - INFO - train acc: 0.8557477678571429, test acc: 0.8816666666666666
2024-08-16 22:21:32,312 - root - INFO - train ap: 0.8900873058250749, test ap: 0.9100215576563465
2024-08-16 22:21:32,313 - root - INFO - start 36 epoch
2024-08-16 22:21:37,319 - root - INFO - epoch: 36:
2024-08-16 22:21:37,320 - root - INFO - Epoch mean loss: 0.35210742162806646
2024-08-16 22:21:37,320 - root - INFO - train acc: 0.8598158482142857, test acc: 0.8827777777777779
2024-08-16 22:21:37,320 - root - INFO - train ap: 0.8938415023435569, test ap: 0.917995864721173
2024-08-16 22:21:37,321 - root - INFO - start 37 epoch
2024-08-16 22:21:42,247 - root - INFO - epoch: 37:
2024-08-16 22:21:42,247 - root - INFO - Epoch mean loss: 0.34211965118135723
2024-08-16 22:21:42,247 - root - INFO - train acc: 0.8641573660714286, test acc: 0.8861111111111113
2024-08-16 22:21:42,247 - root - INFO - train ap: 0.8941735430854562, test ap: 0.9255623794917935
2024-08-16 22:21:42,248 - root - INFO - start 38 epoch
2024-08-16 22:21:47,185 - root - INFO - epoch: 38:
2024-08-16 22:21:47,185 - root - INFO - Epoch mean loss: 0.33055820635386873
2024-08-16 22:21:47,186 - root - INFO - train acc: 0.8706975446428571, test acc: 0.887777777777778
2024-08-16 22:21:47,186 - root - INFO - train ap: 0.9036832155910142, test ap: 0.9297362458254345
2024-08-16 22:21:47,187 - root - INFO - start 39 epoch
2024-08-16 22:21:52,382 - root - INFO - epoch: 39:
2024-08-16 22:21:52,382 - root - INFO - Epoch mean loss: 0.31682111961500986
2024-08-16 22:21:52,382 - root - INFO - train acc: 0.8765513392857143, test acc: 0.8900000000000001
2024-08-16 22:21:52,382 - root - INFO - train ap: 0.8998643709688637, test ap: 0.9325839590708013
2024-08-16 22:21:52,383 - root - INFO - start 40 epoch
2024-08-16 22:21:57,259 - root - INFO - epoch: 40:
2024-08-16 22:21:57,260 - root - INFO - Epoch mean loss: 0.3076028009610517
2024-08-16 22:21:57,260 - root - INFO - train acc: 0.8812555803571429, test acc: 0.892777777777778
2024-08-16 22:21:57,260 - root - INFO - train ap: 0.9035823154514286, test ap: 0.9337799459809888
2024-08-16 22:21:57,261 - root - INFO - start 41 epoch
2024-08-16 22:22:02,108 - root - INFO - epoch: 41:
2024-08-16 22:22:02,108 - root - INFO - Epoch mean loss: 0.300995620233672
2024-08-16 22:22:02,108 - root - INFO - train acc: 0.8820145089285714, test acc: 0.8955555555555557
2024-08-16 22:22:02,108 - root - INFO - train ap: 0.907120837301833, test ap: 0.9349104833452636
2024-08-16 22:22:02,109 - root - INFO - start 42 epoch
2024-08-16 22:22:06,993 - root - INFO - epoch: 42:
2024-08-16 22:22:06,993 - root - INFO - Epoch mean loss: 0.29411981414471355
2024-08-16 22:22:06,993 - root - INFO - train acc: 0.8870312499999999, test acc: 0.8972222222222224
2024-08-16 22:22:06,993 - root - INFO - train ap: 0.9054439485110427, test ap: 0.9375095408630342
2024-08-16 22:22:06,994 - root - INFO - start 43 epoch
2024-08-16 22:22:11,822 - root - INFO - epoch: 43:
2024-08-16 22:22:11,822 - root - INFO - Epoch mean loss: 0.283273061471326
2024-08-16 22:22:11,822 - root - INFO - train acc: 0.8926116071428571, test acc: 0.8972222222222223
2024-08-16 22:22:11,822 - root - INFO - train ap: 0.9043721585078895, test ap: 0.9388615621208898
2024-08-16 22:22:11,823 - root - INFO - start 44 epoch
2024-08-16 22:22:16,762 - root - INFO - epoch: 44:
2024-08-16 22:22:16,762 - root - INFO - Epoch mean loss: 0.27882144706589834
2024-08-16 22:22:16,762 - root - INFO - train acc: 0.8954241071428571, test acc: 0.8983333333333333
2024-08-16 22:22:16,762 - root - INFO - train ap: 0.9094079452228699, test ap: 0.9405912233423188
2024-08-16 22:22:16,764 - root - INFO - start 45 epoch
2024-08-16 22:22:21,768 - root - INFO - epoch: 45:
2024-08-16 22:22:21,768 - root - INFO - Epoch mean loss: 0.2745534916009222
2024-08-16 22:22:21,768 - root - INFO - train acc: 0.8979966517857143, test acc: 0.9016666666666667
2024-08-16 22:22:21,768 - root - INFO - train ap: 0.9092016334913321, test ap: 0.9411099026099093
2024-08-16 22:22:21,769 - root - INFO - start 46 epoch
2024-08-16 22:22:26,767 - root - INFO - epoch: 46:
2024-08-16 22:22:26,767 - root - INFO - Epoch mean loss: 0.2715423735124724
2024-08-16 22:22:26,767 - root - INFO - train acc: 0.8978515625, test acc: 0.9049999999999999
2024-08-16 22:22:26,767 - root - INFO - train ap: 0.9105173616509522, test ap: 0.9432985328232828
2024-08-16 22:22:26,769 - root - INFO - start 47 epoch
2024-08-16 22:22:31,760 - root - INFO - epoch: 47:
2024-08-16 22:22:31,760 - root - INFO - Epoch mean loss: 0.26459356769919395
2024-08-16 22:22:31,760 - root - INFO - train acc: 0.9001674107142856, test acc: 0.9066666666666666
2024-08-16 22:22:31,760 - root - INFO - train ap: 0.9151174394418777, test ap: 0.9442542408202375
2024-08-16 22:22:31,761 - root - INFO - start 48 epoch
2024-08-16 22:22:36,718 - root - INFO - epoch: 48:
2024-08-16 22:22:36,719 - root - INFO - Epoch mean loss: 0.2590165420302323
2024-08-16 22:22:36,719 - root - INFO - train acc: 0.9040736607142856, test acc: 0.9094444444444445
2024-08-16 22:22:36,719 - root - INFO - train ap: 0.9166711007734083, test ap: 0.9459500942431102
2024-08-16 22:22:36,720 - root - INFO - start 49 epoch
2024-08-16 22:22:41,743 - root - INFO - epoch: 49:
2024-08-16 22:22:41,743 - root - INFO - Epoch mean loss: 0.255439391625779
2024-08-16 22:22:41,743 - root - INFO - train acc: 0.9063616071428572, test acc: 0.9105555555555557
2024-08-16 22:22:41,744 - root - INFO - train ap: 0.9188664810785033, test ap: 0.9481628426210226
2024-08-16 22:22:41,744 - root - INFO - start 50 epoch
2024-08-16 22:22:46,551 - root - INFO - epoch: 50:
2024-08-16 22:22:46,551 - root - INFO - Epoch mean loss: 0.25055028178862165
2024-08-16 22:22:46,551 - root - INFO - train acc: 0.9078180803571428, test acc: 0.9122222222222223
2024-08-16 22:22:46,551 - root - INFO - train ap: 0.9201909590165308, test ap: 0.9479569292492536
2024-08-16 22:22:46,552 - root - INFO - start 51 epoch
2024-08-16 22:22:51,512 - root - INFO - epoch: 51:
2024-08-16 22:22:51,512 - root - INFO - Epoch mean loss: 0.24445168673992157
2024-08-16 22:22:51,512 - root - INFO - train acc: 0.9082756696428572, test acc: 0.9127777777777778
2024-08-16 22:22:51,512 - root - INFO - train ap: 0.9246796309335389, test ap: 0.9480749842811197
2024-08-16 22:22:51,513 - root - INFO - start 52 epoch
2024-08-16 22:22:56,438 - root - INFO - epoch: 52:
2024-08-16 22:22:56,438 - root - INFO - Epoch mean loss: 0.24755460236753737
2024-08-16 22:22:56,438 - root - INFO - train acc: 0.9087555803571429, test acc: 0.913888888888889
2024-08-16 22:22:56,438 - root - INFO - train ap: 0.9153993393002546, test ap: 0.9487812695572596
2024-08-16 22:22:56,440 - root - INFO - start 53 epoch
2024-08-16 22:23:01,318 - root - INFO - epoch: 53:
2024-08-16 22:23:01,318 - root - INFO - Epoch mean loss: 0.2446075076503413
2024-08-16 22:23:01,319 - root - INFO - train acc: 0.9082756696428572, test acc: 0.9144444444444445
2024-08-16 22:23:01,319 - root - INFO - train ap: 0.9224206714160139, test ap: 0.9502863789920702
2024-08-16 22:23:01,320 - root - INFO - start 54 epoch
2024-08-16 22:23:06,250 - root - INFO - epoch: 54:
2024-08-16 22:23:06,250 - root - INFO - Epoch mean loss: 0.23786702964987075
2024-08-16 22:23:06,251 - root - INFO - train acc: 0.9127399553571429, test acc: 0.9155555555555556
2024-08-16 22:23:06,251 - root - INFO - train ap: 0.9290456791880505, test ap: 0.9492183882992157
2024-08-16 22:23:06,252 - root - INFO - start 55 epoch
2024-08-16 22:23:11,117 - root - INFO - epoch: 55:
2024-08-16 22:23:11,117 - root - INFO - Epoch mean loss: 0.23693886612142837
2024-08-16 22:23:11,117 - root - INFO - train acc: 0.9122209821428572, test acc: 0.9155555555555556
2024-08-16 22:23:11,117 - root - INFO - train ap: 0.9265928620373881, test ap: 0.9507264210766397
2024-08-16 22:23:11,118 - root - INFO - start 56 epoch
2024-08-16 22:23:16,077 - root - INFO - epoch: 56:
2024-08-16 22:23:16,077 - root - INFO - Epoch mean loss: 0.2293044397873538
2024-08-16 22:23:16,077 - root - INFO - train acc: 0.9162834821428572, test acc: 0.9161111111111111
2024-08-16 22:23:16,077 - root - INFO - train ap: 0.9273584188387929, test ap: 0.9497068460947268
2024-08-16 22:23:16,078 - root - INFO - start 57 epoch
2024-08-16 22:23:21,031 - root - INFO - epoch: 57:
2024-08-16 22:23:21,031 - root - INFO - Epoch mean loss: 0.22944224306515285
2024-08-16 22:23:21,031 - root - INFO - train acc: 0.9178013392857143, test acc: 0.9161111111111111
2024-08-16 22:23:21,031 - root - INFO - train ap: 0.926888615238214, test ap: 0.9515500031597185
2024-08-16 22:23:21,033 - root - INFO - start 58 epoch
2024-08-16 22:23:25,982 - root - INFO - epoch: 58:
2024-08-16 22:23:25,982 - root - INFO - Epoch mean loss: 0.22864683611052378
2024-08-16 22:23:25,982 - root - INFO - train acc: 0.9157254464285715, test acc: 0.9183333333333333
2024-08-16 22:23:25,982 - root - INFO - train ap: 0.9266736043160124, test ap: 0.9495297945958217
2024-08-16 22:23:25,984 - root - INFO - start 59 epoch
2024-08-16 22:23:30,828 - root - INFO - epoch: 59:
2024-08-16 22:23:30,828 - root - INFO - Epoch mean loss: 0.22955935980592454
2024-08-16 22:23:30,828 - root - INFO - train acc: 0.915625, test acc: 0.9194444444444445
2024-08-16 22:23:30,829 - root - INFO - train ap: 0.9287395455459507, test ap: 0.9505519665355139
2024-08-16 22:23:30,829 - root - INFO - start 60 epoch
2024-08-16 22:23:35,659 - root - INFO - epoch: 60:
2024-08-16 22:23:35,659 - root - INFO - Epoch mean loss: 0.2228985301085881
2024-08-16 22:23:35,659 - root - INFO - train acc: 0.9211272321428572, test acc: 0.9183333333333333
2024-08-16 22:23:35,659 - root - INFO - train ap: 0.9333763121189422, test ap: 0.9511391266565784
2024-08-16 22:23:35,660 - root - INFO - start 61 epoch
2024-08-16 22:23:40,641 - root - INFO - epoch: 61:
2024-08-16 22:23:40,641 - root - INFO - Epoch mean loss: 0.22016371999468123
2024-08-16 22:23:40,641 - root - INFO - train acc: 0.9220424107142857, test acc: 0.92
2024-08-16 22:23:40,641 - root - INFO - train ap: 0.9299819815838072, test ap: 0.9510836162562613
2024-08-16 22:23:40,642 - root - INFO - start 62 epoch
2024-08-16 22:23:45,591 - root - INFO - epoch: 62:
2024-08-16 22:23:45,591 - root - INFO - Epoch mean loss: 0.22291483038238116
2024-08-16 22:23:45,591 - root - INFO - train acc: 0.9187165178571428, test acc: 0.92
2024-08-16 22:23:45,591 - root - INFO - train ap: 0.9321939523593068, test ap: 0.9524295730845821
2024-08-16 22:23:45,592 - root - INFO - start 63 epoch
2024-08-16 22:23:50,625 - root - INFO - epoch: 63:
2024-08-16 22:23:50,625 - root - INFO - Epoch mean loss: 0.21712316146918706
2024-08-16 22:23:50,625 - root - INFO - train acc: 0.9224441964285715, test acc: 0.9227777777777779
2024-08-16 22:23:50,625 - root - INFO - train ap: 0.9293495900832364, test ap: 0.9512910357042269
2024-08-16 22:23:50,627 - root - INFO - start 64 epoch
2024-08-16 22:23:55,376 - root - INFO - epoch: 64:
2024-08-16 22:23:55,376 - root - INFO - Epoch mean loss: 0.21907939708658627
2024-08-16 22:23:55,377 - root - INFO - train acc: 0.9219252232142857, test acc: 0.9227777777777779
2024-08-16 22:23:55,377 - root - INFO - train ap: 0.9287401895923584, test ap: 0.9521318583376737
2024-08-16 22:23:55,378 - root - INFO - start 65 epoch
2024-08-16 22:24:00,723 - root - INFO - epoch: 65:
2024-08-16 22:24:00,723 - root - INFO - Epoch mean loss: 0.21869554370641708
2024-08-16 22:24:00,723 - root - INFO - train acc: 0.9217857142857142, test acc: 0.9244444444444446
2024-08-16 22:24:00,723 - root - INFO - train ap: 0.931440246142569, test ap: 0.9519497612466536
2024-08-16 22:24:00,725 - root - INFO - start 66 epoch
2024-08-16 22:24:05,713 - root - INFO - epoch: 66:
2024-08-16 22:24:05,713 - root - INFO - Epoch mean loss: 0.21541845479181834
2024-08-16 22:24:05,713 - root - INFO - train acc: 0.9237779017857143, test acc: 0.9227777777777779
2024-08-16 22:24:05,713 - root - INFO - train ap: 0.9323184988287176, test ap: 0.9537411801740786
2024-08-16 22:24:05,714 - root - INFO - start 67 epoch
2024-08-16 22:24:10,647 - root - INFO - epoch: 67:
2024-08-16 22:24:10,647 - root - INFO - Epoch mean loss: 0.2151795524571623
2024-08-16 22:24:10,647 - root - INFO - train acc: 0.9230412946428571, test acc: 0.9238888888888891
2024-08-16 22:24:10,647 - root - INFO - train ap: 0.9308096826427643, test ap: 0.9539195249774234
2024-08-16 22:24:10,649 - root - INFO - start 68 epoch
2024-08-16 22:24:15,567 - root - INFO - epoch: 68:
2024-08-16 22:24:15,567 - root - INFO - Epoch mean loss: 0.2137909888156823
2024-08-16 22:24:15,567 - root - INFO - train acc: 0.9232198660714286, test acc: 0.9233333333333335
2024-08-16 22:24:15,567 - root - INFO - train ap: 0.9320570323693668, test ap: 0.9542169733769604
2024-08-16 22:24:15,568 - root - INFO - start 69 epoch
2024-08-16 22:24:20,424 - root - INFO - epoch: 69:
2024-08-16 22:24:20,424 - root - INFO - Epoch mean loss: 0.2121392781180995
2024-08-16 22:24:20,424 - root - INFO - train acc: 0.9234988839285715, test acc: 0.9244444444444446
2024-08-16 22:24:20,424 - root - INFO - train ap: 0.9341166467336321, test ap: 0.9542020228595944
2024-08-16 22:24:20,425 - root - INFO - start 70 epoch
2024-08-16 22:24:25,369 - root - INFO - epoch: 70:
2024-08-16 22:24:25,369 - root - INFO - Epoch mean loss: 0.21148450991937093
2024-08-16 22:24:25,369 - root - INFO - train acc: 0.9263671875, test acc: 0.9250000000000002
2024-08-16 22:24:25,369 - root - INFO - train ap: 0.9352247863544146, test ap: 0.95482996313827
2024-08-16 22:24:25,370 - root - INFO - start 71 epoch
2024-08-16 22:24:30,249 - root - INFO - epoch: 71:
2024-08-16 22:24:30,249 - root - INFO - Epoch mean loss: 0.21095416375568934
2024-08-16 22:24:30,249 - root - INFO - train acc: 0.9229017857142857, test acc: 0.9266666666666669
2024-08-16 22:24:30,249 - root - INFO - train ap: 0.9354285680378711, test ap: 0.9546890594044519
2024-08-16 22:24:30,251 - root - INFO - start 72 epoch
2024-08-16 22:24:35,250 - root - INFO - epoch: 72:
2024-08-16 22:24:35,250 - root - INFO - Epoch mean loss: 0.20901559559362276
2024-08-16 22:24:35,250 - root - INFO - train acc: 0.9250725446428572, test acc: 0.9272222222222222
2024-08-16 22:24:35,250 - root - INFO - train ap: 0.9361431814522488, test ap: 0.9549640484605849
2024-08-16 22:24:35,251 - root - INFO - start 73 epoch
2024-08-16 22:24:40,415 - root - INFO - epoch: 73:
2024-08-16 22:24:40,415 - root - INFO - Epoch mean loss: 0.20915320834943227
2024-08-16 22:24:40,415 - root - INFO - train acc: 0.9286383928571428, test acc: 0.9272222222222222
2024-08-16 22:24:40,415 - root - INFO - train ap: 0.9339353326235535, test ap: 0.955585418972408
2024-08-16 22:24:40,416 - root - INFO - start 74 epoch
2024-08-16 22:24:45,367 - root - INFO - epoch: 74:
2024-08-16 22:24:45,367 - root - INFO - Epoch mean loss: 0.20844588481954165
2024-08-16 22:24:45,368 - root - INFO - train acc: 0.9260100446428572, test acc: 0.9272222222222222
2024-08-16 22:24:45,368 - root - INFO - train ap: 0.9329163242400673, test ap: 0.9554503820516568
2024-08-16 22:24:45,369 - root - INFO - start 75 epoch
2024-08-16 22:24:50,318 - root - INFO - epoch: 75:
2024-08-16 22:24:50,318 - root - INFO - Epoch mean loss: 0.2084571910755975
2024-08-16 22:24:50,318 - root - INFO - train acc: 0.9248939732142858, test acc: 0.9272222222222222
2024-08-16 22:24:50,318 - root - INFO - train ap: 0.9352301256693485, test ap: 0.9559284098792605
2024-08-16 22:24:50,320 - root - INFO - start 76 epoch
2024-08-16 22:24:55,189 - root - INFO - epoch: 76:
2024-08-16 22:24:55,189 - root - INFO - Epoch mean loss: 0.20560106901185854
2024-08-16 22:24:55,189 - root - INFO - train acc: 0.9277622767857142, test acc: 0.9283333333333333
2024-08-16 22:24:55,189 - root - INFO - train ap: 0.9392924947531279, test ap: 0.9563850761359753
2024-08-16 22:24:55,190 - root - INFO - start 77 epoch
2024-08-16 22:24:59,992 - root - INFO - epoch: 77:
2024-08-16 22:24:59,992 - root - INFO - Epoch mean loss: 0.20315221271344594
2024-08-16 22:24:59,992 - root - INFO - train acc: 0.9274832589285714, test acc: 0.9283333333333333
2024-08-16 22:24:59,992 - root - INFO - train ap: 0.9419963243366382, test ap: 0.9570190457095734
2024-08-16 22:24:59,994 - root - INFO - start 78 epoch
2024-08-16 22:25:04,863 - root - INFO - epoch: 78:
2024-08-16 22:25:04,863 - root - INFO - Epoch mean loss: 0.20537400831069266
2024-08-16 22:25:04,863 - root - INFO - train acc: 0.9289397321428572, test acc: 0.9272222222222223
2024-08-16 22:25:04,863 - root - INFO - train ap: 0.9351683354219107, test ap: 0.9572252238536539
2024-08-16 22:25:04,864 - root - INFO - start 79 epoch
2024-08-16 22:25:09,772 - root - INFO - epoch: 79:
2024-08-16 22:25:09,772 - root - INFO - Epoch mean loss: 0.20389158704451152
2024-08-16 22:25:09,772 - root - INFO - train acc: 0.9282812500000001, test acc: 0.9283333333333335
2024-08-16 22:25:09,772 - root - INFO - train ap: 0.9381181910276496, test ap: 0.9577092477662494
2024-08-16 22:25:09,773 - root - INFO - start 80 epoch
2024-08-16 22:25:14,616 - root - INFO - epoch: 80:
2024-08-16 22:25:14,616 - root - INFO - Epoch mean loss: 0.20366489727582252
2024-08-16 22:25:14,616 - root - INFO - train acc: 0.9289787946428572, test acc: 0.9277777777777778
2024-08-16 22:25:14,616 - root - INFO - train ap: 0.9358167229358364, test ap: 0.9576505621451704
2024-08-16 22:25:14,617 - root - INFO - start 81 epoch
2024-08-16 22:25:19,638 - root - INFO - epoch: 81:
2024-08-16 22:25:19,638 - root - INFO - Epoch mean loss: 0.20312305220535823
2024-08-16 22:25:19,638 - root - INFO - train acc: 0.9289174107142857, test acc: 0.928888888888889
2024-08-16 22:25:19,638 - root - INFO - train ap: 0.9376976541818831, test ap: 0.9578411013238048
2024-08-16 22:25:19,639 - root - INFO - start 82 epoch
2024-08-16 22:25:24,704 - root - INFO - epoch: 82:
2024-08-16 22:25:24,704 - root - INFO - Epoch mean loss: 0.20635089810405458
2024-08-16 22:25:24,704 - root - INFO - train acc: 0.9274218750000001, test acc: 0.9283333333333335
2024-08-16 22:25:24,704 - root - INFO - train ap: 0.9316501289429432, test ap: 0.9580267358630422
2024-08-16 22:25:24,705 - root - INFO - start 83 epoch
2024-08-16 22:25:29,648 - root - INFO - epoch: 83:
2024-08-16 22:25:29,648 - root - INFO - Epoch mean loss: 0.20381792794380868
2024-08-16 22:25:29,648 - root - INFO - train acc: 0.9253515625000001, test acc: 0.9283333333333333
2024-08-16 22:25:29,648 - root - INFO - train ap: 0.9374520208373385, test ap: 0.9578191597772265
2024-08-16 22:25:29,649 - root - INFO - start 84 epoch
2024-08-16 22:25:34,556 - root - INFO - epoch: 84:
2024-08-16 22:25:34,556 - root - INFO - Epoch mean loss: 0.20405023970774241
2024-08-16 22:25:34,556 - root - INFO - train acc: 0.9280803571428571, test acc: 0.9288888888888889
2024-08-16 22:25:34,556 - root - INFO - train ap: 0.9372400748825218, test ap: 0.9573511537067146
2024-08-16 22:25:34,558 - root - INFO - start 85 epoch
2024-08-16 22:25:39,484 - root - INFO - epoch: 85:
2024-08-16 22:25:39,484 - root - INFO - Epoch mean loss: 0.19894579638327872
2024-08-16 22:25:39,484 - root - INFO - train acc: 0.9290792410714286, test acc: 0.9288888888888889
2024-08-16 22:25:39,484 - root - INFO - train ap: 0.9429085882080377, test ap: 0.9579270457633758
2024-08-16 22:25:39,485 - root - INFO - start 86 epoch
2024-08-16 22:25:44,306 - root - INFO - epoch: 86:
2024-08-16 22:25:44,306 - root - INFO - Epoch mean loss: 0.1992647254041263
2024-08-16 22:25:44,306 - root - INFO - train acc: 0.9311495535714285, test acc: 0.9294444444444445
2024-08-16 22:25:44,306 - root - INFO - train ap: 0.9388559810276073, test ap: 0.9582228239165619
2024-08-16 22:25:44,307 - root - INFO - start 87 epoch
2024-08-16 22:25:49,268 - root - INFO - epoch: 87:
2024-08-16 22:25:49,268 - root - INFO - Epoch mean loss: 0.1999934640313898
2024-08-16 22:25:49,268 - root - INFO - train acc: 0.9306305803571429, test acc: 0.9283333333333333
2024-08-16 22:25:49,268 - root - INFO - train ap: 0.9375185706295422, test ap: 0.9586066561337273
2024-08-16 22:25:49,270 - root - INFO - start 88 epoch
2024-08-16 22:25:54,295 - root - INFO - epoch: 88:
2024-08-16 22:25:54,296 - root - INFO - Epoch mean loss: 0.1956455555877515
2024-08-16 22:25:54,296 - root - INFO - train acc: 0.9324051339285714, test acc: 0.9283333333333333
2024-08-16 22:25:54,296 - root - INFO - train ap: 0.9385931799295104, test ap: 0.9588034229086192
2024-08-16 22:25:54,297 - root - INFO - start 89 epoch
2024-08-16 22:25:59,146 - root - INFO - epoch: 89:
2024-08-16 22:25:59,146 - root - INFO - Epoch mean loss: 0.1990680391235011
2024-08-16 22:25:59,146 - root - INFO - train acc: 0.9305915178571428, test acc: 0.9283333333333333
2024-08-16 22:25:59,146 - root - INFO - train ap: 0.9415983692278248, test ap: 0.9588124531266915
2024-08-16 22:25:59,147 - root - INFO - start 90 epoch
2024-08-16 22:26:04,094 - root - INFO - epoch: 90:
2024-08-16 22:26:04,094 - root - INFO - Epoch mean loss: 0.1961353538291795
2024-08-16 22:26:04,095 - root - INFO - train acc: 0.9340011160714285, test acc: 0.9283333333333333
2024-08-16 22:26:04,095 - root - INFO - train ap: 0.9401544116747113, test ap: 0.9588601391008481
2024-08-16 22:26:04,096 - root - INFO - start 91 epoch
2024-08-16 22:26:09,214 - root - INFO - epoch: 91:
2024-08-16 22:26:09,214 - root - INFO - Epoch mean loss: 0.19919343026621
2024-08-16 22:26:09,214 - root - INFO - train acc: 0.9314899553571429, test acc: 0.9277777777777778
2024-08-16 22:26:09,215 - root - INFO - train ap: 0.9364198326825378, test ap: 0.9594230530027424
2024-08-16 22:26:09,216 - root - INFO - start 92 epoch
2024-08-16 22:26:14,221 - root - INFO - epoch: 92:
2024-08-16 22:26:14,221 - root - INFO - Epoch mean loss: 0.19805379903742246
2024-08-16 22:26:14,222 - root - INFO - train acc: 0.9313281250000001, test acc: 0.9277777777777778
2024-08-16 22:26:14,222 - root - INFO - train ap: 0.938638249241717, test ap: 0.9594899026626057
2024-08-16 22:26:14,223 - root - INFO - start 93 epoch
2024-08-16 22:26:19,041 - root - INFO - epoch: 93:
2024-08-16 22:26:19,041 - root - INFO - Epoch mean loss: 0.19611818503056253
2024-08-16 22:26:19,042 - root - INFO - train acc: 0.9325055803571428, test acc: 0.9283333333333333
2024-08-16 22:26:19,042 - root - INFO - train ap: 0.9409982519017651, test ap: 0.9595516538006829
2024-08-16 22:26:19,043 - root - INFO - start 94 epoch
2024-08-16 22:26:24,006 - root - INFO - epoch: 94:
2024-08-16 22:26:24,006 - root - INFO - Epoch mean loss: 0.19601526324238097
2024-08-16 22:26:24,006 - root - INFO - train acc: 0.9310881696428571, test acc: 0.9283333333333333
2024-08-16 22:26:24,007 - root - INFO - train ap: 0.9399018020151535, test ap: 0.9595694266212238
2024-08-16 22:26:24,008 - root - INFO - start 95 epoch
2024-08-16 22:26:28,793 - root - INFO - epoch: 95:
2024-08-16 22:26:28,793 - root - INFO - Epoch mean loss: 0.19686950317450932
2024-08-16 22:26:28,793 - root - INFO - train acc: 0.9325446428571428, test acc: 0.9288888888888889
2024-08-16 22:26:28,793 - root - INFO - train ap: 0.9415524238208415, test ap: 0.9580258234249596
2024-08-16 22:26:28,801 - root - INFO - start 96 epoch
2024-08-16 22:26:33,764 - root - INFO - epoch: 96:
2024-08-16 22:26:33,764 - root - INFO - Epoch mean loss: 0.19595995758261
2024-08-16 22:26:33,765 - root - INFO - train acc: 0.9344977678571428, test acc: 0.9288888888888889
2024-08-16 22:26:33,765 - root - INFO - train ap: 0.9410521300114659, test ap: 0.9582260257281031
2024-08-16 22:26:33,766 - root - INFO - start 97 epoch
2024-08-16 22:26:38,741 - root - INFO - epoch: 97:
2024-08-16 22:26:38,741 - root - INFO - Epoch mean loss: 0.1939840167760849
2024-08-16 22:26:38,741 - root - INFO - train acc: 0.9332812500000001, test acc: 0.9288888888888889
2024-08-16 22:26:38,741 - root - INFO - train ap: 0.9405517599435431, test ap: 0.9583442346926005
2024-08-16 22:26:38,742 - root - INFO - start 98 epoch
2024-08-16 22:26:43,632 - root - INFO - epoch: 98:
2024-08-16 22:26:43,632 - root - INFO - Epoch mean loss: 0.19437422763024056
2024-08-16 22:26:43,632 - root - INFO - train acc: 0.9340178571428571, test acc: 0.9283333333333333
2024-08-16 22:26:43,632 - root - INFO - train ap: 0.9409481851085227, test ap: 0.9581370405709326
2024-08-16 22:26:43,633 - root - INFO - start 99 epoch
2024-08-16 22:26:48,640 - root - INFO - epoch: 99:
2024-08-16 22:26:48,640 - root - INFO - Epoch mean loss: 0.1952992853309427
2024-08-16 22:26:48,640 - root - INFO - train acc: 0.9318861607142858, test acc: 0.9283333333333333
2024-08-16 22:26:48,640 - root - INFO - train ap: 0.9405330950205151, test ap: 0.958026560772953
2024-08-16 22:26:48,641 - root - INFO - Saving TGAN model
2024-08-16 22:26:48,642 - root - INFO - TGAN models saved
