2024-08-10 12:20:01,461 - root - INFO - Namespace(data='simulate_v1', bs=256, prefix='simulate_v1', n_degree=10, n_head=2, n_epoch=100, n_layer=2, lr=0.0001, drop_out=0.1, gpu=1, node_dim=100, time_dim=100, agg_method='attn', attn_mode='prod', time='time', uniform=False)
2024-08-10 12:20:01,518 - module - INFO - Aggregation uses attention model
2024-08-10 12:20:01,519 - module - INFO - Using scaled prod attention
2024-08-10 12:20:01,519 - module - INFO - Using scaled prod attention
2024-08-10 12:20:01,519 - module - INFO - Using time encoding
2024-08-10 12:20:01,889 - root - INFO - num of training instances: 7113
2024-08-10 12:20:01,889 - root - INFO - num of batches per epoch: 28
2024-08-10 12:20:01,889 - root - INFO - start 0 epoch
2024-08-10 12:20:06,393 - root - INFO - epoch: 0:
2024-08-10 12:20:06,393 - root - INFO - Epoch mean loss: 0.7057442111628396
2024-08-10 12:20:06,393 - root - INFO - train acc: 0.4999386160714286, test acc: 0.4990277777777778
2024-08-10 12:20:06,393 - root - INFO - train ap: 0.687093249944743, test ap: 0.7221206555996813
2024-08-10 12:20:06,394 - root - INFO - start 1 epoch
2024-08-10 12:20:10,823 - root - INFO - epoch: 1:
2024-08-10 12:20:10,823 - root - INFO - Epoch mean loss: 0.6809132929359164
2024-08-10 12:20:10,823 - root - INFO - train acc: 0.5003571428571428, test acc: 0.4990277777777778
2024-08-10 12:20:10,823 - root - INFO - train ap: 0.6829102985931771, test ap: 0.7132058376478739
2024-08-10 12:20:10,824 - root - INFO - start 2 epoch
2024-08-10 12:20:15,277 - root - INFO - epoch: 2:
2024-08-10 12:20:15,278 - root - INFO - Epoch mean loss: 0.6743246231760297
2024-08-10 12:20:15,278 - root - INFO - train acc: 0.5119921875, test acc: 0.5094444444444445
2024-08-10 12:20:15,278 - root - INFO - train ap: 0.6848263650360282, test ap: 0.713585802449334
2024-08-10 12:20:15,279 - root - INFO - start 3 epoch
2024-08-10 12:20:19,686 - root - INFO - epoch: 3:
2024-08-10 12:20:19,686 - root - INFO - Epoch mean loss: 0.6716007867029735
2024-08-10 12:20:19,687 - root - INFO - train acc: 0.5452678571428572, test acc: 0.5825
2024-08-10 12:20:19,687 - root - INFO - train ap: 0.6863872183843458, test ap: 0.7149411845292555
2024-08-10 12:20:19,688 - root - INFO - start 4 epoch
2024-08-10 12:20:24,134 - root - INFO - epoch: 4:
2024-08-10 12:20:24,134 - root - INFO - Epoch mean loss: 0.667195337159293
2024-08-10 12:20:24,134 - root - INFO - train acc: 0.5756361607142857, test acc: 0.6363888888888888
2024-08-10 12:20:24,134 - root - INFO - train ap: 0.6972618368916507, test ap: 0.7178918320525726
2024-08-10 12:20:24,135 - root - INFO - start 5 epoch
2024-08-10 12:20:28,590 - root - INFO - epoch: 5:
2024-08-10 12:20:28,590 - root - INFO - Epoch mean loss: 0.6642285904714039
2024-08-10 12:20:28,590 - root - INFO - train acc: 0.5942243303571428, test acc: 0.6530555555555556
2024-08-10 12:20:28,590 - root - INFO - train ap: 0.7018644777778356, test ap: 0.7188968073288258
2024-08-10 12:20:28,591 - root - INFO - start 6 epoch
2024-08-10 12:20:33,078 - root - INFO - epoch: 6:
2024-08-10 12:20:33,078 - root - INFO - Epoch mean loss: 0.6611261410372598
2024-08-10 12:20:33,078 - root - INFO - train acc: 0.6139508928571429, test acc: 0.6575000000000001
2024-08-10 12:20:33,078 - root - INFO - train ap: 0.7047571136126776, test ap: 0.7200559494972151
2024-08-10 12:20:33,079 - root - INFO - start 7 epoch
2024-08-10 12:20:37,626 - root - INFO - epoch: 7:
2024-08-10 12:20:37,626 - root - INFO - Epoch mean loss: 0.6573352707283837
2024-08-10 12:20:37,626 - root - INFO - train acc: 0.6263058035714285, test acc: 0.6663888888888889
2024-08-10 12:20:37,626 - root - INFO - train ap: 0.7124285295284203, test ap: 0.7219511185623425
2024-08-10 12:20:37,627 - root - INFO - start 8 epoch
2024-08-10 12:20:42,090 - root - INFO - epoch: 8:
2024-08-10 12:20:42,090 - root - INFO - Epoch mean loss: 0.6510341252599444
2024-08-10 12:20:42,090 - root - INFO - train acc: 0.6429910714285715, test acc: 0.6724999999999999
2024-08-10 12:20:42,090 - root - INFO - train ap: 0.7223754411556602, test ap: 0.7230169265391488
2024-08-10 12:20:42,091 - root - INFO - start 9 epoch
2024-08-10 12:20:46,526 - root - INFO - epoch: 9:
2024-08-10 12:20:46,527 - root - INFO - Epoch mean loss: 0.6514460423163005
2024-08-10 12:20:46,527 - root - INFO - train acc: 0.6446986607142857, test acc: 0.6781944444444444
2024-08-10 12:20:46,527 - root - INFO - train ap: 0.713836304818072, test ap: 0.7250858980390079
2024-08-10 12:20:46,528 - root - INFO - start 10 epoch
2024-08-10 12:20:51,071 - root - INFO - epoch: 10:
2024-08-10 12:20:51,071 - root - INFO - Epoch mean loss: 0.6474890176739011
2024-08-10 12:20:51,071 - root - INFO - train acc: 0.6553627232142858, test acc: 0.6827777777777777
2024-08-10 12:20:51,071 - root - INFO - train ap: 0.7153068081390901, test ap: 0.7265955175474639
2024-08-10 12:20:51,072 - root - INFO - start 11 epoch
2024-08-10 12:20:55,513 - root - INFO - epoch: 11:
2024-08-10 12:20:55,513 - root - INFO - Epoch mean loss: 0.6447894509349551
2024-08-10 12:20:55,513 - root - INFO - train acc: 0.6595814732142857, test acc: 0.6805555555555555
2024-08-10 12:20:55,513 - root - INFO - train ap: 0.7154776628817615, test ap: 0.7288007846331117
2024-08-10 12:20:55,514 - root - INFO - start 12 epoch
2024-08-10 12:20:59,954 - root - INFO - epoch: 12:
2024-08-10 12:20:59,954 - root - INFO - Epoch mean loss: 0.6404117899281638
2024-08-10 12:20:59,954 - root - INFO - train acc: 0.66578125, test acc: 0.6816666666666665
2024-08-10 12:20:59,954 - root - INFO - train ap: 0.7192033646604415, test ap: 0.7298968289901763
2024-08-10 12:20:59,955 - root - INFO - start 13 epoch
2024-08-10 12:21:04,415 - root - INFO - epoch: 13:
2024-08-10 12:21:04,415 - root - INFO - Epoch mean loss: 0.6367314287594387
2024-08-10 12:21:04,415 - root - INFO - train acc: 0.6661830357142857, test acc: 0.691111111111111
2024-08-10 12:21:04,415 - root - INFO - train ap: 0.7283641165745102, test ap: 0.7321335637002954
2024-08-10 12:21:04,416 - root - INFO - start 14 epoch
2024-08-10 12:21:08,895 - root - INFO - epoch: 14:
2024-08-10 12:21:08,895 - root - INFO - Epoch mean loss: 0.6327440014907292
2024-08-10 12:21:08,895 - root - INFO - train acc: 0.6723214285714285, test acc: 0.6933333333333334
2024-08-10 12:21:08,895 - root - INFO - train ap: 0.728151639386974, test ap: 0.7338678706145105
2024-08-10 12:21:08,896 - root - INFO - start 15 epoch
2024-08-10 12:21:13,461 - root - INFO - epoch: 15:
2024-08-10 12:21:13,461 - root - INFO - Epoch mean loss: 0.6307205153363091
2024-08-10 12:21:13,461 - root - INFO - train acc: 0.6768247767857142, test acc: 0.6966666666666667
2024-08-10 12:21:13,461 - root - INFO - train ap: 0.7217317653128322, test ap: 0.7358203495862763
2024-08-10 12:21:13,462 - root - INFO - start 16 epoch
2024-08-10 12:21:17,880 - root - INFO - epoch: 16:
2024-08-10 12:21:17,880 - root - INFO - Epoch mean loss: 0.6261700881378991
2024-08-10 12:21:17,880 - root - INFO - train acc: 0.6797544642857142, test acc: 0.6972222222222223
2024-08-10 12:21:17,880 - root - INFO - train ap: 0.7307779750081916, test ap: 0.7380086540944828
2024-08-10 12:21:17,881 - root - INFO - start 17 epoch
2024-08-10 12:21:22,299 - root - INFO - epoch: 17:
2024-08-10 12:21:22,299 - root - INFO - Epoch mean loss: 0.621286826474326
2024-08-10 12:21:22,299 - root - INFO - train acc: 0.6840401785714285, test acc: 0.7
2024-08-10 12:21:22,299 - root - INFO - train ap: 0.738735156577868, test ap: 0.7424455725067793
2024-08-10 12:21:22,300 - root - INFO - start 18 epoch
2024-08-10 12:21:26,812 - root - INFO - epoch: 18:
2024-08-10 12:21:26,812 - root - INFO - Epoch mean loss: 0.6188018598726818
2024-08-10 12:21:26,812 - root - INFO - train acc: 0.6873270089285715, test acc: 0.7011111111111111
2024-08-10 12:21:26,812 - root - INFO - train ap: 0.7341389435228534, test ap: 0.7447823127234314
2024-08-10 12:21:26,813 - root - INFO - start 19 epoch
2024-08-10 12:21:31,238 - root - INFO - epoch: 19:
2024-08-10 12:21:31,238 - root - INFO - Epoch mean loss: 0.6139639722449439
2024-08-10 12:21:31,238 - root - INFO - train acc: 0.6890792410714285, test acc: 0.7050000000000001
2024-08-10 12:21:31,238 - root - INFO - train ap: 0.7430647408085146, test ap: 0.7464650677081911
2024-08-10 12:21:31,239 - root - INFO - start 20 epoch
2024-08-10 12:21:35,685 - root - INFO - epoch: 20:
2024-08-10 12:21:35,685 - root - INFO - Epoch mean loss: 0.6101548309837069
2024-08-10 12:21:35,685 - root - INFO - train acc: 0.6924051339285714, test acc: 0.708888888888889
2024-08-10 12:21:35,685 - root - INFO - train ap: 0.742180061096156, test ap: 0.7490659131987306
2024-08-10 12:21:35,686 - root - INFO - start 21 epoch
2024-08-10 12:21:40,157 - root - INFO - epoch: 21:
2024-08-10 12:21:40,157 - root - INFO - Epoch mean loss: 0.6064491719007492
2024-08-10 12:21:40,157 - root - INFO - train acc: 0.6970926339285715, test acc: 0.7105555555555557
2024-08-10 12:21:40,157 - root - INFO - train ap: 0.7443390709667977, test ap: 0.7522516427529677
2024-08-10 12:21:40,158 - root - INFO - start 22 epoch
2024-08-10 12:21:44,597 - root - INFO - epoch: 22:
2024-08-10 12:21:44,597 - root - INFO - Epoch mean loss: 0.6035066395998001
2024-08-10 12:21:44,597 - root - INFO - train acc: 0.7002399553571428, test acc: 0.7133333333333335
2024-08-10 12:21:44,597 - root - INFO - train ap: 0.7459795176764672, test ap: 0.7548759506660778
2024-08-10 12:21:44,598 - root - INFO - start 23 epoch
2024-08-10 12:21:49,077 - root - INFO - epoch: 23:
2024-08-10 12:21:49,077 - root - INFO - Epoch mean loss: 0.5986424173627581
2024-08-10 12:21:49,077 - root - INFO - train acc: 0.7023939732142858, test acc: 0.7150000000000001
2024-08-10 12:21:49,077 - root - INFO - train ap: 0.7539870989726088, test ap: 0.7601273040136624
2024-08-10 12:21:49,078 - root - INFO - start 24 epoch
2024-08-10 12:21:53,540 - root - INFO - epoch: 24:
2024-08-10 12:21:53,540 - root - INFO - Epoch mean loss: 0.5922633962971824
2024-08-10 12:21:53,540 - root - INFO - train acc: 0.7067131696428571, test acc: 0.7166666666666668
2024-08-10 12:21:53,540 - root - INFO - train ap: 0.7612635843622959, test ap: 0.762604222419479
2024-08-10 12:21:53,541 - root - INFO - start 25 epoch
2024-08-10 12:21:57,965 - root - INFO - epoch: 25:
2024-08-10 12:21:57,965 - root - INFO - Epoch mean loss: 0.5913815902812141
2024-08-10 12:21:57,965 - root - INFO - train acc: 0.7069754464285715, test acc: 0.7194444444444446
2024-08-10 12:21:57,965 - root - INFO - train ap: 0.7574400600393132, test ap: 0.7682958768130412
2024-08-10 12:21:57,966 - root - INFO - start 26 epoch
2024-08-10 12:22:02,400 - root - INFO - epoch: 26:
2024-08-10 12:22:02,400 - root - INFO - Epoch mean loss: 0.5855829886027745
2024-08-10 12:22:02,400 - root - INFO - train acc: 0.7098883928571428, test acc: 0.7233333333333334
2024-08-10 12:22:02,400 - root - INFO - train ap: 0.7627062411497691, test ap: 0.7740990791623674
2024-08-10 12:22:02,401 - root - INFO - start 27 epoch
2024-08-10 12:22:06,879 - root - INFO - epoch: 27:
2024-08-10 12:22:06,879 - root - INFO - Epoch mean loss: 0.5792161481721061
2024-08-10 12:22:06,879 - root - INFO - train acc: 0.7227566964285714, test acc: 0.728888888888889
2024-08-10 12:22:06,879 - root - INFO - train ap: 0.7704674908544626, test ap: 0.7780138473434207
2024-08-10 12:22:06,880 - root - INFO - start 28 epoch
2024-08-10 12:22:11,303 - root - INFO - epoch: 28:
2024-08-10 12:22:11,303 - root - INFO - Epoch mean loss: 0.5755190742867333
2024-08-10 12:22:11,303 - root - INFO - train acc: 0.7211216517857143, test acc: 0.732777777777778
2024-08-10 12:22:11,303 - root - INFO - train ap: 0.7746812423339053, test ap: 0.7811121557851719
2024-08-10 12:22:11,304 - root - INFO - start 29 epoch
2024-08-10 12:22:15,775 - root - INFO - epoch: 29:
2024-08-10 12:22:15,775 - root - INFO - Epoch mean loss: 0.5710677610976356
2024-08-10 12:22:15,775 - root - INFO - train acc: 0.7247098214285714, test acc: 0.7394444444444445
2024-08-10 12:22:15,775 - root - INFO - train ap: 0.7775945099511541, test ap: 0.7864887983940839
2024-08-10 12:22:15,776 - root - INFO - start 30 epoch
2024-08-10 12:22:20,241 - root - INFO - epoch: 30:
2024-08-10 12:22:20,241 - root - INFO - Epoch mean loss: 0.5642484639372144
2024-08-10 12:22:20,241 - root - INFO - train acc: 0.7288950892857143, test acc: 0.7493055555555557
2024-08-10 12:22:20,241 - root - INFO - train ap: 0.7814938049550707, test ap: 0.7907895724760485
2024-08-10 12:22:20,242 - root - INFO - start 31 epoch
2024-08-10 12:22:24,717 - root - INFO - epoch: 31:
2024-08-10 12:22:24,717 - root - INFO - Epoch mean loss: 0.5616125421864646
2024-08-10 12:22:24,717 - root - INFO - train acc: 0.7355468749999999, test acc: 0.7547222222222222
2024-08-10 12:22:24,717 - root - INFO - train ap: 0.7815492608373266, test ap: 0.7972975140513736
2024-08-10 12:22:24,718 - root - INFO - start 32 epoch
2024-08-10 12:22:29,228 - root - INFO - epoch: 32:
2024-08-10 12:22:29,228 - root - INFO - Epoch mean loss: 0.5548147346292224
2024-08-10 12:22:29,228 - root - INFO - train acc: 0.7391350446428572, test acc: 0.7590277777777779
2024-08-10 12:22:29,228 - root - INFO - train ap: 0.7868730741616037, test ap: 0.8004541219409274
2024-08-10 12:22:29,229 - root - INFO - start 33 epoch
2024-08-10 12:22:33,851 - root - INFO - epoch: 33:
2024-08-10 12:22:33,851 - root - INFO - Epoch mean loss: 0.5482525708419936
2024-08-10 12:22:33,851 - root - INFO - train acc: 0.7414285714285714, test acc: 0.764027777777778
2024-08-10 12:22:33,851 - root - INFO - train ap: 0.7931207645882382, test ap: 0.8029715559239292
2024-08-10 12:22:33,852 - root - INFO - start 34 epoch
2024-08-10 12:22:38,424 - root - INFO - epoch: 34:
2024-08-10 12:22:38,424 - root - INFO - Epoch mean loss: 0.5396901475531715
2024-08-10 12:22:38,424 - root - INFO - train acc: 0.7545424107142857, test acc: 0.7729166666666668
2024-08-10 12:22:38,424 - root - INFO - train ap: 0.798530856771508, test ap: 0.8075014455225771
2024-08-10 12:22:38,425 - root - INFO - start 35 epoch
2024-08-10 12:22:42,983 - root - INFO - epoch: 35:
2024-08-10 12:22:42,983 - root - INFO - Epoch mean loss: 0.5356530376843044
2024-08-10 12:22:42,983 - root - INFO - train acc: 0.7552008928571429, test acc: 0.7801388888888889
2024-08-10 12:22:42,983 - root - INFO - train ap: 0.7970711307203099, test ap: 0.8127840197880691
2024-08-10 12:22:42,984 - root - INFO - start 36 epoch
2024-08-10 12:22:47,516 - root - INFO - epoch: 36:
2024-08-10 12:22:47,516 - root - INFO - Epoch mean loss: 0.528063894382545
2024-08-10 12:22:47,516 - root - INFO - train acc: 0.7568526785714286, test acc: 0.7873611111111111
2024-08-10 12:22:47,516 - root - INFO - train ap: 0.8079390992956096, test ap: 0.8153872351014407
2024-08-10 12:22:47,517 - root - INFO - start 37 epoch
2024-08-10 12:22:51,975 - root - INFO - epoch: 37:
2024-08-10 12:22:51,975 - root - INFO - Epoch mean loss: 0.5183652160423142
2024-08-10 12:22:51,976 - root - INFO - train acc: 0.7618973214285714, test acc: 0.7940277777777778
2024-08-10 12:22:51,976 - root - INFO - train ap: 0.8143737195600828, test ap: 0.8191052850688946
2024-08-10 12:22:51,977 - root - INFO - start 38 epoch
2024-08-10 12:22:56,411 - root - INFO - epoch: 38:
2024-08-10 12:22:56,411 - root - INFO - Epoch mean loss: 0.5123143845370838
2024-08-10 12:22:56,411 - root - INFO - train acc: 0.7748270089285715, test acc: 0.7984722222222221
2024-08-10 12:22:56,411 - root - INFO - train ap: 0.8176928159990744, test ap: 0.8231505922175503
2024-08-10 12:22:56,412 - root - INFO - start 39 epoch
2024-08-10 12:23:00,850 - root - INFO - epoch: 39:
2024-08-10 12:23:00,850 - root - INFO - Epoch mean loss: 0.5061020436031478
2024-08-10 12:23:00,850 - root - INFO - train acc: 0.7771595982142857, test acc: 0.8029166666666666
2024-08-10 12:23:00,850 - root - INFO - train ap: 0.8174400553663418, test ap: 0.8276805286749156
2024-08-10 12:23:00,851 - root - INFO - start 40 epoch
2024-08-10 12:23:05,290 - root - INFO - epoch: 40:
2024-08-10 12:23:05,290 - root - INFO - Epoch mean loss: 0.49540840089321136
2024-08-10 12:23:05,290 - root - INFO - train acc: 0.7864229910714285, test acc: 0.8106944444444443
2024-08-10 12:23:05,290 - root - INFO - train ap: 0.8262854201404748, test ap: 0.831530904443262
2024-08-10 12:23:05,291 - root - INFO - start 41 epoch
2024-08-10 12:23:09,920 - root - INFO - epoch: 41:
2024-08-10 12:23:09,921 - root - INFO - Epoch mean loss: 0.49040488579443525
2024-08-10 12:23:09,921 - root - INFO - train acc: 0.7841796875, test acc: 0.8173611111111111
2024-08-10 12:23:09,921 - root - INFO - train ap: 0.8300042843617611, test ap: 0.8358536522452104
2024-08-10 12:23:09,922 - root - INFO - start 42 epoch
2024-08-10 12:23:14,353 - root - INFO - epoch: 42:
2024-08-10 12:23:14,354 - root - INFO - Epoch mean loss: 0.47770397684403826
2024-08-10 12:23:14,354 - root - INFO - train acc: 0.7934821428571429, test acc: 0.8184722222222223
2024-08-10 12:23:14,354 - root - INFO - train ap: 0.8379533582077672, test ap: 0.8406003377535531
2024-08-10 12:23:14,355 - root - INFO - start 43 epoch
2024-08-10 12:23:18,868 - root - INFO - epoch: 43:
2024-08-10 12:23:18,869 - root - INFO - Epoch mean loss: 0.4670037882668631
2024-08-10 12:23:18,869 - root - INFO - train acc: 0.8006529017857142, test acc: 0.8223611111111111
2024-08-10 12:23:18,869 - root - INFO - train ap: 0.839250639593631, test ap: 0.8451773024148715
2024-08-10 12:23:18,870 - root - INFO - start 44 epoch
2024-08-10 12:23:23,311 - root - INFO - epoch: 44:
2024-08-10 12:23:23,311 - root - INFO - Epoch mean loss: 0.46662787241595133
2024-08-10 12:23:23,311 - root - INFO - train acc: 0.7979408482142858, test acc: 0.82625
2024-08-10 12:23:23,311 - root - INFO - train ap: 0.8382585699147838, test ap: 0.8493442342625709
2024-08-10 12:23:23,312 - root - INFO - start 45 epoch
2024-08-10 12:23:27,842 - root - INFO - epoch: 45:
2024-08-10 12:23:27,842 - root - INFO - Epoch mean loss: 0.4523008018732071
2024-08-10 12:23:27,842 - root - INFO - train acc: 0.8067299107142858, test acc: 0.8329166666666665
2024-08-10 12:23:27,842 - root - INFO - train ap: 0.8509925800117024, test ap: 0.8550596983932691
2024-08-10 12:23:27,844 - root - INFO - start 46 epoch
2024-08-10 12:23:32,342 - root - INFO - epoch: 46:
2024-08-10 12:23:32,342 - root - INFO - Epoch mean loss: 0.4464759294475828
2024-08-10 12:23:32,342 - root - INFO - train acc: 0.8098772321428571, test acc: 0.8401388888888891
2024-08-10 12:23:32,342 - root - INFO - train ap: 0.8493095036998024, test ap: 0.861131271199043
2024-08-10 12:23:32,343 - root - INFO - start 47 epoch
2024-08-10 12:23:36,795 - root - INFO - epoch: 47:
2024-08-10 12:23:36,795 - root - INFO - Epoch mean loss: 0.43598548003605436
2024-08-10 12:23:36,795 - root - INFO - train acc: 0.817109375, test acc: 0.8445833333333332
2024-08-10 12:23:36,796 - root - INFO - train ap: 0.8557035184675765, test ap: 0.8665683272563046
2024-08-10 12:23:36,796 - root - INFO - start 48 epoch
2024-08-10 12:23:41,326 - root - INFO - epoch: 48:
2024-08-10 12:23:41,326 - root - INFO - Epoch mean loss: 0.4235677942633629
2024-08-10 12:23:41,326 - root - INFO - train acc: 0.8245647321428571, test acc: 0.8506944444444445
2024-08-10 12:23:41,326 - root - INFO - train ap: 0.8623790534684883, test ap: 0.8720219613270269
2024-08-10 12:23:41,327 - root - INFO - start 49 epoch
2024-08-10 12:23:45,818 - root - INFO - epoch: 49:
2024-08-10 12:23:45,818 - root - INFO - Epoch mean loss: 0.41815777122974396
2024-08-10 12:23:45,818 - root - INFO - train acc: 0.8260379464285714, test acc: 0.8545833333333335
2024-08-10 12:23:45,818 - root - INFO - train ap: 0.8660716599814221, test ap: 0.876280741557751
2024-08-10 12:23:45,819 - root - INFO - start 50 epoch
2024-08-10 12:23:50,298 - root - INFO - epoch: 50:
2024-08-10 12:23:50,298 - root - INFO - Epoch mean loss: 0.40902806712048395
2024-08-10 12:23:50,298 - root - INFO - train acc: 0.8342689732142857, test acc: 0.8573611111111111
2024-08-10 12:23:50,298 - root - INFO - train ap: 0.8649561264815333, test ap: 0.8796366841639227
2024-08-10 12:23:50,299 - root - INFO - start 51 epoch
2024-08-10 12:23:54,838 - root - INFO - epoch: 51:
2024-08-10 12:23:54,838 - root - INFO - Epoch mean loss: 0.40187147153275354
2024-08-10 12:23:54,838 - root - INFO - train acc: 0.8350892857142858, test acc: 0.8579166666666668
2024-08-10 12:23:54,839 - root - INFO - train ap: 0.8715869284472123, test ap: 0.8837148782280361
2024-08-10 12:23:54,839 - root - INFO - start 52 epoch
2024-08-10 12:23:59,262 - root - INFO - epoch: 52:
2024-08-10 12:23:59,262 - root - INFO - Epoch mean loss: 0.39200898898499353
2024-08-10 12:23:59,262 - root - INFO - train acc: 0.8404296875, test acc: 0.8623611111111112
2024-08-10 12:23:59,262 - root - INFO - train ap: 0.8738269760657517, test ap: 0.8875713129113384
2024-08-10 12:23:59,263 - root - INFO - start 53 epoch
2024-08-10 12:24:03,714 - root - INFO - epoch: 53:
2024-08-10 12:24:03,714 - root - INFO - Epoch mean loss: 0.38426665110247477
2024-08-10 12:24:03,714 - root - INFO - train acc: 0.8446316964285714, test acc: 0.8640277777777778
2024-08-10 12:24:03,714 - root - INFO - train ap: 0.8792118911738844, test ap: 0.8927777129403213
2024-08-10 12:24:03,715 - root - INFO - start 54 epoch
2024-08-10 12:24:08,258 - root - INFO - epoch: 54:
2024-08-10 12:24:08,258 - root - INFO - Epoch mean loss: 0.375289543398789
2024-08-10 12:24:08,259 - root - INFO - train acc: 0.8463448660714287, test acc: 0.8695833333333334
2024-08-10 12:24:08,259 - root - INFO - train ap: 0.8849960975917733, test ap: 0.895297631707052
2024-08-10 12:24:08,260 - root - INFO - start 55 epoch
2024-08-10 12:24:12,703 - root - INFO - epoch: 55:
2024-08-10 12:24:12,703 - root - INFO - Epoch mean loss: 0.36973184240715845
2024-08-10 12:24:12,703 - root - INFO - train acc: 0.8539564732142857, test acc: 0.8718055555555556
2024-08-10 12:24:12,703 - root - INFO - train ap: 0.8770167578002294, test ap: 0.8975690526055224
2024-08-10 12:24:12,705 - root - INFO - start 56 epoch
2024-08-10 12:24:17,220 - root - INFO - epoch: 56:
2024-08-10 12:24:17,220 - root - INFO - Epoch mean loss: 0.358783768756049
2024-08-10 12:24:17,220 - root - INFO - train acc: 0.8568694196428571, test acc: 0.8766666666666667
2024-08-10 12:24:17,220 - root - INFO - train ap: 0.883357283394394, test ap: 0.900528496702007
2024-08-10 12:24:17,221 - root - INFO - start 57 epoch
2024-08-10 12:24:21,828 - root - INFO - epoch: 57:
2024-08-10 12:24:21,828 - root - INFO - Epoch mean loss: 0.35438404232263565
2024-08-10 12:24:21,828 - root - INFO - train acc: 0.8599553571428571, test acc: 0.8838888888888888
2024-08-10 12:24:21,828 - root - INFO - train ap: 0.8823108053855834, test ap: 0.9053183889462441
2024-08-10 12:24:21,829 - root - INFO - start 58 epoch
2024-08-10 12:24:26,287 - root - INFO - epoch: 58:
2024-08-10 12:24:26,287 - root - INFO - Epoch mean loss: 0.3435290828347206
2024-08-10 12:24:26,287 - root - INFO - train acc: 0.8660156250000001, test acc: 0.888888888888889
2024-08-10 12:24:26,287 - root - INFO - train ap: 0.8952531445587475, test ap: 0.9089049324528219
2024-08-10 12:24:26,288 - root - INFO - start 59 epoch
2024-08-10 12:24:30,751 - root - INFO - epoch: 59:
2024-08-10 12:24:30,751 - root - INFO - Epoch mean loss: 0.33719002668346676
2024-08-10 12:24:30,751 - root - INFO - train acc: 0.8676897321428572, test acc: 0.8916666666666668
2024-08-10 12:24:30,751 - root - INFO - train ap: 0.8935029954964182, test ap: 0.9114889887992674
2024-08-10 12:24:30,752 - root - INFO - start 60 epoch
2024-08-10 12:24:35,211 - root - INFO - epoch: 60:
2024-08-10 12:24:35,211 - root - INFO - Epoch mean loss: 0.3268353300435202
2024-08-10 12:24:35,211 - root - INFO - train acc: 0.8744587053571429, test acc: 0.893888888888889
2024-08-10 12:24:35,211 - root - INFO - train ap: 0.8972611516222904, test ap: 0.9138367156021566
2024-08-10 12:24:35,212 - root - INFO - start 61 epoch
2024-08-10 12:24:39,737 - root - INFO - epoch: 61:
2024-08-10 12:24:39,737 - root - INFO - Epoch mean loss: 0.3206424303352833
2024-08-10 12:24:39,737 - root - INFO - train acc: 0.8771540178571428, test acc: 0.8966666666666667
2024-08-10 12:24:39,737 - root - INFO - train ap: 0.9003936063221246, test ap: 0.9187334547010226
2024-08-10 12:24:39,738 - root - INFO - start 62 epoch
2024-08-10 12:24:44,210 - root - INFO - epoch: 62:
2024-08-10 12:24:44,211 - root - INFO - Epoch mean loss: 0.3116499510194574
2024-08-10 12:24:44,211 - root - INFO - train acc: 0.8820758928571429, test acc: 0.898888888888889
2024-08-10 12:24:44,211 - root - INFO - train ap: 0.9027556167744473, test ap: 0.920236693585455
2024-08-10 12:24:44,212 - root - INFO - start 63 epoch
2024-08-10 12:24:48,677 - root - INFO - epoch: 63:
2024-08-10 12:24:48,677 - root - INFO - Epoch mean loss: 0.3093031852373055
2024-08-10 12:24:48,677 - root - INFO - train acc: 0.8811160714285714, test acc: 0.9005555555555557
2024-08-10 12:24:48,677 - root - INFO - train ap: 0.908440596350183, test ap: 0.923925614185526
2024-08-10 12:24:48,678 - root - INFO - start 64 epoch
2024-08-10 12:24:53,278 - root - INFO - epoch: 64:
2024-08-10 12:24:53,278 - root - INFO - Epoch mean loss: 0.30411038441317423
2024-08-10 12:24:53,278 - root - INFO - train acc: 0.8838839285714286, test acc: 0.9016666666666667
2024-08-10 12:24:53,278 - root - INFO - train ap: 0.9024080668943187, test ap: 0.9289032389030905
2024-08-10 12:24:53,279 - root - INFO - start 65 epoch
2024-08-10 12:24:57,707 - root - INFO - epoch: 65:
2024-08-10 12:24:57,707 - root - INFO - Epoch mean loss: 0.29712699353694916
2024-08-10 12:24:57,707 - root - INFO - train acc: 0.8889899553571429, test acc: 0.9027777777777779
2024-08-10 12:24:57,707 - root - INFO - train ap: 0.9101359027013244, test ap: 0.9308780007039916
2024-08-10 12:24:57,708 - root - INFO - start 66 epoch
2024-08-10 12:25:02,158 - root - INFO - epoch: 66:
2024-08-10 12:25:02,158 - root - INFO - Epoch mean loss: 0.2924547434917518
2024-08-10 12:25:02,158 - root - INFO - train acc: 0.888052455357143, test acc: 0.9038888888888889
2024-08-10 12:25:02,158 - root - INFO - train ap: 0.9076588692396745, test ap: 0.9319325237754784
2024-08-10 12:25:02,159 - root - INFO - start 67 epoch
2024-08-10 12:25:06,650 - root - INFO - epoch: 67:
2024-08-10 12:25:06,650 - root - INFO - Epoch mean loss: 0.2846338466874191
2024-08-10 12:25:06,650 - root - INFO - train acc: 0.8923158482142857, test acc: 0.9077777777777778
2024-08-10 12:25:06,650 - root - INFO - train ap: 0.9151278816592626, test ap: 0.934640409968072
2024-08-10 12:25:06,651 - root - INFO - start 68 epoch
2024-08-10 12:25:11,147 - root - INFO - epoch: 68:
2024-08-10 12:25:11,147 - root - INFO - Epoch mean loss: 0.2804242931306362
2024-08-10 12:25:11,147 - root - INFO - train acc: 0.8942075892857143, test acc: 0.9083333333333334
2024-08-10 12:25:11,147 - root - INFO - train ap: 0.9145009626292638, test ap: 0.9361758852249292
2024-08-10 12:25:11,148 - root - INFO - start 69 epoch
2024-08-10 12:25:15,722 - root - INFO - epoch: 69:
2024-08-10 12:25:15,722 - root - INFO - Epoch mean loss: 0.27968184277415276
2024-08-10 12:25:15,722 - root - INFO - train acc: 0.8921149553571429, test acc: 0.9083333333333334
2024-08-10 12:25:15,722 - root - INFO - train ap: 0.9167687574871289, test ap: 0.9369916619271135
2024-08-10 12:25:15,723 - root - INFO - start 70 epoch
2024-08-10 12:25:20,174 - root - INFO - epoch: 70:
2024-08-10 12:25:20,174 - root - INFO - Epoch mean loss: 0.2757055184670857
2024-08-10 12:25:20,174 - root - INFO - train acc: 0.8967410714285714, test acc: 0.9105555555555557
2024-08-10 12:25:20,174 - root - INFO - train ap: 0.9190851024275493, test ap: 0.9370510091762888
2024-08-10 12:25:20,175 - root - INFO - start 71 epoch
2024-08-10 12:25:24,643 - root - INFO - epoch: 71:
2024-08-10 12:25:24,643 - root - INFO - Epoch mean loss: 0.2758549930793898
2024-08-10 12:25:24,643 - root - INFO - train acc: 0.8952455357142857, test acc: 0.9105555555555557
2024-08-10 12:25:24,643 - root - INFO - train ap: 0.9115876503519446, test ap: 0.9394099141034409
2024-08-10 12:25:24,644 - root - INFO - start 72 epoch
2024-08-10 12:25:29,177 - root - INFO - epoch: 72:
2024-08-10 12:25:29,177 - root - INFO - Epoch mean loss: 0.26689394882747103
2024-08-10 12:25:29,177 - root - INFO - train acc: 0.9018582589285715, test acc: 0.9116666666666667
2024-08-10 12:25:29,177 - root - INFO - train ap: 0.9220304780021499, test ap: 0.9399117274442035
2024-08-10 12:25:29,178 - root - INFO - start 73 epoch
2024-08-10 12:25:33,645 - root - INFO - epoch: 73:
2024-08-10 12:25:33,645 - root - INFO - Epoch mean loss: 0.26659032489572254
2024-08-10 12:25:33,645 - root - INFO - train acc: 0.8984486607142858, test acc: 0.9122222222222223
2024-08-10 12:25:33,645 - root - INFO - train ap: 0.9143421591514352, test ap: 0.9400193686894763
2024-08-10 12:25:33,646 - root - INFO - start 74 epoch
2024-08-10 12:25:38,132 - root - INFO - epoch: 74:
2024-08-10 12:25:38,133 - root - INFO - Epoch mean loss: 0.2595096725438322
2024-08-10 12:25:38,133 - root - INFO - train acc: 0.9034933035714285, test acc: 0.9122222222222223
2024-08-10 12:25:38,133 - root - INFO - train ap: 0.920681759636555, test ap: 0.9408748281527654
2024-08-10 12:25:38,134 - root - INFO - start 75 epoch
2024-08-10 12:25:42,559 - root - INFO - epoch: 75:
2024-08-10 12:25:42,559 - root - INFO - Epoch mean loss: 0.25615368357726503
2024-08-10 12:25:42,559 - root - INFO - train acc: 0.9047488839285714, test acc: 0.9122222222222223
2024-08-10 12:25:42,559 - root - INFO - train ap: 0.9197063613180119, test ap: 0.9428465524771811
2024-08-10 12:25:42,560 - root - INFO - start 76 epoch
2024-08-10 12:25:46,987 - root - INFO - epoch: 76:
2024-08-10 12:25:46,987 - root - INFO - Epoch mean loss: 0.25193361565470695
2024-08-10 12:25:46,987 - root - INFO - train acc: 0.9057645089285715, test acc: 0.9133333333333333
2024-08-10 12:25:46,987 - root - INFO - train ap: 0.925331704560229, test ap: 0.9437265565608345
2024-08-10 12:25:46,988 - root - INFO - start 77 epoch
2024-08-10 12:25:51,435 - root - INFO - epoch: 77:
2024-08-10 12:25:51,435 - root - INFO - Epoch mean loss: 0.24993848215256417
2024-08-10 12:25:51,435 - root - INFO - train acc: 0.9078571428571429, test acc: 0.9144444444444446
2024-08-10 12:25:51,435 - root - INFO - train ap: 0.9246418238130214, test ap: 0.943463847023081
2024-08-10 12:25:51,437 - root - INFO - start 78 epoch
2024-08-10 12:25:55,863 - root - INFO - epoch: 78:
2024-08-10 12:25:55,863 - root - INFO - Epoch mean loss: 0.24833899576749122
2024-08-10 12:25:55,863 - root - INFO - train acc: 0.9072600446428571, test acc: 0.9161111111111111
2024-08-10 12:25:55,863 - root - INFO - train ap: 0.9220388103054267, test ap: 0.9430392865757835
2024-08-10 12:25:55,864 - root - INFO - start 79 epoch
2024-08-10 12:26:00,288 - root - INFO - epoch: 79:
2024-08-10 12:26:00,288 - root - INFO - Epoch mean loss: 0.24522031151822635
2024-08-10 12:26:00,288 - root - INFO - train acc: 0.90859375, test acc: 0.9161111111111111
2024-08-10 12:26:00,288 - root - INFO - train ap: 0.9265054309321921, test ap: 0.9437301699242754
2024-08-10 12:26:00,289 - root - INFO - start 80 epoch
2024-08-10 12:26:04,704 - root - INFO - epoch: 80:
2024-08-10 12:26:04,704 - root - INFO - Epoch mean loss: 0.24771822137492044
2024-08-10 12:26:04,704 - root - INFO - train acc: 0.9058426339285715, test acc: 0.9177777777777777
2024-08-10 12:26:04,704 - root - INFO - train ap: 0.922475687864605, test ap: 0.9441945860117283
2024-08-10 12:26:04,705 - root - INFO - start 81 epoch
2024-08-10 12:26:09,132 - root - INFO - epoch: 81:
2024-08-10 12:26:09,132 - root - INFO - Epoch mean loss: 0.23571768615927016
2024-08-10 12:26:09,132 - root - INFO - train acc: 0.914453125, test acc: 0.9177777777777777
2024-08-10 12:26:09,132 - root - INFO - train ap: 0.9316651697687997, test ap: 0.9443648551439526
2024-08-10 12:26:09,133 - root - INFO - start 82 epoch
2024-08-10 12:26:13,769 - root - INFO - epoch: 82:
2024-08-10 12:26:13,769 - root - INFO - Epoch mean loss: 0.23879395638193404
2024-08-10 12:26:13,769 - root - INFO - train acc: 0.9140122767857143, test acc: 0.9172222222222222
2024-08-10 12:26:13,769 - root - INFO - train ap: 0.9261259393139376, test ap: 0.9459152391929065
2024-08-10 12:26:13,770 - root - INFO - start 83 epoch
2024-08-10 12:26:18,232 - root - INFO - epoch: 83:
2024-08-10 12:26:18,232 - root - INFO - Epoch mean loss: 0.23523895176393644
2024-08-10 12:26:18,232 - root - INFO - train acc: 0.9156696428571429, test acc: 0.9177777777777777
2024-08-10 12:26:18,232 - root - INFO - train ap: 0.9303522601253312, test ap: 0.9465527869895962
2024-08-10 12:26:18,233 - root - INFO - start 84 epoch
2024-08-10 12:26:22,760 - root - INFO - epoch: 84:
2024-08-10 12:26:22,760 - root - INFO - Epoch mean loss: 0.23279276436993054
2024-08-10 12:26:22,760 - root - INFO - train acc: 0.9164453124999999, test acc: 0.9166666666666666
2024-08-10 12:26:22,760 - root - INFO - train ap: 0.9269508280452864, test ap: 0.9456594138283945
2024-08-10 12:26:22,761 - root - INFO - start 85 epoch
2024-08-10 12:26:27,363 - root - INFO - epoch: 85:
2024-08-10 12:26:27,364 - root - INFO - Epoch mean loss: 0.23144983127713203
2024-08-10 12:26:27,364 - root - INFO - train acc: 0.9154520089285715, test acc: 0.9188888888888889
2024-08-10 12:26:27,364 - root - INFO - train ap: 0.9333135218742441, test ap: 0.9468744264206048
2024-08-10 12:26:27,365 - root - INFO - start 86 epoch
2024-08-10 12:26:31,819 - root - INFO - epoch: 86:
2024-08-10 12:26:31,819 - root - INFO - Epoch mean loss: 0.22882683628371783
2024-08-10 12:26:31,819 - root - INFO - train acc: 0.9170591517857142, test acc: 0.9188888888888889
2024-08-10 12:26:31,819 - root - INFO - train ap: 0.9313798585050831, test ap: 0.9474580970220987
2024-08-10 12:26:31,820 - root - INFO - start 87 epoch
2024-08-10 12:26:36,237 - root - INFO - epoch: 87:
2024-08-10 12:26:36,237 - root - INFO - Epoch mean loss: 0.22913781872817449
2024-08-10 12:26:36,237 - root - INFO - train acc: 0.9162667410714286, test acc: 0.9194444444444445
2024-08-10 12:26:36,237 - root - INFO - train ap: 0.931394505778332, test ap: 0.9479767020780812
2024-08-10 12:26:36,238 - root - INFO - start 88 epoch
2024-08-10 12:26:40,744 - root - INFO - epoch: 88:
2024-08-10 12:26:40,744 - root - INFO - Epoch mean loss: 0.2267713344522885
2024-08-10 12:26:40,744 - root - INFO - train acc: 0.9179799107142858, test acc: 0.9194444444444445
2024-08-10 12:26:40,744 - root - INFO - train ap: 0.9303405220936088, test ap: 0.9480126157723734
2024-08-10 12:26:40,745 - root - INFO - start 89 epoch
2024-08-10 12:26:45,170 - root - INFO - epoch: 89:
2024-08-10 12:26:45,170 - root - INFO - Epoch mean loss: 0.22346639420304978
2024-08-10 12:26:45,170 - root - INFO - train acc: 0.9169810267857142, test acc: 0.9194444444444445
2024-08-10 12:26:45,170 - root - INFO - train ap: 0.9306536091225001, test ap: 0.9479111883327107
2024-08-10 12:26:45,171 - root - INFO - start 90 epoch
2024-08-10 12:26:49,554 - root - INFO - epoch: 90:
2024-08-10 12:26:49,554 - root - INFO - Epoch mean loss: 0.22382605075836182
2024-08-10 12:26:49,554 - root - INFO - train acc: 0.9203683035714285, test acc: 0.9188888888888889
2024-08-10 12:26:49,554 - root - INFO - train ap: 0.9319729777299004, test ap: 0.9483596487480613
2024-08-10 12:26:49,555 - root - INFO - start 91 epoch
2024-08-10 12:26:53,954 - root - INFO - epoch: 91:
2024-08-10 12:26:53,954 - root - INFO - Epoch mean loss: 0.22272410988807678
2024-08-10 12:26:53,954 - root - INFO - train acc: 0.9234765625, test acc: 0.92
2024-08-10 12:26:53,954 - root - INFO - train ap: 0.9339150605522277, test ap: 0.948288048324266
2024-08-10 12:26:53,955 - root - INFO - start 92 epoch
2024-08-10 12:26:58,474 - root - INFO - epoch: 92:
2024-08-10 12:26:58,474 - root - INFO - Epoch mean loss: 0.22149634095174925
2024-08-10 12:26:58,474 - root - INFO - train acc: 0.9189955357142857, test acc: 0.9211111111111111
2024-08-10 12:26:58,474 - root - INFO - train ap: 0.936749922805123, test ap: 0.9484741180586759
2024-08-10 12:26:58,475 - root - INFO - start 93 epoch
2024-08-10 12:27:02,881 - root - INFO - epoch: 93:
2024-08-10 12:27:02,881 - root - INFO - Epoch mean loss: 0.21541234318699157
2024-08-10 12:27:02,881 - root - INFO - train acc: 0.9216852678571429, test acc: 0.9211111111111111
2024-08-10 12:27:02,881 - root - INFO - train ap: 0.9351888244530466, test ap: 0.9494206889826767
2024-08-10 12:27:02,882 - root - INFO - start 94 epoch
2024-08-10 12:27:07,275 - root - INFO - epoch: 94:
2024-08-10 12:27:07,275 - root - INFO - Epoch mean loss: 0.2181550615600177
2024-08-10 12:27:07,275 - root - INFO - train acc: 0.9217243303571429, test acc: 0.9222222222222223
2024-08-10 12:27:07,275 - root - INFO - train ap: 0.9326740889853441, test ap: 0.9493783258460892
2024-08-10 12:27:07,276 - root - INFO - start 95 epoch
2024-08-10 12:27:11,676 - root - INFO - epoch: 95:
2024-08-10 12:27:11,677 - root - INFO - Epoch mean loss: 0.21552918319191253
2024-08-10 12:27:11,677 - root - INFO - train acc: 0.9239174107142858, test acc: 0.9222222222222223
2024-08-10 12:27:11,677 - root - INFO - train ap: 0.9306467018071254, test ap: 0.9494276923593696
2024-08-10 12:27:11,678 - root - INFO - start 96 epoch
2024-08-10 12:27:16,055 - root - INFO - epoch: 96:
2024-08-10 12:27:16,055 - root - INFO - Epoch mean loss: 0.21424658170768193
2024-08-10 12:27:16,055 - root - INFO - train acc: 0.9239787946428571, test acc: 0.9227777777777779
2024-08-10 12:27:16,055 - root - INFO - train ap: 0.9390477339831029, test ap: 0.9496891532281169
2024-08-10 12:27:16,056 - root - INFO - start 97 epoch
2024-08-10 12:27:20,469 - root - INFO - epoch: 97:
2024-08-10 12:27:20,469 - root - INFO - Epoch mean loss: 0.21203904705388205
2024-08-10 12:27:20,470 - root - INFO - train acc: 0.9247935267857142, test acc: 0.9222222222222222
2024-08-10 12:27:20,470 - root - INFO - train ap: 0.9378657882393703, test ap: 0.9499574315256133
2024-08-10 12:27:20,471 - root - INFO - start 98 epoch
2024-08-10 12:27:24,869 - root - INFO - epoch: 98:
2024-08-10 12:27:24,869 - root - INFO - Epoch mean loss: 0.2137125161077295
2024-08-10 12:27:24,869 - root - INFO - train acc: 0.9224832589285714, test acc: 0.9227777777777778
2024-08-10 12:27:24,869 - root - INFO - train ap: 0.9388554380100465, test ap: 0.9501251261923714
2024-08-10 12:27:24,870 - root - INFO - start 99 epoch
2024-08-10 12:27:29,270 - root - INFO - epoch: 99:
2024-08-10 12:27:29,270 - root - INFO - Epoch mean loss: 0.2092867200928075
2024-08-10 12:27:29,271 - root - INFO - train acc: 0.9242968749999999, test acc: 0.9233333333333335
2024-08-10 12:27:29,271 - root - INFO - train ap: 0.9413274544766586, test ap: 0.9497281019061171
2024-08-10 12:27:29,271 - root - INFO - Saving TGAN model
2024-08-10 12:27:29,272 - root - INFO - TGAN models saved
