2024-08-10 12:05:57,283 - root - INFO - Namespace(data='simulate_v1', bs=256, prefix='simulate_v1', n_degree=10, n_head=2, n_epoch=100, n_layer=2, lr=0.0001, drop_out=0.1, gpu=1, node_dim=100, time_dim=100, agg_method='attn', attn_mode='prod', time='time', uniform=False)
2024-08-10 12:05:57,337 - module - INFO - Aggregation uses attention model
2024-08-10 12:05:57,338 - module - INFO - Using scaled prod attention
2024-08-10 12:05:57,339 - module - INFO - Using scaled prod attention
2024-08-10 12:05:57,339 - module - INFO - Using time encoding
2024-08-10 12:05:57,702 - root - INFO - num of training instances: 7113
2024-08-10 12:05:57,702 - root - INFO - num of batches per epoch: 28
2024-08-10 12:05:57,702 - root - INFO - start 0 epoch
2024-08-10 12:06:02,319 - root - INFO - epoch: 0:
2024-08-10 12:06:02,319 - root - INFO - Epoch mean loss: 0.7212410335029874
2024-08-10 12:06:02,319 - root - INFO - train acc: 0.41233816964285713, test acc: 0.4318055555555555
2024-08-10 12:06:02,319 - root - INFO - train ap: 0.40894722642905373, test ap: 0.41910327807486014
2024-08-10 12:06:02,320 - root - INFO - start 1 epoch
2024-08-10 12:06:06,670 - root - INFO - epoch: 1:
2024-08-10 12:06:06,670 - root - INFO - Epoch mean loss: 0.712515692625727
2024-08-10 12:06:06,670 - root - INFO - train acc: 0.42302455357142854, test acc: 0.4051388888888889
2024-08-10 12:06:06,670 - root - INFO - train ap: 0.42723160014661293, test ap: 0.42688479468571494
2024-08-10 12:06:06,671 - root - INFO - start 2 epoch
2024-08-10 12:06:11,046 - root - INFO - epoch: 2:
2024-08-10 12:06:11,046 - root - INFO - Epoch mean loss: 0.7067025069679532
2024-08-10 12:06:11,046 - root - INFO - train acc: 0.4192075892857143, test acc: 0.38736111111111116
2024-08-10 12:06:11,046 - root - INFO - train ap: 0.43982865612486816, test ap: 0.4424783977161845
2024-08-10 12:06:11,047 - root - INFO - start 3 epoch
2024-08-10 12:06:15,408 - root - INFO - epoch: 3:
2024-08-10 12:06:15,409 - root - INFO - Epoch mean loss: 0.7009369773524148
2024-08-10 12:06:15,409 - root - INFO - train acc: 0.4398828125, test acc: 0.48708333333333337
2024-08-10 12:06:15,409 - root - INFO - train ap: 0.460112136922414, test ap: 0.5190620526073011
2024-08-10 12:06:15,410 - root - INFO - start 4 epoch
2024-08-10 12:06:19,764 - root - INFO - epoch: 4:
2024-08-10 12:06:19,764 - root - INFO - Epoch mean loss: 0.6974011340311596
2024-08-10 12:06:19,765 - root - INFO - train acc: 0.47679129464285713, test acc: 0.5004166666666666
2024-08-10 12:06:19,765 - root - INFO - train ap: 0.484793750209278, test ap: 0.6934634256140522
2024-08-10 12:06:19,766 - root - INFO - start 5 epoch
2024-08-10 12:06:24,201 - root - INFO - epoch: 5:
2024-08-10 12:06:24,201 - root - INFO - Epoch mean loss: 0.693806277854102
2024-08-10 12:06:24,201 - root - INFO - train acc: 0.4989341517857143, test acc: 0.5048611111111111
2024-08-10 12:06:24,201 - root - INFO - train ap: 0.5082516595688183, test ap: 0.7256984270592748
2024-08-10 12:06:24,202 - root - INFO - start 6 epoch
2024-08-10 12:06:28,611 - root - INFO - epoch: 6:
2024-08-10 12:06:28,611 - root - INFO - Epoch mean loss: 0.6903712323733738
2024-08-10 12:06:28,611 - root - INFO - train acc: 0.5215011160714286, test acc: 0.5804166666666665
2024-08-10 12:06:28,611 - root - INFO - train ap: 0.5408427557043282, test ap: 0.7255645504433815
2024-08-10 12:06:28,612 - root - INFO - start 7 epoch
2024-08-10 12:06:33,069 - root - INFO - epoch: 7:
2024-08-10 12:06:33,070 - root - INFO - Epoch mean loss: 0.6849903528179441
2024-08-10 12:06:33,070 - root - INFO - train acc: 0.5453125, test acc: 0.6281944444444445
2024-08-10 12:06:33,070 - root - INFO - train ap: 0.5732922210043385, test ap: 0.7246033036618168
2024-08-10 12:06:33,071 - root - INFO - start 8 epoch
2024-08-10 12:06:37,614 - root - INFO - epoch: 8:
2024-08-10 12:06:37,614 - root - INFO - Epoch mean loss: 0.679025873541832
2024-08-10 12:06:37,614 - root - INFO - train acc: 0.5822488839285714, test acc: 0.645
2024-08-10 12:06:37,614 - root - INFO - train ap: 0.6138691699340451, test ap: 0.7228526592640516
2024-08-10 12:06:37,615 - root - INFO - start 9 epoch
2024-08-10 12:06:42,008 - root - INFO - epoch: 9:
2024-08-10 12:06:42,008 - root - INFO - Epoch mean loss: 0.674221790262631
2024-08-10 12:06:42,008 - root - INFO - train acc: 0.6026450892857144, test acc: 0.6583333333333333
2024-08-10 12:06:42,008 - root - INFO - train ap: 0.6298296126365638, test ap: 0.7214232557310518
2024-08-10 12:06:42,009 - root - INFO - start 10 epoch
2024-08-10 12:06:46,457 - root - INFO - epoch: 10:
2024-08-10 12:06:46,457 - root - INFO - Epoch mean loss: 0.6688883453607559
2024-08-10 12:06:46,457 - root - INFO - train acc: 0.6275892857142857, test acc: 0.6594444444444444
2024-08-10 12:06:46,457 - root - INFO - train ap: 0.6548508496266569, test ap: 0.7209616457663306
2024-08-10 12:06:46,458 - root - INFO - start 11 epoch
2024-08-10 12:06:50,808 - root - INFO - epoch: 11:
2024-08-10 12:06:50,808 - root - INFO - Epoch mean loss: 0.6635270608322961
2024-08-10 12:06:50,809 - root - INFO - train acc: 0.6356584821428571, test acc: 0.6638888888888886
2024-08-10 12:06:50,809 - root - INFO - train ap: 0.6678384270260144, test ap: 0.7229360979431033
2024-08-10 12:06:50,809 - root - INFO - start 12 epoch
2024-08-10 12:06:55,237 - root - INFO - epoch: 12:
2024-08-10 12:06:55,237 - root - INFO - Epoch mean loss: 0.6574362346104213
2024-08-10 12:06:55,237 - root - INFO - train acc: 0.643515625, test acc: 0.668888888888889
2024-08-10 12:06:55,237 - root - INFO - train ap: 0.6757959127428498, test ap: 0.7234237266306407
2024-08-10 12:06:55,238 - root - INFO - start 13 epoch
2024-08-10 12:06:59,604 - root - INFO - epoch: 13:
2024-08-10 12:06:59,604 - root - INFO - Epoch mean loss: 0.6512719073465892
2024-08-10 12:06:59,604 - root - INFO - train acc: 0.6585379464285713, test acc: 0.6695833333333334
2024-08-10 12:06:59,604 - root - INFO - train ap: 0.6890846246385453, test ap: 0.723589672468066
2024-08-10 12:06:59,605 - root - INFO - start 14 epoch
2024-08-10 12:07:03,972 - root - INFO - epoch: 14:
2024-08-10 12:07:03,972 - root - INFO - Epoch mean loss: 0.6482514802898679
2024-08-10 12:07:03,972 - root - INFO - train acc: 0.653671875, test acc: 0.6751388888888887
2024-08-10 12:07:03,972 - root - INFO - train ap: 0.6900886704815313, test ap: 0.7183493782444896
2024-08-10 12:07:03,973 - root - INFO - start 15 epoch
2024-08-10 12:07:08,358 - root - INFO - epoch: 15:
2024-08-10 12:07:08,358 - root - INFO - Epoch mean loss: 0.6426108926534653
2024-08-10 12:07:08,358 - root - INFO - train acc: 0.6600502232142856, test acc: 0.6756944444444444
2024-08-10 12:07:08,358 - root - INFO - train ap: 0.691422204927666, test ap: 0.7189655553001184
2024-08-10 12:07:08,359 - root - INFO - start 16 epoch
2024-08-10 12:07:12,756 - root - INFO - epoch: 16:
2024-08-10 12:07:12,756 - root - INFO - Epoch mean loss: 0.6338795785393033
2024-08-10 12:07:12,756 - root - INFO - train acc: 0.6684988839285715, test acc: 0.6783333333333332
2024-08-10 12:07:12,756 - root - INFO - train ap: 0.709737412262827, test ap: 0.7274783291288605
2024-08-10 12:07:12,757 - root - INFO - start 17 epoch
2024-08-10 12:07:17,189 - root - INFO - epoch: 17:
2024-08-10 12:07:17,189 - root - INFO - Epoch mean loss: 0.6304366397006171
2024-08-10 12:07:17,189 - root - INFO - train acc: 0.6723214285714285, test acc: 0.6799999999999999
2024-08-10 12:07:17,190 - root - INFO - train ap: 0.7099115807272599, test ap: 0.730556842900553
2024-08-10 12:07:17,190 - root - INFO - start 18 epoch
2024-08-10 12:07:21,732 - root - INFO - epoch: 18:
2024-08-10 12:07:21,732 - root - INFO - Epoch mean loss: 0.6254825166293553
2024-08-10 12:07:21,732 - root - INFO - train acc: 0.6715680803571429, test acc: 0.6811111111111111
2024-08-10 12:07:21,732 - root - INFO - train ap: 0.7049405247121551, test ap: 0.7361036653537845
2024-08-10 12:07:21,733 - root - INFO - start 19 epoch
2024-08-10 12:07:26,230 - root - INFO - epoch: 19:
2024-08-10 12:07:26,230 - root - INFO - Epoch mean loss: 0.6187386278595243
2024-08-10 12:07:26,230 - root - INFO - train acc: 0.6819252232142857, test acc: 0.6894444444444444
2024-08-10 12:07:26,230 - root - INFO - train ap: 0.7162938109622308, test ap: 0.7453362427212802
2024-08-10 12:07:26,231 - root - INFO - start 20 epoch
2024-08-10 12:07:30,793 - root - INFO - epoch: 20:
2024-08-10 12:07:30,793 - root - INFO - Epoch mean loss: 0.6121572043214526
2024-08-10 12:07:30,793 - root - INFO - train acc: 0.6875279017857142, test acc: 0.6984722222222224
2024-08-10 12:07:30,794 - root - INFO - train ap: 0.7182748479935522, test ap: 0.760674473677144
2024-08-10 12:07:30,795 - root - INFO - start 21 epoch
2024-08-10 12:07:35,265 - root - INFO - epoch: 21:
2024-08-10 12:07:35,266 - root - INFO - Epoch mean loss: 0.6019615509680339
2024-08-10 12:07:35,266 - root - INFO - train acc: 0.6896986607142858, test acc: 0.7123611111111112
2024-08-10 12:07:35,266 - root - INFO - train ap: 0.7338151033747138, test ap: 0.7713587596291895
2024-08-10 12:07:35,267 - root - INFO - start 22 epoch
2024-08-10 12:07:39,636 - root - INFO - epoch: 22:
2024-08-10 12:07:39,636 - root - INFO - Epoch mean loss: 0.5939043100391116
2024-08-10 12:07:39,636 - root - INFO - train acc: 0.6978292410714285, test acc: 0.7211111111111111
2024-08-10 12:07:39,636 - root - INFO - train ap: 0.7367969675582218, test ap: 0.7808082405079626
2024-08-10 12:07:39,637 - root - INFO - start 23 epoch
2024-08-10 12:07:44,011 - root - INFO - epoch: 23:
2024-08-10 12:07:44,011 - root - INFO - Epoch mean loss: 0.5826730983597892
2024-08-10 12:07:44,011 - root - INFO - train acc: 0.7051227678571428, test acc: 0.7305555555555557
2024-08-10 12:07:44,011 - root - INFO - train ap: 0.7436828859665994, test ap: 0.7927826116553279
2024-08-10 12:07:44,012 - root - INFO - start 24 epoch
2024-08-10 12:07:48,423 - root - INFO - epoch: 24:
2024-08-10 12:07:48,423 - root - INFO - Epoch mean loss: 0.5745775763477597
2024-08-10 12:07:48,423 - root - INFO - train acc: 0.7114006696428571, test acc: 0.7370833333333334
2024-08-10 12:07:48,424 - root - INFO - train ap: 0.7449474645991646, test ap: 0.801813410223091
2024-08-10 12:07:48,424 - root - INFO - start 25 epoch
2024-08-10 12:07:52,830 - root - INFO - epoch: 25:
2024-08-10 12:07:52,830 - root - INFO - Epoch mean loss: 0.5591790867703301
2024-08-10 12:07:52,830 - root - INFO - train acc: 0.7209430803571429, test acc: 0.74375
2024-08-10 12:07:52,831 - root - INFO - train ap: 0.76628736065054, test ap: 0.8120761377319364
2024-08-10 12:07:52,831 - root - INFO - start 26 epoch
2024-08-10 12:07:57,234 - root - INFO - epoch: 26:
2024-08-10 12:07:57,234 - root - INFO - Epoch mean loss: 0.5487021175878388
2024-08-10 12:07:57,234 - root - INFO - train acc: 0.7275390625, test acc: 0.7548611111111111
2024-08-10 12:07:57,234 - root - INFO - train ap: 0.7767912847679049, test ap: 0.8221987317202317
2024-08-10 12:07:57,235 - root - INFO - start 27 epoch
2024-08-10 12:08:01,648 - root - INFO - epoch: 27:
2024-08-10 12:08:01,648 - root - INFO - Epoch mean loss: 0.5390470485602107
2024-08-10 12:08:01,648 - root - INFO - train acc: 0.7390401785714286, test acc: 0.7643055555555556
2024-08-10 12:08:01,648 - root - INFO - train ap: 0.7760105332761202, test ap: 0.8322716328713776
2024-08-10 12:08:01,649 - root - INFO - start 28 epoch
2024-08-10 12:08:06,056 - root - INFO - epoch: 28:
2024-08-10 12:08:06,056 - root - INFO - Epoch mean loss: 0.5265496830855098
2024-08-10 12:08:06,056 - root - INFO - train acc: 0.747109375, test acc: 0.7743055555555556
2024-08-10 12:08:06,056 - root - INFO - train ap: 0.7827826592780757, test ap: 0.8419782931119039
2024-08-10 12:08:06,057 - root - INFO - start 29 epoch
2024-08-10 12:08:10,530 - root - INFO - epoch: 29:
2024-08-10 12:08:10,530 - root - INFO - Epoch mean loss: 0.5111885624272483
2024-08-10 12:08:10,530 - root - INFO - train acc: 0.7643638392857143, test acc: 0.7809722222222223
2024-08-10 12:08:10,530 - root - INFO - train ap: 0.7931462372884707, test ap: 0.8498176455477838
2024-08-10 12:08:10,531 - root - INFO - start 30 epoch
2024-08-10 12:08:14,991 - root - INFO - epoch: 30:
2024-08-10 12:08:14,992 - root - INFO - Epoch mean loss: 0.5069299840501377
2024-08-10 12:08:14,992 - root - INFO - train acc: 0.7574274553571428, test acc: 0.7876388888888889
2024-08-10 12:08:14,992 - root - INFO - train ap: 0.7954430525981914, test ap: 0.8565661055992564
2024-08-10 12:08:14,992 - root - INFO - start 31 epoch
2024-08-10 12:08:19,361 - root - INFO - epoch: 31:
2024-08-10 12:08:19,361 - root - INFO - Epoch mean loss: 0.49249769002199173
2024-08-10 12:08:19,361 - root - INFO - train acc: 0.7715345982142857, test acc: 0.797638888888889
2024-08-10 12:08:19,361 - root - INFO - train ap: 0.8070883012856443, test ap: 0.8594467075818729
2024-08-10 12:08:19,362 - root - INFO - start 32 epoch
2024-08-10 12:08:23,732 - root - INFO - epoch: 32:
2024-08-10 12:08:23,732 - root - INFO - Epoch mean loss: 0.4846592588084085
2024-08-10 12:08:23,733 - root - INFO - train acc: 0.7785491071428572, test acc: 0.8065277777777778
2024-08-10 12:08:23,733 - root - INFO - train ap: 0.804427818917124, test ap: 0.8668136436199009
2024-08-10 12:08:23,734 - root - INFO - start 33 epoch
2024-08-10 12:08:28,129 - root - INFO - epoch: 33:
2024-08-10 12:08:28,129 - root - INFO - Epoch mean loss: 0.47230767884424757
2024-08-10 12:08:28,129 - root - INFO - train acc: 0.7861495535714286, test acc: 0.8197222222222222
2024-08-10 12:08:28,129 - root - INFO - train ap: 0.8127873627475486, test ap: 0.8687027612886086
2024-08-10 12:08:28,130 - root - INFO - start 34 epoch
2024-08-10 12:08:32,492 - root - INFO - epoch: 34:
2024-08-10 12:08:32,492 - root - INFO - Epoch mean loss: 0.45722439140081406
2024-08-10 12:08:32,492 - root - INFO - train acc: 0.7981584821428571, test acc: 0.8247222222222224
2024-08-10 12:08:32,492 - root - INFO - train ap: 0.8252504742111151, test ap: 0.8733797829369662
2024-08-10 12:08:32,493 - root - INFO - start 35 epoch
2024-08-10 12:08:36,874 - root - INFO - epoch: 35:
2024-08-10 12:08:36,874 - root - INFO - Epoch mean loss: 0.45140274294785093
2024-08-10 12:08:36,874 - root - INFO - train acc: 0.8036439732142858, test acc: 0.8336111111111113
2024-08-10 12:08:36,874 - root - INFO - train ap: 0.825922892023505, test ap: 0.8773073420664704
2024-08-10 12:08:36,875 - root - INFO - start 36 epoch
2024-08-10 12:08:41,256 - root - INFO - epoch: 36:
2024-08-10 12:08:41,256 - root - INFO - Epoch mean loss: 0.4437972732952663
2024-08-10 12:08:41,256 - root - INFO - train acc: 0.8032031249999999, test acc: 0.8397222222222224
2024-08-10 12:08:41,256 - root - INFO - train ap: 0.8278453539535554, test ap: 0.8810157001722068
2024-08-10 12:08:41,257 - root - INFO - start 37 epoch
2024-08-10 12:08:45,737 - root - INFO - epoch: 37:
2024-08-10 12:08:45,737 - root - INFO - Epoch mean loss: 0.4352807498403958
2024-08-10 12:08:45,738 - root - INFO - train acc: 0.8047377232142857, test acc: 0.8436111111111112
2024-08-10 12:08:45,738 - root - INFO - train ap: 0.8301609211676988, test ap: 0.8844617312607885
2024-08-10 12:08:45,738 - root - INFO - start 38 epoch
2024-08-10 12:08:50,300 - root - INFO - epoch: 38:
2024-08-10 12:08:50,300 - root - INFO - Epoch mean loss: 0.4258950044001852
2024-08-10 12:08:50,300 - root - INFO - train acc: 0.8165178571428572, test acc: 0.8508333333333334
2024-08-10 12:08:50,300 - root - INFO - train ap: 0.8385827255947886, test ap: 0.888941068480581
2024-08-10 12:08:50,301 - root - INFO - start 39 epoch
2024-08-10 12:08:54,725 - root - INFO - epoch: 39:
2024-08-10 12:08:54,726 - root - INFO - Epoch mean loss: 0.41538524627685547
2024-08-10 12:08:54,726 - root - INFO - train acc: 0.8217131696428571, test acc: 0.8569444444444445
2024-08-10 12:08:54,726 - root - INFO - train ap: 0.8407998477896012, test ap: 0.8926159876974218
2024-08-10 12:08:54,727 - root - INFO - start 40 epoch
2024-08-10 12:08:59,100 - root - INFO - epoch: 40:
2024-08-10 12:08:59,100 - root - INFO - Epoch mean loss: 0.4061925687960216
2024-08-10 12:08:59,100 - root - INFO - train acc: 0.8263002232142858, test acc: 0.8630555555555557
2024-08-10 12:08:59,100 - root - INFO - train ap: 0.8566329705208086, test ap: 0.8994497875570464
2024-08-10 12:08:59,101 - root - INFO - start 41 epoch
2024-08-10 12:09:03,471 - root - INFO - epoch: 41:
2024-08-10 12:09:03,471 - root - INFO - Epoch mean loss: 0.40413122943469454
2024-08-10 12:09:03,471 - root - INFO - train acc: 0.8308593750000001, test acc: 0.8730555555555557
2024-08-10 12:09:03,471 - root - INFO - train ap: 0.8388260144100783, test ap: 0.9007112279614492
2024-08-10 12:09:03,472 - root - INFO - start 42 epoch
2024-08-10 12:09:07,906 - root - INFO - epoch: 42:
2024-08-10 12:09:07,906 - root - INFO - Epoch mean loss: 0.40069653945309774
2024-08-10 12:09:07,906 - root - INFO - train acc: 0.8289229910714286, test acc: 0.8756944444444446
2024-08-10 12:09:07,906 - root - INFO - train ap: 0.8490911404071056, test ap: 0.9035590636590859
2024-08-10 12:09:07,907 - root - INFO - start 43 epoch
2024-08-10 12:09:12,352 - root - INFO - epoch: 43:
2024-08-10 12:09:12,352 - root - INFO - Epoch mean loss: 0.3931892418435642
2024-08-10 12:09:12,352 - root - INFO - train acc: 0.8311551339285714, test acc: 0.8818055555555557
2024-08-10 12:09:12,352 - root - INFO - train ap: 0.8525105796275467, test ap: 0.9054777000799746
2024-08-10 12:09:12,353 - root - INFO - start 44 epoch
2024-08-10 12:09:16,835 - root - INFO - epoch: 44:
2024-08-10 12:09:16,836 - root - INFO - Epoch mean loss: 0.3888687257255827
2024-08-10 12:09:16,836 - root - INFO - train acc: 0.8358816964285715, test acc: 0.8823611111111113
2024-08-10 12:09:16,836 - root - INFO - train ap: 0.8508021532934616, test ap: 0.910895498887724
2024-08-10 12:09:16,836 - root - INFO - start 45 epoch
2024-08-10 12:09:21,180 - root - INFO - epoch: 45:
2024-08-10 12:09:21,180 - root - INFO - Epoch mean loss: 0.3884591151561056
2024-08-10 12:09:21,180 - root - INFO - train acc: 0.8332756696428572, test acc: 0.8856944444444446
2024-08-10 12:09:21,180 - root - INFO - train ap: 0.8552231336722196, test ap: 0.913180606659079
2024-08-10 12:09:21,181 - root - INFO - start 46 epoch
2024-08-10 12:09:25,515 - root - INFO - epoch: 46:
2024-08-10 12:09:25,515 - root - INFO - Epoch mean loss: 0.3779740184545517
2024-08-10 12:09:25,515 - root - INFO - train acc: 0.8382310267857143, test acc: 0.8879166666666668
2024-08-10 12:09:25,515 - root - INFO - train ap: 0.8605855728477173, test ap: 0.9130188905848395
2024-08-10 12:09:25,516 - root - INFO - start 47 epoch
2024-08-10 12:09:29,849 - root - INFO - epoch: 47:
2024-08-10 12:09:29,849 - root - INFO - Epoch mean loss: 0.37325944964374813
2024-08-10 12:09:29,849 - root - INFO - train acc: 0.8397265625, test acc: 0.8884722222222223
2024-08-10 12:09:29,849 - root - INFO - train ap: 0.8645075686015691, test ap: 0.9135868083107029
2024-08-10 12:09:29,850 - root - INFO - start 48 epoch
2024-08-10 12:09:34,187 - root - INFO - epoch: 48:
2024-08-10 12:09:34,187 - root - INFO - Epoch mean loss: 0.3702747757945742
2024-08-10 12:09:34,187 - root - INFO - train acc: 0.8427734375, test acc: 0.8918055555555555
2024-08-10 12:09:34,187 - root - INFO - train ap: 0.8621245553805077, test ap: 0.9149229745557451
2024-08-10 12:09:34,188 - root - INFO - start 49 epoch
2024-08-10 12:09:38,559 - root - INFO - epoch: 49:
2024-08-10 12:09:38,559 - root - INFO - Epoch mean loss: 0.3641821380172457
2024-08-10 12:09:38,559 - root - INFO - train acc: 0.8441685267857143, test acc: 0.8929166666666667
2024-08-10 12:09:38,559 - root - INFO - train ap: 0.8641040664215621, test ap: 0.9180480656526161
2024-08-10 12:09:38,560 - root - INFO - start 50 epoch
2024-08-10 12:09:42,924 - root - INFO - epoch: 50:
2024-08-10 12:09:42,924 - root - INFO - Epoch mean loss: 0.35792866562094006
2024-08-10 12:09:42,924 - root - INFO - train acc: 0.8477566964285714, test acc: 0.8951388888888889
2024-08-10 12:09:42,924 - root - INFO - train ap: 0.86814297594095, test ap: 0.9219739771858015
2024-08-10 12:09:42,925 - root - INFO - start 51 epoch
2024-08-10 12:09:47,273 - root - INFO - epoch: 51:
2024-08-10 12:09:47,273 - root - INFO - Epoch mean loss: 0.351915038057736
2024-08-10 12:09:47,273 - root - INFO - train acc: 0.8541517857142857, test acc: 0.8956944444444445
2024-08-10 12:09:47,273 - root - INFO - train ap: 0.8710873510761991, test ap: 0.9237354915390849
2024-08-10 12:09:47,274 - root - INFO - start 52 epoch
2024-08-10 12:09:51,717 - root - INFO - epoch: 52:
2024-08-10 12:09:51,717 - root - INFO - Epoch mean loss: 0.344380616077355
2024-08-10 12:09:51,717 - root - INFO - train acc: 0.8555301339285714, test acc: 0.8962500000000001
2024-08-10 12:09:51,717 - root - INFO - train ap: 0.8779453710547102, test ap: 0.9246509087148895
2024-08-10 12:09:51,718 - root - INFO - start 53 epoch
2024-08-10 12:09:56,128 - root - INFO - epoch: 53:
2024-08-10 12:09:56,128 - root - INFO - Epoch mean loss: 0.3432165746177946
2024-08-10 12:09:56,128 - root - INFO - train acc: 0.8592745535714286, test acc: 0.8979166666666668
2024-08-10 12:09:56,128 - root - INFO - train ap: 0.8792024966436579, test ap: 0.9259202807105905
2024-08-10 12:09:56,129 - root - INFO - start 54 epoch
2024-08-10 12:10:00,496 - root - INFO - epoch: 54:
2024-08-10 12:10:00,496 - root - INFO - Epoch mean loss: 0.3366750308445522
2024-08-10 12:10:00,496 - root - INFO - train acc: 0.8555691964285714, test acc: 0.8995833333333334
2024-08-10 12:10:00,496 - root - INFO - train ap: 0.8832385057292401, test ap: 0.9282858942245306
2024-08-10 12:10:00,497 - root - INFO - start 55 epoch
2024-08-10 12:10:04,865 - root - INFO - epoch: 55:
2024-08-10 12:10:04,866 - root - INFO - Epoch mean loss: 0.33558404232774464
2024-08-10 12:10:04,866 - root - INFO - train acc: 0.8592578125, test acc: 0.8990277777777779
2024-08-10 12:10:04,866 - root - INFO - train ap: 0.8844581384627767, test ap: 0.930555565181597
2024-08-10 12:10:04,866 - root - INFO - start 56 epoch
2024-08-10 12:10:09,333 - root - INFO - epoch: 56:
2024-08-10 12:10:09,333 - root - INFO - Epoch mean loss: 0.3315407101597105
2024-08-10 12:10:09,333 - root - INFO - train acc: 0.8648939732142857, test acc: 0.9029166666666667
2024-08-10 12:10:09,333 - root - INFO - train ap: 0.8884720842746322, test ap: 0.9333311977017613
2024-08-10 12:10:09,334 - root - INFO - start 57 epoch
2024-08-10 12:10:13,783 - root - INFO - epoch: 57:
2024-08-10 12:10:13,783 - root - INFO - Epoch mean loss: 0.32499703339168
2024-08-10 12:10:13,783 - root - INFO - train acc: 0.8666685267857143, test acc: 0.9029166666666667
2024-08-10 12:10:13,783 - root - INFO - train ap: 0.889687040916783, test ap: 0.9358702231953616
2024-08-10 12:10:13,784 - root - INFO - start 58 epoch
2024-08-10 12:10:18,133 - root - INFO - epoch: 58:
2024-08-10 12:10:18,133 - root - INFO - Epoch mean loss: 0.32449667155742645
2024-08-10 12:10:18,133 - root - INFO - train acc: 0.8667857142857143, test acc: 0.9077777777777778
2024-08-10 12:10:18,133 - root - INFO - train ap: 0.8899375785280838, test ap: 0.9372987077951181
2024-08-10 12:10:18,134 - root - INFO - start 59 epoch
2024-08-10 12:10:22,475 - root - INFO - epoch: 59:
2024-08-10 12:10:22,475 - root - INFO - Epoch mean loss: 0.3183995575777122
2024-08-10 12:10:22,475 - root - INFO - train acc: 0.8710714285714286, test acc: 0.9094444444444445
2024-08-10 12:10:22,475 - root - INFO - train ap: 0.8922660484936913, test ap: 0.9391891310843508
2024-08-10 12:10:22,476 - root - INFO - start 60 epoch
2024-08-10 12:10:26,828 - root - INFO - epoch: 60:
2024-08-10 12:10:26,828 - root - INFO - Epoch mean loss: 0.3167308084666729
2024-08-10 12:10:26,828 - root - INFO - train acc: 0.87125, test acc: 0.9100000000000001
2024-08-10 12:10:26,828 - root - INFO - train ap: 0.891244887312092, test ap: 0.9409631446542008
2024-08-10 12:10:26,829 - root - INFO - start 61 epoch
2024-08-10 12:10:31,153 - root - INFO - epoch: 61:
2024-08-10 12:10:31,153 - root - INFO - Epoch mean loss: 0.3078624542270388
2024-08-10 12:10:31,153 - root - INFO - train acc: 0.88, test acc: 0.9127777777777779
2024-08-10 12:10:31,153 - root - INFO - train ap: 0.8926579125389731, test ap: 0.9413889850507747
2024-08-10 12:10:31,154 - root - INFO - start 62 epoch
2024-08-10 12:10:35,588 - root - INFO - epoch: 62:
2024-08-10 12:10:35,588 - root - INFO - Epoch mean loss: 0.3076928087643215
2024-08-10 12:10:35,588 - root - INFO - train acc: 0.8737388392857143, test acc: 0.9133333333333334
2024-08-10 12:10:35,588 - root - INFO - train ap: 0.8976663099399235, test ap: 0.9428655825894617
2024-08-10 12:10:35,589 - root - INFO - start 63 epoch
2024-08-10 12:10:39,924 - root - INFO - epoch: 63:
2024-08-10 12:10:39,924 - root - INFO - Epoch mean loss: 0.3033717695091452
2024-08-10 12:10:39,924 - root - INFO - train acc: 0.875, test acc: 0.9127777777777779
2024-08-10 12:10:39,924 - root - INFO - train ap: 0.8975062691573427, test ap: 0.9432999682498497
2024-08-10 12:10:39,925 - root - INFO - start 64 epoch
2024-08-10 12:10:44,384 - root - INFO - epoch: 64:
2024-08-10 12:10:44,384 - root - INFO - Epoch mean loss: 0.29401850593941553
2024-08-10 12:10:44,384 - root - INFO - train acc: 0.8820535714285714, test acc: 0.9127777777777779
2024-08-10 12:10:44,384 - root - INFO - train ap: 0.9063555714819197, test ap: 0.9450782394672915
2024-08-10 12:10:44,385 - root - INFO - start 65 epoch
2024-08-10 12:10:48,727 - root - INFO - epoch: 65:
2024-08-10 12:10:48,727 - root - INFO - Epoch mean loss: 0.2965277614338057
2024-08-10 12:10:48,727 - root - INFO - train acc: 0.8808984375, test acc: 0.9155555555555558
2024-08-10 12:10:48,727 - root - INFO - train ap: 0.9010857278125443, test ap: 0.9448524076708936
2024-08-10 12:10:48,728 - root - INFO - start 66 epoch
2024-08-10 12:10:53,069 - root - INFO - epoch: 66:
2024-08-10 12:10:53,069 - root - INFO - Epoch mean loss: 0.2918044610747269
2024-08-10 12:10:53,069 - root - INFO - train acc: 0.8835658482142856, test acc: 0.9144444444444446
2024-08-10 12:10:53,069 - root - INFO - train ap: 0.8984417175325128, test ap: 0.9457488438595409
2024-08-10 12:10:53,070 - root - INFO - start 67 epoch
2024-08-10 12:10:57,402 - root - INFO - epoch: 67:
2024-08-10 12:10:57,402 - root - INFO - Epoch mean loss: 0.28637357854417395
2024-08-10 12:10:57,402 - root - INFO - train acc: 0.8909374999999999, test acc: 0.9150000000000001
2024-08-10 12:10:57,402 - root - INFO - train ap: 0.9012064263988933, test ap: 0.9458026031148127
2024-08-10 12:10:57,403 - root - INFO - start 68 epoch
2024-08-10 12:11:01,769 - root - INFO - epoch: 68:
2024-08-10 12:11:01,769 - root - INFO - Epoch mean loss: 0.28155104390212465
2024-08-10 12:11:01,769 - root - INFO - train acc: 0.8907421875, test acc: 0.9155555555555558
2024-08-10 12:11:01,769 - root - INFO - train ap: 0.9084208207794865, test ap: 0.9452109002215283
2024-08-10 12:11:01,770 - root - INFO - start 69 epoch
2024-08-10 12:11:06,145 - root - INFO - epoch: 69:
2024-08-10 12:11:06,145 - root - INFO - Epoch mean loss: 0.2813301150287901
2024-08-10 12:11:06,145 - root - INFO - train acc: 0.890005580357143, test acc: 0.9161111111111112
2024-08-10 12:11:06,145 - root - INFO - train ap: 0.9019675255333347, test ap: 0.948488425137977
2024-08-10 12:11:06,146 - root - INFO - start 70 epoch
2024-08-10 12:11:10,548 - root - INFO - epoch: 70:
2024-08-10 12:11:10,548 - root - INFO - Epoch mean loss: 0.27463344591004507
2024-08-10 12:11:10,548 - root - INFO - train acc: 0.8943247767857143, test acc: 0.9166666666666667
2024-08-10 12:11:10,548 - root - INFO - train ap: 0.9086238037745366, test ap: 0.9498992103264344
2024-08-10 12:11:10,549 - root - INFO - start 71 epoch
2024-08-10 12:11:14,935 - root - INFO - epoch: 71:
2024-08-10 12:11:14,935 - root - INFO - Epoch mean loss: 0.274154970156295
2024-08-10 12:11:14,935 - root - INFO - train acc: 0.8953236607142857, test acc: 0.9183333333333334
2024-08-10 12:11:14,935 - root - INFO - train ap: 0.9014460889805302, test ap: 0.9497281416637671
2024-08-10 12:11:14,936 - root - INFO - start 72 epoch
2024-08-10 12:11:19,571 - root - INFO - epoch: 72:
2024-08-10 12:11:19,571 - root - INFO - Epoch mean loss: 0.2755625263920852
2024-08-10 12:11:19,571 - root - INFO - train acc: 0.8917745535714285, test acc: 0.9172222222222223
2024-08-10 12:11:19,571 - root - INFO - train ap: 0.9076196910528213, test ap: 0.9513520408272421
2024-08-10 12:11:19,572 - root - INFO - start 73 epoch
2024-08-10 12:11:24,050 - root - INFO - epoch: 73:
2024-08-10 12:11:24,050 - root - INFO - Epoch mean loss: 0.2672097869217396
2024-08-10 12:11:24,050 - root - INFO - train acc: 0.8971540178571429, test acc: 0.9194444444444445
2024-08-10 12:11:24,050 - root - INFO - train ap: 0.9058774175362797, test ap: 0.9518825349353384
2024-08-10 12:11:24,051 - root - INFO - start 74 epoch
2024-08-10 12:11:28,462 - root - INFO - epoch: 74:
2024-08-10 12:11:28,463 - root - INFO - Epoch mean loss: 0.26113694640142576
2024-08-10 12:11:28,463 - root - INFO - train acc: 0.9010212053571429, test acc: 0.9211111111111111
2024-08-10 12:11:28,463 - root - INFO - train ap: 0.914292456374609, test ap: 0.9523754240856389
2024-08-10 12:11:28,464 - root - INFO - start 75 epoch
2024-08-10 12:11:32,886 - root - INFO - epoch: 75:
2024-08-10 12:11:32,886 - root - INFO - Epoch mean loss: 0.2659251077898911
2024-08-10 12:11:32,886 - root - INFO - train acc: 0.8988504464285715, test acc: 0.9216666666666666
2024-08-10 12:11:32,886 - root - INFO - train ap: 0.9102970463769263, test ap: 0.9532357022583388
2024-08-10 12:11:32,887 - root - INFO - start 76 epoch
2024-08-10 12:11:37,275 - root - INFO - epoch: 76:
2024-08-10 12:11:37,276 - root - INFO - Epoch mean loss: 0.26241244428924154
2024-08-10 12:11:37,276 - root - INFO - train acc: 0.9009821428571428, test acc: 0.9211111111111111
2024-08-10 12:11:37,276 - root - INFO - train ap: 0.9127917400360337, test ap: 0.9533688130189328
2024-08-10 12:11:37,277 - root - INFO - start 77 epoch
2024-08-10 12:11:41,631 - root - INFO - epoch: 77:
2024-08-10 12:11:41,631 - root - INFO - Epoch mean loss: 0.25749458532248226
2024-08-10 12:11:41,631 - root - INFO - train acc: 0.9041517857142857, test acc: 0.9205555555555556
2024-08-10 12:11:41,631 - root - INFO - train ap: 0.9118940156326306, test ap: 0.9539034414309103
2024-08-10 12:11:41,632 - root - INFO - start 78 epoch
2024-08-10 12:11:46,099 - root - INFO - epoch: 78:
2024-08-10 12:11:46,100 - root - INFO - Epoch mean loss: 0.25822846591472626
2024-08-10 12:11:46,100 - root - INFO - train acc: 0.9023772321428571, test acc: 0.9211111111111111
2024-08-10 12:11:46,100 - root - INFO - train ap: 0.9114842780536533, test ap: 0.954996865347903
2024-08-10 12:11:46,100 - root - INFO - start 79 epoch
2024-08-10 12:11:50,493 - root - INFO - epoch: 79:
2024-08-10 12:11:50,493 - root - INFO - Epoch mean loss: 0.24711995891162328
2024-08-10 12:11:50,493 - root - INFO - train acc: 0.9108649553571428, test acc: 0.9227777777777778
2024-08-10 12:11:50,493 - root - INFO - train ap: 0.916298843554075, test ap: 0.9554055764696249
2024-08-10 12:11:50,494 - root - INFO - start 80 epoch
2024-08-10 12:11:55,004 - root - INFO - epoch: 80:
2024-08-10 12:11:55,004 - root - INFO - Epoch mean loss: 0.24619711296898977
2024-08-10 12:11:55,004 - root - INFO - train acc: 0.9099497767857143, test acc: 0.9227777777777778
2024-08-10 12:11:55,004 - root - INFO - train ap: 0.9191895830487287, test ap: 0.95642893584856
2024-08-10 12:11:55,005 - root - INFO - start 81 epoch
2024-08-10 12:11:59,419 - root - INFO - epoch: 81:
2024-08-10 12:11:59,419 - root - INFO - Epoch mean loss: 0.24431132152676582
2024-08-10 12:11:59,419 - root - INFO - train acc: 0.9118638392857142, test acc: 0.9227777777777778
2024-08-10 12:11:59,419 - root - INFO - train ap: 0.9143063110928555, test ap: 0.9573863672231908
2024-08-10 12:11:59,420 - root - INFO - start 82 epoch
2024-08-10 12:12:04,030 - root - INFO - epoch: 82:
2024-08-10 12:12:04,031 - root - INFO - Epoch mean loss: 0.243347986468247
2024-08-10 12:12:04,031 - root - INFO - train acc: 0.9092299107142857, test acc: 0.923888888888889
2024-08-10 12:12:04,031 - root - INFO - train ap: 0.9194553595066103, test ap: 0.958023613427122
2024-08-10 12:12:04,032 - root - INFO - start 83 epoch
2024-08-10 12:12:08,666 - root - INFO - epoch: 83:
2024-08-10 12:12:08,666 - root - INFO - Epoch mean loss: 0.24522926551955088
2024-08-10 12:12:08,666 - root - INFO - train acc: 0.9111830357142857, test acc: 0.925
2024-08-10 12:12:08,666 - root - INFO - train ap: 0.9167174692378914, test ap: 0.9579334819223334
2024-08-10 12:12:08,667 - root - INFO - start 84 epoch
2024-08-10 12:12:13,104 - root - INFO - epoch: 84:
2024-08-10 12:12:13,104 - root - INFO - Epoch mean loss: 0.24312834814190865
2024-08-10 12:12:13,104 - root - INFO - train acc: 0.9121205357142858, test acc: 0.925
2024-08-10 12:12:13,104 - root - INFO - train ap: 0.917655201343841, test ap: 0.9587378115336773
2024-08-10 12:12:13,105 - root - INFO - start 85 epoch
2024-08-10 12:12:17,611 - root - INFO - epoch: 85:
2024-08-10 12:12:17,611 - root - INFO - Epoch mean loss: 0.238943234618221
2024-08-10 12:12:17,611 - root - INFO - train acc: 0.9115011160714286, test acc: 0.9255555555555556
2024-08-10 12:12:17,611 - root - INFO - train ap: 0.9181258327478294, test ap: 0.9594053926419106
2024-08-10 12:12:17,612 - root - INFO - start 86 epoch
2024-08-10 12:12:22,165 - root - INFO - epoch: 86:
2024-08-10 12:12:22,165 - root - INFO - Epoch mean loss: 0.23616824352315494
2024-08-10 12:12:22,165 - root - INFO - train acc: 0.9147712053571428, test acc: 0.9255555555555557
2024-08-10 12:12:22,165 - root - INFO - train ap: 0.923914782102589, test ap: 0.9591402849783894
2024-08-10 12:12:22,166 - root - INFO - start 87 epoch
2024-08-10 12:12:26,641 - root - INFO - epoch: 87:
2024-08-10 12:12:26,641 - root - INFO - Epoch mean loss: 0.23731309601238795
2024-08-10 12:12:26,641 - root - INFO - train acc: 0.9137165178571429, test acc: 0.9255555555555557
2024-08-10 12:12:26,641 - root - INFO - train ap: 0.9232961616034377, test ap: 0.9595198043003602
2024-08-10 12:12:26,642 - root - INFO - start 88 epoch
2024-08-10 12:12:31,128 - root - INFO - epoch: 88:
2024-08-10 12:12:31,128 - root - INFO - Epoch mean loss: 0.23201792048556463
2024-08-10 12:12:31,128 - root - INFO - train acc: 0.9148270089285714, test acc: 0.9261111111111112
2024-08-10 12:12:31,128 - root - INFO - train ap: 0.9282834813331647, test ap: 0.9592679551575106
2024-08-10 12:12:31,129 - root - INFO - start 89 epoch
2024-08-10 12:12:35,630 - root - INFO - epoch: 89:
2024-08-10 12:12:35,630 - root - INFO - Epoch mean loss: 0.2311174257525376
2024-08-10 12:12:35,630 - root - INFO - train acc: 0.9179966517857142, test acc: 0.9261111111111112
2024-08-10 12:12:35,630 - root - INFO - train ap: 0.9260351246481504, test ap: 0.9595345268416718
2024-08-10 12:12:35,631 - root - INFO - start 90 epoch
2024-08-10 12:12:40,123 - root - INFO - epoch: 90:
2024-08-10 12:12:40,123 - root - INFO - Epoch mean loss: 0.23108100625021116
2024-08-10 12:12:40,123 - root - INFO - train acc: 0.9180189732142857, test acc: 0.9261111111111112
2024-08-10 12:12:40,123 - root - INFO - train ap: 0.9231599583109188, test ap: 0.9595121307627097
2024-08-10 12:12:40,124 - root - INFO - start 91 epoch
2024-08-10 12:12:44,611 - root - INFO - epoch: 91:
2024-08-10 12:12:44,611 - root - INFO - Epoch mean loss: 0.22678267317158834
2024-08-10 12:12:44,611 - root - INFO - train acc: 0.9191517857142857, test acc: 0.926111111111111
2024-08-10 12:12:44,611 - root - INFO - train ap: 0.9252610830625108, test ap: 0.9596390972181246
2024-08-10 12:12:44,612 - root - INFO - start 92 epoch
2024-08-10 12:12:49,115 - root - INFO - epoch: 92:
2024-08-10 12:12:49,115 - root - INFO - Epoch mean loss: 0.2254090846649238
2024-08-10 12:12:49,115 - root - INFO - train acc: 0.9207700892857142, test acc: 0.9266666666666666
2024-08-10 12:12:49,115 - root - INFO - train ap: 0.921708780122466, test ap: 0.959915753245978
2024-08-10 12:12:49,116 - root - INFO - start 93 epoch
2024-08-10 12:12:53,681 - root - INFO - epoch: 93:
2024-08-10 12:12:53,681 - root - INFO - Epoch mean loss: 0.22592494370681898
2024-08-10 12:12:53,681 - root - INFO - train acc: 0.9192745535714285, test acc: 0.9277777777777778
2024-08-10 12:12:53,681 - root - INFO - train ap: 0.9297911924966461, test ap: 0.9593777536638607
2024-08-10 12:12:53,682 - root - INFO - start 94 epoch
2024-08-10 12:12:58,222 - root - INFO - epoch: 94:
2024-08-10 12:12:58,222 - root - INFO - Epoch mean loss: 0.22584340189184463
2024-08-10 12:12:58,222 - root - INFO - train acc: 0.9203906249999999, test acc: 0.9272222222222222
2024-08-10 12:12:58,222 - root - INFO - train ap: 0.9236644529255873, test ap: 0.9593260155406639
2024-08-10 12:12:58,223 - root - INFO - start 95 epoch
2024-08-10 12:13:02,809 - root - INFO - epoch: 95:
2024-08-10 12:13:02,809 - root - INFO - Epoch mean loss: 0.22750680521130562
2024-08-10 12:13:02,809 - root - INFO - train acc: 0.9197935267857142, test acc: 0.9277777777777778
2024-08-10 12:13:02,809 - root - INFO - train ap: 0.9205766089998785, test ap: 0.9592829434826494
2024-08-10 12:13:02,810 - root - INFO - start 96 epoch
2024-08-10 12:13:07,276 - root - INFO - epoch: 96:
2024-08-10 12:13:07,276 - root - INFO - Epoch mean loss: 0.222540375909635
2024-08-10 12:13:07,276 - root - INFO - train acc: 0.9194363839285715, test acc: 0.9277777777777778
2024-08-10 12:13:07,276 - root - INFO - train ap: 0.9287907764398372, test ap: 0.9590793920101593
2024-08-10 12:13:07,277 - root - INFO - start 97 epoch
2024-08-10 12:13:11,721 - root - INFO - epoch: 97:
2024-08-10 12:13:11,721 - root - INFO - Epoch mean loss: 0.2190332311604704
2024-08-10 12:13:11,721 - root - INFO - train acc: 0.9238560267857142, test acc: 0.9288888888888889
2024-08-10 12:13:11,721 - root - INFO - train ap: 0.9252973373125677, test ap: 0.9589233221926313
2024-08-10 12:13:11,722 - root - INFO - start 98 epoch
2024-08-10 12:13:16,228 - root - INFO - epoch: 98:
2024-08-10 12:13:16,228 - root - INFO - Epoch mean loss: 0.21943580891404832
2024-08-10 12:13:16,228 - root - INFO - train acc: 0.9225223214285715, test acc: 0.9283333333333333
2024-08-10 12:13:16,228 - root - INFO - train ap: 0.9311414777574988, test ap: 0.9592861147272799
2024-08-10 12:13:16,229 - root - INFO - start 99 epoch
2024-08-10 12:13:20,772 - root - INFO - epoch: 99:
2024-08-10 12:13:20,773 - root - INFO - Epoch mean loss: 0.2210250049829483
2024-08-10 12:13:20,773 - root - INFO - train acc: 0.925390625, test acc: 0.9283333333333333
2024-08-10 12:13:20,773 - root - INFO - train ap: 0.9244886689366785, test ap: 0.9590892291775664
2024-08-10 12:13:20,773 - root - INFO - Saving TGAN model
2024-08-10 12:13:20,774 - root - INFO - TGAN models saved
