2024-08-16 22:26:50,103 - root - INFO - Namespace(data='simulate_v2', bs=256, prefix='simulate_v2', n_degree=10, n_head=2, n_epoch=100, n_layer=2, lr=0.0001, drop_out=0.1, gpu=1, node_dim=100, time_dim=100, agg_method='attn', attn_mode='prod', time='time', uniform=False)
2024-08-16 22:26:50,166 - module - INFO - Aggregation uses attention model
2024-08-16 22:26:50,167 - module - INFO - Using scaled prod attention
2024-08-16 22:26:50,168 - module - INFO - Using scaled prod attention
2024-08-16 22:26:50,168 - module - INFO - Using time encoding
2024-08-16 22:26:50,536 - root - INFO - num of training instances: 5856
2024-08-16 22:26:50,536 - root - INFO - num of batches per epoch: 23
2024-08-16 22:26:50,536 - root - INFO - start 0 epoch
2024-08-16 22:26:55,216 - root - INFO - epoch: 0:
2024-08-16 22:26:55,216 - root - INFO - Epoch mean loss: 0.7014690818993942
2024-08-16 22:26:55,216 - root - INFO - train acc: 0.4959459994638331, test acc: 0.5165039929015084
2024-08-16 22:26:55,216 - root - INFO - train ap: 0.4893361127582022, test ap: 0.5173230043782097
2024-08-16 22:26:55,217 - root - INFO - start 1 epoch
2024-08-16 22:26:59,500 - root - INFO - epoch: 1:
2024-08-16 22:26:59,500 - root - INFO - Epoch mean loss: 0.6999443173408508
2024-08-16 22:26:59,500 - root - INFO - train acc: 0.4959459994638331, test acc: 0.5165039929015084
2024-08-16 22:26:59,500 - root - INFO - train ap: 0.4873757004215842, test ap: 0.533431368996569
2024-08-16 22:26:59,501 - root - INFO - start 2 epoch
2024-08-16 22:27:03,787 - root - INFO - epoch: 2:
2024-08-16 22:27:03,787 - root - INFO - Epoch mean loss: 0.697949450948964
2024-08-16 22:27:03,787 - root - INFO - train acc: 0.4959459994638331, test acc: 0.5165039929015084
2024-08-16 22:27:03,787 - root - INFO - train ap: 0.5062404748907755, test ap: 0.5383106125505212
2024-08-16 22:27:03,788 - root - INFO - start 3 epoch
2024-08-16 22:27:08,007 - root - INFO - epoch: 3:
2024-08-16 22:27:08,007 - root - INFO - Epoch mean loss: 0.69718388111695
2024-08-16 22:27:08,007 - root - INFO - train acc: 0.4959459994638331, test acc: 0.5165039929015084
2024-08-16 22:27:08,007 - root - INFO - train ap: 0.4964419705585781, test ap: 0.6018018074049054
2024-08-16 22:27:08,008 - root - INFO - start 4 epoch
2024-08-16 22:27:12,255 - root - INFO - epoch: 4:
2024-08-16 22:27:12,255 - root - INFO - Epoch mean loss: 0.6959889660710874
2024-08-16 22:27:12,255 - root - INFO - train acc: 0.4959459994638331, test acc: 0.5165039929015084
2024-08-16 22:27:12,255 - root - INFO - train ap: 0.5133129869667518, test ap: 0.6584400333880736
2024-08-16 22:27:12,257 - root - INFO - start 5 epoch
2024-08-16 22:27:16,502 - root - INFO - epoch: 5:
2024-08-16 22:27:16,502 - root - INFO - Epoch mean loss: 0.695868528407553
2024-08-16 22:27:16,502 - root - INFO - train acc: 0.4959459994638331, test acc: 0.5165039929015084
2024-08-16 22:27:16,502 - root - INFO - train ap: 0.5040303510990737, test ap: 0.6076935219540925
2024-08-16 22:27:16,504 - root - INFO - start 6 epoch
2024-08-16 22:27:20,739 - root - INFO - epoch: 6:
2024-08-16 22:27:20,739 - root - INFO - Epoch mean loss: 0.6956518836643385
2024-08-16 22:27:20,739 - root - INFO - train acc: 0.4959459994638331, test acc: 0.5165039929015084
2024-08-16 22:27:20,739 - root - INFO - train ap: 0.5022087199098477, test ap: 0.5546617338491199
2024-08-16 22:27:20,741 - root - INFO - start 7 epoch
2024-08-16 22:27:24,999 - root - INFO - epoch: 7:
2024-08-16 22:27:24,999 - root - INFO - Epoch mean loss: 0.6953419084134309
2024-08-16 22:27:24,999 - root - INFO - train acc: 0.4959459994638331, test acc: 0.5165039929015084
2024-08-16 22:27:24,999 - root - INFO - train ap: 0.5131096406179957, test ap: 0.5404117269431702
2024-08-16 22:27:25,000 - root - INFO - start 8 epoch
2024-08-16 22:27:29,256 - root - INFO - epoch: 8:
2024-08-16 22:27:29,257 - root - INFO - Epoch mean loss: 0.6953659498173258
2024-08-16 22:27:29,257 - root - INFO - train acc: 0.4959459994638331, test acc: 0.5165039929015084
2024-08-16 22:27:29,257 - root - INFO - train ap: 0.5066054734194736, test ap: 0.5203544490192789
2024-08-16 22:27:29,258 - root - INFO - start 9 epoch
2024-08-16 22:27:33,490 - root - INFO - epoch: 9:
2024-08-16 22:27:33,490 - root - INFO - Epoch mean loss: 0.6951701744743015
2024-08-16 22:27:33,490 - root - INFO - train acc: 0.4959459994638331, test acc: 0.5165039929015084
2024-08-16 22:27:33,491 - root - INFO - train ap: 0.512094248318074, test ap: 0.5188639813307072
2024-08-16 22:27:33,491 - root - INFO - start 10 epoch
2024-08-16 22:27:37,720 - root - INFO - epoch: 10:
2024-08-16 22:27:37,720 - root - INFO - Epoch mean loss: 0.6952345863632534
2024-08-16 22:27:37,720 - root - INFO - train acc: 0.4959459994638331, test acc: 0.5165039929015084
2024-08-16 22:27:37,720 - root - INFO - train ap: 0.5048826631612123, test ap: 0.5190710206681813
2024-08-16 22:27:37,721 - root - INFO - start 11 epoch
2024-08-16 22:27:41,972 - root - INFO - epoch: 11:
2024-08-16 22:27:41,972 - root - INFO - Epoch mean loss: 0.6951212701590165
2024-08-16 22:27:41,972 - root - INFO - train acc: 0.4959459994638331, test acc: 0.5165039929015084
2024-08-16 22:27:41,973 - root - INFO - train ap: 0.5053817601172033, test ap: 0.5212440356231511
2024-08-16 22:27:41,973 - root - INFO - start 12 epoch
2024-08-16 22:27:46,213 - root - INFO - epoch: 12:
2024-08-16 22:27:46,213 - root - INFO - Epoch mean loss: 0.695137619972229
2024-08-16 22:27:46,213 - root - INFO - train acc: 0.4959459994638331, test acc: 0.5165039929015084
2024-08-16 22:27:46,213 - root - INFO - train ap: 0.5026815610831034, test ap: 0.5197708304786949
2024-08-16 22:27:46,214 - root - INFO - start 13 epoch
2024-08-16 22:27:50,431 - root - INFO - epoch: 13:
2024-08-16 22:27:50,431 - root - INFO - Epoch mean loss: 0.6949165359787319
2024-08-16 22:27:50,431 - root - INFO - train acc: 0.4959459994638331, test acc: 0.5165039929015084
2024-08-16 22:27:50,431 - root - INFO - train ap: 0.5127989241308039, test ap: 0.5230105693042928
2024-08-16 22:27:50,432 - root - INFO - start 14 epoch
2024-08-16 22:27:54,729 - root - INFO - epoch: 14:
2024-08-16 22:27:54,729 - root - INFO - Epoch mean loss: 0.6947935560475225
2024-08-16 22:27:54,729 - root - INFO - train acc: 0.4959459994638331, test acc: 0.5165039929015084
2024-08-16 22:27:54,729 - root - INFO - train ap: 0.5160234046554218, test ap: 0.526365222705372
2024-08-16 22:27:54,730 - root - INFO - start 15 epoch
2024-08-16 22:27:58,963 - root - INFO - epoch: 15:
2024-08-16 22:27:58,963 - root - INFO - Epoch mean loss: 0.6948371762814729
2024-08-16 22:27:58,963 - root - INFO - train acc: 0.4959459994638331, test acc: 0.5165039929015084
2024-08-16 22:27:58,963 - root - INFO - train ap: 0.5101904477221516, test ap: 0.5290328822243435
2024-08-16 22:27:58,964 - root - INFO - start 16 epoch
2024-08-16 22:28:03,292 - root - INFO - epoch: 16:
2024-08-16 22:28:03,292 - root - INFO - Epoch mean loss: 0.6948373784189639
2024-08-16 22:28:03,292 - root - INFO - train acc: 0.4959459994638331, test acc: 0.5165039929015084
2024-08-16 22:28:03,292 - root - INFO - train ap: 0.5089394909146975, test ap: 0.5318032977498611
2024-08-16 22:28:03,293 - root - INFO - start 17 epoch
2024-08-16 22:28:07,523 - root - INFO - epoch: 17:
2024-08-16 22:28:07,523 - root - INFO - Epoch mean loss: 0.6947962797206381
2024-08-16 22:28:07,523 - root - INFO - train acc: 0.4959459994638331, test acc: 0.5165039929015084
2024-08-16 22:28:07,523 - root - INFO - train ap: 0.5076327024549876, test ap: 0.5437698038608672
2024-08-16 22:28:07,524 - root - INFO - start 18 epoch
2024-08-16 22:28:11,760 - root - INFO - epoch: 18:
2024-08-16 22:28:11,760 - root - INFO - Epoch mean loss: 0.6946306228637695
2024-08-16 22:28:11,760 - root - INFO - train acc: 0.4959459994638331, test acc: 0.5165039929015084
2024-08-16 22:28:11,760 - root - INFO - train ap: 0.5153871464538266, test ap: 0.5516266281708975
2024-08-16 22:28:11,761 - root - INFO - start 19 epoch
2024-08-16 22:28:16,051 - root - INFO - epoch: 19:
2024-08-16 22:28:16,051 - root - INFO - Epoch mean loss: 0.6945277944855068
2024-08-16 22:28:16,051 - root - INFO - train acc: 0.4959459994638331, test acc: 0.5165039929015084
2024-08-16 22:28:16,051 - root - INFO - train ap: 0.5192360126642735, test ap: 0.5563322683357212
2024-08-16 22:28:16,052 - root - INFO - start 20 epoch
2024-08-16 22:28:20,397 - root - INFO - epoch: 20:
2024-08-16 22:28:20,397 - root - INFO - Epoch mean loss: 0.6946507148120714
2024-08-16 22:28:20,397 - root - INFO - train acc: 0.4959459994638331, test acc: 0.5165039929015084
2024-08-16 22:28:20,397 - root - INFO - train ap: 0.5119643006498744, test ap: 0.5664486115763142
2024-08-16 22:28:20,398 - root - INFO - start 21 epoch
2024-08-16 22:28:24,685 - root - INFO - epoch: 21:
2024-08-16 22:28:24,686 - root - INFO - Epoch mean loss: 0.6944279852120773
2024-08-16 22:28:24,686 - root - INFO - train acc: 0.4959459994638331, test acc: 0.5165039929015084
2024-08-16 22:28:24,686 - root - INFO - train ap: 0.5219710948183279, test ap: 0.5707433845532441
2024-08-16 22:28:24,687 - root - INFO - start 22 epoch
2024-08-16 22:28:28,913 - root - INFO - epoch: 22:
2024-08-16 22:28:28,913 - root - INFO - Epoch mean loss: 0.6943830018458159
2024-08-16 22:28:28,913 - root - INFO - train acc: 0.4959459994638331, test acc: 0.5165039929015084
2024-08-16 22:28:28,913 - root - INFO - train ap: 0.5222815026622287, test ap: 0.587522322686192
2024-08-16 22:28:28,915 - root - INFO - start 23 epoch
2024-08-16 22:28:33,127 - root - INFO - epoch: 23:
2024-08-16 22:28:33,127 - root - INFO - Epoch mean loss: 0.6944015881289607
2024-08-16 22:28:33,127 - root - INFO - train acc: 0.4959459994638331, test acc: 0.5165039929015084
2024-08-16 22:28:33,128 - root - INFO - train ap: 0.521271410681937, test ap: 0.6190017323275872
2024-08-16 22:28:33,129 - root - INFO - start 24 epoch
2024-08-16 22:28:37,483 - root - INFO - epoch: 24:
2024-08-16 22:28:37,483 - root - INFO - Epoch mean loss: 0.6942516383917435
2024-08-16 22:28:37,483 - root - INFO - train acc: 0.4959459994638331, test acc: 0.5165039929015084
2024-08-16 22:28:37,483 - root - INFO - train ap: 0.5289637839107876, test ap: 0.6413175045960533
2024-08-16 22:28:37,484 - root - INFO - start 25 epoch
2024-08-16 22:28:41,736 - root - INFO - epoch: 25:
2024-08-16 22:28:41,736 - root - INFO - Epoch mean loss: 0.6942236501237621
2024-08-16 22:28:41,736 - root - INFO - train acc: 0.4959459994638331, test acc: 0.5165039929015084
2024-08-16 22:28:41,736 - root - INFO - train ap: 0.5281138091658354, test ap: 0.6545402439629213
2024-08-16 22:28:41,737 - root - INFO - start 26 epoch
2024-08-16 22:28:45,989 - root - INFO - epoch: 26:
2024-08-16 22:28:45,989 - root - INFO - Epoch mean loss: 0.6939119696617126
2024-08-16 22:28:45,989 - root - INFO - train acc: 0.4959459994638331, test acc: 0.5165039929015084
2024-08-16 22:28:45,989 - root - INFO - train ap: 0.5438351206042157, test ap: 0.6726049751024367
2024-08-16 22:28:45,990 - root - INFO - start 27 epoch
2024-08-16 22:28:50,240 - root - INFO - epoch: 27:
2024-08-16 22:28:50,241 - root - INFO - Epoch mean loss: 0.6937523847040923
2024-08-16 22:28:50,241 - root - INFO - train acc: 0.4959459994638331, test acc: 0.5165039929015084
2024-08-16 22:28:50,241 - root - INFO - train ap: 0.5494187227871866, test ap: 0.699991936772992
2024-08-16 22:28:50,242 - root - INFO - start 28 epoch
2024-08-16 22:28:54,506 - root - INFO - epoch: 28:
2024-08-16 22:28:54,506 - root - INFO - Epoch mean loss: 0.6935671697492185
2024-08-16 22:28:54,506 - root - INFO - train acc: 0.4959459994638331, test acc: 0.5165039929015084
2024-08-16 22:28:54,506 - root - INFO - train ap: 0.5570419486037685, test ap: 0.7094272275774003
2024-08-16 22:28:54,507 - root - INFO - start 29 epoch
2024-08-16 22:28:58,784 - root - INFO - epoch: 29:
2024-08-16 22:28:58,784 - root - INFO - Epoch mean loss: 0.6934010334636854
2024-08-16 22:28:58,784 - root - INFO - train acc: 0.4959459994638331, test acc: 0.5165039929015084
2024-08-16 22:28:58,784 - root - INFO - train ap: 0.5612558840200483, test ap: 0.7167589978088543
2024-08-16 22:28:58,785 - root - INFO - start 30 epoch
2024-08-16 22:29:03,280 - root - INFO - epoch: 30:
2024-08-16 22:29:03,280 - root - INFO - Epoch mean loss: 0.6928234100341797
2024-08-16 22:29:03,280 - root - INFO - train acc: 0.4959459994638331, test acc: 0.5165039929015084
2024-08-16 22:29:03,280 - root - INFO - train ap: 0.5863750849155333, test ap: 0.723215183835046
2024-08-16 22:29:03,281 - root - INFO - start 31 epoch
2024-08-16 22:29:07,503 - root - INFO - epoch: 31:
2024-08-16 22:29:07,504 - root - INFO - Epoch mean loss: 0.692729872205983
2024-08-16 22:29:07,504 - root - INFO - train acc: 0.4959459994638331, test acc: 0.5165039929015084
2024-08-16 22:29:07,504 - root - INFO - train ap: 0.5798433976900033, test ap: 0.7262386044153497
2024-08-16 22:29:07,505 - root - INFO - start 32 epoch
2024-08-16 22:29:11,809 - root - INFO - epoch: 32:
2024-08-16 22:29:11,809 - root - INFO - Epoch mean loss: 0.6922649715257727
2024-08-16 22:29:11,809 - root - INFO - train acc: 0.4959459994638331, test acc: 0.5165039929015084
2024-08-16 22:29:11,809 - root - INFO - train ap: 0.5952300815883074, test ap: 0.7324352303057873
2024-08-16 22:29:11,811 - root - INFO - start 33 epoch
2024-08-16 22:29:16,046 - root - INFO - epoch: 33:
2024-08-16 22:29:16,046 - root - INFO - Epoch mean loss: 0.691634134106014
2024-08-16 22:29:16,046 - root - INFO - train acc: 0.4959459994638331, test acc: 0.5165039929015084
2024-08-16 22:29:16,046 - root - INFO - train ap: 0.6094827639584256, test ap: 0.7406012800616111
2024-08-16 22:29:16,047 - root - INFO - start 34 epoch
2024-08-16 22:29:20,363 - root - INFO - epoch: 34:
2024-08-16 22:29:20,363 - root - INFO - Epoch mean loss: 0.691100960192473
2024-08-16 22:29:20,363 - root - INFO - train acc: 0.4959459994638331, test acc: 0.5165039929015084
2024-08-16 22:29:20,363 - root - INFO - train ap: 0.612640354248457, test ap: 0.7452681193284412
2024-08-16 22:29:20,365 - root - INFO - start 35 epoch
2024-08-16 22:29:24,587 - root - INFO - epoch: 35:
2024-08-16 22:29:24,588 - root - INFO - Epoch mean loss: 0.6906509788140006
2024-08-16 22:29:24,588 - root - INFO - train acc: 0.4959459994638331, test acc: 0.5165039929015084
2024-08-16 22:29:24,588 - root - INFO - train ap: 0.6211894347089484, test ap: 0.7550546143688021
2024-08-16 22:29:24,589 - root - INFO - start 36 epoch
2024-08-16 22:29:28,841 - root - INFO - epoch: 36:
2024-08-16 22:29:28,841 - root - INFO - Epoch mean loss: 0.6895186330961145
2024-08-16 22:29:28,841 - root - INFO - train acc: 0.4959459994638331, test acc: 0.5165039929015084
2024-08-16 22:29:28,842 - root - INFO - train ap: 0.6424591074629056, test ap: 0.764613794313765
2024-08-16 22:29:28,843 - root - INFO - start 37 epoch
2024-08-16 22:29:33,177 - root - INFO - epoch: 37:
2024-08-16 22:29:33,177 - root - INFO - Epoch mean loss: 0.6883723113847815
2024-08-16 22:29:33,177 - root - INFO - train acc: 0.4959459994638331, test acc: 0.5165039929015084
2024-08-16 22:29:33,177 - root - INFO - train ap: 0.6563871771601277, test ap: 0.7700246796019662
2024-08-16 22:29:33,179 - root - INFO - start 38 epoch
2024-08-16 22:29:37,413 - root - INFO - epoch: 38:
2024-08-16 22:29:37,413 - root - INFO - Epoch mean loss: 0.6869994635167329
2024-08-16 22:29:37,413 - root - INFO - train acc: 0.4959459994638331, test acc: 0.5165039929015084
2024-08-16 22:29:37,413 - root - INFO - train ap: 0.665105533211996, test ap: 0.7727055686565047
2024-08-16 22:29:37,414 - root - INFO - start 39 epoch
2024-08-16 22:29:41,673 - root - INFO - epoch: 39:
2024-08-16 22:29:41,673 - root - INFO - Epoch mean loss: 0.6856467905251876
2024-08-16 22:29:41,673 - root - INFO - train acc: 0.4959459994638331, test acc: 0.5165039929015084
2024-08-16 22:29:41,673 - root - INFO - train ap: 0.6690708848114728, test ap: 0.7732580319301902
2024-08-16 22:29:41,675 - root - INFO - start 40 epoch
2024-08-16 22:29:46,011 - root - INFO - epoch: 40:
2024-08-16 22:29:46,011 - root - INFO - Epoch mean loss: 0.6841077260349108
2024-08-16 22:29:46,011 - root - INFO - train acc: 0.4959459994638331, test acc: 0.5165039929015084
2024-08-16 22:29:46,011 - root - INFO - train ap: 0.6808246585792997, test ap: 0.7775467296321027
2024-08-16 22:29:46,012 - root - INFO - start 41 epoch
2024-08-16 22:29:50,216 - root - INFO - epoch: 41:
2024-08-16 22:29:50,216 - root - INFO - Epoch mean loss: 0.6812749194062274
2024-08-16 22:29:50,216 - root - INFO - train acc: 0.4959459994638331, test acc: 0.5165039929015084
2024-08-16 22:29:50,216 - root - INFO - train ap: 0.6984283617097986, test ap: 0.7827757554721515
2024-08-16 22:29:50,217 - root - INFO - start 42 epoch
2024-08-16 22:29:54,494 - root - INFO - epoch: 42:
2024-08-16 22:29:54,494 - root - INFO - Epoch mean loss: 0.6781143105548361
2024-08-16 22:29:54,494 - root - INFO - train acc: 0.4959459994638331, test acc: 0.5165039929015084
2024-08-16 22:29:54,494 - root - INFO - train ap: 0.715144634242427, test ap: 0.7922126066766371
2024-08-16 22:29:54,495 - root - INFO - start 43 epoch
2024-08-16 22:29:58,754 - root - INFO - epoch: 43:
2024-08-16 22:29:58,754 - root - INFO - Epoch mean loss: 0.6744906150776407
2024-08-16 22:29:58,754 - root - INFO - train acc: 0.4959459994638331, test acc: 0.5165039929015084
2024-08-16 22:29:58,754 - root - INFO - train ap: 0.7222224140948448, test ap: 0.7938687563642488
2024-08-16 22:29:58,755 - root - INFO - start 44 epoch
2024-08-16 22:30:03,057 - root - INFO - epoch: 44:
2024-08-16 22:30:03,057 - root - INFO - Epoch mean loss: 0.6699833507123201
2024-08-16 22:30:03,057 - root - INFO - train acc: 0.4959459994638331, test acc: 0.5165039929015084
2024-08-16 22:30:03,057 - root - INFO - train ap: 0.7337868340649191, test ap: 0.8020102155939489
2024-08-16 22:30:03,058 - root - INFO - start 45 epoch
2024-08-16 22:30:07,345 - root - INFO - epoch: 45:
2024-08-16 22:30:07,345 - root - INFO - Epoch mean loss: 0.6644273840862772
2024-08-16 22:30:07,346 - root - INFO - train acc: 0.4959459994638331, test acc: 0.5165039929015084
2024-08-16 22:30:07,346 - root - INFO - train ap: 0.7395514740152794, test ap: 0.8060014630282748
2024-08-16 22:30:07,347 - root - INFO - start 46 epoch
2024-08-16 22:30:11,529 - root - INFO - epoch: 46:
2024-08-16 22:30:11,529 - root - INFO - Epoch mean loss: 0.65620851257573
2024-08-16 22:30:11,529 - root - INFO - train acc: 0.4959459994638331, test acc: 0.5165039929015084
2024-08-16 22:30:11,529 - root - INFO - train ap: 0.7577730132628642, test ap: 0.8014891185135697
2024-08-16 22:30:11,530 - root - INFO - start 47 epoch
2024-08-16 22:30:15,768 - root - INFO - epoch: 47:
2024-08-16 22:30:15,768 - root - INFO - Epoch mean loss: 0.6523394506910573
2024-08-16 22:30:15,768 - root - INFO - train acc: 0.4959459994638331, test acc: 0.5165039929015084
2024-08-16 22:30:15,768 - root - INFO - train ap: 0.7435998983063519, test ap: 0.8053684787219895
2024-08-16 22:30:15,769 - root - INFO - start 48 epoch
2024-08-16 22:30:20,067 - root - INFO - epoch: 48:
2024-08-16 22:30:20,067 - root - INFO - Epoch mean loss: 0.6447308918704158
2024-08-16 22:30:20,067 - root - INFO - train acc: 0.4959459994638331, test acc: 0.5165039929015084
2024-08-16 22:30:20,067 - root - INFO - train ap: 0.7593409101558939, test ap: 0.812920681999878
2024-08-16 22:30:20,068 - root - INFO - start 49 epoch
2024-08-16 22:30:24,351 - root - INFO - epoch: 49:
2024-08-16 22:30:24,352 - root - INFO - Epoch mean loss: 0.6380635836850042
2024-08-16 22:30:24,352 - root - INFO - train acc: 0.4959459994638331, test acc: 0.5165039929015084
2024-08-16 22:30:24,352 - root - INFO - train ap: 0.7690682376754016, test ap: 0.8207281862941433
2024-08-16 22:30:24,353 - root - INFO - start 50 epoch
2024-08-16 22:30:28,615 - root - INFO - epoch: 50:
2024-08-16 22:30:28,615 - root - INFO - Epoch mean loss: 0.6323928392451742
2024-08-16 22:30:28,615 - root - INFO - train acc: 0.4959459994638331, test acc: 0.5165039929015084
2024-08-16 22:30:28,615 - root - INFO - train ap: 0.7788056389694745, test ap: 0.8288222989729156
2024-08-16 22:30:28,616 - root - INFO - start 51 epoch
2024-08-16 22:30:32,926 - root - INFO - epoch: 51:
2024-08-16 22:30:32,926 - root - INFO - Epoch mean loss: 0.6281583490579025
2024-08-16 22:30:32,926 - root - INFO - train acc: 0.4959459994638331, test acc: 0.5165039929015084
2024-08-16 22:30:32,926 - root - INFO - train ap: 0.7805831859292509, test ap: 0.8403978632112814
2024-08-16 22:30:32,927 - root - INFO - start 52 epoch
2024-08-16 22:30:37,239 - root - INFO - epoch: 52:
2024-08-16 22:30:37,239 - root - INFO - Epoch mean loss: 0.6211422085762024
2024-08-16 22:30:37,239 - root - INFO - train acc: 0.4959459994638331, test acc: 0.5165039929015084
2024-08-16 22:30:37,239 - root - INFO - train ap: 0.8016488601658026, test ap: 0.8567121056901642
2024-08-16 22:30:37,240 - root - INFO - start 53 epoch
2024-08-16 22:30:41,482 - root - INFO - epoch: 53:
2024-08-16 22:30:41,482 - root - INFO - Epoch mean loss: 0.6130727088969686
2024-08-16 22:30:41,482 - root - INFO - train acc: 0.4959459994638331, test acc: 0.5165039929015084
2024-08-16 22:30:41,482 - root - INFO - train ap: 0.8141639700728281, test ap: 0.8676287198375887
2024-08-16 22:30:41,483 - root - INFO - start 54 epoch
2024-08-16 22:30:45,703 - root - INFO - epoch: 54:
2024-08-16 22:30:45,703 - root - INFO - Epoch mean loss: 0.606612521669139
2024-08-16 22:30:45,703 - root - INFO - train acc: 0.4959459994638331, test acc: 0.5165039929015084
2024-08-16 22:30:45,703 - root - INFO - train ap: 0.825643288456775, test ap: 0.8786806566355072
2024-08-16 22:30:45,704 - root - INFO - start 55 epoch
2024-08-16 22:30:50,011 - root - INFO - epoch: 55:
2024-08-16 22:30:50,011 - root - INFO - Epoch mean loss: 0.6016776717227438
2024-08-16 22:30:50,011 - root - INFO - train acc: 0.4959459994638331, test acc: 0.5165039929015084
2024-08-16 22:30:50,011 - root - INFO - train ap: 0.8326851166919679, test ap: 0.8840876361882708
2024-08-16 22:30:50,012 - root - INFO - start 56 epoch
2024-08-16 22:30:54,262 - root - INFO - epoch: 56:
2024-08-16 22:30:54,262 - root - INFO - Epoch mean loss: 0.5948703859163367
2024-08-16 22:30:54,262 - root - INFO - train acc: 0.6684858768765841, test acc: 0.7942028985507246
2024-08-16 22:30:54,262 - root - INFO - train ap: 0.8446582370139444, test ap: 0.8907449181655306
2024-08-16 22:30:54,263 - root - INFO - start 57 epoch
2024-08-16 22:30:58,585 - root - INFO - epoch: 57:
2024-08-16 22:30:58,585 - root - INFO - Epoch mean loss: 0.5893784865089085
2024-08-16 22:30:58,586 - root - INFO - train acc: 0.7796597777344512, test acc: 0.7950902099970425
2024-08-16 22:30:58,586 - root - INFO - train ap: 0.8450267240529648, test ap: 0.8998292581502488
2024-08-16 22:30:58,587 - root - INFO - start 58 epoch
2024-08-16 22:31:02,863 - root - INFO - epoch: 58:
2024-08-16 22:31:02,863 - root - INFO - Epoch mean loss: 0.5855159992757051
2024-08-16 22:31:02,863 - root - INFO - train acc: 0.7868934612010139, test acc: 0.8093759242827565
2024-08-16 22:31:02,863 - root - INFO - train ap: 0.8545147442149886, test ap: 0.9046798917538573
2024-08-16 22:31:02,864 - root - INFO - start 59 epoch
2024-08-16 22:31:07,037 - root - INFO - epoch: 59:
2024-08-16 22:31:07,037 - root - INFO - Epoch mean loss: 0.5765321358390476
2024-08-16 22:31:07,038 - root - INFO - train acc: 0.7921584068531878, test acc: 0.8127772848269743
2024-08-16 22:31:07,038 - root - INFO - train ap: 0.8605889857902291, test ap: 0.9118374835338229
2024-08-16 22:31:07,039 - root - INFO - start 60 epoch
2024-08-16 22:31:11,781 - root - INFO - epoch: 60:
2024-08-16 22:31:11,782 - root - INFO - Epoch mean loss: 0.5737869506296904
2024-08-16 22:31:11,782 - root - INFO - train acc: 0.8066699466270227, test acc: 0.8195800059154097
2024-08-16 22:31:11,782 - root - INFO - train ap: 0.8624177470729156, test ap: 0.915281682301873
2024-08-16 22:31:11,783 - root - INFO - start 61 epoch
2024-08-16 22:31:16,009 - root - INFO - epoch: 61:
2024-08-16 22:31:16,009 - root - INFO - Epoch mean loss: 0.5693069929661958
2024-08-16 22:31:16,009 - root - INFO - train acc: 0.8057453633749269, test acc: 0.8243419106773145
2024-08-16 22:31:16,009 - root - INFO - train ap: 0.8685432580800885, test ap: 0.9218908335708049
2024-08-16 22:31:16,010 - root - INFO - start 62 epoch
2024-08-16 22:31:20,275 - root - INFO - epoch: 62:
2024-08-16 22:31:20,275 - root - INFO - Epoch mean loss: 0.5633137692575869
2024-08-16 22:31:20,275 - root - INFO - train acc: 0.8158411422791967, test acc: 0.8345459923099674
2024-08-16 22:31:20,275 - root - INFO - train ap: 0.876994946634448, test ap: 0.923352593188173
2024-08-16 22:31:20,276 - root - INFO - start 63 epoch
2024-08-16 22:31:24,541 - root - INFO - epoch: 63:
2024-08-16 22:31:24,541 - root - INFO - Epoch mean loss: 0.5611016413439875
2024-08-16 22:31:24,541 - root - INFO - train acc: 0.819017778806785, test acc: 0.8386276249630287
2024-08-16 22:31:24,541 - root - INFO - train ap: 0.8778587297101536, test ap: 0.9276591108834282
2024-08-16 22:31:24,542 - root - INFO - start 64 epoch
2024-08-16 22:31:28,765 - root - INFO - epoch: 64:
2024-08-16 22:31:28,765 - root - INFO - Epoch mean loss: 0.5510548068129498
2024-08-16 22:31:28,765 - root - INFO - train acc: 0.8288934551082082, test acc: 0.8433895297249335
2024-08-16 22:31:28,765 - root - INFO - train ap: 0.8901786348662483, test ap: 0.9322501440801155
2024-08-16 22:31:28,766 - root - INFO - start 65 epoch
2024-08-16 22:31:33,016 - root - INFO - epoch: 65:
2024-08-16 22:31:33,016 - root - INFO - Epoch mean loss: 0.5488038555435513
2024-08-16 22:31:33,016 - root - INFO - train acc: 0.8327364922499513, test acc: 0.8481514344868383
2024-08-16 22:31:33,016 - root - INFO - train ap: 0.8898688152227561, test ap: 0.9321690653006204
2024-08-16 22:31:33,017 - root - INFO - start 66 epoch
2024-08-16 22:31:37,349 - root - INFO - epoch: 66:
2024-08-16 22:31:37,349 - root - INFO - Epoch mean loss: 0.5420820894448654
2024-08-16 22:31:37,349 - root - INFO - train acc: 0.8411780744297134, test acc: 0.8556344276841173
2024-08-16 22:31:37,349 - root - INFO - train ap: 0.8984440861020997, test ap: 0.9342011306384915
2024-08-16 22:31:37,350 - root - INFO - start 67 epoch
2024-08-16 22:31:41,625 - root - INFO - epoch: 67:
2024-08-16 22:31:41,625 - root - INFO - Epoch mean loss: 0.5397099049194999
2024-08-16 22:31:41,626 - root - INFO - train acc: 0.8382908461688439, test acc: 0.8597160603371785
2024-08-16 22:31:41,626 - root - INFO - train ap: 0.9049354337772707, test ap: 0.9357301508135908
2024-08-16 22:31:41,627 - root - INFO - start 68 epoch
2024-08-16 22:31:45,922 - root - INFO - epoch: 68:
2024-08-16 22:31:45,922 - root - INFO - Epoch mean loss: 0.5339905321598053
2024-08-16 22:31:45,922 - root - INFO - train acc: 0.8429015768180932, test acc: 0.8692398698609879
2024-08-16 22:31:45,922 - root - INFO - train ap: 0.9014950920810594, test ap: 0.9385372351375878
2024-08-16 22:31:45,923 - root - INFO - start 69 epoch
2024-08-16 22:31:50,165 - root - INFO - epoch: 69:
2024-08-16 22:31:50,165 - root - INFO - Epoch mean loss: 0.499404973309973
2024-08-16 22:31:50,165 - root - INFO - train acc: 0.8610992639890817, test acc: 0.8842058562555457
2024-08-16 22:31:50,165 - root - INFO - train ap: 0.9068203905466425, test ap: 0.9361567275385406
2024-08-16 22:31:50,167 - root - INFO - start 70 epoch
2024-08-16 22:31:54,469 - root - INFO - epoch: 70:
2024-08-16 22:31:54,469 - root - INFO - Epoch mean loss: 0.45626884958018427
2024-08-16 22:31:54,469 - root - INFO - train acc: 0.864527228748294, test acc: 0.8842058562555459
2024-08-16 22:31:54,469 - root - INFO - train ap: 0.9001519134053553, test ap: 0.93259770230592
2024-08-16 22:31:54,471 - root - INFO - start 71 epoch
2024-08-16 22:31:58,685 - root - INFO - epoch: 71:
2024-08-16 22:31:58,685 - root - INFO - Epoch mean loss: 0.4157490937606148
2024-08-16 22:31:58,685 - root - INFO - train acc: 0.8628227663774615, test acc: 0.8853002070393374
2024-08-16 22:31:58,685 - root - INFO - train ap: 0.9048966564899615, test ap: 0.9392271904910735
2024-08-16 22:31:58,686 - root - INFO - start 72 epoch
2024-08-16 22:32:02,876 - root - INFO - epoch: 72:
2024-08-16 22:32:02,876 - root - INFO - Epoch mean loss: 0.38665515443553095
2024-08-16 22:32:02,876 - root - INFO - train acc: 0.8619735815948527, test acc: 0.885980479148181
2024-08-16 22:32:02,876 - root - INFO - train ap: 0.9104014645017383, test ap: 0.9387559470316024
2024-08-16 22:32:02,877 - root - INFO - start 73 epoch
2024-08-16 22:32:07,192 - root - INFO - epoch: 73:
2024-08-16 22:32:07,192 - root - INFO - Epoch mean loss: 0.3628605150658151
2024-08-16 22:32:07,192 - root - INFO - train acc: 0.8683832131019692, test acc: 0.8873410233658681
2024-08-16 22:32:07,192 - root - INFO - train ap: 0.9188458492664083, test ap: 0.9427139352389171
2024-08-16 22:32:07,193 - root - INFO - start 74 epoch
2024-08-16 22:32:11,405 - root - INFO - epoch: 74:
2024-08-16 22:32:11,405 - root - INFO - Epoch mean loss: 0.34838608684747113
2024-08-16 22:32:11,405 - root - INFO - train acc: 0.8702704596412556, test acc: 0.8893818396923987
2024-08-16 22:32:11,405 - root - INFO - train ap: 0.9190020850908739, test ap: 0.9453413773321531
2024-08-16 22:32:11,406 - root - INFO - start 75 epoch
2024-08-16 22:32:15,598 - root - INFO - epoch: 75:
2024-08-16 22:32:15,598 - root - INFO - Epoch mean loss: 0.33583819218303845
2024-08-16 22:32:15,598 - root - INFO - train acc: 0.8783030622441023, test acc: 0.8921029281277727
2024-08-16 22:32:15,598 - root - INFO - train ap: 0.9179277477247123, test ap: 0.9467166802095758
2024-08-16 22:32:15,599 - root - INFO - start 76 epoch
2024-08-16 22:32:19,931 - root - INFO - epoch: 76:
2024-08-16 22:32:19,931 - root - INFO - Epoch mean loss: 0.3255588710308075
2024-08-16 22:32:19,931 - root - INFO - train acc: 0.8752018241860012, test acc: 0.894824016563147
2024-08-16 22:32:19,932 - root - INFO - train ap: 0.9198421261988661, test ap: 0.9502261312561714
2024-08-16 22:32:19,932 - root - INFO - start 77 epoch
2024-08-16 22:32:24,191 - root - INFO - epoch: 77:
2024-08-16 22:32:24,191 - root - INFO - Epoch mean loss: 0.3191902715226878
2024-08-16 22:32:24,191 - root - INFO - train acc: 0.8737928628875025, test acc: 0.8995859213250518
2024-08-16 22:32:24,191 - root - INFO - train ap: 0.9236854194508233, test ap: 0.9512823946988073
2024-08-16 22:32:24,192 - root - INFO - start 78 epoch
2024-08-16 22:32:28,466 - root - INFO - epoch: 78:
2024-08-16 22:32:28,466 - root - INFO - Epoch mean loss: 0.3068874905938688
2024-08-16 22:32:28,466 - root - INFO - train acc: 0.8851468061512966, test acc: 0.9050280981958001
2024-08-16 22:32:28,466 - root - INFO - train ap: 0.9290845994952958, test ap: 0.9528123979342327
2024-08-16 22:32:28,468 - root - INFO - start 79 epoch
2024-08-16 22:32:32,659 - root - INFO - epoch: 79:
2024-08-16 22:32:32,659 - root - INFO - Epoch mean loss: 0.2991332178530486
2024-08-16 22:32:32,659 - root - INFO - train acc: 0.884612162458569, test acc: 0.9104702750665483
2024-08-16 22:32:32,659 - root - INFO - train ap: 0.9284226070694469, test ap: 0.9523122568958258
2024-08-16 22:32:32,660 - root - INFO - start 80 epoch
2024-08-16 22:32:36,855 - root - INFO - epoch: 80:
2024-08-16 22:32:36,855 - root - INFO - Epoch mean loss: 0.2954826296671577
2024-08-16 22:32:36,855 - root - INFO - train acc: 0.8861216550497173, test acc: 0.9111505471753919
2024-08-16 22:32:36,855 - root - INFO - train ap: 0.9307519327623889, test ap: 0.9530088029948365
2024-08-16 22:32:36,856 - root - INFO - start 81 epoch
2024-08-16 22:32:41,123 - root - INFO - epoch: 81:
2024-08-16 22:32:41,123 - root - INFO - Epoch mean loss: 0.2859385635541833
2024-08-16 22:32:41,123 - root - INFO - train acc: 0.89167600896861, test acc: 0.9118308192842354
2024-08-16 22:32:41,123 - root - INFO - train ap: 0.9302884783029752, test ap: 0.9526140664574225
2024-08-16 22:32:41,124 - root - INFO - start 82 epoch
2024-08-16 22:32:45,523 - root - INFO - epoch: 82:
2024-08-16 22:32:45,523 - root - INFO - Epoch mean loss: 0.2762024039807527
2024-08-16 22:32:45,523 - root - INFO - train acc: 0.8963621380873464, test acc: 0.9125110913930788
2024-08-16 22:32:45,523 - root - INFO - train ap: 0.9365540321927844, test ap: 0.9553215655174697
2024-08-16 22:32:45,524 - root - INFO - start 83 epoch
2024-08-16 22:32:49,801 - root - INFO - epoch: 83:
2024-08-16 22:32:49,801 - root - INFO - Epoch mean loss: 0.2739795290905496
2024-08-16 22:32:49,801 - root - INFO - train acc: 0.8958968000584909, test acc: 0.9159124519372966
2024-08-16 22:32:49,801 - root - INFO - train ap: 0.9365272636210646, test ap: 0.9551690559821223
2024-08-16 22:32:49,802 - root - INFO - start 84 epoch
2024-08-16 22:32:53,993 - root - INFO - epoch: 84:
2024-08-16 22:32:53,993 - root - INFO - Epoch mean loss: 0.27187955379486084
2024-08-16 22:32:53,993 - root - INFO - train acc: 0.8977710993858452, test acc: 0.9172729961549837
2024-08-16 22:32:53,993 - root - INFO - train ap: 0.9351738747288734, test ap: 0.9558759008113975
2024-08-16 22:32:53,994 - root - INFO - start 85 epoch
2024-08-16 22:32:58,197 - root - INFO - epoch: 85:
2024-08-16 22:32:58,197 - root - INFO - Epoch mean loss: 0.26036024223203247
2024-08-16 22:32:58,197 - root - INFO - train acc: 0.9052690582959642, test acc: 0.9172729961549837
2024-08-16 22:32:58,197 - root - INFO - train ap: 0.9391692505359184, test ap: 0.9588181696312786
2024-08-16 22:32:58,198 - root - INFO - start 86 epoch
2024-08-16 22:33:02,492 - root - INFO - epoch: 86:
2024-08-16 22:33:02,492 - root - INFO - Epoch mean loss: 0.25458523825458856
2024-08-16 22:33:02,492 - root - INFO - train acc: 0.9027405439656854, test acc: 0.9227151730257319
2024-08-16 22:33:02,492 - root - INFO - train ap: 0.9444527824237694, test ap: 0.9565794286794086
2024-08-16 22:33:02,494 - root - INFO - start 87 epoch
2024-08-16 22:33:06,754 - root - INFO - epoch: 87:
2024-08-16 22:33:06,754 - root - INFO - Epoch mean loss: 0.2513465920220251
2024-08-16 22:33:06,754 - root - INFO - train acc: 0.9113077902612595, test acc: 0.921354628808045
2024-08-16 22:33:06,754 - root - INFO - train ap: 0.944413196672399, test ap: 0.9593270401969066
2024-08-16 22:33:06,756 - root - INFO - start 88 epoch
2024-08-16 22:33:11,081 - root - INFO - epoch: 88:
2024-08-16 22:33:11,082 - root - INFO - Epoch mean loss: 0.2487667131683101
2024-08-16 22:33:11,082 - root - INFO - train acc: 0.9071563048352506, test acc: 0.9227151730257319
2024-08-16 22:33:11,082 - root - INFO - train ap: 0.9416512533764106, test ap: 0.9608265177289981
2024-08-16 22:33:11,084 - root - INFO - start 89 epoch
2024-08-16 22:33:15,347 - root - INFO - epoch: 89:
2024-08-16 22:33:15,347 - root - INFO - Epoch mean loss: 0.24465454985266147
2024-08-16 22:33:15,347 - root - INFO - train acc: 0.9106033096120101, test acc: 0.9240757172434192
2024-08-16 22:33:15,347 - root - INFO - train ap: 0.9468243283612499, test ap: 0.9606729734052858
2024-08-16 22:33:15,349 - root - INFO - start 90 epoch
2024-08-16 22:33:19,531 - root - INFO - epoch: 90:
2024-08-16 22:33:19,531 - root - INFO - Epoch mean loss: 0.2429438343514567
2024-08-16 22:33:19,531 - root - INFO - train acc: 0.9115027600409435, test acc: 0.9254362614611062
2024-08-16 22:33:19,531 - root - INFO - train ap: 0.9451021903777788, test ap: 0.961491648366535
2024-08-16 22:33:19,532 - root - INFO - start 91 epoch
2024-08-16 22:33:23,844 - root - INFO - epoch: 91:
2024-08-16 22:33:23,844 - root - INFO - Epoch mean loss: 0.23475405703420224
2024-08-16 22:33:23,844 - root - INFO - train acc: 0.9116977298206279, test acc: 0.9267968056787932
2024-08-16 22:33:23,844 - root - INFO - train ap: 0.9479990565970745, test ap: 0.9640181709235097
2024-08-16 22:33:23,845 - root - INFO - start 92 epoch
2024-08-16 22:33:28,046 - root - INFO - epoch: 92:
2024-08-16 22:33:28,047 - root - INFO - Epoch mean loss: 0.23236925187318222
2024-08-16 22:33:28,047 - root - INFO - train acc: 0.9168682369857671, test acc: 0.9283643892339546
2024-08-16 22:33:28,047 - root - INFO - train ap: 0.9495065180942465, test ap: 0.9621977915658617
2024-08-16 22:33:28,048 - root - INFO - start 93 epoch
2024-08-16 22:33:32,285 - root - INFO - epoch: 93:
2024-08-16 22:33:32,285 - root - INFO - Epoch mean loss: 0.2331159179625304
2024-08-16 22:33:32,285 - root - INFO - train acc: 0.9149748976408657, test acc: 0.9297249334516418
2024-08-16 22:33:32,285 - root - INFO - train ap: 0.9465847345484424, test ap: 0.963147037617232
2024-08-16 22:33:32,286 - root - INFO - start 94 epoch
2024-08-16 22:33:36,609 - root - INFO - epoch: 94:
2024-08-16 22:33:36,609 - root - INFO - Epoch mean loss: 0.2290972827569298
2024-08-16 22:33:36,609 - root - INFO - train acc: 0.9183465039481381, test acc: 0.9290446613427981
2024-08-16 22:33:36,609 - root - INFO - train ap: 0.9475851495451589, test ap: 0.9642319978829973
2024-08-16 22:33:36,610 - root - INFO - start 95 epoch
2024-08-16 22:33:40,793 - root - INFO - epoch: 95:
2024-08-16 22:33:40,793 - root - INFO - Epoch mean loss: 0.22475748671137769
2024-08-16 22:33:40,793 - root - INFO - train acc: 0.9186610450380192, test acc: 0.9310854776693287
2024-08-16 22:33:40,793 - root - INFO - train ap: 0.9533948372905977, test ap: 0.9649860367222345
2024-08-16 22:33:40,794 - root - INFO - start 96 epoch
2024-08-16 22:33:45,147 - root - INFO - epoch: 96:
2024-08-16 22:33:45,147 - root - INFO - Epoch mean loss: 0.22145285489766495
2024-08-16 22:33:45,147 - root - INFO - train acc: 0.9200951391596802, test acc: 0.9331262939958592
2024-08-16 22:33:45,147 - root - INFO - train ap: 0.9517809791336657, test ap: 0.9654315832392095
2024-08-16 22:33:45,148 - root - INFO - start 97 epoch
2024-08-16 22:33:49,443 - root - INFO - epoch: 97:
2024-08-16 22:33:49,443 - root - INFO - Epoch mean loss: 0.21878722569216852
2024-08-16 22:33:49,443 - root - INFO - train acc: 0.9193152600409435, test acc: 0.9338065661047029
2024-08-16 22:33:49,443 - root - INFO - train ap: 0.9548761589174992, test ap: 0.9656917887584416
2024-08-16 22:33:49,444 - root - INFO - start 98 epoch
2024-08-16 22:33:53,845 - root - INFO - epoch: 98:
2024-08-16 22:33:53,845 - root - INFO - Epoch mean loss: 0.22086368889912314
2024-08-16 22:33:53,846 - root - INFO - train acc: 0.9186610450380192, test acc: 0.9344868382135465
2024-08-16 22:33:53,846 - root - INFO - train ap: 0.9552510924801948, test ap: 0.9662696402352332
2024-08-16 22:33:53,847 - root - INFO - start 99 epoch
2024-08-16 22:33:58,453 - root - INFO - epoch: 99:
2024-08-16 22:33:58,453 - root - INFO - Epoch mean loss: 0.21617767538713373
2024-08-16 22:33:58,453 - root - INFO - train acc: 0.922812530464028, test acc: 0.9351671103223901
2024-08-16 22:33:58,453 - root - INFO - train ap: 0.9528078748661031, test ap: 0.9669162490169118
2024-08-16 22:33:58,454 - root - INFO - Saving TGAN model
2024-08-16 22:33:58,455 - root - INFO - TGAN models saved
