2024-08-17 00:11:31,133 - root - INFO - Namespace(data='wikipedia', bs=512, prefix='wikipedia', n_degree=10, n_head=2, n_epoch=50, n_layer=2, lr=0.0001, drop_out=0.1, gpu=1, device=None, node_dim=100, time_dim=100, agg_method='attn', attn_mode='prod', time='time', uniform=False)
2024-08-17 00:11:31,869 - module - INFO - Aggregation uses attention model
2024-08-17 00:11:31,881 - module - INFO - Using scaled prod attention
2024-08-17 00:11:31,893 - module - INFO - Using scaled prod attention
2024-08-17 00:11:31,893 - module - INFO - Using time encoding
2024-08-17 00:11:32,348 - root - INFO - num of training instances: 79202
2024-08-17 00:11:32,348 - root - INFO - num of batches per epoch: 155
2024-08-17 00:11:32,350 - root - INFO - start 0 epoch
2024-08-17 00:33:22,419 - root - INFO - epoch: 0:
2024-08-17 00:33:22,419 - root - INFO - Epoch mean loss: 0.6547151265605804
2024-08-17 00:33:22,420 - root - INFO - train acc: 0.8445618060632367, val acc: 0.8573392554991539, new node val acc: 0.8689741805813234
2024-08-17 00:33:22,420 - root - INFO - train auc: 0.9291206651014876, val auc: 0.9388310772701636, new node val auc: 0.9484288150521916
2024-08-17 00:33:22,420 - root - INFO - train ap: 0.921876751613904, val ap: 0.9436473626682055, new node val ap: 0.9528696103212758
2024-08-17 00:33:22,443 - root - INFO - start 1 epoch
2024-08-17 00:53:55,397 - root - INFO - epoch: 1:
2024-08-17 00:53:55,397 - root - INFO - Epoch mean loss: 0.5139000308129096
2024-08-17 00:53:55,397 - root - INFO - train acc: 0.8883254242152518, val acc: 0.8918147208121827, new node val acc: 0.8980674087816944
2024-08-17 00:53:55,397 - root - INFO - train auc: 0.9600937257319548, val auc: 0.9616278905809362, new node val auc: 0.964745425029516
2024-08-17 00:53:55,397 - root - INFO - train ap: 0.9607806006677493, val ap: 0.9647756864787153, new node val ap: 0.9675313128959355
2024-08-17 00:53:55,450 - root - INFO - start 2 epoch
2024-08-17 01:15:01,117 - root - INFO - epoch: 2:
2024-08-17 01:15:01,117 - root - INFO - Epoch mean loss: 0.4600000650651993
2024-08-17 01:15:01,117 - root - INFO - train acc: 0.899349594917984, val acc: 0.8989213197969543, new node val acc: 0.9036680581323439
2024-08-17 01:15:01,117 - root - INFO - train auc: 0.9679938081647329, val auc: 0.9657917371686408, new node val auc: 0.9682640645789996
2024-08-17 01:15:01,117 - root - INFO - train ap: 0.9691245112869165, val ap: 0.9686903156868917, new node val ap: 0.9710428759614914
2024-08-17 01:15:01,141 - root - INFO - start 3 epoch
2024-08-17 01:35:41,398 - root - INFO - epoch: 3:
2024-08-17 01:35:41,398 - root - INFO - Epoch mean loss: 0.43782230346433576
2024-08-17 01:35:41,398 - root - INFO - train acc: 0.9045720045063054, val acc: 0.9026861252115058, new node val acc: 0.9053687384044526
2024-08-17 01:35:41,398 - root - INFO - train auc: 0.9709272412900157, val auc: 0.9682198251551044, new node val auc: 0.970294597177714
2024-08-17 01:35:41,399 - root - INFO - train ap: 0.9720500700734408, val ap: 0.9712117814139531, new node val ap: 0.9732898153788725
2024-08-17 01:35:41,413 - root - INFO - start 4 epoch
2024-08-17 01:56:40,563 - root - INFO - epoch: 4:
2024-08-17 01:56:40,563 - root - INFO - Epoch mean loss: 0.41535369753837587
2024-08-17 01:56:40,563 - root - INFO - train acc: 0.9101494498480763, val acc: 0.906281725888325, new node val acc: 0.9089710884353741
2024-08-17 01:56:40,563 - root - INFO - train auc: 0.9739295831544459, val auc: 0.9703278341793571, new node val auc: 0.9716326530612245
2024-08-17 01:56:40,564 - root - INFO - train ap: 0.9750369129936947, val ap: 0.9735184894241526, new node val ap: 0.974460581848766
2024-08-17 01:56:40,587 - root - INFO - start 5 epoch
2024-08-17 02:17:57,248 - root - INFO - epoch: 5:
2024-08-17 02:17:57,248 - root - INFO - Epoch mean loss: 0.4003785342939438
2024-08-17 02:17:57,248 - root - INFO - train acc: 0.9131764812551403, val acc: 0.913007614213198, new node val acc: 0.9139571737786023
2024-08-17 02:17:57,248 - root - INFO - train auc: 0.9756180819373935, val auc: 0.9735934856175972, new node val auc: 0.9744630441708365
2024-08-17 02:17:57,248 - root - INFO - train ap: 0.9763943577829549, val ap: 0.9760058306160152, new node val ap: 0.9768004161462849
2024-08-17 02:17:57,259 - root - INFO - start 6 epoch
2024-08-17 02:38:54,366 - root - INFO - epoch: 6:
2024-08-17 02:38:54,366 - root - INFO - Epoch mean loss: 0.37960502889848524
2024-08-17 02:38:54,366 - root - INFO - train acc: 0.9183630160262268, val acc: 0.9115059221658206, new node val acc: 0.9126932591218305
2024-08-17 02:38:54,366 - root - INFO - train auc: 0.9781348401180713, val auc: 0.9732586012408347, new node val auc: 0.9748285147392289
2024-08-17 02:38:54,367 - root - INFO - train ap: 0.9790908103586115, val ap: 0.9752430501818542, new node val ap: 0.9773648994160073
2024-08-17 02:38:54,414 - root - INFO - start 7 epoch
2024-08-17 03:00:16,052 - root - INFO - epoch: 7:
2024-08-17 03:00:16,052 - root - INFO - Epoch mean loss: 0.3777998430113639
2024-08-17 03:00:16,052 - root - INFO - train acc: 0.9176771823311706, val acc: 0.9096869712351945, new node val acc: 0.9116187384044527
2024-08-17 03:00:16,052 - root - INFO - train auc: 0.9782500438495836, val auc: 0.9721129441624367, new node val auc: 0.9732922335600908
2024-08-17 03:00:16,052 - root - INFO - train ap: 0.9792344682925274, val ap: 0.9749252041082092, new node val ap: 0.9764715308755656
2024-08-17 03:00:16,075 - root - INFO - start 8 epoch
2024-08-17 03:21:17,074 - root - INFO - epoch: 8:
2024-08-17 03:21:17,074 - root - INFO - Epoch mean loss: 0.3689249158866944
2024-08-17 03:21:17,074 - root - INFO - train acc: 0.9204370980592615, val acc: 0.9135998307952624, new node val acc: 0.9143089053803338
2024-08-17 03:21:17,074 - root - INFO - train auc: 0.9791357059849186, val auc: 0.9747729836435419, new node val auc: 0.975140306122449
2024-08-17 03:21:17,074 - root - INFO - train ap: 0.9799234303966815, val ap: 0.9773681714750903, new node val ap: 0.9777933303225526
2024-08-17 03:21:17,097 - root - INFO - start 9 epoch
2024-08-17 03:42:38,766 - root - INFO - epoch: 9:
2024-08-17 03:42:38,766 - root - INFO - Epoch mean loss: 0.3605996193424348
2024-08-17 03:42:38,766 - root - INFO - train acc: 0.9222721038849035, val acc: 0.9125423011844332, new node val acc: 0.9154877860235003
2024-08-17 03:42:38,766 - root - INFO - train auc: 0.980138722381586, val auc: 0.9737577552171461, new node val auc: 0.9754124149659864
2024-08-17 03:42:38,766 - root - INFO - train ap: 0.9809044599963715, val ap: 0.9761839472541847, new node val ap: 0.978083777179087
2024-08-17 03:42:38,788 - root - INFO - start 10 epoch
2024-08-17 04:03:35,500 - root - INFO - epoch: 10:
2024-08-17 04:03:35,500 - root - INFO - Epoch mean loss: 0.34898833901651444
2024-08-17 04:03:35,500 - root - INFO - train acc: 0.9247424866352919, val acc: 0.9158629441624366, new node val acc: 0.9157738095238096
2024-08-17 04:03:35,500 - root - INFO - train auc: 0.981360471525588, val auc: 0.9754568527918781, new node val auc: 0.9757256235827664
2024-08-17 04:03:35,500 - root - INFO - train ap: 0.982136443874684, val ap: 0.9777971742739623, new node val ap: 0.9783697096031
2024-08-17 04:03:35,510 - root - INFO - start 11 epoch
2024-08-17 04:24:59,689 - root - INFO - epoch: 11:
2024-08-17 04:24:59,690 - root - INFO - Epoch mean loss: 0.349339813859232
2024-08-17 04:24:59,690 - root - INFO - train acc: 0.92447094461071, val acc: 0.9151438240270727, new node val acc: 0.9178687384044527
2024-08-17 04:24:59,690 - root - INFO - train auc: 0.9813261240280612, val auc: 0.9756126621545402, new node val auc: 0.9766326530612244
2024-08-17 04:24:59,690 - root - INFO - train ap: 0.9819776355611445, val ap: 0.9779732647353179, new node val ap: 0.9790409128082117
2024-08-17 04:24:59,697 - root - INFO - start 12 epoch
2024-08-17 04:44:43,297 - root - INFO - epoch: 12:
2024-08-17 04:44:43,297 - root - INFO - Epoch mean loss: 0.3446670446665056
2024-08-17 04:44:43,297 - root - INFO - train acc: 0.9255870262382344, val acc: 0.9144247038917089, new node val acc: 0.9124574829931972
2024-08-17 04:44:43,297 - root - INFO - train auc: 0.9817642108326432, val auc: 0.9755400451212634, new node val auc: 0.9755583900226757
2024-08-17 04:44:43,297 - root - INFO - train ap: 0.9823868338292725, val ap: 0.977654507809449, new node val ap: 0.9779010115715777
2024-08-17 04:44:43,305 - root - INFO - start 13 epoch
2024-08-17 05:03:10,285 - root - INFO - epoch: 13:
2024-08-17 05:03:10,285 - root - INFO - Epoch mean loss: 0.33990396395806344
2024-08-17 05:03:10,285 - root - INFO - train acc: 0.9279752181760029, val acc: 0.9179780033840946, new node val acc: 0.9168174087816945
2024-08-17 05:03:10,285 - root - INFO - train auc: 0.9824012261120647, val auc: 0.976656796390299, new node val auc: 0.9760531802252581
2024-08-17 05:03:10,286 - root - INFO - train ap: 0.983150554619876, val ap: 0.9790184090714299, new node val ap: 0.9784346965689225
2024-08-17 05:03:10,295 - root - INFO - start 14 epoch
2024-08-17 05:23:42,939 - root - INFO - epoch: 14:
2024-08-17 05:23:42,940 - root - INFO - Epoch mean loss: 0.33189446772298503
2024-08-17 05:23:42,940 - root - INFO - train acc: 0.9291070775838435, val acc: 0.9166878172588833, new node val acc: 0.9174319727891156
2024-08-17 05:23:42,940 - root - INFO - train auc: 0.9830516250644018, val auc: 0.9769127185561196, new node val auc: 0.976642573696145
2024-08-17 05:23:42,940 - root - INFO - train ap: 0.9835207923637779, val ap: 0.9795240815666588, new node val ap: 0.9790448743415255
2024-08-17 05:23:42,949 - root - INFO - start 15 epoch
2024-08-17 05:44:53,240 - root - INFO - epoch: 15:
2024-08-17 05:44:53,240 - root - INFO - Epoch mean loss: 0.3267240398353146
2024-08-17 05:44:53,240 - root - INFO - train acc: 0.9301888728810654, val acc: 0.9186759729272419, new node val acc: 0.9164772727272728
2024-08-17 05:44:53,240 - root - INFO - train auc: 0.9835782317794013, val auc: 0.9776071630005639, new node val auc: 0.9765959806787728
2024-08-17 05:44:53,240 - root - INFO - train ap: 0.9842361146113388, val ap: 0.9796614069140069, new node val ap: 0.9784081461814441
2024-08-17 05:44:53,249 - root - INFO - start 16 epoch
2024-08-17 06:05:32,161 - root - INFO - epoch: 16:
2024-08-17 06:05:32,161 - root - INFO - Epoch mean loss: 0.32182914989609873
2024-08-17 06:05:32,161 - root - INFO - train acc: 0.9310101384732249, val acc: 0.9197758037225042, new node val acc: 0.9210884353741495
2024-08-17 06:05:32,161 - root - INFO - train auc: 0.9841438649774545, val auc: 0.9778391144952059, new node val auc: 0.978689058956916
2024-08-17 06:05:32,161 - root - INFO - train ap: 0.9847442795405658, val ap: 0.9800287873347695, new node val ap: 0.9807404358058572
2024-08-17 06:05:32,171 - root - INFO - start 17 epoch
2024-08-17 06:26:01,834 - root - INFO - epoch: 17:
2024-08-17 06:26:01,834 - root - INFO - Epoch mean loss: 0.31603759700252165
2024-08-17 06:26:01,835 - root - INFO - train acc: 0.9324768830530933, val acc: 0.9202411167512692, new node val acc: 0.920717377860235
2024-08-17 06:26:01,835 - root - INFO - train auc: 0.984582706181356, val auc: 0.9776106880992667, new node val auc: 0.9781731859410432
2024-08-17 06:26:01,835 - root - INFO - train ap: 0.9850624231831034, val ap: 0.979576097188562, new node val ap: 0.9807498068690481
2024-08-17 06:26:01,848 - root - INFO - start 18 epoch
2024-08-17 06:47:26,950 - root - INFO - epoch: 18:
2024-08-17 06:47:26,950 - root - INFO - Epoch mean loss: 0.3154908905106206
2024-08-17 06:47:26,950 - root - INFO - train acc: 0.9319848269156081, val acc: 0.9209179357021997, new node val acc: 0.9204622758194186
2024-08-17 06:47:26,950 - root - INFO - train auc: 0.9846476906257149, val auc: 0.9781831641285956, new node val auc: 0.9784920634920635
2024-08-17 06:47:26,951 - root - INFO - train ap: 0.9850489400884188, val ap: 0.9804662401180526, new node val ap: 0.9809754297927112
2024-08-17 06:47:26,960 - root - INFO - start 19 epoch
2024-08-17 07:08:33,874 - root - INFO - epoch: 19:
2024-08-17 07:08:33,875 - root - INFO - Epoch mean loss: 0.3112604582501996
2024-08-17 07:08:33,875 - root - INFO - train acc: 0.9337757299186694, val acc: 0.9209179357021996, new node val acc: 0.9196119356833643
2024-08-17 07:08:33,875 - root - INFO - train auc: 0.9850159830909692, val auc: 0.9782480259447266, new node val auc: 0.9777876984126985
2024-08-17 07:08:33,875 - root - INFO - train ap: 0.985384931527426, val ap: 0.9802576546072617, new node val ap: 0.9795486220230635
2024-08-17 07:08:33,884 - root - INFO - start 20 epoch
2024-08-17 07:29:11,553 - root - INFO - epoch: 20:
2024-08-17 07:29:11,553 - root - INFO - Epoch mean loss: 0.3106852552583141
2024-08-17 07:29:11,553 - root - INFO - train acc: 0.9336034058587681, val acc: 0.9217005076142132, new node val acc: 0.9217377860235003
2024-08-17 07:29:11,553 - root - INFO - train auc: 0.9851080607081839, val auc: 0.9780717710095883, new node val auc: 0.978317919454283
2024-08-17 07:29:11,553 - root - INFO - train ap: 0.9855470235809233, val ap: 0.9803634630578231, new node val ap: 0.9805599275700562
2024-08-17 07:29:11,562 - root - INFO - start 21 epoch
2024-08-17 07:50:02,367 - root - INFO - epoch: 21:
2024-08-17 07:50:02,367 - root - INFO - Epoch mean loss: 0.3027161427082554
2024-08-17 07:50:02,368 - root - INFO - train acc: 0.935374443851092, val acc: 0.920241116751269, new node val acc: 0.9174435683364255
2024-08-17 07:50:02,368 - root - INFO - train auc: 0.9858527671216746, val auc: 0.9781676536943034, new node val auc: 0.9766241496598639
2024-08-17 07:50:02,368 - root - INFO - train ap: 0.9861343258300049, val ap: 0.9803557862209153, new node val ap: 0.9788130587927091
2024-08-17 07:50:02,377 - root - INFO - start 22 epoch
2024-08-17 08:10:40,376 - root - INFO - epoch: 22:
2024-08-17 08:10:40,376 - root - INFO - Epoch mean loss: 0.3017580529374461
2024-08-17 08:10:40,376 - root - INFO - train acc: 0.93532528999703, val acc: 0.9214678510998306, new node val acc: 0.9209299628942486
2024-08-17 08:10:40,376 - root - INFO - train auc: 0.985945866981599, val auc: 0.9781549633389736, new node val auc: 0.9785705384082006
2024-08-17 08:10:40,377 - root - INFO - train ap: 0.9861269545104158, val ap: 0.9802353054592414, new node val ap: 0.9804968152649721
2024-08-17 08:10:40,386 - root - INFO - start 23 epoch
2024-08-17 08:31:00,567 - root - INFO - epoch: 23:
2024-08-17 08:31:00,567 - root - INFO - Epoch mean loss: 0.29943832457065583
2024-08-17 08:31:00,567 - root - INFO - train acc: 0.9365198678664443, val acc: 0.9215313028764807, new node val acc: 0.9199829931972789
2024-08-17 08:31:00,568 - root - INFO - train auc: 0.9861443019947327, val auc: 0.978521573604061, new node val auc: 0.9780286281179139
2024-08-17 08:31:00,568 - root - INFO - train ap: 0.9862513434188052, val ap: 0.9805601780465832, new node val ap: 0.9805281995512858
2024-08-17 08:31:00,582 - root - INFO - start 24 epoch
2024-08-17 08:51:20,997 - root - INFO - epoch: 24:
2024-08-17 08:51:20,997 - root - INFO - Epoch mean loss: 0.29665107044481465
2024-08-17 08:51:20,997 - root - INFO - train acc: 0.9370938292458649, val acc: 0.920093062605753, new node val acc: 0.9194727891156461
2024-08-17 08:51:20,997 - root - INFO - train auc: 0.9863728834702878, val auc: 0.9783509588268471, new node val auc: 0.9780243764172336
2024-08-17 08:51:20,997 - root - INFO - train ap: 0.9864926250622076, val ap: 0.9807460566160323, new node val ap: 0.9802669843689827
2024-08-17 08:51:21,006 - root - INFO - start 25 epoch
2024-08-17 09:11:44,056 - root - INFO - epoch: 25:
2024-08-17 09:11:44,056 - root - INFO - Epoch mean loss: 0.29466865139622844
2024-08-17 09:11:44,056 - root - INFO - train acc: 0.9370859403557068, val acc: 0.9209179357021997, new node val acc: 0.9213435374149659
2024-08-17 09:11:44,056 - root - INFO - train auc: 0.9865035106156604, val auc: 0.978529328821207, new node val auc: 0.9785671768707483
2024-08-17 09:11:44,056 - root - INFO - train ap: 0.986716276815268, val ap: 0.9809265528285922, new node val ap: 0.9804630067578253
2024-08-17 09:11:44,066 - root - INFO - start 26 epoch
2024-08-17 09:32:47,705 - root - INFO - epoch: 26:
2024-08-17 09:32:47,705 - root - INFO - Epoch mean loss: 0.29136588900319993
2024-08-17 09:32:47,705 - root - INFO - train acc: 0.9379850239593804, val acc: 0.9230329949238577, new node val acc: 0.9206014223871367
2024-08-17 09:32:47,705 - root - INFO - train auc: 0.9868264481844193, val auc: 0.9786421319796955, new node val auc: 0.9785903796780421
2024-08-17 09:32:47,706 - root - INFO - train ap: 0.9870819567941959, val ap: 0.9807036692505255, new node val ap: 0.9807461594844579
2024-08-17 09:32:47,715 - root - INFO - start 27 epoch
2024-08-17 09:53:34,227 - root - INFO - epoch: 27:
2024-08-17 09:53:34,227 - root - INFO - Epoch mean loss: 0.2882582649107902
2024-08-17 09:53:34,227 - root - INFO - train acc: 0.9386305029470895, val acc: 0.9215313028764803, new node val acc: 0.9213242115027829
2024-08-17 09:53:34,227 - root - INFO - train auc: 0.9871408333757314, val auc: 0.9787887760857306, new node val auc: 0.9785956972320609
2024-08-17 09:53:34,227 - root - INFO - train ap: 0.9872822849555655, val ap: 0.9810699174657531, new node val ap: 0.9809836756605759
2024-08-17 09:53:34,236 - root - INFO - start 28 epoch
2024-08-17 10:14:24,429 - root - INFO - epoch: 28:
2024-08-17 10:14:24,429 - root - INFO - Epoch mean loss: 0.28420230909701316
2024-08-17 10:14:24,429 - root - INFO - train acc: 0.9390916817543178, val acc: 0.923836717428088, new node val acc: 0.9215367965367965
2024-08-17 10:14:24,429 - root - INFO - train auc: 0.9875175556462865, val auc: 0.9801628595600677, new node val auc: 0.9790123638987276
2024-08-17 10:14:24,429 - root - INFO - train ap: 0.9877748873318558, val ap: 0.9821092505524126, new node val ap: 0.9812333378684874
2024-08-17 10:14:24,438 - root - INFO - start 29 epoch
2024-08-17 10:35:12,858 - root - INFO - epoch: 29:
2024-08-17 10:35:12,858 - root - INFO - Epoch mean loss: 0.2833717708626101
2024-08-17 10:35:12,858 - root - INFO - train acc: 0.93976236235493, val acc: 0.9222715736040609, new node val acc: 0.9199095547309833
2024-08-17 10:35:12,858 - root - INFO - train auc: 0.9874988395200036, val auc: 0.978734489565708, new node val auc: 0.97811100335451
2024-08-17 10:35:12,858 - root - INFO - train ap: 0.9874040135462976, val ap: 0.9807180024839339, new node val ap: 0.980113480733739
2024-08-17 10:35:12,867 - root - INFO - start 30 epoch
2024-08-17 10:55:29,848 - root - INFO - epoch: 30:
2024-08-17 10:55:29,848 - root - INFO - Epoch mean loss: 0.2804581106670441
2024-08-17 10:55:29,848 - root - INFO - train acc: 0.9401920391460294, val acc: 0.9222081218274112, new node val acc: 0.9189007421150279
2024-08-17 10:55:29,848 - root - INFO - train auc: 0.987727303685549, val auc: 0.9791779469825156, new node val auc: 0.9776248922433988
2024-08-17 10:55:29,849 - root - INFO - train ap: 0.9877326974297566, val ap: 0.9814492475225739, new node val ap: 0.9797674011643229
2024-08-17 10:55:29,858 - root - INFO - start 31 epoch
2024-08-17 11:16:14,696 - root - INFO - epoch: 31:
2024-08-17 11:16:14,696 - root - INFO - Epoch mean loss: 0.2771112888090072
2024-08-17 11:16:14,696 - root - INFO - train acc: 0.940958814281961, val acc: 0.9195854483925548, new node val acc: 0.9198051948051946
2024-08-17 11:16:14,696 - root - INFO - train auc: 0.988029183341088, val auc: 0.977693880428652, new node val auc: 0.978096116545792
2024-08-17 11:16:14,696 - root - INFO - train ap: 0.988017138433819, val ap: 0.9798244549707023, new node val ap: 0.9804790076488927
2024-08-17 11:16:14,706 - root - INFO - start 32 epoch
2024-08-17 11:36:58,348 - root - INFO - epoch: 32:
2024-08-17 11:36:58,348 - root - INFO - Epoch mean loss: 0.2755321670924464
2024-08-17 11:36:58,349 - root - INFO - train acc: 0.9410486084140546, val acc: 0.9237944162436548, new node val acc: 0.9202380952380953
2024-08-17 11:36:58,349 - root - INFO - train auc: 0.9881115481568522, val auc: 0.9792406937394247, new node val auc: 0.9784948979591837
2024-08-17 11:36:58,349 - root - INFO - train ap: 0.988066926303401, val ap: 0.9812613147749413, new node val ap: 0.9801953127755088
2024-08-17 11:36:58,358 - root - INFO - start 33 epoch
2024-08-17 11:57:37,242 - root - INFO - epoch: 33:
2024-08-17 11:57:37,242 - root - INFO - Epoch mean loss: 0.2745141984954957
2024-08-17 11:57:37,242 - root - INFO - train acc: 0.9417674790676688, val acc: 0.9216793570219965, new node val acc: 0.9196003401360544
2024-08-17 11:57:37,242 - root - INFO - train auc: 0.9883249696811683, val auc: 0.9791032148900168, new node val auc: 0.977702664399093
2024-08-17 11:57:37,242 - root - INFO - train ap: 0.9884471947527558, val ap: 0.9814134388622267, new node val ap: 0.9796720680925575
2024-08-17 11:57:37,251 - root - INFO - start 34 epoch
2024-08-17 12:18:13,062 - root - INFO - epoch: 34:
2024-08-17 12:18:13,062 - root - INFO - Epoch mean loss: 0.27263651105665393
2024-08-17 12:18:13,062 - root - INFO - train acc: 0.9420453214954766, val acc: 0.9216159052453469, new node val acc: 0.9191017316017315
2024-08-17 12:18:13,062 - root - INFO - train auc: 0.9884210080922677, val auc: 0.9788324873096446, new node val auc: 0.9783630952380952
2024-08-17 12:18:13,062 - root - INFO - train ap: 0.9883915922367625, val ap: 0.9806868912700262, new node val ap: 0.9806414776081591
2024-08-17 12:18:13,071 - root - INFO - start 35 epoch
2024-08-17 12:39:00,827 - root - INFO - epoch: 35:
2024-08-17 12:39:00,828 - root - INFO - Epoch mean loss: 0.27194100849090086
2024-08-17 12:39:00,828 - root - INFO - train acc: 0.9420985625799597, val acc: 0.9224830795262267, new node val acc: 0.9206323438466295
2024-08-17 12:39:00,828 - root - INFO - train auc: 0.9885007364401777, val auc: 0.9787605752961083, new node val auc: 0.9787089002267574
2024-08-17 12:39:00,828 - root - INFO - train ap: 0.9884570354005738, val ap: 0.9809734090068006, new node val ap: 0.9806987559631666
2024-08-17 12:39:00,837 - root - INFO - start 36 epoch
2024-08-17 12:59:38,986 - root - INFO - epoch: 36:
2024-08-17 12:59:38,986 - root - INFO - Epoch mean loss: 0.2680214560800983
2024-08-17 12:59:38,986 - root - INFO - train acc: 0.9433800967227908, val acc: 0.9217428087986462, new node val acc: 0.9201762523191096
2024-08-17 12:59:38,986 - root - INFO - train auc: 0.9888166498139013, val auc: 0.9785109983079525, new node val auc: 0.9772323185472536
2024-08-17 12:59:38,987 - root - INFO - train ap: 0.9888165031077418, val ap: 0.9805401987833029, new node val ap: 0.9793719869696289
2024-08-17 12:59:38,987 - root - INFO - No improvment over 10 epochs, stop training
2024-08-17 12:59:38,987 - root - INFO - Loading the best model at epoch 27
2024-08-17 12:59:38,990 - root - INFO - Loaded the best model at epoch 27 for inference
2024-08-17 13:01:48,409 - root - INFO - Test statistics: Old nodes -- acc: 0.9104060913705585, auc: 0.9728236040609137, ap: 0.9756376825739588
2024-08-17 13:01:48,410 - root - INFO - Saving TGAN model
2024-08-17 13:01:48,456 - root - INFO - TGAN models saved
