2024-08-16 22:11:38,848 - root - INFO - Namespace(data='simulate_v2', bs=256, prefix='simulate_v2', n_degree=10, n_head=2, n_epoch=100, n_layer=2, lr=0.0001, drop_out=0.1, gpu=1, node_dim=100, time_dim=100, agg_method='attn', attn_mode='prod', time='time', uniform=False)
2024-08-16 22:11:38,909 - module - INFO - Aggregation uses attention model
2024-08-16 22:11:38,910 - module - INFO - Using scaled prod attention
2024-08-16 22:11:38,910 - module - INFO - Using scaled prod attention
2024-08-16 22:11:38,910 - module - INFO - Using time encoding
2024-08-16 22:11:39,275 - root - INFO - num of training instances: 5856
2024-08-16 22:11:39,275 - root - INFO - num of batches per epoch: 23
2024-08-16 22:11:39,276 - root - INFO - start 0 epoch
2024-08-16 22:11:43,178 - root - INFO - epoch: 0:
2024-08-16 22:11:43,178 - root - INFO - Epoch mean loss: 0.8853505512942439
2024-08-16 22:11:43,178 - root - INFO - train acc: 0.4959459994638331, test acc: 0.5165039929015084
2024-08-16 22:11:43,178 - root - INFO - train ap: 0.49778811856322586, test ap: 0.48919555976653484
2024-08-16 22:11:43,179 - root - INFO - start 1 epoch
2024-08-16 22:11:47,109 - root - INFO - epoch: 1:
2024-08-16 22:11:47,109 - root - INFO - Epoch mean loss: 0.8280138684355695
2024-08-16 22:11:47,109 - root - INFO - train acc: 0.4959459994638331, test acc: 0.5165039929015084
2024-08-16 22:11:47,109 - root - INFO - train ap: 0.5028091538478506, test ap: 0.5779098740363094
2024-08-16 22:11:47,110 - root - INFO - start 2 epoch
2024-08-16 22:11:51,030 - root - INFO - epoch: 2:
2024-08-16 22:11:51,030 - root - INFO - Epoch mean loss: 0.7884733314099519
2024-08-16 22:11:51,030 - root - INFO - train acc: 0.4959459994638331, test acc: 0.5165039929015084
2024-08-16 22:11:51,030 - root - INFO - train ap: 0.505327381499221, test ap: 0.6448398168392367
2024-08-16 22:11:51,031 - root - INFO - start 3 epoch
2024-08-16 22:11:54,907 - root - INFO - epoch: 3:
2024-08-16 22:11:54,907 - root - INFO - Epoch mean loss: 0.7644714868586996
2024-08-16 22:11:54,907 - root - INFO - train acc: 0.4959459994638331, test acc: 0.5165039929015084
2024-08-16 22:11:54,907 - root - INFO - train ap: 0.5051102835349814, test ap: 0.6835085467701366
2024-08-16 22:11:54,908 - root - INFO - start 4 epoch
2024-08-16 22:11:58,805 - root - INFO - epoch: 4:
2024-08-16 22:11:58,805 - root - INFO - Epoch mean loss: 0.7513201884601427
2024-08-16 22:11:58,805 - root - INFO - train acc: 0.4959459994638331, test acc: 0.5165039929015084
2024-08-16 22:11:58,805 - root - INFO - train ap: 0.5107345640673328, test ap: 0.555302824108031
2024-08-16 22:11:58,806 - root - INFO - start 5 epoch
2024-08-16 22:12:02,690 - root - INFO - epoch: 5:
2024-08-16 22:12:02,690 - root - INFO - Epoch mean loss: 0.7462844200756239
2024-08-16 22:12:02,690 - root - INFO - train acc: 0.4959459994638331, test acc: 0.5165039929015084
2024-08-16 22:12:02,690 - root - INFO - train ap: 0.5097844567001186, test ap: 0.5550756865323981
2024-08-16 22:12:02,691 - root - INFO - start 6 epoch
2024-08-16 22:12:06,567 - root - INFO - epoch: 6:
2024-08-16 22:12:06,567 - root - INFO - Epoch mean loss: 0.7435605318649955
2024-08-16 22:12:06,567 - root - INFO - train acc: 0.4959459994638331, test acc: 0.5165039929015084
2024-08-16 22:12:06,567 - root - INFO - train ap: 0.507170464945825, test ap: 0.5552579001474015
2024-08-16 22:12:06,568 - root - INFO - start 7 epoch
2024-08-16 22:12:10,555 - root - INFO - epoch: 7:
2024-08-16 22:12:10,556 - root - INFO - Epoch mean loss: 0.7387820948725161
2024-08-16 22:12:10,556 - root - INFO - train acc: 0.4959459994638331, test acc: 0.5165039929015084
2024-08-16 22:12:10,556 - root - INFO - train ap: 0.5183071691041384, test ap: 0.559181674306863
2024-08-16 22:12:10,557 - root - INFO - start 8 epoch
2024-08-16 22:12:14,494 - root - INFO - epoch: 8:
2024-08-16 22:12:14,494 - root - INFO - Epoch mean loss: 0.7367629253345988
2024-08-16 22:12:14,494 - root - INFO - train acc: 0.4959459994638331, test acc: 0.5165039929015084
2024-08-16 22:12:14,494 - root - INFO - train ap: 0.5079700845296571, test ap: 0.5624719464322995
2024-08-16 22:12:14,495 - root - INFO - start 9 epoch
2024-08-16 22:12:18,399 - root - INFO - epoch: 9:
2024-08-16 22:12:18,399 - root - INFO - Epoch mean loss: 0.7337661592856698
2024-08-16 22:12:18,399 - root - INFO - train acc: 0.4959459994638331, test acc: 0.5165039929015084
2024-08-16 22:12:18,399 - root - INFO - train ap: 0.5076216335758937, test ap: 0.561790391575795
2024-08-16 22:12:18,400 - root - INFO - start 10 epoch
2024-08-16 22:12:22,384 - root - INFO - epoch: 10:
2024-08-16 22:12:22,384 - root - INFO - Epoch mean loss: 0.7303143091823744
2024-08-16 22:12:22,384 - root - INFO - train acc: 0.4959459994638331, test acc: 0.5165039929015084
2024-08-16 22:12:22,384 - root - INFO - train ap: 0.5135862193043801, test ap: 0.5626370063388572
2024-08-16 22:12:22,385 - root - INFO - start 11 epoch
2024-08-16 22:12:26,264 - root - INFO - epoch: 11:
2024-08-16 22:12:26,264 - root - INFO - Epoch mean loss: 0.726833789244942
2024-08-16 22:12:26,264 - root - INFO - train acc: 0.4959459994638331, test acc: 0.5165039929015084
2024-08-16 22:12:26,264 - root - INFO - train ap: 0.5253735390508522, test ap: 0.5616656739219144
2024-08-16 22:12:26,265 - root - INFO - start 12 epoch
2024-08-16 22:12:30,150 - root - INFO - epoch: 12:
2024-08-16 22:12:30,150 - root - INFO - Epoch mean loss: 0.724189711653668
2024-08-16 22:12:30,150 - root - INFO - train acc: 0.4959459994638331, test acc: 0.5165039929015084
2024-08-16 22:12:30,150 - root - INFO - train ap: 0.5234425756595449, test ap: 0.5654321232610778
2024-08-16 22:12:30,151 - root - INFO - start 13 epoch
2024-08-16 22:12:34,038 - root - INFO - epoch: 13:
2024-08-16 22:12:34,038 - root - INFO - Epoch mean loss: 0.7213092135346454
2024-08-16 22:12:34,038 - root - INFO - train acc: 0.4959459994638331, test acc: 0.5165039929015084
2024-08-16 22:12:34,038 - root - INFO - train ap: 0.5199037516707969, test ap: 0.5689849116282658
2024-08-16 22:12:34,039 - root - INFO - start 14 epoch
2024-08-16 22:12:38,038 - root - INFO - epoch: 14:
2024-08-16 22:12:38,038 - root - INFO - Epoch mean loss: 0.7179694072059963
2024-08-16 22:12:38,038 - root - INFO - train acc: 0.4959459994638331, test acc: 0.5165039929015084
2024-08-16 22:12:38,038 - root - INFO - train ap: 0.5286144360423729, test ap: 0.5954526357669404
2024-08-16 22:12:38,039 - root - INFO - start 15 epoch
2024-08-16 22:12:41,945 - root - INFO - epoch: 15:
2024-08-16 22:12:41,945 - root - INFO - Epoch mean loss: 0.7150201201438904
2024-08-16 22:12:41,945 - root - INFO - train acc: 0.4959459994638331, test acc: 0.5165039929015084
2024-08-16 22:12:41,945 - root - INFO - train ap: 0.5320173781900552, test ap: 0.6187896428968473
2024-08-16 22:12:41,946 - root - INFO - start 16 epoch
2024-08-16 22:12:45,906 - root - INFO - epoch: 16:
2024-08-16 22:12:45,906 - root - INFO - Epoch mean loss: 0.7125888674155526
2024-08-16 22:12:45,906 - root - INFO - train acc: 0.4959459994638331, test acc: 0.5165039929015084
2024-08-16 22:12:45,906 - root - INFO - train ap: 0.5311965535637186, test ap: 0.6488792424325209
2024-08-16 22:12:45,907 - root - INFO - start 17 epoch
2024-08-16 22:12:49,813 - root - INFO - epoch: 17:
2024-08-16 22:12:49,813 - root - INFO - Epoch mean loss: 0.7116330473319344
2024-08-16 22:12:49,813 - root - INFO - train acc: 0.4959459994638331, test acc: 0.5165039929015084
2024-08-16 22:12:49,813 - root - INFO - train ap: 0.5246701883039762, test ap: 0.6883382824828403
2024-08-16 22:12:49,814 - root - INFO - start 18 epoch
2024-08-16 22:12:53,704 - root - INFO - epoch: 18:
2024-08-16 22:12:53,704 - root - INFO - Epoch mean loss: 0.7067970089290453
2024-08-16 22:12:53,704 - root - INFO - train acc: 0.4959459994638331, test acc: 0.5165039929015084
2024-08-16 22:12:53,704 - root - INFO - train ap: 0.5431286318093586, test ap: 0.6857368922211746
2024-08-16 22:12:53,705 - root - INFO - start 19 epoch
2024-08-16 22:12:57,580 - root - INFO - epoch: 19:
2024-08-16 22:12:57,580 - root - INFO - Epoch mean loss: 0.7044718395108762
2024-08-16 22:12:57,580 - root - INFO - train acc: 0.4959459994638331, test acc: 0.5165039929015084
2024-08-16 22:12:57,580 - root - INFO - train ap: 0.5453531576447503, test ap: 0.7012003065218332
2024-08-16 22:12:57,581 - root - INFO - start 20 epoch
2024-08-16 22:13:01,502 - root - INFO - epoch: 20:
2024-08-16 22:13:01,503 - root - INFO - Epoch mean loss: 0.7016808183296867
2024-08-16 22:13:01,503 - root - INFO - train acc: 0.4964806431565607, test acc: 0.5165039929015084
2024-08-16 22:13:01,503 - root - INFO - train ap: 0.550074085450318, test ap: 0.7120239855683356
2024-08-16 22:13:01,504 - root - INFO - start 21 epoch
2024-08-16 22:13:05,385 - root - INFO - epoch: 21:
2024-08-16 22:13:05,385 - root - INFO - Epoch mean loss: 0.6965522221896959
2024-08-16 22:13:05,385 - root - INFO - train acc: 0.4964555103333983, test acc: 0.5165039929015084
2024-08-16 22:13:05,385 - root - INFO - train ap: 0.5713694681651432, test ap: 0.7221200626770687
2024-08-16 22:13:05,386 - root - INFO - start 22 epoch
2024-08-16 22:13:09,268 - root - INFO - epoch: 22:
2024-08-16 22:13:09,268 - root - INFO - Epoch mean loss: 0.6964768326800802
2024-08-16 22:13:09,268 - root - INFO - train acc: 0.49832371685513743, test acc: 0.5165039929015084
2024-08-16 22:13:09,268 - root - INFO - train ap: 0.5649534743101273, test ap: 0.7288898129585435
2024-08-16 22:13:09,269 - root - INFO - start 23 epoch
2024-08-16 22:13:13,150 - root - INFO - epoch: 23:
2024-08-16 22:13:13,150 - root - INFO - Epoch mean loss: 0.6937286076338395
2024-08-16 22:13:13,150 - root - INFO - train acc: 0.50053159728992, test acc: 0.5165039929015084
2024-08-16 22:13:13,150 - root - INFO - train ap: 0.5696304357386891, test ap: 0.7306701856514815
2024-08-16 22:13:13,151 - root - INFO - start 24 epoch
2024-08-16 22:13:17,049 - root - INFO - epoch: 24:
2024-08-16 22:13:17,049 - root - INFO - Epoch mean loss: 0.6895275038221608
2024-08-16 22:13:17,049 - root - INFO - train acc: 0.5111117542405927, test acc: 0.5203785862170955
2024-08-16 22:13:17,049 - root - INFO - train ap: 0.5875425958690833, test ap: 0.7356737551299318
2024-08-16 22:13:17,050 - root - INFO - start 25 epoch
2024-08-16 22:13:20,975 - root - INFO - epoch: 25:
2024-08-16 22:13:20,975 - root - INFO - Epoch mean loss: 0.688299588535143
2024-08-16 22:13:20,975 - root - INFO - train acc: 0.5173134687560929, test acc: 0.5611949127477078
2024-08-16 22:13:20,975 - root - INFO - train ap: 0.5879102729635118, test ap: 0.7398414971979942
2024-08-16 22:13:20,976 - root - INFO - start 26 epoch
2024-08-16 22:13:24,846 - root - INFO - epoch: 26:
2024-08-16 22:13:24,846 - root - INFO - Epoch mean loss: 0.6842060115026392
2024-08-16 22:13:24,846 - root - INFO - train acc: 0.5420030403100019, test acc: 0.5981958000591542
2024-08-16 22:13:24,846 - root - INFO - train ap: 0.6010092820286222, test ap: 0.7441805193119625
2024-08-16 22:13:24,847 - root - INFO - start 27 epoch
2024-08-16 22:13:28,750 - root - INFO - epoch: 27:
2024-08-16 22:13:28,751 - root - INFO - Epoch mean loss: 0.6805565409038378
2024-08-16 22:13:28,751 - root - INFO - train acc: 0.5681640244199649, test acc: 0.6167701863354037
2024-08-16 22:13:28,751 - root - INFO - train ap: 0.6080120914300781, test ap: 0.7462992104541831
2024-08-16 22:13:28,752 - root - INFO - start 28 epoch
2024-08-16 22:13:32,632 - root - INFO - epoch: 28:
2024-08-16 22:13:32,632 - root - INFO - Epoch mean loss: 0.6753420000490935
2024-08-16 22:13:32,633 - root - INFO - train acc: 0.583046463735621, test acc: 0.6235729074238391
2024-08-16 22:13:32,633 - root - INFO - train ap: 0.6277382512984065, test ap: 0.7478133354967581
2024-08-16 22:13:32,634 - root - INFO - start 29 epoch
2024-08-16 22:13:36,584 - root - INFO - epoch: 29:
2024-08-16 22:13:36,585 - root - INFO - Epoch mean loss: 0.6752817293872004
2024-08-16 22:13:36,585 - root - INFO - train acc: 0.5887013489471632, test acc: 0.6362910381543921
2024-08-16 22:13:36,585 - root - INFO - train ap: 0.6219180001607685, test ap: 0.749575961955669
2024-08-16 22:13:36,586 - root - INFO - start 30 epoch
2024-08-16 22:13:40,533 - root - INFO - epoch: 30:
2024-08-16 22:13:40,533 - root - INFO - Epoch mean loss: 0.6717118931853253
2024-08-16 22:13:40,533 - root - INFO - train acc: 0.6025084080717489, test acc: 0.656433007985803
2024-08-16 22:13:40,533 - root - INFO - train ap: 0.6316254260866676, test ap: 0.7541030817668186
2024-08-16 22:13:40,534 - root - INFO - start 31 epoch
2024-08-16 22:13:44,521 - root - INFO - epoch: 31:
2024-08-16 22:13:44,521 - root - INFO - Epoch mean loss: 0.6656712941501451
2024-08-16 22:13:44,521 - root - INFO - train acc: 0.6175043258919868, test acc: 0.655072463768116
2024-08-16 22:13:44,521 - root - INFO - train ap: 0.6505688348148538, test ap: 0.7590111026920804
2024-08-16 22:13:44,522 - root - INFO - start 32 epoch
2024-08-16 22:13:48,398 - root - INFO - epoch: 32:
2024-08-16 22:13:48,398 - root - INFO - Epoch mean loss: 0.6622485492540442
2024-08-16 22:13:48,399 - root - INFO - train acc: 0.6328589576428153, test acc: 0.6725524992605737
2024-08-16 22:13:48,399 - root - INFO - train ap: 0.6553112115313126, test ap: 0.7616555221273776
2024-08-16 22:13:48,400 - root - INFO - start 33 epoch
2024-08-16 22:13:52,438 - root - INFO - epoch: 33:
2024-08-16 22:13:52,438 - root - INFO - Epoch mean loss: 0.6574335642482924
2024-08-16 22:13:52,438 - root - INFO - train acc: 0.6365070250048742, test acc: 0.6793552203490091
2024-08-16 22:13:52,438 - root - INFO - train ap: 0.6645794007564624, test ap: 0.7652834723189879
2024-08-16 22:13:52,439 - root - INFO - start 34 epoch
2024-08-16 22:13:56,377 - root - INFO - epoch: 34:
2024-08-16 22:13:56,377 - root - INFO - Epoch mean loss: 0.654641708602076
2024-08-16 22:13:56,377 - root - INFO - train acc: 0.6501693799961006, test acc: 0.6800354924578527
2024-08-16 22:13:56,377 - root - INFO - train ap: 0.6700106431641842, test ap: 0.768419776656047
2024-08-16 22:13:56,378 - root - INFO - start 35 epoch
2024-08-16 22:14:00,331 - root - INFO - epoch: 35:
2024-08-16 22:14:00,331 - root - INFO - Epoch mean loss: 0.6526138316030088
2024-08-16 22:14:00,331 - root - INFO - train acc: 0.6461123330571261, test acc: 0.6870452528837622
2024-08-16 22:14:00,331 - root - INFO - train ap: 0.6679996015465853, test ap: 0.7723127688959186
2024-08-16 22:14:00,332 - root - INFO - start 36 epoch
2024-08-16 22:14:04,218 - root - INFO - epoch: 36:
2024-08-16 22:14:04,218 - root - INFO - Epoch mean loss: 0.6466820240020752
2024-08-16 22:14:04,218 - root - INFO - train acc: 0.6494961249756288, test acc: 0.6965690624075718
2024-08-16 22:14:04,218 - root - INFO - train ap: 0.6873681246882175, test ap: 0.7754962316159969
2024-08-16 22:14:04,219 - root - INFO - start 37 epoch
2024-08-16 22:14:08,168 - root - INFO - epoch: 37:
2024-08-16 22:14:08,169 - root - INFO - Epoch mean loss: 0.6395811516305675
2024-08-16 22:14:08,169 - root - INFO - train acc: 0.6664546878046402, test acc: 0.6965690624075719
2024-08-16 22:14:08,169 - root - INFO - train ap: 0.7000395986352025, test ap: 0.7804221784824613
2024-08-16 22:14:08,170 - root - INFO - start 38 epoch
2024-08-16 22:14:12,180 - root - INFO - epoch: 38:
2024-08-16 22:14:12,181 - root - INFO - Epoch mean loss: 0.6367832240851029
2024-08-16 22:14:12,181 - root - INFO - train acc: 0.6641904489179177, test acc: 0.700650695060633
2024-08-16 22:14:12,181 - root - INFO - train ap: 0.7043785406783504, test ap: 0.784101913812278
2024-08-16 22:14:12,182 - root - INFO - start 39 epoch
2024-08-16 22:14:16,181 - root - INFO - epoch: 39:
2024-08-16 22:14:16,181 - root - INFO - Epoch mean loss: 0.6290355972621752
2024-08-16 22:14:16,181 - root - INFO - train acc: 0.6787332143205304, test acc: 0.7090209997042295
2024-08-16 22:14:16,181 - root - INFO - train ap: 0.7184648071243689, test ap: 0.7877480764931615
2024-08-16 22:14:16,182 - root - INFO - start 40 epoch
2024-08-16 22:14:20,115 - root - INFO - epoch: 40:
2024-08-16 22:14:20,115 - root - INFO - Epoch mean loss: 0.6249581653138866
2024-08-16 22:14:20,115 - root - INFO - train acc: 0.6908731295086762, test acc: 0.7151434486838213
2024-08-16 22:14:20,115 - root - INFO - train ap: 0.7142538376118427, test ap: 0.7934455950827421
2024-08-16 22:14:20,116 - root - INFO - start 41 epoch
2024-08-16 22:14:24,023 - root - INFO - epoch: 41:
2024-08-16 22:14:24,023 - root - INFO - Epoch mean loss: 0.6156900706498519
2024-08-16 22:14:24,023 - root - INFO - train acc: 0.6985287397640867, test acc: 0.7185448092280391
2024-08-16 22:14:24,023 - root - INFO - train ap: 0.7349196725576321, test ap: 0.796936043402512
2024-08-16 22:14:24,024 - root - INFO - start 42 epoch
2024-08-16 22:14:27,953 - root - INFO - epoch: 42:
2024-08-16 22:14:27,954 - root - INFO - Epoch mean loss: 0.6152139487473861
2024-08-16 22:14:27,954 - root - INFO - train acc: 0.6964716562682784, test acc: 0.7241940254362614
2024-08-16 22:14:27,954 - root - INFO - train ap: 0.7267102163386955, test ap: 0.7972614959041502
2024-08-16 22:14:27,955 - root - INFO - start 43 epoch
2024-08-16 22:14:31,835 - root - INFO - epoch: 43:
2024-08-16 22:14:31,835 - root - INFO - Epoch mean loss: 0.6092022294583528
2024-08-16 22:14:31,836 - root - INFO - train acc: 0.7035857684246443, test acc: 0.7318840579710145
2024-08-16 22:14:31,836 - root - INFO - train ap: 0.7295337738862256, test ap: 0.7998952636321262
2024-08-16 22:14:31,837 - root - INFO - start 44 epoch
2024-08-16 22:14:35,779 - root - INFO - epoch: 44:
2024-08-16 22:14:35,779 - root - INFO - Epoch mean loss: 0.5980831280998562
2024-08-16 22:14:35,779 - root - INFO - train acc: 0.7139709555956327, test acc: 0.7368530020703934
2024-08-16 22:14:35,779 - root - INFO - train ap: 0.7457718365664104, test ap: 0.8039769345923493
2024-08-16 22:14:35,780 - root - INFO - start 45 epoch
2024-08-16 22:14:39,728 - root - INFO - epoch: 45:
2024-08-16 22:14:39,728 - root - INFO - Epoch mean loss: 0.594114697497824
2024-08-16 22:14:39,728 - root - INFO - train acc: 0.7169023566972119, test acc: 0.7386867790594499
2024-08-16 22:14:39,728 - root - INFO - train ap: 0.7454214731521589, test ap: 0.8059750853441272
2024-08-16 22:14:39,729 - root - INFO - start 46 epoch
2024-08-16 22:14:43,786 - root - INFO - epoch: 46:
2024-08-16 22:14:43,786 - root - INFO - Epoch mean loss: 0.5831528824308644
2024-08-16 22:14:43,786 - root - INFO - train acc: 0.7256897055956327, test acc: 0.7547471162377994
2024-08-16 22:14:43,786 - root - INFO - train ap: 0.7613556902232987, test ap: 0.8057094910625371
2024-08-16 22:14:43,787 - root - INFO - start 47 epoch
2024-08-16 22:14:47,656 - root - INFO - epoch: 47:
2024-08-16 22:14:47,656 - root - INFO - Epoch mean loss: 0.5804442348687545
2024-08-16 22:14:47,656 - root - INFO - train acc: 0.7262243492883603, test acc: 0.7574682046731734
2024-08-16 22:14:47,656 - root - INFO - train ap: 0.7545865297328531, test ap: 0.8095060085173139
2024-08-16 22:14:47,657 - root - INFO - start 48 epoch
2024-08-16 22:14:51,809 - root - INFO - epoch: 48:
2024-08-16 22:14:51,809 - root - INFO - Epoch mean loss: 0.5723988387895667
2024-08-16 22:14:51,809 - root - INFO - train acc: 0.7316400918795086, test acc: 0.7608695652173912
2024-08-16 22:14:51,809 - root - INFO - train ap: 0.7583506993751784, test ap: 0.8134754310450626
2024-08-16 22:14:51,810 - root - INFO - start 49 epoch
2024-08-16 22:14:56,348 - root - INFO - epoch: 49:
2024-08-16 22:14:56,348 - root - INFO - Epoch mean loss: 0.5563674724620321
2024-08-16 22:14:56,348 - root - INFO - train acc: 0.7458119577403003, test acc: 0.7629103815439218
2024-08-16 22:14:56,349 - root - INFO - train ap: 0.7843201947574591, test ap: 0.818185967337556
2024-08-16 22:14:56,350 - root - INFO - start 50 epoch
2024-08-16 22:15:00,682 - root - INFO - epoch: 50:
2024-08-16 22:15:00,682 - root - INFO - Epoch mean loss: 0.5518668293952942
2024-08-16 22:15:00,683 - root - INFO - train acc: 0.7442080266621174, test acc: 0.7744750073942621
2024-08-16 22:15:00,683 - root - INFO - train ap: 0.7807664770572178, test ap: 0.8235391803715648
2024-08-16 22:15:00,684 - root - INFO - start 51 epoch
2024-08-16 22:15:04,994 - root - INFO - epoch: 51:
2024-08-16 22:15:04,994 - root - INFO - Epoch mean loss: 0.546405447565991
2024-08-16 22:15:04,994 - root - INFO - train acc: 0.7510769033924742, test acc: 0.7763087843833185
2024-08-16 22:15:04,994 - root - INFO - train ap: 0.7816725817518484, test ap: 0.8276749566521198
2024-08-16 22:15:04,995 - root - INFO - start 52 epoch
2024-08-16 22:15:09,230 - root - INFO - epoch: 52:
2024-08-16 22:15:09,230 - root - INFO - Epoch mean loss: 0.5387691518534785
2024-08-16 22:15:09,230 - root - INFO - train acc: 0.7511903818970559, test acc: 0.7795031055900622
2024-08-16 22:15:09,230 - root - INFO - train ap: 0.7864490618950816, test ap: 0.8308153743094526
2024-08-16 22:15:09,231 - root - INFO - start 53 epoch
2024-08-16 22:15:13,449 - root - INFO - epoch: 53:
2024-08-16 22:15:13,449 - root - INFO - Epoch mean loss: 0.525878765012907
2024-08-16 22:15:13,449 - root - INFO - train acc: 0.7659722899200624, test acc: 0.785625554569654
2024-08-16 22:15:13,449 - root - INFO - train ap: 0.797019983821101, test ap: 0.8369547110652648
2024-08-16 22:15:13,451 - root - INFO - start 54 epoch
2024-08-16 22:15:17,758 - root - INFO - epoch: 54:
2024-08-16 22:15:17,759 - root - INFO - Epoch mean loss: 0.5145903851674951
2024-08-16 22:15:17,759 - root - INFO - train acc: 0.776426782754923, test acc: 0.7903874593315587
2024-08-16 22:15:17,759 - root - INFO - train ap: 0.8092436193009219, test ap: 0.8421749903378728
2024-08-16 22:15:17,760 - root - INFO - start 55 epoch
2024-08-16 22:15:22,077 - root - INFO - epoch: 55:
2024-08-16 22:15:22,077 - root - INFO - Epoch mean loss: 0.5082089913927991
2024-08-16 22:15:22,077 - root - INFO - train acc: 0.7725517583837005, test acc: 0.79446909198462
2024-08-16 22:15:22,077 - root - INFO - train ap: 0.8041517504275749, test ap: 0.8458641451098736
2024-08-16 22:15:22,079 - root - INFO - start 56 epoch
2024-08-16 22:15:26,360 - root - INFO - epoch: 56:
2024-08-16 22:15:26,361 - root - INFO - Epoch mean loss: 0.5026362577210302
2024-08-16 22:15:26,361 - root - INFO - train acc: 0.7801753814096315, test acc: 0.7978704525288377
2024-08-16 22:15:26,361 - root - INFO - train ap: 0.803480056910722, test ap: 0.8512300143060082
2024-08-16 22:15:26,362 - root - INFO - start 57 epoch
2024-08-16 22:15:30,668 - root - INFO - epoch: 57:
2024-08-16 22:15:30,668 - root - INFO - Epoch mean loss: 0.49515272353006445
2024-08-16 22:15:30,668 - root - INFO - train acc: 0.7831006897055957, test acc: 0.8012718130730553
2024-08-16 22:15:30,668 - root - INFO - train ap: 0.8018045528057892, test ap: 0.8561761836249967
2024-08-16 22:15:30,669 - root - INFO - start 58 epoch
2024-08-16 22:15:34,886 - root - INFO - epoch: 58:
2024-08-16 22:15:34,887 - root - INFO - Epoch mean loss: 0.4863561132679815
2024-08-16 22:15:34,887 - root - INFO - train acc: 0.7879063901345292, test acc: 0.8089618456078085
2024-08-16 22:15:34,887 - root - INFO - train ap: 0.8081066609897568, test ap: 0.8598108743126024
2024-08-16 22:15:34,888 - root - INFO - start 59 epoch
2024-08-16 22:15:39,168 - root - INFO - epoch: 59:
2024-08-16 22:15:39,168 - root - INFO - Epoch mean loss: 0.4705895366876022
2024-08-16 22:15:39,168 - root - INFO - train acc: 0.7945802970852018, test acc: 0.8048802129547472
2024-08-16 22:15:39,168 - root - INFO - train ap: 0.824434107147948, test ap: 0.8624912117410083
2024-08-16 22:15:39,169 - root - INFO - start 60 epoch
2024-08-16 22:15:43,375 - root - INFO - epoch: 60:
2024-08-16 22:15:43,376 - root - INFO - Epoch mean loss: 0.46247078413548676
2024-08-16 22:15:43,376 - root - INFO - train acc: 0.8046128631312146, test acc: 0.8218870156758356
2024-08-16 22:15:43,376 - root - INFO - train ap: 0.8229995004899686, test ap: 0.8686751912768789
2024-08-16 22:15:43,377 - root - INFO - start 61 epoch
2024-08-16 22:15:47,625 - root - INFO - epoch: 61:
2024-08-16 22:15:47,625 - root - INFO - Epoch mean loss: 0.4471944246603095
2024-08-16 22:15:47,625 - root - INFO - train acc: 0.8070096205400662, test acc: 0.822567287784679
2024-08-16 22:15:47,625 - root - INFO - train ap: 0.8343933818198809, test ap: 0.8715929706813482
2024-08-16 22:15:47,626 - root - INFO - start 62 epoch
2024-08-16 22:15:51,960 - root - INFO - epoch: 62:
2024-08-16 22:15:51,960 - root - INFO - Epoch mean loss: 0.43422694828199304
2024-08-16 22:15:51,961 - root - INFO - train acc: 0.8190680444531097, test acc: 0.8327713694173321
2024-08-16 22:15:51,961 - root - INFO - train ap: 0.8458186412980161, test ap: 0.8776447845644537
2024-08-16 22:15:51,962 - root - INFO - start 63 epoch
2024-08-16 22:15:56,177 - root - INFO - epoch: 63:
2024-08-16 22:15:56,177 - root - INFO - Epoch mean loss: 0.42754011698391126
2024-08-16 22:15:56,177 - root - INFO - train acc: 0.8180238898908169, test acc: 0.8416149068322981
2024-08-16 22:15:56,177 - root - INFO - train ap: 0.8500911987078045, test ap: 0.8846055284350282
2024-08-16 22:15:56,178 - root - INFO - start 64 epoch
2024-08-16 22:16:00,441 - root - INFO - epoch: 64:
2024-08-16 22:16:00,441 - root - INFO - Epoch mean loss: 0.4150523128716842
2024-08-16 22:16:00,441 - root - INFO - train acc: 0.8282955985572237, test acc: 0.8470570837030464
2024-08-16 22:16:00,441 - root - INFO - train ap: 0.8506007378517325, test ap: 0.8880804376041761
2024-08-16 22:16:00,442 - root - INFO - start 65 epoch
2024-08-16 22:16:04,680 - root - INFO - epoch: 65:
2024-08-16 22:16:04,681 - root - INFO - Epoch mean loss: 0.40928963992906653
2024-08-16 22:16:04,681 - root - INFO - train acc: 0.8316923376876584, test acc: 0.8620230700976043
2024-08-16 22:16:04,681 - root - INFO - train ap: 0.8522336671213205, test ap: 0.8918475320383829
2024-08-16 22:16:04,682 - root - INFO - start 66 epoch
2024-08-16 22:16:08,945 - root - INFO - epoch: 66:
2024-08-16 22:16:08,945 - root - INFO - Epoch mean loss: 0.39914044737815857
2024-08-16 22:16:08,945 - root - INFO - train acc: 0.836881884870345, test acc: 0.856580893226856
2024-08-16 22:16:08,945 - root - INFO - train ap: 0.8575042608338805, test ap: 0.896133080827759
2024-08-16 22:16:08,946 - root - INFO - start 67 epoch
2024-08-16 22:16:13,274 - root - INFO - epoch: 67:
2024-08-16 22:16:13,274 - root - INFO - Epoch mean loss: 0.3821734863778819
2024-08-16 22:16:13,274 - root - INFO - train acc: 0.8472480320237864, test acc: 0.8683525584146702
2024-08-16 22:16:13,274 - root - INFO - train ap: 0.8672894649052493, test ap: 0.9024967795973277
2024-08-16 22:16:13,275 - root - INFO - start 68 epoch
2024-08-16 22:16:17,474 - root - INFO - epoch: 68:
2024-08-16 22:16:17,474 - root - INFO - Epoch mean loss: 0.3761940041314001
2024-08-16 22:16:17,474 - root - INFO - train acc: 0.8512738533339832, test acc: 0.8676722863058267
2024-08-16 22:16:17,474 - root - INFO - train ap: 0.876286144040846, test ap: 0.9049519201139431
2024-08-16 22:16:17,475 - root - INFO - start 69 epoch
2024-08-16 22:16:21,756 - root - INFO - epoch: 69:
2024-08-16 22:16:21,757 - root - INFO - Epoch mean loss: 0.36594938324845355
2024-08-16 22:16:21,757 - root - INFO - train acc: 0.8535068665919283, test acc: 0.8774031351671104
2024-08-16 22:16:21,757 - root - INFO - train ap: 0.8745413364241862, test ap: 0.9098154598516753
2024-08-16 22:16:21,758 - root - INFO - start 70 epoch
2024-08-16 22:16:26,065 - root - INFO - epoch: 70:
2024-08-16 22:16:26,065 - root - INFO - Epoch mean loss: 0.35950489407000336
2024-08-16 22:16:26,065 - root - INFO - train acc: 0.8596461298498733, test acc: 0.8744750073942621
2024-08-16 22:16:26,065 - root - INFO - train ap: 0.8831986034310882, test ap: 0.9137882526093135
2024-08-16 22:16:26,066 - root - INFO - start 71 epoch
2024-08-16 22:16:30,319 - root - INFO - epoch: 71:
2024-08-16 22:16:30,319 - root - INFO - Epoch mean loss: 0.3515286704768305
2024-08-16 22:16:30,319 - root - INFO - train acc: 0.8604701818093197, test acc: 0.8765158237207927
2024-08-16 22:16:30,320 - root - INFO - train ap: 0.8870206693386209, test ap: 0.915294706327718
2024-08-16 22:16:30,321 - root - INFO - start 72 epoch
2024-08-16 22:16:34,610 - root - INFO - epoch: 72:
2024-08-16 22:16:34,610 - root - INFO - Epoch mean loss: 0.3479009102220121
2024-08-16 22:16:34,610 - root - INFO - train acc: 0.8630931346266328, test acc: 0.8903283052351377
2024-08-16 22:16:34,610 - root - INFO - train ap: 0.8853075591822903, test ap: 0.9177843288430808
2024-08-16 22:16:34,612 - root - INFO - start 73 epoch
2024-08-16 22:16:38,826 - root - INFO - epoch: 73:
2024-08-16 22:16:38,826 - root - INFO - Epoch mean loss: 0.3358212385488593
2024-08-16 22:16:38,826 - root - INFO - train acc: 0.8693077963540652, test acc: 0.8903283052351375
2024-08-16 22:16:38,827 - root - INFO - train ap: 0.8937867627236957, test ap: 0.9209841814001343
2024-08-16 22:16:38,828 - root - INFO - start 74 epoch
2024-08-16 22:16:43,117 - root - INFO - epoch: 74:
2024-08-16 22:16:43,117 - root - INFO - Epoch mean loss: 0.3333027077757794
2024-08-16 22:16:43,117 - root - INFO - train acc: 0.8671440887599922, test acc: 0.8874001774622893
2024-08-16 22:16:43,117 - root - INFO - train ap: 0.897329002811286, test ap: 0.9239030604757416
2024-08-16 22:16:43,118 - root - INFO - start 75 epoch
2024-08-16 22:16:47,449 - root - INFO - epoch: 75:
2024-08-16 22:16:47,449 - root - INFO - Epoch mean loss: 0.3347042643505594
2024-08-16 22:16:47,449 - root - INFO - train acc: 0.871465411142523, test acc: 0.8971310263235731
2024-08-16 22:16:47,449 - root - INFO - train ap: 0.8834945282898944, test ap: 0.9269756770876378
2024-08-16 22:16:47,451 - root - INFO - start 76 epoch
2024-08-16 22:16:51,885 - root - INFO - epoch: 76:
2024-08-16 22:16:51,886 - root - INFO - Epoch mean loss: 0.32283519661944843
2024-08-16 22:16:51,886 - root - INFO - train acc: 0.8765544270325599, test acc: 0.9012126589766343
2024-08-16 22:16:51,886 - root - INFO - train ap: 0.8984620492021864, test ap: 0.9288456984996115
2024-08-16 22:16:51,887 - root - INFO - start 77 epoch
2024-08-16 22:16:56,173 - root - INFO - epoch: 77:
2024-08-16 22:16:56,173 - root - INFO - Epoch mean loss: 0.31834441682566766
2024-08-16 22:16:56,173 - root - INFO - train acc: 0.8710503387599922, test acc: 0.906181603076013
2024-08-16 22:16:56,173 - root - INFO - train ap: 0.9064031565340283, test ap: 0.9314939875024332
2024-08-16 22:16:56,174 - root - INFO - start 78 epoch
2024-08-16 22:17:00,362 - root - INFO - epoch: 78:
2024-08-16 22:17:00,362 - root - INFO - Epoch mean loss: 0.31486671644708386
2024-08-16 22:17:00,362 - root - INFO - train acc: 0.8764790285630728, test acc: 0.9018929310854777
2024-08-16 22:17:00,362 - root - INFO - train ap: 0.9020380291341779, test ap: 0.9327300511089356
2024-08-16 22:17:00,363 - root - INFO - start 79 epoch
2024-08-16 22:17:04,589 - root - INFO - epoch: 79:
2024-08-16 22:17:04,589 - root - INFO - Epoch mean loss: 0.308281228594158
2024-08-16 22:17:04,589 - root - INFO - train acc: 0.8841277844121661, test acc: 0.8982845312037858
2024-08-16 22:17:04,589 - root - INFO - train ap: 0.905479978220665, test ap: 0.9351542462293045
2024-08-16 22:17:04,590 - root - INFO - start 80 epoch
2024-08-16 22:17:08,917 - root - INFO - epoch: 80:
2024-08-16 22:17:08,917 - root - INFO - Epoch mean loss: 0.30137990415096283
2024-08-16 22:17:08,917 - root - INFO - train acc: 0.8847126937512186, test acc: 0.9068618751848566
2024-08-16 22:17:08,917 - root - INFO - train ap: 0.9069332768062669, test ap: 0.9367785023279641
2024-08-16 22:17:08,918 - root - INFO - start 81 epoch
2024-08-16 22:17:13,314 - root - INFO - epoch: 81:
2024-08-16 22:17:13,314 - root - INFO - Epoch mean loss: 0.299689496340959
2024-08-16 22:17:13,314 - root - INFO - train acc: 0.8866060330961202, test acc: 0.9095829636202307
2024-08-16 22:17:13,314 - root - INFO - train ap: 0.9098108593891606, test ap: 0.9386126698443833
2024-08-16 22:17:13,315 - root - INFO - start 82 epoch
2024-08-16 22:17:17,596 - root - INFO - epoch: 82:
2024-08-16 22:17:17,596 - root - INFO - Epoch mean loss: 0.2972169771142628
2024-08-16 22:17:17,596 - root - INFO - train acc: 0.8884993724410216, test acc: 0.9052942916296953
2024-08-16 22:17:17,596 - root - INFO - train ap: 0.9115426772727566, test ap: 0.9415989160410609
2024-08-16 22:17:17,597 - root - INFO - start 83 epoch
2024-08-16 22:17:21,856 - root - INFO - epoch: 83:
2024-08-16 22:17:21,856 - root - INFO - Epoch mean loss: 0.29049290392709815
2024-08-16 22:17:21,856 - root - INFO - train acc: 0.8865306346266328, test acc: 0.9102632357290743
2024-08-16 22:17:21,856 - root - INFO - train ap: 0.9173682163141603, test ap: 0.9428086567916178
2024-08-16 22:17:21,857 - root - INFO - start 84 epoch
2024-08-16 22:17:26,179 - root - INFO - epoch: 84:
2024-08-16 22:17:26,179 - root - INFO - Epoch mean loss: 0.28826482529225556
2024-08-16 22:17:26,180 - root - INFO - train acc: 0.8884491067946969, test acc: 0.9109435078379178
2024-08-16 22:17:26,180 - root - INFO - train ap: 0.917349792366012, test ap: 0.9449737668956933
2024-08-16 22:17:26,181 - root - INFO - start 85 epoch
2024-08-16 22:17:30,533 - root - INFO - epoch: 85:
2024-08-16 22:17:30,533 - root - INFO - Epoch mean loss: 0.2817188980786697
2024-08-16 22:17:30,533 - root - INFO - train acc: 0.8942677361571457, test acc: 0.9075421472937001
2024-08-16 22:17:30,533 - root - INFO - train ap: 0.9169329476292198, test ap: 0.9463432436123517
2024-08-16 22:17:30,534 - root - INFO - start 86 epoch
2024-08-16 22:17:34,830 - root - INFO - epoch: 86:
2024-08-16 22:17:34,830 - root - INFO - Epoch mean loss: 0.28220899662245874
2024-08-16 22:17:34,830 - root - INFO - train acc: 0.8917704474556444, test acc: 0.9089026915113873
2024-08-16 22:17:34,831 - root - INFO - train ap: 0.9202503933190521, test ap: 0.9488643693601024
2024-08-16 22:17:34,831 - root - INFO - start 87 epoch
2024-08-16 22:17:39,096 - root - INFO - epoch: 87:
2024-08-16 22:17:39,096 - root - INFO - Epoch mean loss: 0.27946478905885114
2024-08-16 22:17:39,096 - root - INFO - train acc: 0.8928900004874245, test acc: 0.9129843241644484
2024-08-16 22:17:39,096 - root - INFO - train ap: 0.9179613329764602, test ap: 0.9499904232391642
2024-08-16 22:17:39,097 - root - INFO - start 88 epoch
2024-08-16 22:17:43,324 - root - INFO - epoch: 88:
2024-08-16 22:17:43,325 - root - INFO - Epoch mean loss: 0.2723227078500001
2024-08-16 22:17:43,325 - root - INFO - train acc: 0.8964314437512186, test acc: 0.915025140490979
2024-08-16 22:17:43,325 - root - INFO - train ap: 0.9267678292384411, test ap: 0.9511824497252293
2024-08-16 22:17:43,326 - root - INFO - start 89 epoch
2024-08-16 22:17:47,577 - root - INFO - epoch: 89:
2024-08-16 22:17:47,577 - root - INFO - Epoch mean loss: 0.2678814297137053
2024-08-16 22:17:47,577 - root - INFO - train acc: 0.9011868785338273, test acc: 0.9055013309671694
2024-08-16 22:17:47,577 - root - INFO - train ap: 0.9249712542844305, test ap: 0.9528376799158735
2024-08-16 22:17:47,578 - root - INFO - start 90 epoch
2024-08-16 22:17:51,915 - root - INFO - epoch: 90:
2024-08-16 22:17:51,916 - root - INFO - Epoch mean loss: 0.2690644179997237
2024-08-16 22:17:51,916 - root - INFO - train acc: 0.8978594450672646, test acc: 0.9211475894705708
2024-08-16 22:17:51,916 - root - INFO - train ap: 0.9230442253244451, test ap: 0.9547015688418581
2024-08-16 22:17:51,917 - root - INFO - start 91 epoch
2024-08-16 22:17:56,309 - root - INFO - epoch: 91:
2024-08-16 22:17:56,309 - root - INFO - Epoch mean loss: 0.26480312386284705
2024-08-16 22:17:56,309 - root - INFO - train acc: 0.9016270837395204, test acc: 0.9131913635019225
2024-08-16 22:17:56,309 - root - INFO - train ap: 0.924037205252516, test ap: 0.9544070361103504
2024-08-16 22:17:56,311 - root - INFO - start 92 epoch
2024-08-16 22:18:00,647 - root - INFO - epoch: 92:
2024-08-16 22:18:00,647 - root - INFO - Epoch mean loss: 0.2652018646831098
2024-08-16 22:18:00,647 - root - INFO - train acc: 0.8995639074380971, test acc: 0.9118308192842354
2024-08-16 22:18:00,647 - root - INFO - train ap: 0.9274452557874572, test ap: 0.9558071431566043
2024-08-16 22:18:00,648 - root - INFO - start 93 epoch
2024-08-16 22:18:04,940 - root - INFO - epoch: 93:
2024-08-16 22:18:04,940 - root - INFO - Epoch mean loss: 0.2532416608022607
2024-08-16 22:18:04,940 - root - INFO - train acc: 0.9059925789627608, test acc: 0.9165927240461403
2024-08-16 22:18:04,940 - root - INFO - train ap: 0.9328966919951796, test ap: 0.9566449634060713
2024-08-16 22:18:04,941 - root - INFO - start 94 epoch
2024-08-16 22:18:09,524 - root - INFO - epoch: 94:
2024-08-16 22:18:09,524 - root - INFO - Epoch mean loss: 0.25503845383291657
2024-08-16 22:18:09,524 - root - INFO - train acc: 0.902476268522129, test acc: 0.9152321798284532
2024-08-16 22:18:09,524 - root - INFO - train ap: 0.9340285953108902, test ap: 0.958627123871328
2024-08-16 22:18:09,526 - root - INFO - start 95 epoch
2024-08-16 22:18:13,869 - root - INFO - epoch: 95:
2024-08-16 22:18:13,869 - root - INFO - Epoch mean loss: 0.2536707533442456
2024-08-16 22:18:13,869 - root - INFO - train acc: 0.9049735572236304, test acc: 0.9179532682638273
2024-08-16 22:18:13,869 - root - INFO - train ap: 0.9270378915443837, test ap: 0.9598045485136746
2024-08-16 22:18:13,870 - root - INFO - start 96 epoch
2024-08-16 22:18:18,193 - root - INFO - epoch: 96:
2024-08-16 22:18:18,193 - root - INFO - Epoch mean loss: 0.250355095319126
2024-08-16 22:18:18,193 - root - INFO - train acc: 0.9096535935367518, test acc: 0.9206743566992014
2024-08-16 22:18:18,193 - root - INFO - train ap: 0.9323605430550811, test ap: 0.9599358822784521
2024-08-16 22:18:18,194 - root - INFO - start 97 epoch
2024-08-16 22:18:22,445 - root - INFO - epoch: 97:
2024-08-16 22:18:22,445 - root - INFO - Epoch mean loss: 0.25018510352010315
2024-08-16 22:18:22,445 - root - INFO - train acc: 0.9097038591830767, test acc: 0.9233954451345756
2024-08-16 22:18:22,445 - root - INFO - train ap: 0.9295121349486528, test ap: 0.9601515155006631
2024-08-16 22:18:22,446 - root - INFO - start 98 epoch
2024-08-16 22:18:26,705 - root - INFO - epoch: 98:
2024-08-16 22:18:26,705 - root - INFO - Epoch mean loss: 0.24479113713554715
2024-08-16 22:18:26,706 - root - INFO - train acc: 0.9080808880873464, test acc: 0.9152321798284532
2024-08-16 22:18:26,706 - root - INFO - train ap: 0.9384114032932608, test ap: 0.9601952292799605
2024-08-16 22:18:26,706 - root - INFO - start 99 epoch
2024-08-16 22:18:31,008 - root - INFO - epoch: 99:
2024-08-16 22:18:31,008 - root - INFO - Epoch mean loss: 0.241148191301719
2024-08-16 22:18:31,008 - root - INFO - train acc: 0.908055755264184, test acc: 0.9206743566992014
2024-08-16 22:18:31,008 - root - INFO - train ap: 0.9408692189443952, test ap: 0.9601002949744999
2024-08-16 22:18:31,009 - root - INFO - Saving TGAN model
2024-08-16 22:18:31,010 - root - INFO - TGAN models saved
