2024-08-10 12:13:22,171 - root - INFO - Namespace(data='simulate_v2', bs=256, prefix='simulate_v2', n_degree=10, n_head=2, n_epoch=100, n_layer=2, lr=0.0001, drop_out=0.1, gpu=1, node_dim=100, time_dim=100, agg_method='attn', attn_mode='prod', time='time', uniform=False)
2024-08-10 12:13:22,234 - module - INFO - Aggregation uses attention model
2024-08-10 12:13:22,236 - module - INFO - Using scaled prod attention
2024-08-10 12:13:22,236 - module - INFO - Using scaled prod attention
2024-08-10 12:13:22,236 - module - INFO - Using time encoding
2024-08-10 12:13:22,602 - root - INFO - num of training instances: 5856
2024-08-10 12:13:22,602 - root - INFO - num of batches per epoch: 23
2024-08-10 12:13:22,603 - root - INFO - start 0 epoch
2024-08-10 12:13:26,754 - root - INFO - epoch: 0:
2024-08-10 12:13:26,754 - root - INFO - Epoch mean loss: 0.770098336364912
2024-08-10 12:13:26,754 - root - INFO - train acc: 0.4959459994638331, test acc: 0.5165039929015084
2024-08-10 12:13:26,754 - root - INFO - train ap: 0.4957119061523622, test ap: 0.5501047101626415
2024-08-10 12:13:26,755 - root - INFO - start 1 epoch
2024-08-10 12:13:30,814 - root - INFO - epoch: 1:
2024-08-10 12:13:30,814 - root - INFO - Epoch mean loss: 0.7508802699006122
2024-08-10 12:13:30,814 - root - INFO - train acc: 0.4959459994638331, test acc: 0.5165039929015084
2024-08-10 12:13:30,814 - root - INFO - train ap: 0.4996136706712772, test ap: 0.550716477740435
2024-08-10 12:13:30,815 - root - INFO - start 2 epoch
2024-08-10 12:13:34,905 - root - INFO - epoch: 2:
2024-08-10 12:13:34,905 - root - INFO - Epoch mean loss: 0.7376122345095095
2024-08-10 12:13:34,905 - root - INFO - train acc: 0.4959459994638331, test acc: 0.5165039929015084
2024-08-10 12:13:34,905 - root - INFO - train ap: 0.5031754812036242, test ap: 0.5508934738570227
2024-08-10 12:13:34,906 - root - INFO - start 3 epoch
2024-08-10 12:13:38,850 - root - INFO - epoch: 3:
2024-08-10 12:13:38,850 - root - INFO - Epoch mean loss: 0.7275566562362339
2024-08-10 12:13:38,850 - root - INFO - train acc: 0.4959459994638331, test acc: 0.5165039929015084
2024-08-10 12:13:38,851 - root - INFO - train ap: 0.5078187345913098, test ap: 0.5674854368489167
2024-08-10 12:13:38,851 - root - INFO - start 4 epoch
2024-08-10 12:13:42,815 - root - INFO - epoch: 4:
2024-08-10 12:13:42,815 - root - INFO - Epoch mean loss: 0.721307212891786
2024-08-10 12:13:42,815 - root - INFO - train acc: 0.4959459994638331, test acc: 0.5165039929015084
2024-08-10 12:13:42,815 - root - INFO - train ap: 0.5091531718715354, test ap: 0.6049901230817873
2024-08-10 12:13:42,816 - root - INFO - start 5 epoch
2024-08-10 12:13:46,757 - root - INFO - epoch: 5:
2024-08-10 12:13:46,757 - root - INFO - Epoch mean loss: 0.7170932474343673
2024-08-10 12:13:46,757 - root - INFO - train acc: 0.4959459994638331, test acc: 0.5165039929015084
2024-08-10 12:13:46,757 - root - INFO - train ap: 0.5098275394651425, test ap: 0.6133651247172645
2024-08-10 12:13:46,758 - root - INFO - start 6 epoch
2024-08-10 12:13:50,720 - root - INFO - epoch: 6:
2024-08-10 12:13:50,720 - root - INFO - Epoch mean loss: 0.7136726068413776
2024-08-10 12:13:50,720 - root - INFO - train acc: 0.4959459994638331, test acc: 0.5165039929015084
2024-08-10 12:13:50,720 - root - INFO - train ap: 0.5174195907921169, test ap: 0.623993167078912
2024-08-10 12:13:50,721 - root - INFO - start 7 epoch
2024-08-10 12:13:54,623 - root - INFO - epoch: 7:
2024-08-10 12:13:54,623 - root - INFO - Epoch mean loss: 0.7120712736378545
2024-08-10 12:13:54,623 - root - INFO - train acc: 0.4959459994638331, test acc: 0.5165039929015084
2024-08-10 12:13:54,623 - root - INFO - train ap: 0.5096406083108129, test ap: 0.6286535558604026
2024-08-10 12:13:54,624 - root - INFO - start 8 epoch
2024-08-10 12:13:58,511 - root - INFO - epoch: 8:
2024-08-10 12:13:58,511 - root - INFO - Epoch mean loss: 0.7102578178696011
2024-08-10 12:13:58,511 - root - INFO - train acc: 0.4959459994638331, test acc: 0.5165039929015084
2024-08-10 12:13:58,511 - root - INFO - train ap: 0.507298209328832, test ap: 0.6276370234206445
2024-08-10 12:13:58,512 - root - INFO - start 9 epoch
2024-08-10 12:14:02,634 - root - INFO - epoch: 9:
2024-08-10 12:14:02,634 - root - INFO - Epoch mean loss: 0.7088603221851847
2024-08-10 12:14:02,634 - root - INFO - train acc: 0.4959459994638331, test acc: 0.5165039929015084
2024-08-10 12:14:02,635 - root - INFO - train ap: 0.5062245605233846, test ap: 0.6270036789026788
2024-08-10 12:14:02,635 - root - INFO - start 10 epoch
2024-08-10 12:14:06,612 - root - INFO - epoch: 10:
2024-08-10 12:14:06,612 - root - INFO - Epoch mean loss: 0.7073365631310836
2024-08-10 12:14:06,612 - root - INFO - train acc: 0.4959459994638331, test acc: 0.5165039929015084
2024-08-10 12:14:06,612 - root - INFO - train ap: 0.5112412260926126, test ap: 0.6317874947020873
2024-08-10 12:14:06,613 - root - INFO - start 11 epoch
2024-08-10 12:14:10,618 - root - INFO - epoch: 11:
2024-08-10 12:14:10,618 - root - INFO - Epoch mean loss: 0.7062637650448343
2024-08-10 12:14:10,618 - root - INFO - train acc: 0.4959459994638331, test acc: 0.5165039929015084
2024-08-10 12:14:10,618 - root - INFO - train ap: 0.5086391515021098, test ap: 0.6303608298982205
2024-08-10 12:14:10,620 - root - INFO - start 12 epoch
2024-08-10 12:14:14,640 - root - INFO - epoch: 12:
2024-08-10 12:14:14,640 - root - INFO - Epoch mean loss: 0.7056074427521747
2024-08-10 12:14:14,640 - root - INFO - train acc: 0.4959459994638331, test acc: 0.5165039929015084
2024-08-10 12:14:14,640 - root - INFO - train ap: 0.5091174331942533, test ap: 0.629388852799211
2024-08-10 12:14:14,641 - root - INFO - start 13 epoch
2024-08-10 12:14:18,635 - root - INFO - epoch: 13:
2024-08-10 12:14:18,635 - root - INFO - Epoch mean loss: 0.7040859797726506
2024-08-10 12:14:18,635 - root - INFO - train acc: 0.4959459994638331, test acc: 0.5165039929015084
2024-08-10 12:14:18,635 - root - INFO - train ap: 0.5100482582693562, test ap: 0.6281719414997142
2024-08-10 12:14:18,636 - root - INFO - start 14 epoch
2024-08-10 12:14:22,614 - root - INFO - epoch: 14:
2024-08-10 12:14:22,614 - root - INFO - Epoch mean loss: 0.7037171721458435
2024-08-10 12:14:22,614 - root - INFO - train acc: 0.4959459994638331, test acc: 0.5165039929015084
2024-08-10 12:14:22,614 - root - INFO - train ap: 0.5045722559328503, test ap: 0.6287675922863628
2024-08-10 12:14:22,615 - root - INFO - start 15 epoch
2024-08-10 12:14:26,678 - root - INFO - epoch: 15:
2024-08-10 12:14:26,679 - root - INFO - Epoch mean loss: 0.7020425148632216
2024-08-10 12:14:26,679 - root - INFO - train acc: 0.4959459994638331, test acc: 0.5165039929015084
2024-08-10 12:14:26,679 - root - INFO - train ap: 0.5172975767762592, test ap: 0.6289654014652936
2024-08-10 12:14:26,680 - root - INFO - start 16 epoch
2024-08-10 12:14:30,593 - root - INFO - epoch: 16:
2024-08-10 12:14:30,593 - root - INFO - Epoch mean loss: 0.7012679084487583
2024-08-10 12:14:30,593 - root - INFO - train acc: 0.4959459994638331, test acc: 0.5165039929015084
2024-08-10 12:14:30,593 - root - INFO - train ap: 0.5192512531238507, test ap: 0.6315281800333689
2024-08-10 12:14:30,594 - root - INFO - start 17 epoch
2024-08-10 12:14:34,562 - root - INFO - epoch: 17:
2024-08-10 12:14:34,563 - root - INFO - Epoch mean loss: 0.700415111106375
2024-08-10 12:14:34,563 - root - INFO - train acc: 0.4959459994638331, test acc: 0.5165039929015084
2024-08-10 12:14:34,563 - root - INFO - train ap: 0.5169345135984197, test ap: 0.6331366774532896
2024-08-10 12:14:34,564 - root - INFO - start 18 epoch
2024-08-10 12:14:38,468 - root - INFO - epoch: 18:
2024-08-10 12:14:38,468 - root - INFO - Epoch mean loss: 0.6997040510177612
2024-08-10 12:14:38,468 - root - INFO - train acc: 0.4959459994638331, test acc: 0.5165039929015084
2024-08-10 12:14:38,468 - root - INFO - train ap: 0.5205466409419498, test ap: 0.6337290311766691
2024-08-10 12:14:38,469 - root - INFO - start 19 epoch
2024-08-10 12:14:42,521 - root - INFO - epoch: 19:
2024-08-10 12:14:42,521 - root - INFO - Epoch mean loss: 0.6993045288583507
2024-08-10 12:14:42,521 - root - INFO - train acc: 0.4959459994638331, test acc: 0.5165039929015084
2024-08-10 12:14:42,521 - root - INFO - train ap: 0.5139316716089086, test ap: 0.6369738257014753
2024-08-10 12:14:42,522 - root - INFO - start 20 epoch
2024-08-10 12:14:46,548 - root - INFO - epoch: 20:
2024-08-10 12:14:46,548 - root - INFO - Epoch mean loss: 0.698513414548791
2024-08-10 12:14:46,548 - root - INFO - train acc: 0.4959459994638331, test acc: 0.5165039929015084
2024-08-10 12:14:46,548 - root - INFO - train ap: 0.5200860838123017, test ap: 0.6378992870713883
2024-08-10 12:14:46,549 - root - INFO - start 21 epoch
2024-08-10 12:14:50,506 - root - INFO - epoch: 21:
2024-08-10 12:14:50,506 - root - INFO - Epoch mean loss: 0.6978556617446567
2024-08-10 12:14:50,506 - root - INFO - train acc: 0.4959459994638331, test acc: 0.5165039929015084
2024-08-10 12:14:50,506 - root - INFO - train ap: 0.52316165860087, test ap: 0.6391381255082245
2024-08-10 12:14:50,507 - root - INFO - start 22 epoch
2024-08-10 12:14:54,420 - root - INFO - epoch: 22:
2024-08-10 12:14:54,420 - root - INFO - Epoch mean loss: 0.697146141010782
2024-08-10 12:14:54,420 - root - INFO - train acc: 0.4959459994638331, test acc: 0.5165039929015084
2024-08-10 12:14:54,420 - root - INFO - train ap: 0.5264440073848184, test ap: 0.6425295852913783
2024-08-10 12:14:54,421 - root - INFO - start 23 epoch
2024-08-10 12:14:58,306 - root - INFO - epoch: 23:
2024-08-10 12:14:58,306 - root - INFO - Epoch mean loss: 0.6968914996022764
2024-08-10 12:14:58,306 - root - INFO - train acc: 0.4959459994638331, test acc: 0.5165039929015084
2024-08-10 12:14:58,306 - root - INFO - train ap: 0.5160543431895012, test ap: 0.6489693485640732
2024-08-10 12:14:58,307 - root - INFO - start 24 epoch
2024-08-10 12:15:02,211 - root - INFO - epoch: 24:
2024-08-10 12:15:02,211 - root - INFO - Epoch mean loss: 0.695969643800155
2024-08-10 12:15:02,211 - root - INFO - train acc: 0.4959459994638331, test acc: 0.5165039929015084
2024-08-10 12:15:02,211 - root - INFO - train ap: 0.5307280098303521, test ap: 0.6507603666180206
2024-08-10 12:15:02,212 - root - INFO - start 25 epoch
2024-08-10 12:15:06,275 - root - INFO - epoch: 25:
2024-08-10 12:15:06,275 - root - INFO - Epoch mean loss: 0.6956102096516154
2024-08-10 12:15:06,275 - root - INFO - train acc: 0.4959459994638331, test acc: 0.5165039929015084
2024-08-10 12:15:06,275 - root - INFO - train ap: 0.5224148205534828, test ap: 0.6550825841584318
2024-08-10 12:15:06,276 - root - INFO - start 26 epoch
2024-08-10 12:15:10,209 - root - INFO - epoch: 26:
2024-08-10 12:15:10,209 - root - INFO - Epoch mean loss: 0.6950526989024618
2024-08-10 12:15:10,209 - root - INFO - train acc: 0.4959459994638331, test acc: 0.5165039929015084
2024-08-10 12:15:10,209 - root - INFO - train ap: 0.5299472649050594, test ap: 0.6577714609948194
2024-08-10 12:15:10,210 - root - INFO - start 27 epoch
2024-08-10 12:15:14,248 - root - INFO - epoch: 27:
2024-08-10 12:15:14,248 - root - INFO - Epoch mean loss: 0.6947198872980864
2024-08-10 12:15:14,248 - root - INFO - train acc: 0.4959459994638331, test acc: 0.5165039929015084
2024-08-10 12:15:14,248 - root - INFO - train ap: 0.5320795239114958, test ap: 0.6628426903528939
2024-08-10 12:15:14,249 - root - INFO - start 28 epoch
2024-08-10 12:15:18,194 - root - INFO - epoch: 28:
2024-08-10 12:15:18,194 - root - INFO - Epoch mean loss: 0.6943720371826835
2024-08-10 12:15:18,194 - root - INFO - train acc: 0.4959459994638331, test acc: 0.5165039929015084
2024-08-10 12:15:18,194 - root - INFO - train ap: 0.5273010461853624, test ap: 0.6607835257328942
2024-08-10 12:15:18,195 - root - INFO - start 29 epoch
2024-08-10 12:15:22,179 - root - INFO - epoch: 29:
2024-08-10 12:15:22,179 - root - INFO - Epoch mean loss: 0.693533718585968
2024-08-10 12:15:22,179 - root - INFO - train acc: 0.4959459994638331, test acc: 0.5165039929015084
2024-08-10 12:15:22,179 - root - INFO - train ap: 0.5509467070005841, test ap: 0.6645739337870323
2024-08-10 12:15:22,180 - root - INFO - start 30 epoch
2024-08-10 12:15:26,209 - root - INFO - epoch: 30:
2024-08-10 12:15:26,209 - root - INFO - Epoch mean loss: 0.6932869372160538
2024-08-10 12:15:26,209 - root - INFO - train acc: 0.4959459994638331, test acc: 0.5165039929015084
2024-08-10 12:15:26,209 - root - INFO - train ap: 0.5435221747001101, test ap: 0.6671305149326642
2024-08-10 12:15:26,211 - root - INFO - start 31 epoch
2024-08-10 12:15:30,153 - root - INFO - epoch: 31:
2024-08-10 12:15:30,153 - root - INFO - Epoch mean loss: 0.6930176978525908
2024-08-10 12:15:30,153 - root - INFO - train acc: 0.4959459994638331, test acc: 0.5165039929015084
2024-08-10 12:15:30,153 - root - INFO - train ap: 0.552275397763448, test ap: 0.6681779898495321
2024-08-10 12:15:30,154 - root - INFO - start 32 epoch
2024-08-10 12:15:34,174 - root - INFO - epoch: 32:
2024-08-10 12:15:34,175 - root - INFO - Epoch mean loss: 0.6931315504986307
2024-08-10 12:15:34,175 - root - INFO - train acc: 0.4959459994638331, test acc: 0.5165039929015084
2024-08-10 12:15:34,175 - root - INFO - train ap: 0.5420492151767402, test ap: 0.666898261430469
2024-08-10 12:15:34,176 - root - INFO - start 33 epoch
2024-08-10 12:15:38,099 - root - INFO - epoch: 33:
2024-08-10 12:15:38,099 - root - INFO - Epoch mean loss: 0.6929174635721289
2024-08-10 12:15:38,099 - root - INFO - train acc: 0.4959459994638331, test acc: 0.5165039929015084
2024-08-10 12:15:38,100 - root - INFO - train ap: 0.5531749000613618, test ap: 0.670935927041862
2024-08-10 12:15:38,100 - root - INFO - start 34 epoch
2024-08-10 12:15:42,004 - root - INFO - epoch: 34:
2024-08-10 12:15:42,004 - root - INFO - Epoch mean loss: 0.6928107634834622
2024-08-10 12:15:42,004 - root - INFO - train acc: 0.4959459994638331, test acc: 0.5165039929015084
2024-08-10 12:15:42,005 - root - INFO - train ap: 0.5562140810970085, test ap: 0.6751737138462037
2024-08-10 12:15:42,005 - root - INFO - start 35 epoch
2024-08-10 12:15:45,987 - root - INFO - epoch: 35:
2024-08-10 12:15:45,987 - root - INFO - Epoch mean loss: 0.6928632337114086
2024-08-10 12:15:45,987 - root - INFO - train acc: 0.4959459994638331, test acc: 0.5165039929015084
2024-08-10 12:15:45,987 - root - INFO - train ap: 0.5520096998697113, test ap: 0.6773051556478417
2024-08-10 12:15:45,988 - root - INFO - start 36 epoch
2024-08-10 12:15:50,000 - root - INFO - epoch: 36:
2024-08-10 12:15:50,000 - root - INFO - Epoch mean loss: 0.692903775235881
2024-08-10 12:15:50,000 - root - INFO - train acc: 0.4959459994638331, test acc: 0.5165039929015084
2024-08-10 12:15:50,000 - root - INFO - train ap: 0.5478618953615472, test ap: 0.6818258002334129
2024-08-10 12:15:50,001 - root - INFO - start 37 epoch
2024-08-10 12:15:54,024 - root - INFO - epoch: 37:
2024-08-10 12:15:54,025 - root - INFO - Epoch mean loss: 0.6932466548422108
2024-08-10 12:15:54,025 - root - INFO - train acc: 0.4959459994638331, test acc: 0.5165039929015084
2024-08-10 12:15:54,025 - root - INFO - train ap: 0.5433963114652866, test ap: 0.679833981636504
2024-08-10 12:15:54,026 - root - INFO - start 38 epoch
2024-08-10 12:15:57,995 - root - INFO - epoch: 38:
2024-08-10 12:15:57,995 - root - INFO - Epoch mean loss: 0.6922715695007987
2024-08-10 12:15:57,995 - root - INFO - train acc: 0.4959459994638331, test acc: 0.5165039929015084
2024-08-10 12:15:57,995 - root - INFO - train ap: 0.5696215682976813, test ap: 0.6815476852606029
2024-08-10 12:15:57,996 - root - INFO - start 39 epoch
2024-08-10 12:16:01,897 - root - INFO - epoch: 39:
2024-08-10 12:16:01,897 - root - INFO - Epoch mean loss: 0.6921176418014194
2024-08-10 12:16:01,897 - root - INFO - train acc: 0.4959459994638331, test acc: 0.5165039929015084
2024-08-10 12:16:01,897 - root - INFO - train ap: 0.5706612637282863, test ap: 0.6860478415366273
2024-08-10 12:16:01,898 - root - INFO - start 40 epoch
2024-08-10 12:16:05,800 - root - INFO - epoch: 40:
2024-08-10 12:16:05,800 - root - INFO - Epoch mean loss: 0.6923617383708125
2024-08-10 12:16:05,800 - root - INFO - train acc: 0.4959459994638331, test acc: 0.5165039929015084
2024-08-10 12:16:05,800 - root - INFO - train ap: 0.5632892124167181, test ap: 0.6860398342262003
2024-08-10 12:16:05,801 - root - INFO - start 41 epoch
2024-08-10 12:16:09,680 - root - INFO - epoch: 41:
2024-08-10 12:16:09,680 - root - INFO - Epoch mean loss: 0.6919461410978566
2024-08-10 12:16:09,680 - root - INFO - train acc: 0.4959459994638331, test acc: 0.5165039929015084
2024-08-10 12:16:09,680 - root - INFO - train ap: 0.5779116883917232, test ap: 0.6848328415068844
2024-08-10 12:16:09,681 - root - INFO - start 42 epoch
2024-08-10 12:16:13,692 - root - INFO - epoch: 42:
2024-08-10 12:16:13,692 - root - INFO - Epoch mean loss: 0.691994511562845
2024-08-10 12:16:13,692 - root - INFO - train acc: 0.4959459994638331, test acc: 0.5165039929015084
2024-08-10 12:16:13,692 - root - INFO - train ap: 0.5728291631443838, test ap: 0.6846183257466546
2024-08-10 12:16:13,693 - root - INFO - start 43 epoch
2024-08-10 12:16:17,709 - root - INFO - epoch: 43:
2024-08-10 12:16:17,709 - root - INFO - Epoch mean loss: 0.6914803593055062
2024-08-10 12:16:17,709 - root - INFO - train acc: 0.4959459994638331, test acc: 0.5165039929015084
2024-08-10 12:16:17,709 - root - INFO - train ap: 0.5872514051225868, test ap: 0.6843416128783366
2024-08-10 12:16:17,710 - root - INFO - start 44 epoch
2024-08-10 12:16:21,713 - root - INFO - epoch: 44:
2024-08-10 12:16:21,714 - root - INFO - Epoch mean loss: 0.6912068595056948
2024-08-10 12:16:21,714 - root - INFO - train acc: 0.4959459994638331, test acc: 0.5165039929015084
2024-08-10 12:16:21,714 - root - INFO - train ap: 0.5899857936319532, test ap: 0.6877907475948932
2024-08-10 12:16:21,715 - root - INFO - start 45 epoch
2024-08-10 12:16:25,802 - root - INFO - epoch: 45:
2024-08-10 12:16:25,802 - root - INFO - Epoch mean loss: 0.6912066625512164
2024-08-10 12:16:25,802 - root - INFO - train acc: 0.4959459994638331, test acc: 0.5165039929015084
2024-08-10 12:16:25,802 - root - INFO - train ap: 0.5896980479073598, test ap: 0.6950763591454011
2024-08-10 12:16:25,803 - root - INFO - start 46 epoch
2024-08-10 12:16:29,741 - root - INFO - epoch: 46:
2024-08-10 12:16:29,741 - root - INFO - Epoch mean loss: 0.6911518755166427
2024-08-10 12:16:29,741 - root - INFO - train acc: 0.4959459994638331, test acc: 0.5165039929015084
2024-08-10 12:16:29,741 - root - INFO - train ap: 0.5906896022724037, test ap: 0.6964255009319971
2024-08-10 12:16:29,742 - root - INFO - start 47 epoch
2024-08-10 12:16:33,669 - root - INFO - epoch: 47:
2024-08-10 12:16:33,669 - root - INFO - Epoch mean loss: 0.6900532193805861
2024-08-10 12:16:33,669 - root - INFO - train acc: 0.4959459994638331, test acc: 0.5165039929015084
2024-08-10 12:16:33,669 - root - INFO - train ap: 0.6119149206979589, test ap: 0.6943610931415204
2024-08-10 12:16:33,670 - root - INFO - start 48 epoch
2024-08-10 12:16:37,681 - root - INFO - epoch: 48:
2024-08-10 12:16:37,682 - root - INFO - Epoch mean loss: 0.689705535121586
2024-08-10 12:16:37,682 - root - INFO - train acc: 0.4959459994638331, test acc: 0.5165039929015084
2024-08-10 12:16:37,682 - root - INFO - train ap: 0.6130017331142441, test ap: 0.6950272581017818
2024-08-10 12:16:37,683 - root - INFO - start 49 epoch
2024-08-10 12:16:41,664 - root - INFO - epoch: 49:
2024-08-10 12:16:41,664 - root - INFO - Epoch mean loss: 0.6894742613253386
2024-08-10 12:16:41,664 - root - INFO - train acc: 0.4959459994638331, test acc: 0.5165039929015084
2024-08-10 12:16:41,664 - root - INFO - train ap: 0.6111814287756859, test ap: 0.688063732781793
2024-08-10 12:16:41,665 - root - INFO - start 50 epoch
2024-08-10 12:16:45,756 - root - INFO - epoch: 50:
2024-08-10 12:16:45,756 - root - INFO - Epoch mean loss: 0.6883252366729404
2024-08-10 12:16:45,756 - root - INFO - train acc: 0.4959459994638331, test acc: 0.5165039929015084
2024-08-10 12:16:45,756 - root - INFO - train ap: 0.6167483588746315, test ap: 0.6929597531952871
2024-08-10 12:16:45,757 - root - INFO - start 51 epoch
2024-08-10 12:16:49,765 - root - INFO - epoch: 51:
2024-08-10 12:16:49,765 - root - INFO - Epoch mean loss: 0.685085628343665
2024-08-10 12:16:49,765 - root - INFO - train acc: 0.4959459994638331, test acc: 0.5165039929015084
2024-08-10 12:16:49,765 - root - INFO - train ap: 0.6312129174637859, test ap: 0.7261053913003651
2024-08-10 12:16:49,766 - root - INFO - start 52 epoch
2024-08-10 12:16:53,867 - root - INFO - epoch: 52:
2024-08-10 12:16:53,867 - root - INFO - Epoch mean loss: 0.6784691499627155
2024-08-10 12:16:53,867 - root - INFO - train acc: 0.4959459994638331, test acc: 0.5165039929015084
2024-08-10 12:16:53,867 - root - INFO - train ap: 0.649436512385035, test ap: 0.7257570220821989
2024-08-10 12:16:53,868 - root - INFO - start 53 epoch
2024-08-10 12:16:57,979 - root - INFO - epoch: 53:
2024-08-10 12:16:57,979 - root - INFO - Epoch mean loss: 0.6755290834800057
2024-08-10 12:16:57,979 - root - INFO - train acc: 0.4959459994638331, test acc: 0.5165039929015084
2024-08-10 12:16:57,979 - root - INFO - train ap: 0.6515168829033263, test ap: 0.7231234324960706
2024-08-10 12:16:57,980 - root - INFO - start 54 epoch
2024-08-10 12:17:01,975 - root - INFO - epoch: 54:
2024-08-10 12:17:01,975 - root - INFO - Epoch mean loss: 0.6687250448309857
2024-08-10 12:17:01,975 - root - INFO - train acc: 0.4959459994638331, test acc: 0.5165039929015084
2024-08-10 12:17:01,975 - root - INFO - train ap: 0.6738703569418819, test ap: 0.7232966821657325
2024-08-10 12:17:01,976 - root - INFO - start 55 epoch
2024-08-10 12:17:06,044 - root - INFO - epoch: 55:
2024-08-10 12:17:06,044 - root - INFO - Epoch mean loss: 0.6658216974009639
2024-08-10 12:17:06,044 - root - INFO - train acc: 0.4959459994638331, test acc: 0.5165039929015084
2024-08-10 12:17:06,044 - root - INFO - train ap: 0.6772436580704692, test ap: 0.7239609655940663
2024-08-10 12:17:06,045 - root - INFO - start 56 epoch
2024-08-10 12:17:10,144 - root - INFO - epoch: 56:
2024-08-10 12:17:10,144 - root - INFO - Epoch mean loss: 0.6652498271154321
2024-08-10 12:17:10,144 - root - INFO - train acc: 0.4959459994638331, test acc: 0.5165039929015084
2024-08-10 12:17:10,144 - root - INFO - train ap: 0.6758429404216123, test ap: 0.725106338810373
2024-08-10 12:17:10,145 - root - INFO - start 57 epoch
2024-08-10 12:17:14,087 - root - INFO - epoch: 57:
2024-08-10 12:17:14,087 - root - INFO - Epoch mean loss: 0.6618907892185709
2024-08-10 12:17:14,087 - root - INFO - train acc: 0.4959459994638331, test acc: 0.5165039929015084
2024-08-10 12:17:14,087 - root - INFO - train ap: 0.6788417260441826, test ap: 0.7308704649383728
2024-08-10 12:17:14,088 - root - INFO - start 58 epoch
2024-08-10 12:17:18,041 - root - INFO - epoch: 58:
2024-08-10 12:17:18,041 - root - INFO - Epoch mean loss: 0.6560761721237846
2024-08-10 12:17:18,041 - root - INFO - train acc: 0.4959459994638331, test acc: 0.5165039929015084
2024-08-10 12:17:18,041 - root - INFO - train ap: 0.6984581280189034, test ap: 0.7370266130496705
2024-08-10 12:17:18,042 - root - INFO - start 59 epoch
2024-08-10 12:17:21,995 - root - INFO - epoch: 59:
2024-08-10 12:17:21,995 - root - INFO - Epoch mean loss: 0.6536410839661307
2024-08-10 12:17:21,995 - root - INFO - train acc: 0.4959459994638331, test acc: 0.5165039929015084
2024-08-10 12:17:21,995 - root - INFO - train ap: 0.7022049813074941, test ap: 0.7439935693031431
2024-08-10 12:17:21,996 - root - INFO - start 60 epoch
2024-08-10 12:17:26,000 - root - INFO - epoch: 60:
2024-08-10 12:17:26,000 - root - INFO - Epoch mean loss: 0.6496325368466584
2024-08-10 12:17:26,000 - root - INFO - train acc: 0.4959459994638331, test acc: 0.5165039929015084
2024-08-10 12:17:26,000 - root - INFO - train ap: 0.7090554928975162, test ap: 0.7484067838835823
2024-08-10 12:17:26,001 - root - INFO - start 61 epoch
2024-08-10 12:17:30,046 - root - INFO - epoch: 61:
2024-08-10 12:17:30,046 - root - INFO - Epoch mean loss: 0.6415633947952933
2024-08-10 12:17:30,047 - root - INFO - train acc: 0.4959459994638331, test acc: 0.5165039929015084
2024-08-10 12:17:30,047 - root - INFO - train ap: 0.7314899945305361, test ap: 0.762959012290968
2024-08-10 12:17:30,047 - root - INFO - start 62 epoch
2024-08-10 12:17:33,960 - root - INFO - epoch: 62:
2024-08-10 12:17:33,960 - root - INFO - Epoch mean loss: 0.6417338433473007
2024-08-10 12:17:33,960 - root - INFO - train acc: 0.4959459994638331, test acc: 0.5165039929015084
2024-08-10 12:17:33,960 - root - INFO - train ap: 0.7218920553522008, test ap: 0.7699977854571647
2024-08-10 12:17:33,961 - root - INFO - start 63 epoch
2024-08-10 12:17:37,848 - root - INFO - epoch: 63:
2024-08-10 12:17:37,848 - root - INFO - Epoch mean loss: 0.6368288190468497
2024-08-10 12:17:37,848 - root - INFO - train acc: 0.4959459994638331, test acc: 0.5165039929015084
2024-08-10 12:17:37,848 - root - INFO - train ap: 0.7371348039171931, test ap: 0.7762284987344434
2024-08-10 12:17:37,849 - root - INFO - start 64 epoch
2024-08-10 12:17:41,835 - root - INFO - epoch: 64:
2024-08-10 12:17:41,835 - root - INFO - Epoch mean loss: 0.6329177332961041
2024-08-10 12:17:41,835 - root - INFO - train acc: 0.6926910703840905, test acc: 0.7187518485655132
2024-08-10 12:17:41,835 - root - INFO - train ap: 0.7445836073766907, test ap: 0.7878292791928112
2024-08-10 12:17:41,836 - root - INFO - start 65 epoch
2024-08-10 12:17:45,878 - root - INFO - epoch: 65:
2024-08-10 12:17:45,879 - root - INFO - Epoch mean loss: 0.6306125625320103
2024-08-10 12:17:45,879 - root - INFO - train acc: 0.7140653940826671, test acc: 0.7334516415261758
2024-08-10 12:17:45,879 - root - INFO - train ap: 0.7453039221523304, test ap: 0.7944927796604514
2024-08-10 12:17:45,879 - root - INFO - start 66 epoch
2024-08-10 12:17:49,835 - root - INFO - epoch: 66:
2024-08-10 12:17:49,835 - root - INFO - Epoch mean loss: 0.6265281101931697
2024-08-10 12:17:49,835 - root - INFO - train acc: 0.7228969158217976, test acc: 0.7395740905057675
2024-08-10 12:17:49,835 - root - INFO - train ap: 0.7581793871257279, test ap: 0.8014760454170342
2024-08-10 12:17:49,836 - root - INFO - start 67 epoch
2024-08-10 12:17:53,915 - root - INFO - epoch: 67:
2024-08-10 12:17:53,915 - root - INFO - Epoch mean loss: 0.6192841840826947
2024-08-10 12:17:53,915 - root - INFO - train acc: 0.7324390110157926, test acc: 0.746376811594203
2024-08-10 12:17:53,915 - root - INFO - train ap: 0.7720867954055172, test ap: 0.8156077449504007
2024-08-10 12:17:53,916 - root - INFO - start 68 epoch
2024-08-10 12:17:57,965 - root - INFO - epoch: 68:
2024-08-10 12:17:57,965 - root - INFO - Epoch mean loss: 0.6143108321272809
2024-08-10 12:17:57,965 - root - INFO - train acc: 0.7377603151199064, test acc: 0.7490979000295771
2024-08-10 12:17:57,966 - root - INFO - train ap: 0.7856193771685573, test ap: 0.8233262918822164
2024-08-10 12:17:57,967 - root - INFO - start 69 epoch
2024-08-10 12:18:01,996 - root - INFO - epoch: 69:
2024-08-10 12:18:01,996 - root - INFO - Epoch mean loss: 0.6101811398630557
2024-08-10 12:18:01,996 - root - INFO - train acc: 0.7436482501462274, test acc: 0.7584146702159126
2024-08-10 12:18:01,996 - root - INFO - train ap: 0.7963385928672102, test ap: 0.8311870238462387
2024-08-10 12:18:01,997 - root - INFO - start 70 epoch
2024-08-10 12:18:05,890 - root - INFO - epoch: 70:
2024-08-10 12:18:05,890 - root - INFO - Epoch mean loss: 0.6076658808666727
2024-08-10 12:18:05,890 - root - INFO - train acc: 0.7550836846851238, test acc: 0.7627033422064478
2024-08-10 12:18:05,890 - root - INFO - train ap: 0.7939174005269504, test ap: 0.8448602968976714
2024-08-10 12:18:05,891 - root - INFO - start 71 epoch
2024-08-10 12:18:09,815 - root - INFO - epoch: 71:
2024-08-10 12:18:09,815 - root - INFO - Epoch mean loss: 0.6017418866572173
2024-08-10 12:18:09,815 - root - INFO - train acc: 0.758939669038799, test acc: 0.7729074238391008
2024-08-10 12:18:09,815 - root - INFO - train ap: 0.8144413650707562, test ap: 0.8603696913118015
2024-08-10 12:18:09,816 - root - INFO - start 72 epoch
2024-08-10 12:18:13,704 - root - INFO - epoch: 72:
2024-08-10 12:18:13,705 - root - INFO - Epoch mean loss: 0.5908567931341089
2024-08-10 12:18:13,705 - root - INFO - train acc: 0.769419294696822, test acc: 0.7914818101153505
2024-08-10 12:18:13,705 - root - INFO - train ap: 0.8318754349540913, test ap: 0.8708729501784412
2024-08-10 12:18:13,706 - root - INFO - start 73 epoch
2024-08-10 12:18:17,832 - root - INFO - epoch: 73:
2024-08-10 12:18:17,832 - root - INFO - Epoch mean loss: 0.5879210130028103
2024-08-10 12:18:17,832 - root - INFO - train acc: 0.7796597777344512, test acc: 0.7955634427684117
2024-08-10 12:18:17,832 - root - INFO - train ap: 0.8378463695144059, test ap: 0.8841163707900348
2024-08-10 12:18:17,833 - root - INFO - start 74 epoch
2024-08-10 12:18:21,758 - root - INFO - epoch: 74:
2024-08-10 12:18:21,758 - root - INFO - Epoch mean loss: 0.5824656616086545
2024-08-10 12:18:21,758 - root - INFO - train acc: 0.7788105929518424, test acc: 0.8091688849452824
2024-08-10 12:18:21,759 - root - INFO - train ap: 0.8476203285336691, test ap: 0.8924818766241587
2024-08-10 12:18:21,759 - root - INFO - start 75 epoch
2024-08-10 12:18:25,691 - root - INFO - epoch: 75:
2024-08-10 12:18:25,691 - root - INFO - Epoch mean loss: 0.5809262265329775
2024-08-10 12:18:25,691 - root - INFO - train acc: 0.7855035399200624, test acc: 0.8003253475303165
2024-08-10 12:18:25,691 - root - INFO - train ap: 0.8444249601781187, test ap: 0.8986137589214179
2024-08-10 12:18:25,692 - root - INFO - start 76 epoch
2024-08-10 12:18:29,690 - root - INFO - epoch: 76:
2024-08-10 12:18:29,690 - root - INFO - Epoch mean loss: 0.573565063269242
2024-08-10 12:18:29,690 - root - INFO - train acc: 0.7880571870735037, test acc: 0.8223010943507839
2024-08-10 12:18:29,690 - root - INFO - train ap: 0.8567475603976271, test ap: 0.903235286131365
2024-08-10 12:18:29,691 - root - INFO - start 77 epoch
2024-08-10 12:18:33,598 - root - INFO - epoch: 77:
2024-08-10 12:18:33,598 - root - INFO - Epoch mean loss: 0.5677401423454285
2024-08-10 12:18:33,598 - root - INFO - train acc: 0.7941713175082863, test acc: 0.8263827270038452
2024-08-10 12:18:33,598 - root - INFO - train ap: 0.8629121894732298, test ap: 0.9071437971241524
2024-08-10 12:18:33,599 - root - INFO - start 78 epoch
2024-08-10 12:18:37,551 - root - INFO - epoch: 78:
2024-08-10 12:18:37,551 - root - INFO - Epoch mean loss: 0.5598702923111294
2024-08-10 12:18:37,551 - root - INFO - train acc: 0.8090918368590367, test acc: 0.8318249038745934
2024-08-10 12:18:37,551 - root - INFO - train ap: 0.8717580901415051, test ap: 0.9124491159049256
2024-08-10 12:18:37,552 - root - INFO - start 79 epoch
2024-08-10 12:18:41,502 - root - INFO - epoch: 79:
2024-08-10 12:18:41,503 - root - INFO - Epoch mean loss: 0.5549172603565714
2024-08-10 12:18:41,503 - root - INFO - train acc: 0.8121801277052058, test acc: 0.841348713398403
2024-08-10 12:18:41,503 - root - INFO - train ap: 0.8785976816200722, test ap: 0.9160067736971356
2024-08-10 12:18:41,504 - root - INFO - start 80 epoch
2024-08-10 12:18:45,410 - root - INFO - epoch: 80:
2024-08-10 12:18:45,410 - root - INFO - Epoch mean loss: 0.5512840877408567
2024-08-10 12:18:45,410 - root - INFO - train acc: 0.8137779659777734, test acc: 0.8420289855072465
2024-08-10 12:18:45,410 - root - INFO - train ap: 0.8828207056401085, test ap: 0.922753690789474
2024-08-10 12:18:45,411 - root - INFO - start 81 epoch
2024-08-10 12:18:49,439 - root - INFO - epoch: 81:
2024-08-10 12:18:49,439 - root - INFO - Epoch mean loss: 0.549562912920247
2024-08-10 12:18:49,439 - root - INFO - train acc: 0.8203825672645739, test acc: 0.8495119787045253
2024-08-10 12:18:49,439 - root - INFO - train ap: 0.8858241308771457, test ap: 0.9247501969880623
2024-08-10 12:18:49,440 - root - INFO - start 82 epoch
2024-08-10 12:18:53,482 - root - INFO - epoch: 82:
2024-08-10 12:18:53,482 - root - INFO - Epoch mean loss: 0.5460108376067617
2024-08-10 12:18:53,482 - root - INFO - train acc: 0.8140673742444922, test acc: 0.8522330671398994
2024-08-10 12:18:53,482 - root - INFO - train ap: 0.8839200089059783, test ap: 0.9274249903460655
2024-08-10 12:18:53,483 - root - INFO - start 83 epoch
2024-08-10 12:18:57,361 - root - INFO - epoch: 83:
2024-08-10 12:18:57,361 - root - INFO - Epoch mean loss: 0.5460203536178755
2024-08-10 12:18:57,361 - root - INFO - train acc: 0.8212066192240203, test acc: 0.8624371487725526
2024-08-10 12:18:57,361 - root - INFO - train ap: 0.8838684858605338, test ap: 0.9272447568935759
2024-08-10 12:18:57,362 - root - INFO - start 84 epoch
2024-08-10 12:19:01,318 - root - INFO - epoch: 84:
2024-08-10 12:19:01,318 - root - INFO - Epoch mean loss: 0.5383530686730924
2024-08-10 12:19:01,318 - root - INFO - train acc: 0.8342147592123221, test acc: 0.8610766045548657
2024-08-10 12:19:01,318 - root - INFO - train ap: 0.8946623027734691, test ap: 0.9294402134902874
2024-08-10 12:19:01,319 - root - INFO - start 85 epoch
2024-08-10 12:19:05,254 - root - INFO - epoch: 85:
2024-08-10 12:19:05,255 - root - INFO - Epoch mean loss: 0.5335773320301719
2024-08-10 12:19:05,255 - root - INFO - train acc: 0.8291699161629947, test acc: 0.867879325643301
2024-08-10 12:19:05,255 - root - INFO - train ap: 0.8969931422118975, test ap: 0.930505663440483
2024-08-10 12:19:05,256 - root - INFO - start 86 epoch
2024-08-10 12:19:09,142 - root - INFO - epoch: 86:
2024-08-10 12:19:09,142 - root - INFO - Epoch mean loss: 0.535188940556153
2024-08-10 12:19:09,142 - root - INFO - train acc: 0.8351835153051276, test acc: 0.8685595977521444
2024-08-10 12:19:09,142 - root - INFO - train ap: 0.8934534779130859, test ap: 0.9329727030055707
2024-08-10 12:19:09,143 - root - INFO - start 87 epoch
2024-08-10 12:19:13,146 - root - INFO - epoch: 87:
2024-08-10 12:19:13,146 - root - INFO - Epoch mean loss: 0.5274048356906228
2024-08-10 12:19:13,146 - root - INFO - train acc: 0.8449898859426789, test acc: 0.870600414078675
2024-08-10 12:19:13,146 - root - INFO - train ap: 0.8993374051417379, test ap: 0.9346832774476993
2024-08-10 12:19:13,147 - root - INFO - start 88 epoch
2024-08-10 12:19:17,047 - root - INFO - epoch: 88:
2024-08-10 12:19:17,047 - root - INFO - Epoch mean loss: 0.5263993312483248
2024-08-10 12:19:17,047 - root - INFO - train acc: 0.8435116189803081, test acc: 0.8760425909494235
2024-08-10 12:19:17,047 - root - INFO - train ap: 0.8994536441790244, test ap: 0.9350444336984921
2024-08-10 12:19:17,048 - root - INFO - start 89 epoch
2024-08-10 12:19:21,007 - root - INFO - epoch: 89:
2024-08-10 12:19:21,007 - root - INFO - Epoch mean loss: 0.5199483516423599
2024-08-10 12:19:21,007 - root - INFO - train acc: 0.8474620418210178, test acc: 0.876722863058267
2024-08-10 12:19:21,007 - root - INFO - train ap: 0.9062947152965141, test ap: 0.9351842259915175
2024-08-10 12:19:21,008 - root - INFO - start 90 epoch
2024-08-10 12:19:24,898 - root - INFO - epoch: 90:
2024-08-10 12:19:24,898 - root - INFO - Epoch mean loss: 0.5176937282085419
2024-08-10 12:19:24,898 - root - INFO - train acc: 0.8522174766036265, test acc: 0.8821650399290153
2024-08-10 12:19:24,898 - root - INFO - train ap: 0.9058360138515459, test ap: 0.9381142123286863
2024-08-10 12:19:24,899 - root - INFO - start 91 epoch
2024-08-10 12:19:28,791 - root - INFO - epoch: 91:
2024-08-10 12:19:28,791 - root - INFO - Epoch mean loss: 0.5201310852299565
2024-08-10 12:19:28,791 - root - INFO - train acc: 0.8558091855137454, test acc: 0.8787636793847976
2024-08-10 12:19:28,791 - root - INFO - train ap: 0.9001811890540816, test ap: 0.9367939670165033
2024-08-10 12:19:28,792 - root - INFO - start 92 epoch
2024-08-10 12:19:32,661 - root - INFO - epoch: 92:
2024-08-10 12:19:32,661 - root - INFO - Epoch mean loss: 0.5140156240566917
2024-08-10 12:19:32,662 - root - INFO - train acc: 0.8568784728992006, test acc: 0.889648033126294
2024-08-10 12:19:32,662 - root - INFO - train ap: 0.9095791933468055, test ap: 0.9388244068897391
2024-08-10 12:19:32,662 - root - INFO - start 93 epoch
2024-08-10 12:19:36,550 - root - INFO - epoch: 93:
2024-08-10 12:19:36,550 - root - INFO - Epoch mean loss: 0.5122820423996967
2024-08-10 12:19:36,550 - root - INFO - train acc: 0.8551991433515305, test acc: 0.8842058562555457
2024-08-10 12:19:36,550 - root - INFO - train ap: 0.9086324466346933, test ap: 0.9378057021551931
2024-08-10 12:19:36,551 - root - INFO - start 94 epoch
2024-08-10 12:19:40,490 - root - INFO - epoch: 94:
2024-08-10 12:19:40,490 - root - INFO - Epoch mean loss: 0.5117194911708003
2024-08-10 12:19:40,490 - root - INFO - train acc: 0.8581617700818873, test acc: 0.8916888494528247
2024-08-10 12:19:40,490 - root - INFO - train ap: 0.9083142632503229, test ap: 0.9392448577430371
2024-08-10 12:19:40,491 - root - INFO - start 95 epoch
2024-08-10 12:19:44,361 - root - INFO - epoch: 95:
2024-08-10 12:19:44,362 - root - INFO - Epoch mean loss: 0.5064476585906484
2024-08-10 12:19:44,362 - root - INFO - train acc: 0.8591366189803081, test acc: 0.8923691215616684
2024-08-10 12:19:44,362 - root - INFO - train ap: 0.9107272134814931, test ap: 0.9414111806098702
2024-08-10 12:19:44,363 - root - INFO - start 96 epoch
2024-08-10 12:19:48,292 - root - INFO - epoch: 96:
2024-08-10 12:19:48,292 - root - INFO - Epoch mean loss: 0.5042207798232203
2024-08-10 12:19:48,292 - root - INFO - train acc: 0.8646468000584909, test acc: 0.8991718426501036
2024-08-10 12:19:48,292 - root - INFO - train ap: 0.9159373378616406, test ap: 0.9415076349335233
2024-08-10 12:19:48,293 - root - INFO - start 97 epoch
2024-08-10 12:19:52,182 - root - INFO - epoch: 97:
2024-08-10 12:19:52,182 - root - INFO - Epoch mean loss: 0.5028511700422867
2024-08-10 12:19:52,182 - root - INFO - train acc: 0.8690122952817313, test acc: 0.8950902099970425
2024-08-10 12:19:52,182 - root - INFO - train ap: 0.9155323495428149, test ap: 0.943854107207785
2024-08-10 12:19:52,183 - root - INFO - start 98 epoch
2024-08-10 12:19:56,141 - root - INFO - epoch: 98:
2024-08-10 12:19:56,141 - root - INFO - Epoch mean loss: 0.5026222286017045
2024-08-10 12:19:56,141 - root - INFO - train acc: 0.8672385272470267, test acc: 0.8991718426501036
2024-08-10 12:19:56,141 - root - INFO - train ap: 0.9139880454810156, test ap: 0.9436785363416123
2024-08-10 12:19:56,143 - root - INFO - start 99 epoch
2024-08-10 12:20:00,062 - root - INFO - epoch: 99:
2024-08-10 12:20:00,062 - root - INFO - Epoch mean loss: 0.4931223846000174
2024-08-10 12:20:00,062 - root - INFO - train acc: 0.8722331046500293, test acc: 0.9005323868677907
2024-08-10 12:20:00,062 - root - INFO - train ap: 0.9229845355488885, test ap: 0.9443604131667578
2024-08-10 12:20:00,063 - root - INFO - Saving TGAN model
2024-08-10 12:20:00,065 - root - INFO - TGAN models saved
