2024-08-16 22:33:59,896 - root - INFO - Namespace(data='simulate_v1', bs=256, prefix='simulate_v1', n_degree=10, n_head=2, n_epoch=100, n_layer=2, lr=0.0001, drop_out=0.1, gpu=1, node_dim=100, time_dim=100, agg_method='attn', attn_mode='prod', time='time', uniform=False)
2024-08-16 22:33:59,951 - module - INFO - Aggregation uses attention model
2024-08-16 22:33:59,952 - module - INFO - Using scaled prod attention
2024-08-16 22:33:59,953 - module - INFO - Using scaled prod attention
2024-08-16 22:33:59,953 - module - INFO - Using time encoding
2024-08-16 22:34:00,318 - root - INFO - num of training instances: 7113
2024-08-16 22:34:00,318 - root - INFO - num of batches per epoch: 28
2024-08-16 22:34:00,319 - root - INFO - start 0 epoch
2024-08-16 22:34:05,290 - root - INFO - epoch: 0:
2024-08-16 22:34:05,291 - root - INFO - Epoch mean loss: 1.0469927064010076
2024-08-16 22:34:05,291 - root - INFO - train acc: 0.5000613839285715, test acc: 0.5009722222222223
2024-08-16 22:34:05,291 - root - INFO - train ap: 0.4868066059023984, test ap: 0.5075579003804093
2024-08-16 22:34:05,292 - root - INFO - start 1 epoch
2024-08-16 22:34:10,221 - root - INFO - epoch: 1:
2024-08-16 22:34:10,221 - root - INFO - Epoch mean loss: 0.9598711814199176
2024-08-16 22:34:10,221 - root - INFO - train acc: 0.5000613839285715, test acc: 0.5009722222222223
2024-08-16 22:34:10,221 - root - INFO - train ap: 0.4945991361414707, test ap: 0.5164910973718092
2024-08-16 22:34:10,222 - root - INFO - start 2 epoch
2024-08-16 22:34:15,072 - root - INFO - epoch: 2:
2024-08-16 22:34:15,072 - root - INFO - Epoch mean loss: 0.8909038156270981
2024-08-16 22:34:15,072 - root - INFO - train acc: 0.5000613839285715, test acc: 0.5009722222222223
2024-08-16 22:34:15,072 - root - INFO - train ap: 0.49997790762039146, test ap: 0.5273943619015721
2024-08-16 22:34:15,073 - root - INFO - start 3 epoch
2024-08-16 22:34:19,818 - root - INFO - epoch: 3:
2024-08-16 22:34:19,819 - root - INFO - Epoch mean loss: 0.8365795356886727
2024-08-16 22:34:19,819 - root - INFO - train acc: 0.5000613839285715, test acc: 0.5009722222222223
2024-08-16 22:34:19,819 - root - INFO - train ap: 0.5097906372227046, test ap: 0.5480072084177827
2024-08-16 22:34:19,820 - root - INFO - start 4 epoch
2024-08-16 22:34:24,829 - root - INFO - epoch: 4:
2024-08-16 22:34:24,830 - root - INFO - Epoch mean loss: 0.7964215853384563
2024-08-16 22:34:24,830 - root - INFO - train acc: 0.5000613839285715, test acc: 0.5009722222222223
2024-08-16 22:34:24,830 - root - INFO - train ap: 0.5183921782943693, test ap: 0.564587379988499
2024-08-16 22:34:24,831 - root - INFO - start 5 epoch
2024-08-16 22:34:29,700 - root - INFO - epoch: 5:
2024-08-16 22:34:29,700 - root - INFO - Epoch mean loss: 0.7703001073428563
2024-08-16 22:34:29,700 - root - INFO - train acc: 0.5000613839285715, test acc: 0.5009722222222223
2024-08-16 22:34:29,700 - root - INFO - train ap: 0.5168746493824894, test ap: 0.5734526032316261
2024-08-16 22:34:29,701 - root - INFO - start 6 epoch
2024-08-16 22:34:34,722 - root - INFO - epoch: 6:
2024-08-16 22:34:34,722 - root - INFO - Epoch mean loss: 0.7519791913884026
2024-08-16 22:34:34,722 - root - INFO - train acc: 0.5000613839285715, test acc: 0.5009722222222223
2024-08-16 22:34:34,722 - root - INFO - train ap: 0.5371161573635599, test ap: 0.5836271984685184
2024-08-16 22:34:34,723 - root - INFO - start 7 epoch
2024-08-16 22:34:39,479 - root - INFO - epoch: 7:
2024-08-16 22:34:39,479 - root - INFO - Epoch mean loss: 0.7419967225619725
2024-08-16 22:34:39,479 - root - INFO - train acc: 0.5000613839285715, test acc: 0.5009722222222223
2024-08-16 22:34:39,479 - root - INFO - train ap: 0.5415461408330324, test ap: 0.5986082722064658
2024-08-16 22:34:39,480 - root - INFO - start 8 epoch
2024-08-16 22:34:44,452 - root - INFO - epoch: 8:
2024-08-16 22:34:44,452 - root - INFO - Epoch mean loss: 0.734546599643571
2024-08-16 22:34:44,452 - root - INFO - train acc: 0.5000613839285715, test acc: 0.5009722222222223
2024-08-16 22:34:44,452 - root - INFO - train ap: 0.5435908202774554, test ap: 0.6371555609521394
2024-08-16 22:34:44,453 - root - INFO - start 9 epoch
2024-08-16 22:34:49,261 - root - INFO - epoch: 9:
2024-08-16 22:34:49,261 - root - INFO - Epoch mean loss: 0.7275088897773198
2024-08-16 22:34:49,261 - root - INFO - train acc: 0.5000613839285715, test acc: 0.5009722222222223
2024-08-16 22:34:49,261 - root - INFO - train ap: 0.5653114805611148, test ap: 0.6921153874660763
2024-08-16 22:34:49,262 - root - INFO - start 10 epoch
2024-08-16 22:34:54,086 - root - INFO - epoch: 10:
2024-08-16 22:34:54,086 - root - INFO - Epoch mean loss: 0.7205658086708614
2024-08-16 22:34:54,086 - root - INFO - train acc: 0.5000613839285715, test acc: 0.5009722222222223
2024-08-16 22:34:54,086 - root - INFO - train ap: 0.6017952735935277, test ap: 0.726386831480589
2024-08-16 22:34:54,087 - root - INFO - start 11 epoch
2024-08-16 22:34:59,053 - root - INFO - epoch: 11:
2024-08-16 22:34:59,053 - root - INFO - Epoch mean loss: 0.7148277440241405
2024-08-16 22:34:59,053 - root - INFO - train acc: 0.5000613839285715, test acc: 0.5009722222222223
2024-08-16 22:34:59,053 - root - INFO - train ap: 0.6153250362074772, test ap: 0.7443943460307625
2024-08-16 22:34:59,054 - root - INFO - start 12 epoch
2024-08-16 22:35:04,048 - root - INFO - epoch: 12:
2024-08-16 22:35:04,048 - root - INFO - Epoch mean loss: 0.7100835570267269
2024-08-16 22:35:04,048 - root - INFO - train acc: 0.5000613839285715, test acc: 0.5009722222222223
2024-08-16 22:35:04,048 - root - INFO - train ap: 0.6276432868434517, test ap: 0.7521716811536145
2024-08-16 22:35:04,049 - root - INFO - start 13 epoch
2024-08-16 22:35:08,890 - root - INFO - epoch: 13:
2024-08-16 22:35:08,890 - root - INFO - Epoch mean loss: 0.7074436843395233
2024-08-16 22:35:08,891 - root - INFO - train acc: 0.5000613839285715, test acc: 0.5009722222222223
2024-08-16 22:35:08,891 - root - INFO - train ap: 0.6284009011324352, test ap: 0.7552626983634221
2024-08-16 22:35:08,891 - root - INFO - start 14 epoch
2024-08-16 22:35:13,778 - root - INFO - epoch: 14:
2024-08-16 22:35:13,779 - root - INFO - Epoch mean loss: 0.7026843343462262
2024-08-16 22:35:13,779 - root - INFO - train acc: 0.5000613839285715, test acc: 0.5009722222222223
2024-08-16 22:35:13,779 - root - INFO - train ap: 0.6465599808340781, test ap: 0.7618736964770813
2024-08-16 22:35:13,780 - root - INFO - start 15 epoch
2024-08-16 22:35:18,767 - root - INFO - epoch: 15:
2024-08-16 22:35:18,767 - root - INFO - Epoch mean loss: 0.6991724499634334
2024-08-16 22:35:18,767 - root - INFO - train acc: 0.5000613839285715, test acc: 0.5009722222222223
2024-08-16 22:35:18,767 - root - INFO - train ap: 0.6461609289175704, test ap: 0.763876829479131
2024-08-16 22:35:18,768 - root - INFO - start 16 epoch
2024-08-16 22:35:23,743 - root - INFO - epoch: 16:
2024-08-16 22:35:23,743 - root - INFO - Epoch mean loss: 0.694748084459986
2024-08-16 22:35:23,743 - root - INFO - train acc: 0.5000613839285715, test acc: 0.5009722222222223
2024-08-16 22:35:23,743 - root - INFO - train ap: 0.6536740399854624, test ap: 0.7625306917933037
2024-08-16 22:35:23,744 - root - INFO - start 17 epoch
2024-08-16 22:35:28,672 - root - INFO - epoch: 17:
2024-08-16 22:35:28,672 - root - INFO - Epoch mean loss: 0.6926228084734508
2024-08-16 22:35:28,672 - root - INFO - train acc: 0.5000613839285715, test acc: 0.5009722222222223
2024-08-16 22:35:28,672 - root - INFO - train ap: 0.6633907550045012, test ap: 0.7637875770288194
2024-08-16 22:35:28,673 - root - INFO - start 18 epoch
2024-08-16 22:35:33,602 - root - INFO - epoch: 18:
2024-08-16 22:35:33,602 - root - INFO - Epoch mean loss: 0.6874132752418518
2024-08-16 22:35:33,602 - root - INFO - train acc: 0.5000613839285715, test acc: 0.5009722222222223
2024-08-16 22:35:33,602 - root - INFO - train ap: 0.6681256733974349, test ap: 0.7659204426789342
2024-08-16 22:35:33,603 - root - INFO - start 19 epoch
2024-08-16 22:35:38,548 - root - INFO - epoch: 19:
2024-08-16 22:35:38,548 - root - INFO - Epoch mean loss: 0.6840369020189557
2024-08-16 22:35:38,548 - root - INFO - train acc: 0.5000613839285715, test acc: 0.5009722222222223
2024-08-16 22:35:38,548 - root - INFO - train ap: 0.6564853442354116, test ap: 0.7677915398944575
2024-08-16 22:35:38,550 - root - INFO - start 20 epoch
2024-08-16 22:35:43,516 - root - INFO - epoch: 20:
2024-08-16 22:35:43,516 - root - INFO - Epoch mean loss: 0.6816724623952594
2024-08-16 22:35:43,516 - root - INFO - train acc: 0.5000613839285715, test acc: 0.5009722222222223
2024-08-16 22:35:43,516 - root - INFO - train ap: 0.6631002582553035, test ap: 0.7685589242949875
2024-08-16 22:35:43,517 - root - INFO - start 21 epoch
2024-08-16 22:35:48,298 - root - INFO - epoch: 21:
2024-08-16 22:35:48,299 - root - INFO - Epoch mean loss: 0.6766532191208431
2024-08-16 22:35:48,299 - root - INFO - train acc: 0.5000613839285715, test acc: 0.5009722222222223
2024-08-16 22:35:48,299 - root - INFO - train ap: 0.6662773845167961, test ap: 0.7504836391608803
2024-08-16 22:35:48,300 - root - INFO - start 22 epoch
2024-08-16 22:35:53,155 - root - INFO - epoch: 22:
2024-08-16 22:35:53,156 - root - INFO - Epoch mean loss: 0.6735692769289017
2024-08-16 22:35:53,156 - root - INFO - train acc: 0.5000613839285715, test acc: 0.5009722222222223
2024-08-16 22:35:53,156 - root - INFO - train ap: 0.6704147781539482, test ap: 0.731644691650286
2024-08-16 22:35:53,157 - root - INFO - start 23 epoch
2024-08-16 22:35:57,919 - root - INFO - epoch: 23:
2024-08-16 22:35:57,919 - root - INFO - Epoch mean loss: 0.6713707808937345
2024-08-16 22:35:57,919 - root - INFO - train acc: 0.5000613839285715, test acc: 0.5009722222222223
2024-08-16 22:35:57,919 - root - INFO - train ap: 0.6690230896137607, test ap: 0.7242007657205412
2024-08-16 22:35:57,921 - root - INFO - start 24 epoch
2024-08-16 22:36:02,841 - root - INFO - epoch: 24:
2024-08-16 22:36:02,841 - root - INFO - Epoch mean loss: 0.6696255760533469
2024-08-16 22:36:02,842 - root - INFO - train acc: 0.5000613839285715, test acc: 0.5009722222222223
2024-08-16 22:36:02,842 - root - INFO - train ap: 0.6737877326089086, test ap: 0.7173089754663969
2024-08-16 22:36:02,843 - root - INFO - start 25 epoch
2024-08-16 22:36:07,771 - root - INFO - epoch: 25:
2024-08-16 22:36:07,771 - root - INFO - Epoch mean loss: 0.6645565905741283
2024-08-16 22:36:07,771 - root - INFO - train acc: 0.5000613839285715, test acc: 0.5009722222222223
2024-08-16 22:36:07,771 - root - INFO - train ap: 0.6701664423912214, test ap: 0.7193836142181881
2024-08-16 22:36:07,772 - root - INFO - start 26 epoch
2024-08-16 22:36:12,639 - root - INFO - epoch: 26:
2024-08-16 22:36:12,639 - root - INFO - Epoch mean loss: 0.6620347819158009
2024-08-16 22:36:12,639 - root - INFO - train acc: 0.5000613839285715, test acc: 0.5009722222222223
2024-08-16 22:36:12,639 - root - INFO - train ap: 0.669646478820571, test ap: 0.724723399463004
2024-08-16 22:36:12,640 - root - INFO - start 27 epoch
2024-08-16 22:36:17,571 - root - INFO - epoch: 27:
2024-08-16 22:36:17,571 - root - INFO - Epoch mean loss: 0.6585841583354133
2024-08-16 22:36:17,571 - root - INFO - train acc: 0.5000613839285715, test acc: 0.5009722222222223
2024-08-16 22:36:17,571 - root - INFO - train ap: 0.6653255880891676, test ap: 0.7266293400976058
2024-08-16 22:36:17,572 - root - INFO - start 28 epoch
2024-08-16 22:36:22,582 - root - INFO - epoch: 28:
2024-08-16 22:36:22,582 - root - INFO - Epoch mean loss: 0.6543983199766704
2024-08-16 22:36:22,582 - root - INFO - train acc: 0.5000613839285715, test acc: 0.5009722222222223
2024-08-16 22:36:22,582 - root - INFO - train ap: 0.664734033898596, test ap: 0.7301626712636897
2024-08-16 22:36:22,584 - root - INFO - start 29 epoch
2024-08-16 22:36:27,427 - root - INFO - epoch: 29:
2024-08-16 22:36:27,427 - root - INFO - Epoch mean loss: 0.6518987991980144
2024-08-16 22:36:27,427 - root - INFO - train acc: 0.5000613839285715, test acc: 0.5009722222222223
2024-08-16 22:36:27,427 - root - INFO - train ap: 0.6744957994222959, test ap: 0.7307763537957352
2024-08-16 22:36:27,429 - root - INFO - start 30 epoch
2024-08-16 22:36:32,356 - root - INFO - epoch: 30:
2024-08-16 22:36:32,356 - root - INFO - Epoch mean loss: 0.6510372523750577
2024-08-16 22:36:32,356 - root - INFO - train acc: 0.5000613839285715, test acc: 0.5009722222222223
2024-08-16 22:36:32,356 - root - INFO - train ap: 0.6778105898551458, test ap: 0.7312896709806455
2024-08-16 22:36:32,357 - root - INFO - start 31 epoch
2024-08-16 22:36:37,239 - root - INFO - epoch: 31:
2024-08-16 22:36:37,239 - root - INFO - Epoch mean loss: 0.6442615602697644
2024-08-16 22:36:37,239 - root - INFO - train acc: 0.5000613839285715, test acc: 0.5009722222222223
2024-08-16 22:36:37,239 - root - INFO - train ap: 0.6902593364973703, test ap: 0.7371774855724827
2024-08-16 22:36:37,241 - root - INFO - start 32 epoch
2024-08-16 22:36:42,160 - root - INFO - epoch: 32:
2024-08-16 22:36:42,160 - root - INFO - Epoch mean loss: 0.639243728348187
2024-08-16 22:36:42,160 - root - INFO - train acc: 0.5000613839285715, test acc: 0.5009722222222223
2024-08-16 22:36:42,160 - root - INFO - train ap: 0.6964301937731486, test ap: 0.7413381774873251
2024-08-16 22:36:42,161 - root - INFO - start 33 epoch
2024-08-16 22:36:47,026 - root - INFO - epoch: 33:
2024-08-16 22:36:47,027 - root - INFO - Epoch mean loss: 0.6358558876173837
2024-08-16 22:36:47,027 - root - INFO - train acc: 0.5000613839285715, test acc: 0.5009722222222223
2024-08-16 22:36:47,027 - root - INFO - train ap: 0.6983928846096366, test ap: 0.7416018932875976
2024-08-16 22:36:47,028 - root - INFO - start 34 epoch
2024-08-16 22:36:52,029 - root - INFO - epoch: 34:
2024-08-16 22:36:52,029 - root - INFO - Epoch mean loss: 0.6317336772169385
2024-08-16 22:36:52,029 - root - INFO - train acc: 0.5000613839285715, test acc: 0.5009722222222223
2024-08-16 22:36:52,029 - root - INFO - train ap: 0.6819908334347813, test ap: 0.741328778606517
2024-08-16 22:36:52,030 - root - INFO - start 35 epoch
2024-08-16 22:36:56,833 - root - INFO - epoch: 35:
2024-08-16 22:36:56,833 - root - INFO - Epoch mean loss: 0.6289553003651756
2024-08-16 22:36:56,834 - root - INFO - train acc: 0.5000613839285715, test acc: 0.5009722222222223
2024-08-16 22:36:56,834 - root - INFO - train ap: 0.6818033860887024, test ap: 0.7429984758206291
2024-08-16 22:36:56,835 - root - INFO - start 36 epoch
2024-08-16 22:37:01,679 - root - INFO - epoch: 36:
2024-08-16 22:37:01,679 - root - INFO - Epoch mean loss: 0.6187279437269483
2024-08-16 22:37:01,679 - root - INFO - train acc: 0.5000613839285715, test acc: 0.5009722222222223
2024-08-16 22:37:01,679 - root - INFO - train ap: 0.7179482384976359, test ap: 0.7543459627242212
2024-08-16 22:37:01,680 - root - INFO - start 37 epoch
2024-08-16 22:37:06,461 - root - INFO - epoch: 37:
2024-08-16 22:37:06,461 - root - INFO - Epoch mean loss: 0.6120890549251011
2024-08-16 22:37:06,461 - root - INFO - train acc: 0.5000613839285715, test acc: 0.5009722222222223
2024-08-16 22:37:06,462 - root - INFO - train ap: 0.7059322769035993, test ap: 0.7527930550739639
2024-08-16 22:37:06,463 - root - INFO - start 38 epoch
2024-08-16 22:37:11,395 - root - INFO - epoch: 38:
2024-08-16 22:37:11,395 - root - INFO - Epoch mean loss: 0.6074730306863785
2024-08-16 22:37:11,395 - root - INFO - train acc: 0.5000613839285715, test acc: 0.5009722222222223
2024-08-16 22:37:11,395 - root - INFO - train ap: 0.7121611036402379, test ap: 0.764331927950566
2024-08-16 22:37:11,396 - root - INFO - start 39 epoch
2024-08-16 22:37:16,346 - root - INFO - epoch: 39:
2024-08-16 22:37:16,346 - root - INFO - Epoch mean loss: 0.6027684467179435
2024-08-16 22:37:16,346 - root - INFO - train acc: 0.5000613839285715, test acc: 0.5009722222222223
2024-08-16 22:37:16,346 - root - INFO - train ap: 0.70605335366135, test ap: 0.7633812833544628
2024-08-16 22:37:16,348 - root - INFO - start 40 epoch
2024-08-16 22:37:21,237 - root - INFO - epoch: 40:
2024-08-16 22:37:21,238 - root - INFO - Epoch mean loss: 0.5938621078218732
2024-08-16 22:37:21,238 - root - INFO - train acc: 0.5000613839285715, test acc: 0.5009722222222223
2024-08-16 22:37:21,238 - root - INFO - train ap: 0.7194878193240309, test ap: 0.7712800301046724
2024-08-16 22:37:21,239 - root - INFO - start 41 epoch
2024-08-16 22:37:26,087 - root - INFO - epoch: 41:
2024-08-16 22:37:26,087 - root - INFO - Epoch mean loss: 0.5846180192061833
2024-08-16 22:37:26,087 - root - INFO - train acc: 0.5000613839285715, test acc: 0.5009722222222223
2024-08-16 22:37:26,087 - root - INFO - train ap: 0.7203327324572363, test ap: 0.7759792543125167
2024-08-16 22:37:26,088 - root - INFO - start 42 epoch
2024-08-16 22:37:30,936 - root - INFO - epoch: 42:
2024-08-16 22:37:30,936 - root - INFO - Epoch mean loss: 0.5799513565642493
2024-08-16 22:37:30,936 - root - INFO - train acc: 0.5000613839285715, test acc: 0.5009722222222223
2024-08-16 22:37:30,936 - root - INFO - train ap: 0.7344720248294063, test ap: 0.7854694341524127
2024-08-16 22:37:30,937 - root - INFO - start 43 epoch
2024-08-16 22:37:35,809 - root - INFO - epoch: 43:
2024-08-16 22:37:35,809 - root - INFO - Epoch mean loss: 0.5708395466208458
2024-08-16 22:37:35,809 - root - INFO - train acc: 0.5000613839285715, test acc: 0.5009722222222223
2024-08-16 22:37:35,809 - root - INFO - train ap: 0.7464405980867719, test ap: 0.7818302692397446
2024-08-16 22:37:35,810 - root - INFO - start 44 epoch
2024-08-16 22:37:40,788 - root - INFO - epoch: 44:
2024-08-16 22:37:40,788 - root - INFO - Epoch mean loss: 0.5678409923400197
2024-08-16 22:37:40,788 - root - INFO - train acc: 0.5000613839285715, test acc: 0.5009722222222223
2024-08-16 22:37:40,788 - root - INFO - train ap: 0.7266952234804585, test ap: 0.7882452311893833
2024-08-16 22:37:40,797 - root - INFO - start 45 epoch
2024-08-16 22:37:45,738 - root - INFO - epoch: 45:
2024-08-16 22:37:45,738 - root - INFO - Epoch mean loss: 0.560640604368278
2024-08-16 22:37:45,738 - root - INFO - train acc: 0.5000613839285715, test acc: 0.5009722222222223
2024-08-16 22:37:45,738 - root - INFO - train ap: 0.7312335040080583, test ap: 0.7844044430149812
2024-08-16 22:37:45,739 - root - INFO - start 46 epoch
2024-08-16 22:37:50,612 - root - INFO - epoch: 46:
2024-08-16 22:37:50,612 - root - INFO - Epoch mean loss: 0.5510979912110737
2024-08-16 22:37:50,612 - root - INFO - train acc: 0.5000613839285715, test acc: 0.5009722222222223
2024-08-16 22:37:50,612 - root - INFO - train ap: 0.7363309891314623, test ap: 0.9051131274468929
2024-08-16 22:37:50,613 - root - INFO - start 47 epoch
2024-08-16 22:37:55,520 - root - INFO - epoch: 47:
2024-08-16 22:37:55,520 - root - INFO - Epoch mean loss: 0.5450776102287429
2024-08-16 22:37:55,520 - root - INFO - train acc: 0.5000613839285715, test acc: 0.5009722222222223
2024-08-16 22:37:55,520 - root - INFO - train ap: 0.8453377141068984, test ap: 0.9108682033780598
2024-08-16 22:37:55,522 - root - INFO - start 48 epoch
2024-08-16 22:38:00,365 - root - INFO - epoch: 48:
2024-08-16 22:38:00,365 - root - INFO - Epoch mean loss: 0.5404781379870006
2024-08-16 22:38:00,365 - root - INFO - train acc: 0.5000613839285715, test acc: 0.5009722222222223
2024-08-16 22:38:00,365 - root - INFO - train ap: 0.8578315938578817, test ap: 0.9143819805216349
2024-08-16 22:38:00,366 - root - INFO - start 49 epoch
2024-08-16 22:38:05,246 - root - INFO - epoch: 49:
2024-08-16 22:38:05,246 - root - INFO - Epoch mean loss: 0.5322824759142739
2024-08-16 22:38:05,246 - root - INFO - train acc: 0.5000613839285715, test acc: 0.5009722222222223
2024-08-16 22:38:05,246 - root - INFO - train ap: 0.8617576139328522, test ap: 0.9169317554766425
2024-08-16 22:38:05,247 - root - INFO - start 50 epoch
2024-08-16 22:38:10,085 - root - INFO - epoch: 50:
2024-08-16 22:38:10,085 - root - INFO - Epoch mean loss: 0.5234850698283741
2024-08-16 22:38:10,085 - root - INFO - train acc: 0.5000613839285715, test acc: 0.5009722222222223
2024-08-16 22:38:10,085 - root - INFO - train ap: 0.8654237292328826, test ap: 0.9215548168593662
2024-08-16 22:38:10,086 - root - INFO - start 51 epoch
2024-08-16 22:38:15,009 - root - INFO - epoch: 51:
2024-08-16 22:38:15,009 - root - INFO - Epoch mean loss: 0.5202800163200924
2024-08-16 22:38:15,009 - root - INFO - train acc: 0.5000613839285715, test acc: 0.5009722222222223
2024-08-16 22:38:15,010 - root - INFO - train ap: 0.8644437743609882, test ap: 0.9256431931052869
2024-08-16 22:38:15,011 - root - INFO - start 52 epoch
2024-08-16 22:38:19,970 - root - INFO - epoch: 52:
2024-08-16 22:38:19,970 - root - INFO - Epoch mean loss: 0.5187384539416858
2024-08-16 22:38:19,970 - root - INFO - train acc: 0.5000613839285715, test acc: 0.5009722222222223
2024-08-16 22:38:19,970 - root - INFO - train ap: 0.8669506631669811, test ap: 0.9294906006622856
2024-08-16 22:38:19,971 - root - INFO - start 53 epoch
2024-08-16 22:38:24,769 - root - INFO - epoch: 53:
2024-08-16 22:38:24,769 - root - INFO - Epoch mean loss: 0.5133866742253304
2024-08-16 22:38:24,769 - root - INFO - train acc: 0.5000613839285715, test acc: 0.5009722222222223
2024-08-16 22:38:24,769 - root - INFO - train ap: 0.8716121222816519, test ap: 0.9318231217583628
2024-08-16 22:38:24,770 - root - INFO - start 54 epoch
2024-08-16 22:38:29,718 - root - INFO - epoch: 54:
2024-08-16 22:38:29,718 - root - INFO - Epoch mean loss: 0.5090268328785896
2024-08-16 22:38:29,718 - root - INFO - train acc: 0.5000613839285715, test acc: 0.5009722222222223
2024-08-16 22:38:29,718 - root - INFO - train ap: 0.8741291534983483, test ap: 0.9325373910052243
2024-08-16 22:38:29,719 - root - INFO - start 55 epoch
2024-08-16 22:38:34,563 - root - INFO - epoch: 55:
2024-08-16 22:38:34,563 - root - INFO - Epoch mean loss: 0.5054558377180781
2024-08-16 22:38:34,564 - root - INFO - train acc: 0.5000613839285715, test acc: 0.5009722222222223
2024-08-16 22:38:34,564 - root - INFO - train ap: 0.875144277922767, test ap: 0.9354651459539505
2024-08-16 22:38:34,565 - root - INFO - start 56 epoch
2024-08-16 22:38:39,490 - root - INFO - epoch: 56:
2024-08-16 22:38:39,490 - root - INFO - Epoch mean loss: 0.49930062677179066
2024-08-16 22:38:39,490 - root - INFO - train acc: 0.5000613839285715, test acc: 0.5009722222222223
2024-08-16 22:38:39,490 - root - INFO - train ap: 0.8698339916917028, test ap: 0.9362802026568239
2024-08-16 22:38:39,491 - root - INFO - start 57 epoch
2024-08-16 22:38:44,480 - root - INFO - epoch: 57:
2024-08-16 22:38:44,480 - root - INFO - Epoch mean loss: 0.4982445814779827
2024-08-16 22:38:44,480 - root - INFO - train acc: 0.5000613839285715, test acc: 0.5009722222222223
2024-08-16 22:38:44,480 - root - INFO - train ap: 0.869829710884313, test ap: 0.9362939511391789
2024-08-16 22:38:44,481 - root - INFO - start 58 epoch
2024-08-16 22:38:49,500 - root - INFO - epoch: 58:
2024-08-16 22:38:49,500 - root - INFO - Epoch mean loss: 0.49594282039574217
2024-08-16 22:38:49,500 - root - INFO - train acc: 0.5000613839285715, test acc: 0.5009722222222223
2024-08-16 22:38:49,500 - root - INFO - train ap: 0.8747414378052326, test ap: 0.9371359689323129
2024-08-16 22:38:49,502 - root - INFO - start 59 epoch
2024-08-16 22:38:54,405 - root - INFO - epoch: 59:
2024-08-16 22:38:54,406 - root - INFO - Epoch mean loss: 0.48996549951178686
2024-08-16 22:38:54,406 - root - INFO - train acc: 0.5000613839285715, test acc: 0.5009722222222223
2024-08-16 22:38:54,406 - root - INFO - train ap: 0.8819828672112547, test ap: 0.9346856482371105
2024-08-16 22:38:54,407 - root - INFO - start 60 epoch
2024-08-16 22:38:59,197 - root - INFO - epoch: 60:
2024-08-16 22:38:59,197 - root - INFO - Epoch mean loss: 0.4839558867471559
2024-08-16 22:38:59,197 - root - INFO - train acc: 0.5000613839285715, test acc: 0.5009722222222223
2024-08-16 22:38:59,197 - root - INFO - train ap: 0.8801417503091236, test ap: 0.9337988820417874
2024-08-16 22:38:59,198 - root - INFO - start 61 epoch
2024-08-16 22:39:04,138 - root - INFO - epoch: 61:
2024-08-16 22:39:04,138 - root - INFO - Epoch mean loss: 0.4809943756886891
2024-08-16 22:39:04,138 - root - INFO - train acc: 0.5000613839285715, test acc: 0.5009722222222223
2024-08-16 22:39:04,138 - root - INFO - train ap: 0.8763836887966752, test ap: 0.9343821713648212
2024-08-16 22:39:04,139 - root - INFO - start 62 epoch
2024-08-16 22:39:08,988 - root - INFO - epoch: 62:
2024-08-16 22:39:08,988 - root - INFO - Epoch mean loss: 0.4761259843196188
2024-08-16 22:39:08,988 - root - INFO - train acc: 0.5000613839285715, test acc: 0.5009722222222223
2024-08-16 22:39:08,988 - root - INFO - train ap: 0.8764463474789344, test ap: 0.9341215758266538
2024-08-16 22:39:08,989 - root - INFO - start 63 epoch
2024-08-16 22:39:13,972 - root - INFO - epoch: 63:
2024-08-16 22:39:13,972 - root - INFO - Epoch mean loss: 0.4713967261569841
2024-08-16 22:39:13,972 - root - INFO - train acc: 0.5000613839285715, test acc: 0.5009722222222223
2024-08-16 22:39:13,972 - root - INFO - train ap: 0.876662965341934, test ap: 0.9323302502094258
2024-08-16 22:39:13,973 - root - INFO - start 64 epoch
2024-08-16 22:39:18,936 - root - INFO - epoch: 64:
2024-08-16 22:39:18,936 - root - INFO - Epoch mean loss: 0.4675545170903206
2024-08-16 22:39:18,936 - root - INFO - train acc: 0.5002008928571429, test acc: 0.5009722222222223
2024-08-16 22:39:18,936 - root - INFO - train ap: 0.8807752565214857, test ap: 0.9329816389650285
2024-08-16 22:39:18,938 - root - INFO - start 65 epoch
2024-08-16 22:39:23,855 - root - INFO - epoch: 65:
2024-08-16 22:39:23,855 - root - INFO - Epoch mean loss: 0.46183489582368303
2024-08-16 22:39:23,855 - root - INFO - train acc: 0.5069363839285714, test acc: 0.5131944444444444
2024-08-16 22:39:23,855 - root - INFO - train ap: 0.8780237238691122, test ap: 0.9327597525544167
2024-08-16 22:39:23,857 - root - INFO - start 66 epoch
2024-08-16 22:39:28,720 - root - INFO - epoch: 66:
2024-08-16 22:39:28,720 - root - INFO - Epoch mean loss: 0.46089994800942286
2024-08-16 22:39:28,720 - root - INFO - train acc: 0.5660100446428571, test acc: 0.6698611111111109
2024-08-16 22:39:28,720 - root - INFO - train ap: 0.8736044497654774, test ap: 0.9325799640320064
2024-08-16 22:39:28,721 - root - INFO - start 67 epoch
2024-08-16 22:39:33,593 - root - INFO - epoch: 67:
2024-08-16 22:39:33,593 - root - INFO - Epoch mean loss: 0.45106055587530136
2024-08-16 22:39:33,593 - root - INFO - train acc: 0.6814508928571429, test acc: 0.8197222222222221
2024-08-16 22:39:33,593 - root - INFO - train ap: 0.8834409989880517, test ap: 0.9314404989148141
2024-08-16 22:39:33,594 - root - INFO - start 68 epoch
2024-08-16 22:39:38,433 - root - INFO - epoch: 68:
2024-08-16 22:39:38,433 - root - INFO - Epoch mean loss: 0.4451822776879583
2024-08-16 22:39:38,433 - root - INFO - train acc: 0.7717912946428571, test acc: 0.8797222222222222
2024-08-16 22:39:38,433 - root - INFO - train ap: 0.8767583761371861, test ap: 0.9328533665656606
2024-08-16 22:39:38,434 - root - INFO - start 69 epoch
2024-08-16 22:39:43,307 - root - INFO - epoch: 69:
2024-08-16 22:39:43,307 - root - INFO - Epoch mean loss: 0.43824379997594015
2024-08-16 22:39:43,308 - root - INFO - train acc: 0.8287834821428571, test acc: 0.8936111111111111
2024-08-16 22:39:43,308 - root - INFO - train ap: 0.8790839990210557, test ap: 0.9320722427601148
2024-08-16 22:39:43,310 - root - INFO - start 70 epoch
2024-08-16 22:39:48,265 - root - INFO - epoch: 70:
2024-08-16 22:39:48,266 - root - INFO - Epoch mean loss: 0.43316928297281265
2024-08-16 22:39:48,266 - root - INFO - train acc: 0.8566071428571428, test acc: 0.8930555555555556
2024-08-16 22:39:48,266 - root - INFO - train ap: 0.8836476048488296, test ap: 0.934121532332832
2024-08-16 22:39:48,267 - root - INFO - start 71 epoch
2024-08-16 22:39:53,256 - root - INFO - epoch: 71:
2024-08-16 22:39:53,256 - root - INFO - Epoch mean loss: 0.42206926005227224
2024-08-16 22:39:53,256 - root - INFO - train acc: 0.8744587053571429, test acc: 0.9038888888888889
2024-08-16 22:39:53,256 - root - INFO - train ap: 0.886697605055791, test ap: 0.9344002261364948
2024-08-16 22:39:53,257 - root - INFO - start 72 epoch
2024-08-16 22:39:58,081 - root - INFO - epoch: 72:
2024-08-16 22:39:58,081 - root - INFO - Epoch mean loss: 0.41929072780268534
2024-08-16 22:39:58,081 - root - INFO - train acc: 0.8766741071428571, test acc: 0.8944444444444444
2024-08-16 22:39:58,081 - root - INFO - train ap: 0.8881950935205698, test ap: 0.9314346801835028
2024-08-16 22:39:58,082 - root - INFO - start 73 epoch
2024-08-16 22:40:03,051 - root - INFO - epoch: 73:
2024-08-16 22:40:03,052 - root - INFO - Epoch mean loss: 0.4105737975665501
2024-08-16 22:40:03,052 - root - INFO - train acc: 0.8856584821428571, test acc: 0.8983333333333333
2024-08-16 22:40:03,052 - root - INFO - train ap: 0.883983975506916, test ap: 0.9347766361528539
2024-08-16 22:40:03,053 - root - INFO - start 74 epoch
2024-08-16 22:40:08,017 - root - INFO - epoch: 74:
2024-08-16 22:40:08,017 - root - INFO - Epoch mean loss: 0.4026098751596042
2024-08-16 22:40:08,017 - root - INFO - train acc: 0.8822712053571429, test acc: 0.8972222222222224
2024-08-16 22:40:08,017 - root - INFO - train ap: 0.8875852837630741, test ap: 0.9335868680129725
2024-08-16 22:40:08,018 - root - INFO - start 75 epoch
2024-08-16 22:40:12,917 - root - INFO - epoch: 75:
2024-08-16 22:40:12,917 - root - INFO - Epoch mean loss: 0.3913972611938204
2024-08-16 22:40:12,917 - root - INFO - train acc: 0.8888448660714285, test acc: 0.9038888888888889
2024-08-16 22:40:12,917 - root - INFO - train ap: 0.8863393628765986, test ap: 0.9361682408383352
2024-08-16 22:40:12,918 - root - INFO - start 76 epoch
2024-08-16 22:40:17,833 - root - INFO - epoch: 76:
2024-08-16 22:40:17,833 - root - INFO - Epoch mean loss: 0.3866451776453427
2024-08-16 22:40:17,833 - root - INFO - train acc: 0.8874162946428571, test acc: 0.898888888888889
2024-08-16 22:40:17,833 - root - INFO - train ap: 0.8911966800036508, test ap: 0.9331864490397483
2024-08-16 22:40:17,835 - root - INFO - start 77 epoch
2024-08-16 22:40:22,802 - root - INFO - epoch: 77:
2024-08-16 22:40:22,802 - root - INFO - Epoch mean loss: 0.37349618119852884
2024-08-16 22:40:22,802 - root - INFO - train acc: 0.8899832589285713, test acc: 0.9005555555555557
2024-08-16 22:40:22,802 - root - INFO - train ap: 0.8945315771180581, test ap: 0.9346008882021917
2024-08-16 22:40:22,803 - root - INFO - start 78 epoch
2024-08-16 22:40:27,644 - root - INFO - epoch: 78:
2024-08-16 22:40:27,644 - root - INFO - Epoch mean loss: 0.36352655930178507
2024-08-16 22:40:27,645 - root - INFO - train acc: 0.8918582589285714, test acc: 0.898888888888889
2024-08-16 22:40:27,645 - root - INFO - train ap: 0.8920075219462495, test ap: 0.9348436776307907
2024-08-16 22:40:27,646 - root - INFO - start 79 epoch
2024-08-16 22:40:32,513 - root - INFO - epoch: 79:
2024-08-16 22:40:32,513 - root - INFO - Epoch mean loss: 0.35902469605207443
2024-08-16 22:40:32,514 - root - INFO - train acc: 0.8897823660714286, test acc: 0.9011111111111111
2024-08-16 22:40:32,514 - root - INFO - train ap: 0.89189193482329, test ap: 0.9365803223839926
2024-08-16 22:40:32,514 - root - INFO - start 80 epoch
2024-08-16 22:40:37,416 - root - INFO - epoch: 80:
2024-08-16 22:40:37,416 - root - INFO - Epoch mean loss: 0.34748823940753937
2024-08-16 22:40:37,417 - root - INFO - train acc: 0.8953850446428572, test acc: 0.9027777777777778
2024-08-16 22:40:37,417 - root - INFO - train ap: 0.8928081398932974, test ap: 0.938337797735548
2024-08-16 22:40:37,418 - root - INFO - start 81 epoch
2024-08-16 22:40:42,420 - root - INFO - epoch: 81:
2024-08-16 22:40:42,420 - root - INFO - Epoch mean loss: 0.3396671073777335
2024-08-16 22:40:42,420 - root - INFO - train acc: 0.8897879464285714, test acc: 0.8994444444444445
2024-08-16 22:40:42,420 - root - INFO - train ap: 0.8981866509560559, test ap: 0.9356973767669258
2024-08-16 22:40:42,422 - root - INFO - start 82 epoch
2024-08-16 22:40:47,255 - root - INFO - epoch: 82:
2024-08-16 22:40:47,255 - root - INFO - Epoch mean loss: 0.3322101597275053
2024-08-16 22:40:47,255 - root - INFO - train acc: 0.8922767857142857, test acc: 0.9016666666666668
2024-08-16 22:40:47,255 - root - INFO - train ap: 0.8958846967673842, test ap: 0.9361400202081135
2024-08-16 22:40:47,256 - root - INFO - start 83 epoch
2024-08-16 22:40:52,245 - root - INFO - epoch: 83:
2024-08-16 22:40:52,245 - root - INFO - Epoch mean loss: 0.3274297501359667
2024-08-16 22:40:52,246 - root - INFO - train acc: 0.8930133928571429, test acc: 0.9027777777777779
2024-08-16 22:40:52,246 - root - INFO - train ap: 0.9039341283590442, test ap: 0.9369485295729222
2024-08-16 22:40:52,247 - root - INFO - start 84 epoch
2024-08-16 22:40:57,116 - root - INFO - epoch: 84:
2024-08-16 22:40:57,116 - root - INFO - Epoch mean loss: 0.31666816238846096
2024-08-16 22:40:57,116 - root - INFO - train acc: 0.8932142857142857, test acc: 0.9016666666666668
2024-08-16 22:40:57,116 - root - INFO - train ap: 0.8981688910395159, test ap: 0.9368034903993363
2024-08-16 22:40:57,117 - root - INFO - start 85 epoch
2024-08-16 22:41:02,040 - root - INFO - epoch: 85:
2024-08-16 22:41:02,040 - root - INFO - Epoch mean loss: 0.3118677852409227
2024-08-16 22:41:02,040 - root - INFO - train acc: 0.8913169642857143, test acc: 0.9011111111111112
2024-08-16 22:41:02,040 - root - INFO - train ap: 0.8977443789194913, test ap: 0.9374853601319507
2024-08-16 22:41:02,041 - root - INFO - start 86 epoch
2024-08-16 22:41:06,961 - root - INFO - epoch: 86:
2024-08-16 22:41:06,961 - root - INFO - Epoch mean loss: 0.30255597457289696
2024-08-16 22:41:06,961 - root - INFO - train acc: 0.8973772321428571, test acc: 0.9044444444444444
2024-08-16 22:41:06,961 - root - INFO - train ap: 0.8992463250711752, test ap: 0.9393022944783798
2024-08-16 22:41:06,962 - root - INFO - start 87 epoch
2024-08-16 22:41:11,787 - root - INFO - epoch: 87:
2024-08-16 22:41:11,787 - root - INFO - Epoch mean loss: 0.2895288323717458
2024-08-16 22:41:11,787 - root - INFO - train acc: 0.9018191964285714, test acc: 0.9044444444444444
2024-08-16 22:41:11,787 - root - INFO - train ap: 0.906002557827147, test ap: 0.9407314627955591
2024-08-16 22:41:11,788 - root - INFO - start 88 epoch
2024-08-16 22:41:16,699 - root - INFO - epoch: 88:
2024-08-16 22:41:16,699 - root - INFO - Epoch mean loss: 0.283571650407144
2024-08-16 22:41:16,699 - root - INFO - train acc: 0.9030580357142857, test acc: 0.9061111111111111
2024-08-16 22:41:16,700 - root - INFO - train ap: 0.9062312623937865, test ap: 0.9422920483877266
2024-08-16 22:41:16,701 - root - INFO - start 89 epoch
2024-08-16 22:41:21,685 - root - INFO - epoch: 89:
2024-08-16 22:41:21,685 - root - INFO - Epoch mean loss: 0.27843278646469116
2024-08-16 22:41:21,685 - root - INFO - train acc: 0.9051283482142857, test acc: 0.9066666666666667
2024-08-16 22:41:21,685 - root - INFO - train ap: 0.9078512616304258, test ap: 0.9425163304471825
2024-08-16 22:41:21,687 - root - INFO - start 90 epoch
2024-08-16 22:41:26,432 - root - INFO - epoch: 90:
2024-08-16 22:41:26,432 - root - INFO - Epoch mean loss: 0.28056860555495533
2024-08-16 22:41:26,432 - root - INFO - train acc: 0.9024162946428572, test acc: 0.9038888888888889
2024-08-16 22:41:26,432 - root - INFO - train ap: 0.8978934596785662, test ap: 0.9411470343831562
2024-08-16 22:41:26,433 - root - INFO - start 91 epoch
2024-08-16 22:41:31,320 - root - INFO - epoch: 91:
2024-08-16 22:41:31,320 - root - INFO - Epoch mean loss: 0.27046823341931614
2024-08-16 22:41:31,320 - root - INFO - train acc: 0.9055859374999999, test acc: 0.9066666666666667
2024-08-16 22:41:31,321 - root - INFO - train ap: 0.90763275914615, test ap: 0.9422321140567308
2024-08-16 22:41:31,322 - root - INFO - start 92 epoch
2024-08-16 22:41:36,148 - root - INFO - epoch: 92:
2024-08-16 22:41:36,148 - root - INFO - Epoch mean loss: 0.26221901550889015
2024-08-16 22:41:36,148 - root - INFO - train acc: 0.9084151785714286, test acc: 0.9061111111111111
2024-08-16 22:41:36,148 - root - INFO - train ap: 0.9118580455180973, test ap: 0.9437181391732684
2024-08-16 22:41:36,149 - root - INFO - start 93 epoch
2024-08-16 22:41:40,944 - root - INFO - epoch: 93:
2024-08-16 22:41:40,944 - root - INFO - Epoch mean loss: 0.2604930650975023
2024-08-16 22:41:40,945 - root - INFO - train acc: 0.9071986607142858, test acc: 0.9072222222222223
2024-08-16 22:41:40,945 - root - INFO - train ap: 0.9104839846443429, test ap: 0.9432779032043329
2024-08-16 22:41:40,946 - root - INFO - start 94 epoch
2024-08-16 22:41:45,873 - root - INFO - epoch: 94:
2024-08-16 22:41:45,873 - root - INFO - Epoch mean loss: 0.25982218448604855
2024-08-16 22:41:45,873 - root - INFO - train acc: 0.9079185267857143, test acc: 0.9072222222222223
2024-08-16 22:41:45,873 - root - INFO - train ap: 0.9102187337583869, test ap: 0.9446963310150147
2024-08-16 22:41:45,874 - root - INFO - start 95 epoch
2024-08-16 22:41:50,668 - root - INFO - epoch: 95:
2024-08-16 22:41:50,668 - root - INFO - Epoch mean loss: 0.253394177449601
2024-08-16 22:41:50,668 - root - INFO - train acc: 0.9087555803571429, test acc: 0.9122222222222223
2024-08-16 22:41:50,668 - root - INFO - train ap: 0.9113390156725034, test ap: 0.947422474590454
2024-08-16 22:41:50,669 - root - INFO - start 96 epoch
2024-08-16 22:41:55,635 - root - INFO - epoch: 96:
2024-08-16 22:41:55,635 - root - INFO - Epoch mean loss: 0.2502052219850676
2024-08-16 22:41:55,635 - root - INFO - train acc: 0.9099497767857143, test acc: 0.9122222222222223
2024-08-16 22:41:55,635 - root - INFO - train ap: 0.9196866145523703, test ap: 0.9466991719308769
2024-08-16 22:41:55,636 - root - INFO - start 97 epoch
2024-08-16 22:42:00,583 - root - INFO - epoch: 97:
2024-08-16 22:42:00,583 - root - INFO - Epoch mean loss: 0.24690062765564239
2024-08-16 22:42:00,583 - root - INFO - train acc: 0.9122209821428572, test acc: 0.9127777777777778
2024-08-16 22:42:00,583 - root - INFO - train ap: 0.9141366423190369, test ap: 0.94716641040087
2024-08-16 22:42:00,584 - root - INFO - start 98 epoch
2024-08-16 22:42:05,540 - root - INFO - epoch: 98:
2024-08-16 22:42:05,540 - root - INFO - Epoch mean loss: 0.2454752762402807
2024-08-16 22:42:05,540 - root - INFO - train acc: 0.9117633928571429, test acc: 0.9161111111111111
2024-08-16 22:42:05,540 - root - INFO - train ap: 0.9171912329723726, test ap: 0.9484751703944352
2024-08-16 22:42:05,541 - root - INFO - start 99 epoch
2024-08-16 22:42:10,543 - root - INFO - epoch: 99:
2024-08-16 22:42:10,543 - root - INFO - Epoch mean loss: 0.24240478021757944
2024-08-16 22:42:10,543 - root - INFO - train acc: 0.9113448660714286, test acc: 0.9122222222222223
2024-08-16 22:42:10,543 - root - INFO - train ap: 0.9197725403910207, test ap: 0.9474172941383708
2024-08-16 22:42:10,545 - root - INFO - Saving TGAN model
2024-08-16 22:42:10,546 - root - INFO - TGAN models saved
