2024-08-10 12:34:03,749 - root - INFO - Namespace(data='simulate_v1', bs=256, prefix='simulate_v1', n_degree=10, n_head=2, n_epoch=100, n_layer=2, lr=0.0001, drop_out=0.1, gpu=1, node_dim=100, time_dim=100, agg_method='attn', attn_mode='prod', time='time', uniform=False)
2024-08-10 12:34:03,804 - module - INFO - Aggregation uses attention model
2024-08-10 12:34:03,805 - module - INFO - Using scaled prod attention
2024-08-10 12:34:03,805 - module - INFO - Using scaled prod attention
2024-08-10 12:34:03,805 - module - INFO - Using time encoding
2024-08-10 12:34:04,168 - root - INFO - num of training instances: 7113
2024-08-10 12:34:04,168 - root - INFO - num of batches per epoch: 28
2024-08-10 12:34:04,168 - root - INFO - start 0 epoch
2024-08-10 12:34:08,770 - root - INFO - epoch: 0:
2024-08-10 12:34:08,770 - root - INFO - Epoch mean loss: 0.7008655688592366
2024-08-10 12:34:08,770 - root - INFO - train acc: 0.5019698660714286, test acc: 0.4990277777777778
2024-08-10 12:34:08,770 - root - INFO - train ap: 0.525856650340338, test ap: 0.652791312405865
2024-08-10 12:34:08,771 - root - INFO - start 1 epoch
2024-08-10 12:34:13,326 - root - INFO - epoch: 1:
2024-08-10 12:34:13,326 - root - INFO - Epoch mean loss: 0.6977266307388034
2024-08-10 12:34:13,326 - root - INFO - train acc: 0.5007979910714285, test acc: 0.4990277777777778
2024-08-10 12:34:13,326 - root - INFO - train ap: 0.5308335095458058, test ap: 0.6704795844774767
2024-08-10 12:34:13,327 - root - INFO - start 2 epoch
2024-08-10 12:34:17,805 - root - INFO - epoch: 2:
2024-08-10 12:34:17,805 - root - INFO - Epoch mean loss: 0.6929786907775062
2024-08-10 12:34:17,805 - root - INFO - train acc: 0.5080245535714286, test acc: 0.4990277777777778
2024-08-10 12:34:17,805 - root - INFO - train ap: 0.5604878176047603, test ap: 0.6777178826823432
2024-08-10 12:34:17,806 - root - INFO - start 3 epoch
2024-08-10 12:34:22,263 - root - INFO - epoch: 3:
2024-08-10 12:34:22,263 - root - INFO - Epoch mean loss: 0.6901829732315881
2024-08-10 12:34:22,263 - root - INFO - train acc: 0.5105133928571429, test acc: 0.4990277777777778
2024-08-10 12:34:22,263 - root - INFO - train ap: 0.5714639310991968, test ap: 0.6837847705675639
2024-08-10 12:34:22,264 - root - INFO - start 4 epoch
2024-08-10 12:34:26,680 - root - INFO - epoch: 4:
2024-08-10 12:34:26,680 - root - INFO - Epoch mean loss: 0.6890019263539996
2024-08-10 12:34:26,680 - root - INFO - train acc: 0.5075334821428571, test acc: 0.4990277777777778
2024-08-10 12:34:26,680 - root - INFO - train ap: 0.5763045673277446, test ap: 0.6869506812191541
2024-08-10 12:34:26,681 - root - INFO - start 5 epoch
2024-08-10 12:34:31,107 - root - INFO - epoch: 5:
2024-08-10 12:34:31,107 - root - INFO - Epoch mean loss: 0.6870424598455429
2024-08-10 12:34:31,107 - root - INFO - train acc: 0.5167801339285715, test acc: 0.4990277777777778
2024-08-10 12:34:31,107 - root - INFO - train ap: 0.5819528756018935, test ap: 0.6929615923389054
2024-08-10 12:34:31,108 - root - INFO - start 6 epoch
2024-08-10 12:34:35,502 - root - INFO - epoch: 6:
2024-08-10 12:34:35,502 - root - INFO - Epoch mean loss: 0.6831179984978267
2024-08-10 12:34:35,503 - root - INFO - train acc: 0.5430133928571429, test acc: 0.5063888888888889
2024-08-10 12:34:35,503 - root - INFO - train ap: 0.6013522897780578, test ap: 0.6976115130981835
2024-08-10 12:34:35,503 - root - INFO - start 7 epoch
2024-08-10 12:34:39,926 - root - INFO - epoch: 7:
2024-08-10 12:34:39,926 - root - INFO - Epoch mean loss: 0.6811232439109257
2024-08-10 12:34:39,926 - root - INFO - train acc: 0.5644196428571429, test acc: 0.5716666666666667
2024-08-10 12:34:39,926 - root - INFO - train ap: 0.6124694352028481, test ap: 0.7026376447670286
2024-08-10 12:34:39,927 - root - INFO - start 8 epoch
2024-08-10 12:34:44,354 - root - INFO - epoch: 8:
2024-08-10 12:34:44,354 - root - INFO - Epoch mean loss: 0.6805670708417892
2024-08-10 12:34:44,354 - root - INFO - train acc: 0.5704575892857143, test acc: 0.6718055555555557
2024-08-10 12:34:44,354 - root - INFO - train ap: 0.6066112602611984, test ap: 0.7033261463650213
2024-08-10 12:34:44,355 - root - INFO - start 9 epoch
2024-08-10 12:34:48,737 - root - INFO - epoch: 9:
2024-08-10 12:34:48,737 - root - INFO - Epoch mean loss: 0.676723158785275
2024-08-10 12:34:48,737 - root - INFO - train acc: 0.6019810267857143, test acc: 0.6768055555555555
2024-08-10 12:34:48,737 - root - INFO - train ap: 0.6217414874856944, test ap: 0.7090068318662979
2024-08-10 12:34:48,738 - root - INFO - start 10 epoch
2024-08-10 12:34:53,149 - root - INFO - epoch: 10:
2024-08-10 12:34:53,149 - root - INFO - Epoch mean loss: 0.6749704607895443
2024-08-10 12:34:53,149 - root - INFO - train acc: 0.622689732142857, test acc: 0.6768055555555554
2024-08-10 12:34:53,149 - root - INFO - train ap: 0.6255891703328721, test ap: 0.7114455692859136
2024-08-10 12:34:53,150 - root - INFO - start 11 epoch
2024-08-10 12:34:57,591 - root - INFO - epoch: 11:
2024-08-10 12:34:57,591 - root - INFO - Epoch mean loss: 0.6733307178531375
2024-08-10 12:34:57,591 - root - INFO - train acc: 0.6228180803571428, test acc: 0.6718055555555555
2024-08-10 12:34:57,591 - root - INFO - train ap: 0.6299335525806674, test ap: 0.71414218198464
2024-08-10 12:34:57,592 - root - INFO - start 12 epoch
2024-08-10 12:35:02,051 - root - INFO - epoch: 12:
2024-08-10 12:35:02,051 - root - INFO - Epoch mean loss: 0.6705742989267621
2024-08-10 12:35:02,052 - root - INFO - train acc: 0.6300558035714285, test acc: 0.6734722222222221
2024-08-10 12:35:02,052 - root - INFO - train ap: 0.6357212397771482, test ap: 0.717575877704564
2024-08-10 12:35:02,052 - root - INFO - start 13 epoch
2024-08-10 12:35:06,460 - root - INFO - epoch: 13:
2024-08-10 12:35:06,460 - root - INFO - Epoch mean loss: 0.6657348594495228
2024-08-10 12:35:06,460 - root - INFO - train acc: 0.6342633928571428, test acc: 0.6712500000000001
2024-08-10 12:35:06,460 - root - INFO - train ap: 0.656743541989948, test ap: 0.7194558685597505
2024-08-10 12:35:06,461 - root - INFO - start 14 epoch
2024-08-10 12:35:11,065 - root - INFO - epoch: 14:
2024-08-10 12:35:11,065 - root - INFO - Epoch mean loss: 0.6631025820970535
2024-08-10 12:35:11,065 - root - INFO - train acc: 0.6430301339285714, test acc: 0.6718055555555555
2024-08-10 12:35:11,065 - root - INFO - train ap: 0.6589141209726923, test ap: 0.7213571595842632
2024-08-10 12:35:11,066 - root - INFO - start 15 epoch
2024-08-10 12:35:15,605 - root - INFO - epoch: 15:
2024-08-10 12:35:15,605 - root - INFO - Epoch mean loss: 0.659841022321156
2024-08-10 12:35:15,605 - root - INFO - train acc: 0.6461774553571429, test acc: 0.6756944444444445
2024-08-10 12:35:15,605 - root - INFO - train ap: 0.6532232867868897, test ap: 0.7231617214833077
2024-08-10 12:35:15,606 - root - INFO - start 16 epoch
2024-08-10 12:35:20,143 - root - INFO - epoch: 16:
2024-08-10 12:35:20,143 - root - INFO - Epoch mean loss: 0.6558428534439632
2024-08-10 12:35:20,143 - root - INFO - train acc: 0.6521149553571428, test acc: 0.6756944444444444
2024-08-10 12:35:20,143 - root - INFO - train ap: 0.674091475110508, test ap: 0.7238749313315478
2024-08-10 12:35:20,144 - root - INFO - start 17 epoch
2024-08-10 12:35:24,591 - root - INFO - epoch: 17:
2024-08-10 12:35:24,591 - root - INFO - Epoch mean loss: 0.6517123175518853
2024-08-10 12:35:24,591 - root - INFO - train acc: 0.6535491071428572, test acc: 0.67625
2024-08-10 12:35:24,591 - root - INFO - train ap: 0.6726025272684067, test ap: 0.7244095211284961
2024-08-10 12:35:24,592 - root - INFO - start 18 epoch
2024-08-10 12:35:29,005 - root - INFO - epoch: 18:
2024-08-10 12:35:29,005 - root - INFO - Epoch mean loss: 0.6446625973497119
2024-08-10 12:35:29,005 - root - INFO - train acc: 0.6662053571428571, test acc: 0.6740277777777778
2024-08-10 12:35:29,005 - root - INFO - train ap: 0.6940292883758621, test ap: 0.7231422350828389
2024-08-10 12:35:29,006 - root - INFO - start 19 epoch
2024-08-10 12:35:33,518 - root - INFO - epoch: 19:
2024-08-10 12:35:33,518 - root - INFO - Epoch mean loss: 0.6439737336976188
2024-08-10 12:35:33,518 - root - INFO - train acc: 0.6560435267857143, test acc: 0.6777777777777778
2024-08-10 12:35:33,518 - root - INFO - train ap: 0.6907773734650313, test ap: 0.7246275872145549
2024-08-10 12:35:33,519 - root - INFO - start 20 epoch
2024-08-10 12:35:37,941 - root - INFO - epoch: 20:
2024-08-10 12:35:37,941 - root - INFO - Epoch mean loss: 0.6382369292633874
2024-08-10 12:35:37,941 - root - INFO - train acc: 0.6627399553571429, test acc: 0.6777777777777777
2024-08-10 12:35:37,942 - root - INFO - train ap: 0.7024062330397353, test ap: 0.7279805590685952
2024-08-10 12:35:37,942 - root - INFO - start 21 epoch
2024-08-10 12:35:42,384 - root - INFO - epoch: 21:
2024-08-10 12:35:42,385 - root - INFO - Epoch mean loss: 0.6328772178718022
2024-08-10 12:35:42,385 - root - INFO - train acc: 0.6726618303571429, test acc: 0.6805555555555556
2024-08-10 12:35:42,385 - root - INFO - train ap: 0.7009998376521301, test ap: 0.7320961715424755
2024-08-10 12:35:42,386 - root - INFO - start 22 epoch
2024-08-10 12:35:46,807 - root - INFO - epoch: 22:
2024-08-10 12:35:46,807 - root - INFO - Epoch mean loss: 0.6283743615661349
2024-08-10 12:35:46,807 - root - INFO - train acc: 0.6733035714285714, test acc: 0.6833333333333333
2024-08-10 12:35:46,807 - root - INFO - train ap: 0.7114452273285513, test ap: 0.7352813854942928
2024-08-10 12:35:46,808 - root - INFO - start 23 epoch
2024-08-10 12:35:51,233 - root - INFO - epoch: 23:
2024-08-10 12:35:51,233 - root - INFO - Epoch mean loss: 0.6272330709866115
2024-08-10 12:35:51,233 - root - INFO - train acc: 0.6708314732142858, test acc: 0.6900000000000001
2024-08-10 12:35:51,233 - root - INFO - train ap: 0.7108107397545101, test ap: 0.7388507582745681
2024-08-10 12:35:51,234 - root - INFO - start 24 epoch
2024-08-10 12:35:55,613 - root - INFO - epoch: 24:
2024-08-10 12:35:55,613 - root - INFO - Epoch mean loss: 0.6197208677019391
2024-08-10 12:35:55,613 - root - INFO - train acc: 0.6833203125, test acc: 0.6933333333333334
2024-08-10 12:35:55,613 - root - INFO - train ap: 0.7117445759054208, test ap: 0.7418418491048168
2024-08-10 12:35:55,614 - root - INFO - start 25 epoch
2024-08-10 12:36:00,062 - root - INFO - epoch: 25:
2024-08-10 12:36:00,062 - root - INFO - Epoch mean loss: 0.6134207610573087
2024-08-10 12:36:00,062 - root - INFO - train acc: 0.6840178571428571, test acc: 0.6961111111111112
2024-08-10 12:36:00,062 - root - INFO - train ap: 0.7272285941584137, test ap: 0.7509394516404585
2024-08-10 12:36:00,063 - root - INFO - start 26 epoch
2024-08-10 12:36:04,522 - root - INFO - epoch: 26:
2024-08-10 12:36:04,522 - root - INFO - Epoch mean loss: 0.6093316759381976
2024-08-10 12:36:04,522 - root - INFO - train acc: 0.6873660714285714, test acc: 0.7011111111111112
2024-08-10 12:36:04,522 - root - INFO - train ap: 0.7233747234316106, test ap: 0.7568906924640453
2024-08-10 12:36:04,523 - root - INFO - start 27 epoch
2024-08-10 12:36:08,932 - root - INFO - epoch: 27:
2024-08-10 12:36:08,932 - root - INFO - Epoch mean loss: 0.6025716875280652
2024-08-10 12:36:08,932 - root - INFO - train acc: 0.6941294642857143, test acc: 0.7038888888888888
2024-08-10 12:36:08,932 - root - INFO - train ap: 0.7358528206585703, test ap: 0.7635868782240178
2024-08-10 12:36:08,933 - root - INFO - start 28 epoch
2024-08-10 12:36:13,331 - root - INFO - epoch: 28:
2024-08-10 12:36:13,331 - root - INFO - Epoch mean loss: 0.5975940333945411
2024-08-10 12:36:13,331 - root - INFO - train acc: 0.7002064732142858, test acc: 0.7083333333333333
2024-08-10 12:36:13,331 - root - INFO - train ap: 0.7374726392806111, test ap: 0.7663296587937075
2024-08-10 12:36:13,332 - root - INFO - start 29 epoch
2024-08-10 12:36:17,790 - root - INFO - epoch: 29:
2024-08-10 12:36:17,790 - root - INFO - Epoch mean loss: 0.5864104351827076
2024-08-10 12:36:17,790 - root - INFO - train acc: 0.709603794642857, test acc: 0.7144444444444443
2024-08-10 12:36:17,790 - root - INFO - train ap: 0.751580906333362, test ap: 0.7734735952842791
2024-08-10 12:36:17,791 - root - INFO - start 30 epoch
2024-08-10 12:36:22,349 - root - INFO - epoch: 30:
2024-08-10 12:36:22,349 - root - INFO - Epoch mean loss: 0.5801623719079154
2024-08-10 12:36:22,350 - root - INFO - train acc: 0.7146707589285715, test acc: 0.7233333333333334
2024-08-10 12:36:22,350 - root - INFO - train ap: 0.7545466165093778, test ap: 0.7832256575054483
2024-08-10 12:36:22,351 - root - INFO - start 31 epoch
2024-08-10 12:36:26,750 - root - INFO - epoch: 31:
2024-08-10 12:36:26,750 - root - INFO - Epoch mean loss: 0.5696916686637061
2024-08-10 12:36:26,750 - root - INFO - train acc: 0.722299107142857, test acc: 0.7408333333333333
2024-08-10 12:36:26,750 - root - INFO - train ap: 0.7653577742880293, test ap: 0.7912154588365418
2024-08-10 12:36:26,751 - root - INFO - start 32 epoch
2024-08-10 12:36:31,194 - root - INFO - epoch: 32:
2024-08-10 12:36:31,194 - root - INFO - Epoch mean loss: 0.561053563441549
2024-08-10 12:36:31,194 - root - INFO - train acc: 0.7246540178571428, test acc: 0.7508333333333334
2024-08-10 12:36:31,194 - root - INFO - train ap: 0.7693624777142478, test ap: 0.8039775266068753
2024-08-10 12:36:31,195 - root - INFO - start 33 epoch
2024-08-10 12:36:35,734 - root - INFO - epoch: 33:
2024-08-10 12:36:35,734 - root - INFO - Epoch mean loss: 0.5474339712943349
2024-08-10 12:36:35,734 - root - INFO - train acc: 0.7395647321428571, test acc: 0.7718055555555555
2024-08-10 12:36:35,734 - root - INFO - train ap: 0.7783210304236666, test ap: 0.8179649764124682
2024-08-10 12:36:35,735 - root - INFO - start 34 epoch
2024-08-10 12:36:40,184 - root - INFO - epoch: 34:
2024-08-10 12:36:40,185 - root - INFO - Epoch mean loss: 0.5325064680406025
2024-08-10 12:36:40,185 - root - INFO - train acc: 0.7526897321428571, test acc: 0.7823611111111112
2024-08-10 12:36:40,185 - root - INFO - train ap: 0.7921973997783059, test ap: 0.8350988590049938
2024-08-10 12:36:40,186 - root - INFO - start 35 epoch
2024-08-10 12:36:44,686 - root - INFO - epoch: 35:
2024-08-10 12:36:44,686 - root - INFO - Epoch mean loss: 0.5174472715173449
2024-08-10 12:36:44,686 - root - INFO - train acc: 0.7667968749999999, test acc: 0.8034722222222223
2024-08-10 12:36:44,686 - root - INFO - train ap: 0.8029037556031352, test ap: 0.8516100291833072
2024-08-10 12:36:44,687 - root - INFO - start 36 epoch
2024-08-10 12:36:49,149 - root - INFO - epoch: 36:
2024-08-10 12:36:49,149 - root - INFO - Epoch mean loss: 0.49690577600683483
2024-08-10 12:36:49,149 - root - INFO - train acc: 0.7789341517857142, test acc: 0.8166666666666667
2024-08-10 12:36:49,149 - root - INFO - train ap: 0.811377764007967, test ap: 0.8635756736627103
2024-08-10 12:36:49,150 - root - INFO - start 37 epoch
2024-08-10 12:36:53,599 - root - INFO - epoch: 37:
2024-08-10 12:36:53,599 - root - INFO - Epoch mean loss: 0.4780526491148131
2024-08-10 12:36:53,599 - root - INFO - train acc: 0.7924609374999999, test acc: 0.833888888888889
2024-08-10 12:36:53,599 - root - INFO - train ap: 0.8221376023023835, test ap: 0.8733389796875282
2024-08-10 12:36:53,600 - root - INFO - start 38 epoch
2024-08-10 12:36:58,106 - root - INFO - epoch: 38:
2024-08-10 12:36:58,106 - root - INFO - Epoch mean loss: 0.4664804222328322
2024-08-10 12:36:58,106 - root - INFO - train acc: 0.8003180803571429, test acc: 0.8466666666666668
2024-08-10 12:36:58,106 - root - INFO - train ap: 0.8254713210821926, test ap: 0.8765341057809751
2024-08-10 12:36:58,107 - root - INFO - start 39 epoch
2024-08-10 12:37:02,555 - root - INFO - epoch: 39:
2024-08-10 12:37:02,555 - root - INFO - Epoch mean loss: 0.45176268156085697
2024-08-10 12:37:02,555 - root - INFO - train acc: 0.8074107142857143, test acc: 0.8572222222222223
2024-08-10 12:37:02,555 - root - INFO - train ap: 0.8330868749311894, test ap: 0.8830342072327466
2024-08-10 12:37:02,556 - root - INFO - start 40 epoch
2024-08-10 12:37:07,050 - root - INFO - epoch: 40:
2024-08-10 12:37:07,050 - root - INFO - Epoch mean loss: 0.4415355718561581
2024-08-10 12:37:07,050 - root - INFO - train acc: 0.8175558035714285, test acc: 0.8638888888888889
2024-08-10 12:37:07,050 - root - INFO - train ap: 0.8362049260633241, test ap: 0.8872115654559587
2024-08-10 12:37:07,051 - root - INFO - start 41 epoch
2024-08-10 12:37:11,465 - root - INFO - epoch: 41:
2024-08-10 12:37:11,466 - root - INFO - Epoch mean loss: 0.437558260347162
2024-08-10 12:37:11,466 - root - INFO - train acc: 0.8128236607142857, test acc: 0.8672222222222223
2024-08-10 12:37:11,466 - root - INFO - train ap: 0.8374984988823614, test ap: 0.8901726129606474
2024-08-10 12:37:11,467 - root - INFO - start 42 epoch
2024-08-10 12:37:15,920 - root - INFO - epoch: 42:
2024-08-10 12:37:15,920 - root - INFO - Epoch mean loss: 0.4199401842696326
2024-08-10 12:37:15,920 - root - INFO - train acc: 0.8193024553571429, test acc: 0.8705555555555555
2024-08-10 12:37:15,920 - root - INFO - train ap: 0.8414257340398187, test ap: 0.8934876693642241
2024-08-10 12:37:15,921 - root - INFO - start 43 epoch
2024-08-10 12:37:20,333 - root - INFO - epoch: 43:
2024-08-10 12:37:20,333 - root - INFO - Epoch mean loss: 0.4072281803403582
2024-08-10 12:37:20,333 - root - INFO - train acc: 0.8319363839285714, test acc: 0.8744444444444445
2024-08-10 12:37:20,333 - root - INFO - train ap: 0.8526199576220108, test ap: 0.8974505556284297
2024-08-10 12:37:20,334 - root - INFO - start 44 epoch
2024-08-10 12:37:24,877 - root - INFO - epoch: 44:
2024-08-10 12:37:24,877 - root - INFO - Epoch mean loss: 0.39740794577768873
2024-08-10 12:37:24,877 - root - INFO - train acc: 0.8369196428571428, test acc: 0.8783333333333334
2024-08-10 12:37:24,877 - root - INFO - train ap: 0.8534517863870935, test ap: 0.9000026479242162
2024-08-10 12:37:24,878 - root - INFO - start 45 epoch
2024-08-10 12:37:29,308 - root - INFO - epoch: 45:
2024-08-10 12:37:29,308 - root - INFO - Epoch mean loss: 0.3879409730434418
2024-08-10 12:37:29,308 - root - INFO - train acc: 0.8400055803571428, test acc: 0.8811111111111113
2024-08-10 12:37:29,308 - root - INFO - train ap: 0.860017638394828, test ap: 0.9036549194129868
2024-08-10 12:37:29,309 - root - INFO - start 46 epoch
2024-08-10 12:37:33,731 - root - INFO - epoch: 46:
2024-08-10 12:37:33,731 - root - INFO - Epoch mean loss: 0.3872473356979234
2024-08-10 12:37:33,731 - root - INFO - train acc: 0.8361216517857143, test acc: 0.8811111111111111
2024-08-10 12:37:33,731 - root - INFO - train ap: 0.853952770169245, test ap: 0.9054736833157733
2024-08-10 12:37:33,732 - root - INFO - start 47 epoch
2024-08-10 12:37:38,155 - root - INFO - epoch: 47:
2024-08-10 12:37:38,156 - root - INFO - Epoch mean loss: 0.3772262568984713
2024-08-10 12:37:38,156 - root - INFO - train acc: 0.8466629464285714, test acc: 0.8838888888888888
2024-08-10 12:37:38,156 - root - INFO - train ap: 0.8553501302389536, test ap: 0.9074746209479085
2024-08-10 12:37:38,157 - root - INFO - start 48 epoch
2024-08-10 12:37:42,542 - root - INFO - epoch: 48:
2024-08-10 12:37:42,542 - root - INFO - Epoch mean loss: 0.3635183966585568
2024-08-10 12:37:42,542 - root - INFO - train acc: 0.8526004464285714, test acc: 0.8872222222222222
2024-08-10 12:37:42,542 - root - INFO - train ap: 0.874076272388673, test ap: 0.9099511726190816
2024-08-10 12:37:42,543 - root - INFO - start 49 epoch
2024-08-10 12:37:47,162 - root - INFO - epoch: 49:
2024-08-10 12:37:47,162 - root - INFO - Epoch mean loss: 0.35557620440210613
2024-08-10 12:37:47,162 - root - INFO - train acc: 0.8539174107142857, test acc: 0.8883333333333333
2024-08-10 12:37:47,162 - root - INFO - train ap: 0.8684378164531127, test ap: 0.9128205888053535
2024-08-10 12:37:47,163 - root - INFO - start 50 epoch
2024-08-10 12:37:51,680 - root - INFO - epoch: 50:
2024-08-10 12:37:51,680 - root - INFO - Epoch mean loss: 0.35019130791936603
2024-08-10 12:37:51,680 - root - INFO - train acc: 0.8589732142857143, test acc: 0.8916666666666665
2024-08-10 12:37:51,680 - root - INFO - train ap: 0.8756125209449148, test ap: 0.9136831498649227
2024-08-10 12:37:51,681 - root - INFO - start 51 epoch
2024-08-10 12:37:56,135 - root - INFO - epoch: 51:
2024-08-10 12:37:56,135 - root - INFO - Epoch mean loss: 0.34262024824108395
2024-08-10 12:37:56,135 - root - INFO - train acc: 0.8636160714285713, test acc: 0.8911111111111111
2024-08-10 12:37:56,135 - root - INFO - train ap: 0.8807608238322686, test ap: 0.9209633052696163
2024-08-10 12:37:56,136 - root - INFO - start 52 epoch
2024-08-10 12:38:00,604 - root - INFO - epoch: 52:
2024-08-10 12:38:00,604 - root - INFO - Epoch mean loss: 0.335842350763934
2024-08-10 12:38:00,604 - root - INFO - train acc: 0.8676618303571428, test acc: 0.8938888888888888
2024-08-10 12:38:00,604 - root - INFO - train ap: 0.8782100719813251, test ap: 0.9256071195467366
2024-08-10 12:38:00,605 - root - INFO - start 53 epoch
2024-08-10 12:38:05,011 - root - INFO - epoch: 53:
2024-08-10 12:38:05,011 - root - INFO - Epoch mean loss: 0.3397619330457279
2024-08-10 12:38:05,011 - root - INFO - train acc: 0.8628404017857143, test acc: 0.8966666666666666
2024-08-10 12:38:05,011 - root - INFO - train ap: 0.877026496880697, test ap: 0.9312452784699198
2024-08-10 12:38:05,012 - root - INFO - start 54 epoch
2024-08-10 12:38:09,494 - root - INFO - epoch: 54:
2024-08-10 12:38:09,494 - root - INFO - Epoch mean loss: 0.3239007049373218
2024-08-10 12:38:09,494 - root - INFO - train acc: 0.8731863839285714, test acc: 0.8977777777777778
2024-08-10 12:38:09,494 - root - INFO - train ap: 0.8849421838769124, test ap: 0.9328568912161886
2024-08-10 12:38:09,495 - root - INFO - start 55 epoch
2024-08-10 12:38:14,017 - root - INFO - epoch: 55:
2024-08-10 12:38:14,017 - root - INFO - Epoch mean loss: 0.32541587948799133
2024-08-10 12:38:14,018 - root - INFO - train acc: 0.8708761160714286, test acc: 0.9000000000000001
2024-08-10 12:38:14,018 - root - INFO - train ap: 0.8771266010608171, test ap: 0.9347965964010906
2024-08-10 12:38:14,019 - root - INFO - start 56 epoch
2024-08-10 12:38:18,446 - root - INFO - epoch: 56:
2024-08-10 12:38:18,446 - root - INFO - Epoch mean loss: 0.3086814247071743
2024-08-10 12:38:18,446 - root - INFO - train acc: 0.8826506696428572, test acc: 0.9016666666666668
2024-08-10 12:38:18,446 - root - INFO - train ap: 0.8915907969879567, test ap: 0.9369394324266315
2024-08-10 12:38:18,447 - root - INFO - start 57 epoch
2024-08-10 12:38:22,939 - root - INFO - epoch: 57:
2024-08-10 12:38:22,939 - root - INFO - Epoch mean loss: 0.3129094269658838
2024-08-10 12:38:22,939 - root - INFO - train acc: 0.8773939732142857, test acc: 0.9022222222222224
2024-08-10 12:38:22,939 - root - INFO - train ap: 0.8896011670259177, test ap: 0.9400524981480783
2024-08-10 12:38:22,940 - root - INFO - start 58 epoch
2024-08-10 12:38:27,428 - root - INFO - epoch: 58:
2024-08-10 12:38:27,428 - root - INFO - Epoch mean loss: 0.3071097731590271
2024-08-10 12:38:27,428 - root - INFO - train acc: 0.8796205357142857, test acc: 0.9027777777777779
2024-08-10 12:38:27,428 - root - INFO - train ap: 0.8906380239178427, test ap: 0.9418255235763656
2024-08-10 12:38:27,429 - root - INFO - start 59 epoch
2024-08-10 12:38:31,884 - root - INFO - epoch: 59:
2024-08-10 12:38:31,884 - root - INFO - Epoch mean loss: 0.30087662222129957
2024-08-10 12:38:31,884 - root - INFO - train acc: 0.8799441964285714, test acc: 0.9038888888888891
2024-08-10 12:38:31,884 - root - INFO - train ap: 0.8983007749566345, test ap: 0.9408448055458047
2024-08-10 12:38:31,885 - root - INFO - start 60 epoch
2024-08-10 12:38:36,319 - root - INFO - epoch: 60:
2024-08-10 12:38:36,319 - root - INFO - Epoch mean loss: 0.30176664303456036
2024-08-10 12:38:36,319 - root - INFO - train acc: 0.8816964285714286, test acc: 0.9055555555555556
2024-08-10 12:38:36,319 - root - INFO - train ap: 0.8963994794875252, test ap: 0.9452673966960693
2024-08-10 12:38:36,320 - root - INFO - start 61 epoch
2024-08-10 12:38:40,783 - root - INFO - epoch: 61:
2024-08-10 12:38:40,784 - root - INFO - Epoch mean loss: 0.29308844251292093
2024-08-10 12:38:40,784 - root - INFO - train acc: 0.8917354910714286, test acc: 0.908888888888889
2024-08-10 12:38:40,784 - root - INFO - train ap: 0.8997854396518303, test ap: 0.9478257415460528
2024-08-10 12:38:40,785 - root - INFO - start 62 epoch
2024-08-10 12:38:45,220 - root - INFO - epoch: 62:
2024-08-10 12:38:45,220 - root - INFO - Epoch mean loss: 0.2907471459891115
2024-08-10 12:38:45,220 - root - INFO - train acc: 0.8882533482142857, test acc: 0.9105555555555556
2024-08-10 12:38:45,220 - root - INFO - train ap: 0.9000054227806158, test ap: 0.948406844306294
2024-08-10 12:38:45,221 - root - INFO - start 63 epoch
2024-08-10 12:38:49,667 - root - INFO - epoch: 63:
2024-08-10 12:38:49,667 - root - INFO - Epoch mean loss: 0.282826912190233
2024-08-10 12:38:49,667 - root - INFO - train acc: 0.8918136160714286, test acc: 0.91
2024-08-10 12:38:49,667 - root - INFO - train ap: 0.907680524253343, test ap: 0.9520008183540537
2024-08-10 12:38:49,668 - root - INFO - start 64 epoch
2024-08-10 12:38:54,062 - root - INFO - epoch: 64:
2024-08-10 12:38:54,062 - root - INFO - Epoch mean loss: 0.2884022167750767
2024-08-10 12:38:54,062 - root - INFO - train acc: 0.8902399553571428, test acc: 0.9122222222222223
2024-08-10 12:38:54,062 - root - INFO - train ap: 0.8965796840844974, test ap: 0.95131170968402
2024-08-10 12:38:54,063 - root - INFO - start 65 epoch
2024-08-10 12:38:58,575 - root - INFO - epoch: 65:
2024-08-10 12:38:58,575 - root - INFO - Epoch mean loss: 0.28127987469945637
2024-08-10 12:38:58,575 - root - INFO - train acc: 0.8955803571428572, test acc: 0.9127777777777778
2024-08-10 12:38:58,575 - root - INFO - train ap: 0.9019404994237556, test ap: 0.9526011108365885
2024-08-10 12:38:58,576 - root - INFO - start 66 epoch
2024-08-10 12:39:03,068 - root - INFO - epoch: 66:
2024-08-10 12:39:03,069 - root - INFO - Epoch mean loss: 0.276909881404468
2024-08-10 12:39:03,069 - root - INFO - train acc: 0.8958816964285715, test acc: 0.9133333333333334
2024-08-10 12:39:03,069 - root - INFO - train ap: 0.9050293890286901, test ap: 0.953238057506361
2024-08-10 12:39:03,070 - root - INFO - start 67 epoch
2024-08-10 12:39:07,491 - root - INFO - epoch: 67:
2024-08-10 12:39:07,491 - root - INFO - Epoch mean loss: 0.2693493014999798
2024-08-10 12:39:07,492 - root - INFO - train acc: 0.8981138392857143, test acc: 0.913888888888889
2024-08-10 12:39:07,492 - root - INFO - train ap: 0.9111407187569976, test ap: 0.9535565963518161
2024-08-10 12:39:07,492 - root - INFO - start 68 epoch
2024-08-10 12:39:12,023 - root - INFO - epoch: 68:
2024-08-10 12:39:12,023 - root - INFO - Epoch mean loss: 0.2686819242579596
2024-08-10 12:39:12,023 - root - INFO - train acc: 0.8954631696428572, test acc: 0.9149999999999999
2024-08-10 12:39:12,023 - root - INFO - train ap: 0.9144837402421653, test ap: 0.9548272971089967
2024-08-10 12:39:12,024 - root - INFO - start 69 epoch
2024-08-10 12:39:16,550 - root - INFO - epoch: 69:
2024-08-10 12:39:16,550 - root - INFO - Epoch mean loss: 0.2650299205311707
2024-08-10 12:39:16,550 - root - INFO - train acc: 0.9026562499999999, test acc: 0.9161111111111111
2024-08-10 12:39:16,550 - root - INFO - train ap: 0.9141369828153959, test ap: 0.9562252860857651
2024-08-10 12:39:16,551 - root - INFO - start 70 epoch
2024-08-10 12:39:20,934 - root - INFO - epoch: 70:
2024-08-10 12:39:20,934 - root - INFO - Epoch mean loss: 0.26542424836329054
2024-08-10 12:39:20,934 - root - INFO - train acc: 0.9007198660714285, test acc: 0.9172222222222222
2024-08-10 12:39:20,934 - root - INFO - train ap: 0.9104331153273453, test ap: 0.9563421191641808
2024-08-10 12:39:20,935 - root - INFO - start 71 epoch
2024-08-10 12:39:25,360 - root - INFO - epoch: 71:
2024-08-10 12:39:25,360 - root - INFO - Epoch mean loss: 0.2615000584295818
2024-08-10 12:39:25,360 - root - INFO - train acc: 0.9032310267857142, test acc: 0.9183333333333332
2024-08-10 12:39:25,360 - root - INFO - train ap: 0.9153568065696293, test ap: 0.9564379641390524
2024-08-10 12:39:25,361 - root - INFO - start 72 epoch
2024-08-10 12:39:29,785 - root - INFO - epoch: 72:
2024-08-10 12:39:29,786 - root - INFO - Epoch mean loss: 0.2523345196885722
2024-08-10 12:39:29,786 - root - INFO - train acc: 0.9077176339285715, test acc: 0.9172222222222222
2024-08-10 12:39:29,786 - root - INFO - train ap: 0.9191867101822234, test ap: 0.9550857233715082
2024-08-10 12:39:29,787 - root - INFO - start 73 epoch
2024-08-10 12:39:34,348 - root - INFO - epoch: 73:
2024-08-10 12:39:34,349 - root - INFO - Epoch mean loss: 0.2612500286528042
2024-08-10 12:39:34,349 - root - INFO - train acc: 0.9045256696428572, test acc: 0.9183333333333332
2024-08-10 12:39:34,349 - root - INFO - train ap: 0.9129557671433434, test ap: 0.9567474568879978
2024-08-10 12:39:34,350 - root - INFO - start 74 epoch
2024-08-10 12:39:38,817 - root - INFO - epoch: 74:
2024-08-10 12:39:38,818 - root - INFO - Epoch mean loss: 0.2608265302010945
2024-08-10 12:39:38,818 - root - INFO - train acc: 0.9060825892857143, test acc: 0.9161111111111111
2024-08-10 12:39:38,818 - root - INFO - train ap: 0.9106889334418801, test ap: 0.9552450344504624
2024-08-10 12:39:38,819 - root - INFO - start 75 epoch
2024-08-10 12:39:43,201 - root - INFO - epoch: 75:
2024-08-10 12:39:43,201 - root - INFO - Epoch mean loss: 0.25079091106142315
2024-08-10 12:39:43,201 - root - INFO - train acc: 0.9095089285714285, test acc: 0.9183333333333332
2024-08-10 12:39:43,201 - root - INFO - train ap: 0.9220566275099661, test ap: 0.9574851261046214
2024-08-10 12:39:43,202 - root - INFO - start 76 epoch
2024-08-10 12:39:47,715 - root - INFO - epoch: 76:
2024-08-10 12:39:47,715 - root - INFO - Epoch mean loss: 0.25037541559764315
2024-08-10 12:39:47,715 - root - INFO - train acc: 0.9100111607142857, test acc: 0.918888888888889
2024-08-10 12:39:47,715 - root - INFO - train ap: 0.9135458557529452, test ap: 0.9568061671299424
2024-08-10 12:39:47,716 - root - INFO - start 77 epoch
2024-08-10 12:39:52,112 - root - INFO - epoch: 77:
2024-08-10 12:39:52,112 - root - INFO - Epoch mean loss: 0.2499217353761196
2024-08-10 12:39:52,112 - root - INFO - train acc: 0.9103069196428571, test acc: 0.9194444444444445
2024-08-10 12:39:52,112 - root - INFO - train ap: 0.9204211039153388, test ap: 0.9577980138479453
2024-08-10 12:39:52,113 - root - INFO - start 78 epoch
2024-08-10 12:39:56,581 - root - INFO - epoch: 78:
2024-08-10 12:39:56,582 - root - INFO - Epoch mean loss: 0.2451352695269244
2024-08-10 12:39:56,582 - root - INFO - train acc: 0.9130970982142858, test acc: 0.9194444444444445
2024-08-10 12:39:56,582 - root - INFO - train ap: 0.9224571605343342, test ap: 0.9572999442202567
2024-08-10 12:39:56,583 - root - INFO - start 79 epoch
2024-08-10 12:40:00,983 - root - INFO - epoch: 79:
2024-08-10 12:40:00,983 - root - INFO - Epoch mean loss: 0.24393915544663156
2024-08-10 12:40:00,983 - root - INFO - train acc: 0.9129799107142856, test acc: 0.9211111111111111
2024-08-10 12:40:00,983 - root - INFO - train ap: 0.9214044501938916, test ap: 0.9578938249850678
2024-08-10 12:40:00,984 - root - INFO - start 80 epoch
2024-08-10 12:40:05,440 - root - INFO - epoch: 80:
2024-08-10 12:40:05,440 - root - INFO - Epoch mean loss: 0.24140202520149096
2024-08-10 12:40:05,440 - root - INFO - train acc: 0.9134933035714285, test acc: 0.9216666666666667
2024-08-10 12:40:05,440 - root - INFO - train ap: 0.9205182008623319, test ap: 0.9577675155976798
2024-08-10 12:40:05,441 - root - INFO - start 81 epoch
2024-08-10 12:40:09,884 - root - INFO - epoch: 81:
2024-08-10 12:40:09,884 - root - INFO - Epoch mean loss: 0.24054106803877012
2024-08-10 12:40:09,884 - root - INFO - train acc: 0.9171037946428572, test acc: 0.9222222222222223
2024-08-10 12:40:09,884 - root - INFO - train ap: 0.9243188236851123, test ap: 0.9580225422975593
2024-08-10 12:40:09,885 - root - INFO - start 82 epoch
2024-08-10 12:40:14,334 - root - INFO - epoch: 82:
2024-08-10 12:40:14,335 - root - INFO - Epoch mean loss: 0.23491961721863067
2024-08-10 12:40:14,335 - root - INFO - train acc: 0.9132756696428571, test acc: 0.9222222222222223
2024-08-10 12:40:14,335 - root - INFO - train ap: 0.9316629145418159, test ap: 0.9585564173930934
2024-08-10 12:40:14,336 - root - INFO - start 83 epoch
2024-08-10 12:40:18,777 - root - INFO - epoch: 83:
2024-08-10 12:40:18,777 - root - INFO - Epoch mean loss: 0.23581276408263616
2024-08-10 12:40:18,777 - root - INFO - train acc: 0.9155078124999999, test acc: 0.9227777777777778
2024-08-10 12:40:18,777 - root - INFO - train ap: 0.927553145799525, test ap: 0.9592754806668073
2024-08-10 12:40:18,778 - root - INFO - start 84 epoch
2024-08-10 12:40:23,316 - root - INFO - epoch: 84:
2024-08-10 12:40:23,316 - root - INFO - Epoch mean loss: 0.23484393049563682
2024-08-10 12:40:23,316 - root - INFO - train acc: 0.9186551339285715, test acc: 0.925
2024-08-10 12:40:23,316 - root - INFO - train ap: 0.9283087757671241, test ap: 0.9592547524834255
2024-08-10 12:40:23,317 - root - INFO - start 85 epoch
2024-08-10 12:40:27,818 - root - INFO - epoch: 85:
2024-08-10 12:40:27,818 - root - INFO - Epoch mean loss: 0.23753908276557922
2024-08-10 12:40:27,818 - root - INFO - train acc: 0.9174832589285715, test acc: 0.9233333333333335
2024-08-10 12:40:27,818 - root - INFO - train ap: 0.925012227612801, test ap: 0.959583376706391
2024-08-10 12:40:27,819 - root - INFO - start 86 epoch
2024-08-10 12:40:32,214 - root - INFO - epoch: 86:
2024-08-10 12:40:32,214 - root - INFO - Epoch mean loss: 0.23211031886083738
2024-08-10 12:40:32,214 - root - INFO - train acc: 0.9186383928571429, test acc: 0.9255555555555556
2024-08-10 12:40:32,214 - root - INFO - train ap: 0.9295050891098928, test ap: 0.9590858774155555
2024-08-10 12:40:32,215 - root - INFO - start 87 epoch
2024-08-10 12:40:36,614 - root - INFO - epoch: 87:
2024-08-10 12:40:36,614 - root - INFO - Epoch mean loss: 0.22837282876883233
2024-08-10 12:40:36,614 - root - INFO - train acc: 0.9216238839285714, test acc: 0.926111111111111
2024-08-10 12:40:36,614 - root - INFO - train ap: 0.9261304263036373, test ap: 0.9598375184197824
2024-08-10 12:40:36,615 - root - INFO - start 88 epoch
2024-08-10 12:40:41,011 - root - INFO - epoch: 88:
2024-08-10 12:40:41,012 - root - INFO - Epoch mean loss: 0.23136451627526963
2024-08-10 12:40:41,012 - root - INFO - train acc: 0.9226618303571429, test acc: 0.923888888888889
2024-08-10 12:40:41,012 - root - INFO - train ap: 0.921545203714483, test ap: 0.9600457524030083
2024-08-10 12:40:41,013 - root - INFO - start 89 epoch
2024-08-10 12:40:45,433 - root - INFO - epoch: 89:
2024-08-10 12:40:45,433 - root - INFO - Epoch mean loss: 0.22762964772326605
2024-08-10 12:40:45,433 - root - INFO - train acc: 0.9221819196428571, test acc: 0.9255555555555556
2024-08-10 12:40:45,433 - root - INFO - train ap: 0.9300455011577607, test ap: 0.9602742216923758
2024-08-10 12:40:45,434 - root - INFO - start 90 epoch
2024-08-10 12:40:49,893 - root - INFO - epoch: 90:
2024-08-10 12:40:49,893 - root - INFO - Epoch mean loss: 0.2237280777522496
2024-08-10 12:40:49,893 - root - INFO - train acc: 0.9226227678571428, test acc: 0.9266666666666665
2024-08-10 12:40:49,893 - root - INFO - train ap: 0.9315759467068648, test ap: 0.9604850070201476
2024-08-10 12:40:49,894 - root - INFO - start 91 epoch
2024-08-10 12:40:54,330 - root - INFO - epoch: 91:
2024-08-10 12:40:54,330 - root - INFO - Epoch mean loss: 0.22545130923390388
2024-08-10 12:40:54,330 - root - INFO - train acc: 0.9209095982142858, test acc: 0.9266666666666665
2024-08-10 12:40:54,330 - root - INFO - train ap: 0.929946743290403, test ap: 0.9609514231419488
2024-08-10 12:40:54,331 - root - INFO - start 92 epoch
2024-08-10 12:40:58,715 - root - INFO - epoch: 92:
2024-08-10 12:40:58,715 - root - INFO - Epoch mean loss: 0.2207846540425505
2024-08-10 12:40:58,716 - root - INFO - train acc: 0.9266071428571429, test acc: 0.926111111111111
2024-08-10 12:40:58,716 - root - INFO - train ap: 0.9266240401695965, test ap: 0.9610821152475342
2024-08-10 12:40:58,717 - root - INFO - start 93 epoch
2024-08-10 12:41:03,188 - root - INFO - epoch: 93:
2024-08-10 12:41:03,188 - root - INFO - Epoch mean loss: 0.22373512813023158
2024-08-10 12:41:03,188 - root - INFO - train acc: 0.9227622767857142, test acc: 0.9255555555555556
2024-08-10 12:41:03,188 - root - INFO - train ap: 0.929089035674041, test ap: 0.9612289402679971
2024-08-10 12:41:03,189 - root - INFO - start 94 epoch
2024-08-10 12:41:07,617 - root - INFO - epoch: 94:
2024-08-10 12:41:07,617 - root - INFO - Epoch mean loss: 0.22019301780632564
2024-08-10 12:41:07,617 - root - INFO - train acc: 0.9245758928571428, test acc: 0.9255555555555556
2024-08-10 12:41:07,617 - root - INFO - train ap: 0.932522989885345, test ap: 0.9615603689920165
2024-08-10 12:41:07,618 - root - INFO - start 95 epoch
2024-08-10 12:41:12,025 - root - INFO - epoch: 95:
2024-08-10 12:41:12,026 - root - INFO - Epoch mean loss: 0.2203416611467089
2024-08-10 12:41:12,026 - root - INFO - train acc: 0.9235993303571428, test acc: 0.9272222222222222
2024-08-10 12:41:12,026 - root - INFO - train ap: 0.9286611621772318, test ap: 0.9613745964757447
2024-08-10 12:41:12,027 - root - INFO - start 96 epoch
2024-08-10 12:41:16,551 - root - INFO - epoch: 96:
2024-08-10 12:41:16,551 - root - INFO - Epoch mean loss: 0.2165833062359265
2024-08-10 12:41:16,551 - root - INFO - train acc: 0.9264676339285715, test acc: 0.9266666666666665
2024-08-10 12:41:16,551 - root - INFO - train ap: 0.9364156697423048, test ap: 0.9607269018404909
2024-08-10 12:41:16,552 - root - INFO - start 97 epoch
2024-08-10 12:41:21,034 - root - INFO - epoch: 97:
2024-08-10 12:41:21,034 - root - INFO - Epoch mean loss: 0.21544888083423888
2024-08-10 12:41:21,034 - root - INFO - train acc: 0.9271261160714286, test acc: 0.9255555555555556
2024-08-10 12:41:21,034 - root - INFO - train ap: 0.9340813633254469, test ap: 0.9607746763684923
2024-08-10 12:41:21,035 - root - INFO - start 98 epoch
2024-08-10 12:41:25,455 - root - INFO - epoch: 98:
2024-08-10 12:41:25,455 - root - INFO - Epoch mean loss: 0.2157577643437045
2024-08-10 12:41:25,455 - root - INFO - train acc: 0.9291183035714285, test acc: 0.9272222222222222
2024-08-10 12:41:25,455 - root - INFO - train ap: 0.9304403850952722, test ap: 0.9600025125288875
2024-08-10 12:41:25,456 - root - INFO - start 99 epoch
2024-08-10 12:41:29,869 - root - INFO - epoch: 99:
2024-08-10 12:41:29,869 - root - INFO - Epoch mean loss: 0.2131859159895352
2024-08-10 12:41:29,869 - root - INFO - train acc: 0.9285993303571428, test acc: 0.9266666666666666
2024-08-10 12:41:29,869 - root - INFO - train ap: 0.9367132284183777, test ap: 0.96091348244526
2024-08-10 12:41:29,870 - root - INFO - Saving TGAN model
2024-08-10 12:41:29,871 - root - INFO - TGAN models saved
