2024-08-10 12:41:31,255 - root - INFO - Namespace(data='simulate_v2', bs=256, prefix='simulate_v2', n_degree=10, n_head=2, n_epoch=100, n_layer=2, lr=0.0001, drop_out=0.1, gpu=1, node_dim=100, time_dim=100, agg_method='attn', attn_mode='prod', time='time', uniform=False)
2024-08-10 12:41:31,315 - module - INFO - Aggregation uses attention model
2024-08-10 12:41:31,316 - module - INFO - Using scaled prod attention
2024-08-10 12:41:31,317 - module - INFO - Using scaled prod attention
2024-08-10 12:41:31,317 - module - INFO - Using time encoding
2024-08-10 12:41:31,681 - root - INFO - num of training instances: 5856
2024-08-10 12:41:31,681 - root - INFO - num of batches per epoch: 23
2024-08-10 12:41:31,681 - root - INFO - start 0 epoch
2024-08-10 12:41:35,573 - root - INFO - epoch: 0:
2024-08-10 12:41:35,573 - root - INFO - Epoch mean loss: 0.706904859646507
2024-08-10 12:41:35,573 - root - INFO - train acc: 0.5040540005361669, test acc: 0.48349600709849155
2024-08-10 12:41:35,573 - root - INFO - train ap: 0.48686639323136044, test ap: 0.5214202231342331
2024-08-10 12:41:35,574 - root - INFO - start 1 epoch
2024-08-10 12:41:39,471 - root - INFO - epoch: 1:
2024-08-10 12:41:39,471 - root - INFO - Epoch mean loss: 0.7065758912459664
2024-08-10 12:41:39,471 - root - INFO - train acc: 0.5040540005361669, test acc: 0.48349600709849155
2024-08-10 12:41:39,471 - root - INFO - train ap: 0.4908005706760401, test ap: 0.5253068522632713
2024-08-10 12:41:39,472 - root - INFO - start 2 epoch
2024-08-10 12:41:43,363 - root - INFO - epoch: 2:
2024-08-10 12:41:43,364 - root - INFO - Epoch mean loss: 0.7061884688294452
2024-08-10 12:41:43,364 - root - INFO - train acc: 0.5040540005361669, test acc: 0.48349600709849155
2024-08-10 12:41:43,364 - root - INFO - train ap: 0.49780108108022425, test ap: 0.5318168023025931
2024-08-10 12:41:43,365 - root - INFO - start 3 epoch
2024-08-10 12:41:47,285 - root - INFO - epoch: 3:
2024-08-10 12:41:47,285 - root - INFO - Epoch mean loss: 0.7058577718942062
2024-08-10 12:41:47,285 - root - INFO - train acc: 0.5040540005361669, test acc: 0.48349600709849155
2024-08-10 12:41:47,285 - root - INFO - train ap: 0.493194917477391, test ap: 0.5382489083033775
2024-08-10 12:41:47,286 - root - INFO - start 4 epoch
2024-08-10 12:41:51,182 - root - INFO - epoch: 4:
2024-08-10 12:41:51,182 - root - INFO - Epoch mean loss: 0.7054641816927039
2024-08-10 12:41:51,182 - root - INFO - train acc: 0.5040540005361669, test acc: 0.48349600709849155
2024-08-10 12:41:51,182 - root - INFO - train ap: 0.4912867757728464, test ap: 0.5449668318594345
2024-08-10 12:41:51,183 - root - INFO - start 5 epoch
2024-08-10 12:41:55,085 - root - INFO - epoch: 5:
2024-08-10 12:41:55,086 - root - INFO - Epoch mean loss: 0.7052100845005201
2024-08-10 12:41:55,086 - root - INFO - train acc: 0.5040540005361669, test acc: 0.48349600709849155
2024-08-10 12:41:55,086 - root - INFO - train ap: 0.4937203160335244, test ap: 0.5515261104069306
2024-08-10 12:41:55,087 - root - INFO - start 6 epoch
2024-08-10 12:41:58,987 - root - INFO - epoch: 6:
2024-08-10 12:41:58,987 - root - INFO - Epoch mean loss: 0.7048584507859271
2024-08-10 12:41:58,987 - root - INFO - train acc: 0.5040540005361669, test acc: 0.48349600709849155
2024-08-10 12:41:58,987 - root - INFO - train ap: 0.49971068565025395, test ap: 0.5584502534322655
2024-08-10 12:41:58,988 - root - INFO - start 7 epoch
2024-08-10 12:42:02,895 - root - INFO - epoch: 7:
2024-08-10 12:42:02,895 - root - INFO - Epoch mean loss: 0.7045985615771749
2024-08-10 12:42:02,895 - root - INFO - train acc: 0.5040540005361669, test acc: 0.48349600709849155
2024-08-10 12:42:02,895 - root - INFO - train ap: 0.4984555682866585, test ap: 0.5690279275693945
2024-08-10 12:42:02,896 - root - INFO - start 8 epoch
2024-08-10 12:42:06,803 - root - INFO - epoch: 8:
2024-08-10 12:42:06,803 - root - INFO - Epoch mean loss: 0.7042930152105249
2024-08-10 12:42:06,803 - root - INFO - train acc: 0.5040540005361669, test acc: 0.48349600709849155
2024-08-10 12:42:06,803 - root - INFO - train ap: 0.5037957480765313, test ap: 0.5481937116655964
2024-08-10 12:42:06,804 - root - INFO - start 9 epoch
2024-08-10 12:42:10,750 - root - INFO - epoch: 9:
2024-08-10 12:42:10,750 - root - INFO - Epoch mean loss: 0.7040486620820087
2024-08-10 12:42:10,750 - root - INFO - train acc: 0.5040540005361669, test acc: 0.48349600709849155
2024-08-10 12:42:10,750 - root - INFO - train ap: 0.5085712296286453, test ap: 0.5166663822050735
2024-08-10 12:42:10,751 - root - INFO - start 10 epoch
2024-08-10 12:42:14,700 - root - INFO - epoch: 10:
2024-08-10 12:42:14,700 - root - INFO - Epoch mean loss: 0.7038966961528944
2024-08-10 12:42:14,700 - root - INFO - train acc: 0.5040540005361669, test acc: 0.48349600709849155
2024-08-10 12:42:14,700 - root - INFO - train ap: 0.5124922717744091, test ap: 0.521277626492876
2024-08-10 12:42:14,701 - root - INFO - start 11 epoch
2024-08-10 12:42:18,587 - root - INFO - epoch: 11:
2024-08-10 12:42:18,587 - root - INFO - Epoch mean loss: 0.7036966862885848
2024-08-10 12:42:18,587 - root - INFO - train acc: 0.5040540005361669, test acc: 0.48349600709849155
2024-08-10 12:42:18,587 - root - INFO - train ap: 0.5123753810821412, test ap: 0.525290980602993
2024-08-10 12:42:18,588 - root - INFO - start 12 epoch
2024-08-10 12:42:22,548 - root - INFO - epoch: 12:
2024-08-10 12:42:22,549 - root - INFO - Epoch mean loss: 0.7035119352133378
2024-08-10 12:42:22,549 - root - INFO - train acc: 0.5040540005361669, test acc: 0.48349600709849155
2024-08-10 12:42:22,549 - root - INFO - train ap: 0.5214570619383815, test ap: 0.5398542121382465
2024-08-10 12:42:22,550 - root - INFO - start 13 epoch
2024-08-10 12:42:26,446 - root - INFO - epoch: 13:
2024-08-10 12:42:26,446 - root - INFO - Epoch mean loss: 0.7033492508141891
2024-08-10 12:42:26,446 - root - INFO - train acc: 0.5040540005361669, test acc: 0.48349600709849155
2024-08-10 12:42:26,446 - root - INFO - train ap: 0.5226238820343883, test ap: 0.5497465677296869
2024-08-10 12:42:26,447 - root - INFO - start 14 epoch
2024-08-10 12:42:30,373 - root - INFO - epoch: 14:
2024-08-10 12:42:30,373 - root - INFO - Epoch mean loss: 0.7031193038691645
2024-08-10 12:42:30,373 - root - INFO - train acc: 0.5040540005361669, test acc: 0.48349600709849155
2024-08-10 12:42:30,373 - root - INFO - train ap: 0.5290050215885516, test ap: 0.5688371478565992
2024-08-10 12:42:30,374 - root - INFO - start 15 epoch
2024-08-10 12:42:34,377 - root - INFO - epoch: 15:
2024-08-10 12:42:34,377 - root - INFO - Epoch mean loss: 0.7028097043866697
2024-08-10 12:42:34,377 - root - INFO - train acc: 0.5040540005361669, test acc: 0.48349600709849155
2024-08-10 12:42:34,377 - root - INFO - train ap: 0.5408978389993356, test ap: 0.5935169234196306
2024-08-10 12:42:34,378 - root - INFO - start 16 epoch
2024-08-10 12:42:38,260 - root - INFO - epoch: 16:
2024-08-10 12:42:38,268 - root - INFO - Epoch mean loss: 0.7026403909144194
2024-08-10 12:42:38,268 - root - INFO - train acc: 0.5040540005361669, test acc: 0.48349600709849155
2024-08-10 12:42:38,269 - root - INFO - train ap: 0.5541839888067215, test ap: 0.6345857239190376
2024-08-10 12:42:38,270 - root - INFO - start 17 epoch
2024-08-10 12:42:42,181 - root - INFO - epoch: 17:
2024-08-10 12:42:42,181 - root - INFO - Epoch mean loss: 0.702341105626977
2024-08-10 12:42:42,181 - root - INFO - train acc: 0.5040540005361669, test acc: 0.48349600709849155
2024-08-10 12:42:42,181 - root - INFO - train ap: 0.5710777380678208, test ap: 0.647827663022419
2024-08-10 12:42:42,182 - root - INFO - start 18 epoch
2024-08-10 12:42:46,073 - root - INFO - epoch: 18:
2024-08-10 12:42:46,073 - root - INFO - Epoch mean loss: 0.702289412850919
2024-08-10 12:42:46,073 - root - INFO - train acc: 0.5040540005361669, test acc: 0.48349600709849155
2024-08-10 12:42:46,073 - root - INFO - train ap: 0.5526260361819051, test ap: 0.604110815869802
2024-08-10 12:42:46,074 - root - INFO - start 19 epoch
2024-08-10 12:42:49,941 - root - INFO - epoch: 19:
2024-08-10 12:42:49,941 - root - INFO - Epoch mean loss: 0.7020534795263539
2024-08-10 12:42:49,941 - root - INFO - train acc: 0.5040540005361669, test acc: 0.48349600709849155
2024-08-10 12:42:49,941 - root - INFO - train ap: 0.5539699184339912, test ap: 0.6055901018460428
2024-08-10 12:42:49,942 - root - INFO - start 20 epoch
2024-08-10 12:42:53,863 - root - INFO - epoch: 20:
2024-08-10 12:42:53,863 - root - INFO - Epoch mean loss: 0.7017844656239385
2024-08-10 12:42:53,863 - root - INFO - train acc: 0.5040540005361669, test acc: 0.48349600709849155
2024-08-10 12:42:53,863 - root - INFO - train ap: 0.5593153699575165, test ap: 0.6157883607231268
2024-08-10 12:42:53,864 - root - INFO - start 21 epoch
2024-08-10 12:42:57,822 - root - INFO - epoch: 21:
2024-08-10 12:42:57,822 - root - INFO - Epoch mean loss: 0.7015140937722247
2024-08-10 12:42:57,822 - root - INFO - train acc: 0.5040540005361669, test acc: 0.48349600709849155
2024-08-10 12:42:57,823 - root - INFO - train ap: 0.5747392194670539, test ap: 0.6322684462961672
2024-08-10 12:42:57,823 - root - INFO - start 22 epoch
2024-08-10 12:43:01,841 - root - INFO - epoch: 22:
2024-08-10 12:43:01,841 - root - INFO - Epoch mean loss: 0.7012134272119274
2024-08-10 12:43:01,841 - root - INFO - train acc: 0.5040540005361669, test acc: 0.48349600709849155
2024-08-10 12:43:01,841 - root - INFO - train ap: 0.5811922804827023, test ap: 0.6350591153142514
2024-08-10 12:43:01,842 - root - INFO - start 23 epoch
2024-08-10 12:43:05,784 - root - INFO - epoch: 23:
2024-08-10 12:43:05,784 - root - INFO - Epoch mean loss: 0.7009474868359773
2024-08-10 12:43:05,784 - root - INFO - train acc: 0.5040540005361669, test acc: 0.48349600709849155
2024-08-10 12:43:05,784 - root - INFO - train ap: 0.5863010299594579, test ap: 0.6321041009681249
2024-08-10 12:43:05,785 - root - INFO - start 24 epoch
2024-08-10 12:43:09,725 - root - INFO - epoch: 24:
2024-08-10 12:43:09,725 - root - INFO - Epoch mean loss: 0.7007062098254329
2024-08-10 12:43:09,725 - root - INFO - train acc: 0.5040540005361669, test acc: 0.48349600709849155
2024-08-10 12:43:09,725 - root - INFO - train ap: 0.5921718287628494, test ap: 0.6428884207855657
2024-08-10 12:43:09,726 - root - INFO - start 25 epoch
2024-08-10 12:43:13,620 - root - INFO - epoch: 25:
2024-08-10 12:43:13,620 - root - INFO - Epoch mean loss: 0.7004475852717524
2024-08-10 12:43:13,620 - root - INFO - train acc: 0.5040540005361669, test acc: 0.48349600709849155
2024-08-10 12:43:13,621 - root - INFO - train ap: 0.5967898707186062, test ap: 0.6421280360624882
2024-08-10 12:43:13,621 - root - INFO - start 26 epoch
2024-08-10 12:43:17,829 - root - INFO - epoch: 26:
2024-08-10 12:43:17,829 - root - INFO - Epoch mean loss: 0.7001164944275565
2024-08-10 12:43:17,830 - root - INFO - train acc: 0.5040540005361669, test acc: 0.48349600709849155
2024-08-10 12:43:17,830 - root - INFO - train ap: 0.6019283848294682, test ap: 0.6370005287918052
2024-08-10 12:43:17,830 - root - INFO - start 27 epoch
2024-08-10 12:43:21,784 - root - INFO - epoch: 27:
2024-08-10 12:43:21,784 - root - INFO - Epoch mean loss: 0.6998839482017185
2024-08-10 12:43:21,784 - root - INFO - train acc: 0.5040540005361669, test acc: 0.48349600709849155
2024-08-10 12:43:21,784 - root - INFO - train ap: 0.6033579679794059, test ap: 0.6418350886633899
2024-08-10 12:43:21,785 - root - INFO - start 28 epoch
2024-08-10 12:43:25,708 - root - INFO - epoch: 28:
2024-08-10 12:43:25,708 - root - INFO - Epoch mean loss: 0.6995574028595634
2024-08-10 12:43:25,708 - root - INFO - train acc: 0.5040540005361669, test acc: 0.48349600709849155
2024-08-10 12:43:25,708 - root - INFO - train ap: 0.6122608532761877, test ap: 0.6439334842392631
2024-08-10 12:43:25,709 - root - INFO - start 29 epoch
2024-08-10 12:43:29,624 - root - INFO - epoch: 29:
2024-08-10 12:43:29,624 - root - INFO - Epoch mean loss: 0.6992726429649021
2024-08-10 12:43:29,625 - root - INFO - train acc: 0.5040540005361669, test acc: 0.48349600709849155
2024-08-10 12:43:29,625 - root - INFO - train ap: 0.6087570132467592, test ap: 0.6414655667660832
2024-08-10 12:43:29,625 - root - INFO - start 30 epoch
2024-08-10 12:43:33,616 - root - INFO - epoch: 30:
2024-08-10 12:43:33,616 - root - INFO - Epoch mean loss: 0.6989496453948643
2024-08-10 12:43:33,616 - root - INFO - train acc: 0.5040540005361669, test acc: 0.48349600709849155
2024-08-10 12:43:33,616 - root - INFO - train ap: 0.603334193779214, test ap: 0.6375008961355728
2024-08-10 12:43:33,617 - root - INFO - start 31 epoch
2024-08-10 12:43:37,473 - root - INFO - epoch: 31:
2024-08-10 12:43:37,473 - root - INFO - Epoch mean loss: 0.6986243284266928
2024-08-10 12:43:37,473 - root - INFO - train acc: 0.5040540005361669, test acc: 0.48349600709849155
2024-08-10 12:43:37,473 - root - INFO - train ap: 0.6146290134581366, test ap: 0.647702688237654
2024-08-10 12:43:37,474 - root - INFO - start 32 epoch
2024-08-10 12:43:41,331 - root - INFO - epoch: 32:
2024-08-10 12:43:41,331 - root - INFO - Epoch mean loss: 0.698193749655848
2024-08-10 12:43:41,331 - root - INFO - train acc: 0.5040540005361669, test acc: 0.48349600709849155
2024-08-10 12:43:41,331 - root - INFO - train ap: 0.6169850707461917, test ap: 0.6512607762562971
2024-08-10 12:43:41,332 - root - INFO - start 33 epoch
2024-08-10 12:43:45,258 - root - INFO - epoch: 33:
2024-08-10 12:43:45,258 - root - INFO - Epoch mean loss: 0.6978607203649438
2024-08-10 12:43:45,258 - root - INFO - train acc: 0.5040540005361669, test acc: 0.48349600709849155
2024-08-10 12:43:45,258 - root - INFO - train ap: 0.6222121942253301, test ap: 0.6611642071171044
2024-08-10 12:43:45,259 - root - INFO - start 34 epoch
2024-08-10 12:43:49,103 - root - INFO - epoch: 34:
2024-08-10 12:43:49,104 - root - INFO - Epoch mean loss: 0.6976600522580354
2024-08-10 12:43:49,104 - root - INFO - train acc: 0.5040540005361669, test acc: 0.48349600709849155
2024-08-10 12:43:49,104 - root - INFO - train ap: 0.6243247898482014, test ap: 0.6621179647314663
2024-08-10 12:43:49,105 - root - INFO - start 35 epoch
2024-08-10 12:43:52,970 - root - INFO - epoch: 35:
2024-08-10 12:43:52,970 - root - INFO - Epoch mean loss: 0.6970098044561304
2024-08-10 12:43:52,970 - root - INFO - train acc: 0.5040540005361669, test acc: 0.48349600709849155
2024-08-10 12:43:52,970 - root - INFO - train ap: 0.6321501792943297, test ap: 0.6672287894744279
2024-08-10 12:43:52,971 - root - INFO - start 36 epoch
2024-08-10 12:43:56,821 - root - INFO - epoch: 36:
2024-08-10 12:43:56,821 - root - INFO - Epoch mean loss: 0.6966420178828032
2024-08-10 12:43:56,821 - root - INFO - train acc: 0.5040540005361669, test acc: 0.48349600709849155
2024-08-10 12:43:56,821 - root - INFO - train ap: 0.6321293218977473, test ap: 0.6698295204406609
2024-08-10 12:43:56,822 - root - INFO - start 37 epoch
2024-08-10 12:44:00,684 - root - INFO - epoch: 37:
2024-08-10 12:44:00,684 - root - INFO - Epoch mean loss: 0.6961727297824362
2024-08-10 12:44:00,684 - root - INFO - train acc: 0.5040540005361669, test acc: 0.48349600709849155
2024-08-10 12:44:00,684 - root - INFO - train ap: 0.6382832965731937, test ap: 0.6758750505706791
2024-08-10 12:44:00,685 - root - INFO - start 38 epoch
2024-08-10 12:44:04,585 - root - INFO - epoch: 38:
2024-08-10 12:44:04,585 - root - INFO - Epoch mean loss: 0.6958310655925585
2024-08-10 12:44:04,586 - root - INFO - train acc: 0.5040540005361669, test acc: 0.48349600709849155
2024-08-10 12:44:04,586 - root - INFO - train ap: 0.6403631821073511, test ap: 0.6775241004147623
2024-08-10 12:44:04,586 - root - INFO - start 39 epoch
2024-08-10 12:44:08,428 - root - INFO - epoch: 39:
2024-08-10 12:44:08,428 - root - INFO - Epoch mean loss: 0.6949691461480182
2024-08-10 12:44:08,428 - root - INFO - train acc: 0.5040540005361669, test acc: 0.48349600709849155
2024-08-10 12:44:08,428 - root - INFO - train ap: 0.6488106004721403, test ap: 0.6810200685587035
2024-08-10 12:44:08,429 - root - INFO - start 40 epoch
2024-08-10 12:44:12,286 - root - INFO - epoch: 40:
2024-08-10 12:44:12,286 - root - INFO - Epoch mean loss: 0.6940648529840552
2024-08-10 12:44:12,286 - root - INFO - train acc: 0.5040540005361669, test acc: 0.48349600709849155
2024-08-10 12:44:12,286 - root - INFO - train ap: 0.6651906822205743, test ap: 0.6972592221793945
2024-08-10 12:44:12,287 - root - INFO - start 41 epoch
2024-08-10 12:44:16,186 - root - INFO - epoch: 41:
2024-08-10 12:44:16,186 - root - INFO - Epoch mean loss: 0.6935444189154584
2024-08-10 12:44:16,186 - root - INFO - train acc: 0.5040540005361669, test acc: 0.48349600709849155
2024-08-10 12:44:16,186 - root - INFO - train ap: 0.6639273685991128, test ap: 0.6954952691202485
2024-08-10 12:44:16,187 - root - INFO - start 42 epoch
2024-08-10 12:44:20,121 - root - INFO - epoch: 42:
2024-08-10 12:44:20,121 - root - INFO - Epoch mean loss: 0.6925790232160817
2024-08-10 12:44:20,121 - root - INFO - train acc: 0.5040540005361669, test acc: 0.48349600709849155
2024-08-10 12:44:20,122 - root - INFO - train ap: 0.6745493378113739, test ap: 0.6973647232945103
2024-08-10 12:44:20,122 - root - INFO - start 43 epoch
2024-08-10 12:44:23,976 - root - INFO - epoch: 43:
2024-08-10 12:44:23,977 - root - INFO - Epoch mean loss: 0.6919025752855383
2024-08-10 12:44:23,977 - root - INFO - train acc: 0.5040540005361669, test acc: 0.48349600709849155
2024-08-10 12:44:23,977 - root - INFO - train ap: 0.6678965351132051, test ap: 0.7068887102869174
2024-08-10 12:44:23,978 - root - INFO - start 44 epoch
2024-08-10 12:44:27,868 - root - INFO - epoch: 44:
2024-08-10 12:44:27,868 - root - INFO - Epoch mean loss: 0.691067724124245
2024-08-10 12:44:27,868 - root - INFO - train acc: 0.5040540005361669, test acc: 0.48349600709849155
2024-08-10 12:44:27,868 - root - INFO - train ap: 0.6739913349106903, test ap: 0.7171188107426497
2024-08-10 12:44:27,869 - root - INFO - start 45 epoch
2024-08-10 12:44:31,738 - root - INFO - epoch: 45:
2024-08-10 12:44:31,738 - root - INFO - Epoch mean loss: 0.6897177074266516
2024-08-10 12:44:31,738 - root - INFO - train acc: 0.5040540005361669, test acc: 0.48349600709849155
2024-08-10 12:44:31,738 - root - INFO - train ap: 0.692253276095679, test ap: 0.740694711013604
2024-08-10 12:44:31,739 - root - INFO - start 46 epoch
2024-08-10 12:44:35,583 - root - INFO - epoch: 46:
2024-08-10 12:44:35,583 - root - INFO - Epoch mean loss: 0.6884318123693052
2024-08-10 12:44:35,583 - root - INFO - train acc: 0.5040540005361669, test acc: 0.48349600709849155
2024-08-10 12:44:35,583 - root - INFO - train ap: 0.6976258245012888, test ap: 0.7529676553118289
2024-08-10 12:44:35,584 - root - INFO - start 47 epoch
2024-08-10 12:44:39,442 - root - INFO - epoch: 47:
2024-08-10 12:44:39,442 - root - INFO - Epoch mean loss: 0.6865690557853036
2024-08-10 12:44:39,442 - root - INFO - train acc: 0.5040540005361669, test acc: 0.48349600709849155
2024-08-10 12:44:39,442 - root - INFO - train ap: 0.6995030964763934, test ap: 0.761522418153696
2024-08-10 12:44:39,443 - root - INFO - start 48 epoch
2024-08-10 12:44:43,348 - root - INFO - epoch: 48:
2024-08-10 12:44:43,348 - root - INFO - Epoch mean loss: 0.6852124281551527
2024-08-10 12:44:43,348 - root - INFO - train acc: 0.5040540005361669, test acc: 0.48349600709849155
2024-08-10 12:44:43,348 - root - INFO - train ap: 0.6974245303749657, test ap: 0.7658588916196736
2024-08-10 12:44:43,349 - root - INFO - start 49 epoch
2024-08-10 12:44:47,294 - root - INFO - epoch: 49:
2024-08-10 12:44:47,294 - root - INFO - Epoch mean loss: 0.6828405883001245
2024-08-10 12:44:47,294 - root - INFO - train acc: 0.5040540005361669, test acc: 0.48349600709849155
2024-08-10 12:44:47,294 - root - INFO - train ap: 0.715932607237381, test ap: 0.7860724592619942
2024-08-10 12:44:47,295 - root - INFO - start 50 epoch
2024-08-10 12:44:51,245 - root - INFO - epoch: 50:
2024-08-10 12:44:51,245 - root - INFO - Epoch mean loss: 0.6799875834713811
2024-08-10 12:44:51,245 - root - INFO - train acc: 0.5040540005361669, test acc: 0.48349600709849155
2024-08-10 12:44:51,245 - root - INFO - train ap: 0.7244294283861683, test ap: 0.790570896970982
2024-08-10 12:44:51,246 - root - INFO - start 51 epoch
2024-08-10 12:44:55,120 - root - INFO - epoch: 51:
2024-08-10 12:44:55,120 - root - INFO - Epoch mean loss: 0.6774669160013613
2024-08-10 12:44:55,120 - root - INFO - train acc: 0.5040540005361669, test acc: 0.48349600709849155
2024-08-10 12:44:55,120 - root - INFO - train ap: 0.7357492567199543, test ap: 0.8082596879366978
2024-08-10 12:44:55,121 - root - INFO - start 52 epoch
2024-08-10 12:44:59,204 - root - INFO - epoch: 52:
2024-08-10 12:44:59,204 - root - INFO - Epoch mean loss: 0.6739807673122572
2024-08-10 12:44:59,204 - root - INFO - train acc: 0.5040540005361669, test acc: 0.48349600709849155
2024-08-10 12:44:59,204 - root - INFO - train ap: 0.7437753866320745, test ap: 0.8185068044523567
2024-08-10 12:44:59,206 - root - INFO - start 53 epoch
2024-08-10 12:45:03,120 - root - INFO - epoch: 53:
2024-08-10 12:45:03,120 - root - INFO - Epoch mean loss: 0.6703005148016888
2024-08-10 12:45:03,121 - root - INFO - train acc: 0.5040540005361669, test acc: 0.48349600709849155
2024-08-10 12:45:03,121 - root - INFO - train ap: 0.748570680166744, test ap: 0.8235221713725578
2024-08-10 12:45:03,121 - root - INFO - start 54 epoch
2024-08-10 12:45:06,961 - root - INFO - epoch: 54:
2024-08-10 12:45:06,961 - root - INFO - Epoch mean loss: 0.6653057077656621
2024-08-10 12:45:06,961 - root - INFO - train acc: 0.5040540005361669, test acc: 0.48349600709849155
2024-08-10 12:45:06,961 - root - INFO - train ap: 0.7580225703906431, test ap: 0.833761995233329
2024-08-10 12:45:06,962 - root - INFO - start 55 epoch
2024-08-10 12:45:10,815 - root - INFO - epoch: 55:
2024-08-10 12:45:10,815 - root - INFO - Epoch mean loss: 0.6597623462262361
2024-08-10 12:45:10,815 - root - INFO - train acc: 0.5040540005361669, test acc: 0.48349600709849155
2024-08-10 12:45:10,815 - root - INFO - train ap: 0.7515979862188753, test ap: 0.8745146968337177
2024-08-10 12:45:10,816 - root - INFO - start 56 epoch
2024-08-10 12:45:14,721 - root - INFO - epoch: 56:
2024-08-10 12:45:14,721 - root - INFO - Epoch mean loss: 0.6511427915614584
2024-08-10 12:45:14,721 - root - INFO - train acc: 0.5040540005361669, test acc: 0.48349600709849155
2024-08-10 12:45:14,721 - root - INFO - train ap: 0.8150698170638896, test ap: 0.8738939511421389
2024-08-10 12:45:14,722 - root - INFO - start 57 epoch
2024-08-10 12:45:18,591 - root - INFO - epoch: 57:
2024-08-10 12:45:18,591 - root - INFO - Epoch mean loss: 0.6429081040879955
2024-08-10 12:45:18,591 - root - INFO - train acc: 0.5040540005361669, test acc: 0.48349600709849155
2024-08-10 12:45:18,591 - root - INFO - train ap: 0.8226398579140526, test ap: 0.8734562750500373
2024-08-10 12:45:18,592 - root - INFO - start 58 epoch
2024-08-10 12:45:22,457 - root - INFO - epoch: 58:
2024-08-10 12:45:22,457 - root - INFO - Epoch mean loss: 0.6326008983280348
2024-08-10 12:45:22,457 - root - INFO - train acc: 0.5040540005361669, test acc: 0.48349600709849155
2024-08-10 12:45:22,457 - root - INFO - train ap: 0.8282613291631888, test ap: 0.8743267058995832
2024-08-10 12:45:22,458 - root - INFO - start 59 epoch
2024-08-10 12:45:26,332 - root - INFO - epoch: 59:
2024-08-10 12:45:26,332 - root - INFO - Epoch mean loss: 0.6200533016868259
2024-08-10 12:45:26,332 - root - INFO - train acc: 0.5040540005361669, test acc: 0.48349600709849155
2024-08-10 12:45:26,332 - root - INFO - train ap: 0.8322871319770581, test ap: 0.876155356817968
2024-08-10 12:45:26,333 - root - INFO - start 60 epoch
2024-08-10 12:45:30,166 - root - INFO - epoch: 60:
2024-08-10 12:45:30,166 - root - INFO - Epoch mean loss: 0.6078133090682651
2024-08-10 12:45:30,166 - root - INFO - train acc: 0.5040540005361669, test acc: 0.48349600709849155
2024-08-10 12:45:30,166 - root - INFO - train ap: 0.8370218778635603, test ap: 0.8766806807627345
2024-08-10 12:45:30,167 - root - INFO - start 61 epoch
2024-08-10 12:45:34,025 - root - INFO - epoch: 61:
2024-08-10 12:45:34,025 - root - INFO - Epoch mean loss: 0.593960676504218
2024-08-10 12:45:34,025 - root - INFO - train acc: 0.5040540005361669, test acc: 0.48349600709849155
2024-08-10 12:45:34,025 - root - INFO - train ap: 0.8450863097027189, test ap: 0.8786853624405342
2024-08-10 12:45:34,026 - root - INFO - start 62 epoch
2024-08-10 12:45:37,968 - root - INFO - epoch: 62:
2024-08-10 12:45:37,968 - root - INFO - Epoch mean loss: 0.5760753854461338
2024-08-10 12:45:37,968 - root - INFO - train acc: 0.5040540005361669, test acc: 0.48349600709849155
2024-08-10 12:45:37,968 - root - INFO - train ap: 0.8486841939328981, test ap: 0.8803219861428294
2024-08-10 12:45:37,969 - root - INFO - start 63 epoch
2024-08-10 12:45:41,814 - root - INFO - epoch: 63:
2024-08-10 12:45:41,814 - root - INFO - Epoch mean loss: 0.563431846058887
2024-08-10 12:45:41,814 - root - INFO - train acc: 0.5117278892084227, test acc: 0.5669032830523514
2024-08-10 12:45:41,815 - root - INFO - train ap: 0.8518015337438932, test ap: 0.8838100720806841
2024-08-10 12:45:41,815 - root - INFO - start 64 epoch
2024-08-10 12:45:45,653 - root - INFO - epoch: 64:
2024-08-10 12:45:45,653 - root - INFO - Epoch mean loss: 0.5467175919076671
2024-08-10 12:45:45,653 - root - INFO - train acc: 0.6679512331838565, test acc: 0.78692694469092
2024-08-10 12:45:45,654 - root - INFO - train ap: 0.863128180943026, test ap: 0.8872359777394253
2024-08-10 12:45:45,654 - root - INFO - start 65 epoch
2024-08-10 12:45:49,512 - root - INFO - epoch: 65:
2024-08-10 12:45:49,512 - root - INFO - Epoch mean loss: 0.5325105242107225
2024-08-10 12:45:49,512 - root - INFO - train acc: 0.8028703207252875, test acc: 0.8703342206447796
2024-08-10 12:45:49,512 - root - INFO - train ap: 0.8576297243836958, test ap: 0.8903286078447518
2024-08-10 12:45:49,513 - root - INFO - start 66 epoch
2024-08-10 12:45:53,364 - root - INFO - epoch: 66:
2024-08-10 12:45:53,364 - root - INFO - Epoch mean loss: 0.5167733171711797
2024-08-10 12:45:53,364 - root - INFO - train acc: 0.8373472228992006, test acc: 0.8669328601005618
2024-08-10 12:45:53,364 - root - INFO - train ap: 0.8674747115964528, test ap: 0.8925368039477155
2024-08-10 12:45:53,365 - root - INFO - start 67 epoch
2024-08-10 12:45:57,195 - root - INFO - epoch: 67:
2024-08-10 12:45:57,195 - root - INFO - Epoch mean loss: 0.5021375974883204
2024-08-10 12:45:57,195 - root - INFO - train acc: 0.8381461420354845, test acc: 0.8880212954747118
2024-08-10 12:45:57,195 - root - INFO - train ap: 0.8622016826534477, test ap: 0.8965322490617897
2024-08-10 12:45:57,196 - root - INFO - start 68 epoch
2024-08-10 12:46:01,056 - root - INFO - epoch: 68:
2024-08-10 12:46:01,056 - root - INFO - Epoch mean loss: 0.482435440239699
2024-08-10 12:46:01,056 - root - INFO - train acc: 0.8539158461688439, test acc: 0.8921029281277729
2024-08-10 12:46:01,056 - root - INFO - train ap: 0.8648033392821673, test ap: 0.899472219524554
2024-08-10 12:46:01,057 - root - INFO - start 69 epoch
2024-08-10 12:46:04,975 - root - INFO - epoch: 69:
2024-08-10 12:46:04,975 - root - INFO - Epoch mean loss: 0.46702365382857947
2024-08-10 12:46:04,975 - root - INFO - train acc: 0.8548152965977773, test acc: 0.8927832002366164
2024-08-10 12:46:04,975 - root - INFO - train ap: 0.8674649742521374, test ap: 0.9045120231619894
2024-08-10 12:46:04,976 - root - INFO - start 70 epoch
2024-08-10 12:46:08,855 - root - INFO - epoch: 70:
2024-08-10 12:46:08,855 - root - INFO - Epoch mean loss: 0.453789674717447
2024-08-10 12:46:08,855 - root - INFO - train acc: 0.854915827890427, test acc: 0.894824016563147
2024-08-10 12:46:08,855 - root - INFO - train ap: 0.8668310767629527, test ap: 0.9074753171691977
2024-08-10 12:46:08,856 - root - INFO - start 71 epoch
2024-08-10 12:46:12,692 - root - INFO - epoch: 71:
2024-08-10 12:46:12,693 - root - INFO - Epoch mean loss: 0.4345945016197536
2024-08-10 12:46:12,693 - root - INFO - train acc: 0.8639674522324039, test acc: 0.9016267376515823
2024-08-10 12:46:12,693 - root - INFO - train ap: 0.8787394672808846, test ap: 0.9101613821782427
2024-08-10 12:46:12,694 - root - INFO - start 72 epoch
2024-08-10 12:46:16,529 - root - INFO - epoch: 72:
2024-08-10 12:46:16,529 - root - INFO - Epoch mean loss: 0.4204274752865667
2024-08-10 12:46:16,529 - root - INFO - train acc: 0.8663139439949308, test acc: 0.9016267376515823
2024-08-10 12:46:16,529 - root - INFO - train ap: 0.8732825501665455, test ap: 0.9113583092157033
2024-08-10 12:46:16,530 - root - INFO - start 73 epoch
2024-08-10 12:46:20,369 - root - INFO - epoch: 73:
2024-08-10 12:46:20,369 - root - INFO - Epoch mean loss: 0.40533110888107965
2024-08-10 12:46:20,369 - root - INFO - train acc: 0.8711196444238642, test acc: 0.9029872818692695
2024-08-10 12:46:20,369 - root - INFO - train ap: 0.8722461563730003, test ap: 0.9143419565651394
2024-08-10 12:46:20,370 - root - INFO - start 74 epoch
2024-08-10 12:46:24,212 - root - INFO - epoch: 74:
2024-08-10 12:46:24,212 - root - INFO - Epoch mean loss: 0.3936862245849941
2024-08-10 12:46:24,212 - root - INFO - train acc: 0.8723648615714564, test acc: 0.9043478260869564
2024-08-10 12:46:24,212 - root - INFO - train ap: 0.8795701485859364, test ap: 0.9174069434884999
2024-08-10 12:46:24,213 - root - INFO - start 75 epoch
2024-08-10 12:46:28,072 - root - INFO - epoch: 75:
2024-08-10 12:46:28,072 - root - INFO - Epoch mean loss: 0.3834300546542458
2024-08-10 12:46:28,072 - root - INFO - train acc: 0.8747677117859232, test acc: 0.903667553978113
2024-08-10 12:46:28,072 - root - INFO - train ap: 0.8790666223300656, test ap: 0.9196067091434528
2024-08-10 12:46:28,073 - root - INFO - start 76 epoch
2024-08-10 12:46:31,905 - root - INFO - epoch: 76:
2024-08-10 12:46:31,905 - root - INFO - Epoch mean loss: 0.37168219685554504
2024-08-10 12:46:31,905 - root - INFO - train acc: 0.8802024943946188, test acc: 0.906388642413487
2024-08-10 12:46:31,905 - root - INFO - train ap: 0.8763071093459532, test ap: 0.9211296205863699
2024-08-10 12:46:31,906 - root - INFO - start 77 epoch
2024-08-10 12:46:35,755 - root - INFO - epoch: 77:
2024-08-10 12:46:35,755 - root - INFO - Epoch mean loss: 0.3541925523592078
2024-08-10 12:46:35,755 - root - INFO - train acc: 0.885976950916358, test acc: 0.9097900029577048
2024-08-10 12:46:35,755 - root - INFO - train ap: 0.8931430989743305, test ap: 0.9226301405644329
2024-08-10 12:46:35,756 - root - INFO - start 78 epoch
2024-08-10 12:46:39,657 - root - INFO - epoch: 78:
2024-08-10 12:46:39,657 - root - INFO - Epoch mean loss: 0.3473873591941336
2024-08-10 12:46:39,657 - root - INFO - train acc: 0.8863356648469487, test acc: 0.9104702750665483
2024-08-10 12:46:39,657 - root - INFO - train ap: 0.8919815799020883, test ap: 0.9237927020266397
2024-08-10 12:46:39,658 - root - INFO - start 79 epoch
2024-08-10 12:46:43,536 - root - INFO - epoch: 79:
2024-08-10 12:46:43,536 - root - INFO - Epoch mean loss: 0.3384095663609712
2024-08-10 12:46:43,536 - root - INFO - train acc: 0.8873356465685319, test acc: 0.9125110913930788
2024-08-10 12:46:43,536 - root - INFO - train ap: 0.8876862125893865, test ap: 0.9246074448952867
2024-08-10 12:46:43,537 - root - INFO - start 80 epoch
2024-08-10 12:46:47,419 - root - INFO - epoch: 80:
2024-08-10 12:46:47,419 - root - INFO - Epoch mean loss: 0.3312036680138629
2024-08-10 12:46:47,419 - root - INFO - train acc: 0.8927955620003899, test acc: 0.9131913635019225
2024-08-10 12:46:47,419 - root - INFO - train ap: 0.8877783337968829, test ap: 0.9257170422711765
2024-08-10 12:46:47,420 - root - INFO - start 81 epoch
2024-08-10 12:46:51,367 - root - INFO - epoch: 81:
2024-08-10 12:46:51,367 - root - INFO - Epoch mean loss: 0.3213562511879465
2024-08-10 12:46:51,367 - root - INFO - train acc: 0.8922357854844999, test acc: 0.9145519077196097
2024-08-10 12:46:51,367 - root - INFO - train ap: 0.893881021739508, test ap: 0.9273777571225358
2024-08-10 12:46:51,368 - root - INFO - start 82 epoch
2024-08-10 12:46:55,418 - root - INFO - epoch: 82:
2024-08-10 12:46:55,418 - root - INFO - Epoch mean loss: 0.31621413645537005
2024-08-10 12:46:55,418 - root - INFO - train acc: 0.8943240946090856, test acc: 0.9145519077196097
2024-08-10 12:46:55,418 - root - INFO - train ap: 0.8938638341171817, test ap: 0.9288164460102573
2024-08-10 12:46:55,419 - root - INFO - start 83 epoch
2024-08-10 12:46:59,474 - root - INFO - epoch: 83:
2024-08-10 12:46:59,474 - root - INFO - Epoch mean loss: 0.30304476618766785
2024-08-10 12:46:59,474 - root - INFO - train acc: 0.9003879593975433, test acc: 0.9145519077196097
2024-08-10 12:46:59,474 - root - INFO - train ap: 0.9027048680227799, test ap: 0.9301594384647008
2024-08-10 12:46:59,475 - root - INFO - start 84 epoch
2024-08-10 12:47:03,459 - root - INFO - epoch: 84:
2024-08-10 12:47:03,459 - root - INFO - Epoch mean loss: 0.3002835110477779
2024-08-10 12:47:03,460 - root - INFO - train acc: 0.8991046622148566, test acc: 0.9165927240461401
2024-08-10 12:47:03,460 - root - INFO - train ap: 0.8994384765493619, test ap: 0.931460507847467
2024-08-10 12:47:03,460 - root - INFO - start 85 epoch
2024-08-10 12:47:07,349 - root - INFO - epoch: 85:
2024-08-10 12:47:07,349 - root - INFO - Epoch mean loss: 0.290845306671184
2024-08-10 12:47:07,349 - root - INFO - train acc: 0.9013818483135114, test acc: 0.9165927240461401
2024-08-10 12:47:07,349 - root - INFO - train ap: 0.905566398970975, test ap: 0.9330309456610261
2024-08-10 12:47:07,350 - root - INFO - start 86 epoch
2024-08-10 12:47:11,229 - root - INFO - epoch: 86:
2024-08-10 12:47:11,229 - root - INFO - Epoch mean loss: 0.2853078414564547
2024-08-10 12:47:11,229 - root - INFO - train acc: 0.8992744991713784, test acc: 0.9179532682638274
2024-08-10 12:47:11,229 - root - INFO - train ap: 0.9044425581645568, test ap: 0.9357371235065224
2024-08-10 12:47:11,230 - root - INFO - start 87 epoch
2024-08-10 12:47:15,118 - root - INFO - epoch: 87:
2024-08-10 12:47:15,118 - root - INFO - Epoch mean loss: 0.278838196526403
2024-08-10 12:47:15,118 - root - INFO - train acc: 0.9039354954669526, test acc: 0.9186335403726708
2024-08-10 12:47:15,118 - root - INFO - train ap: 0.9065486019802615, test ap: 0.9376831708816624
2024-08-10 12:47:15,119 - root - INFO - start 88 epoch
2024-08-10 12:47:19,016 - root - INFO - epoch: 88:
2024-08-10 12:47:19,016 - root - INFO - Epoch mean loss: 0.2741507583338281
2024-08-10 12:47:19,016 - root - INFO - train acc: 0.9050489556931175, test acc: 0.9199940845903579
2024-08-10 12:47:19,016 - root - INFO - train ap: 0.9121303363577422, test ap: 0.9400838250256451
2024-08-10 12:47:19,017 - root - INFO - start 89 epoch
2024-08-10 12:47:22,947 - root - INFO - epoch: 89:
2024-08-10 12:47:22,947 - root - INFO - Epoch mean loss: 0.2707374815059745
2024-08-10 12:47:22,947 - root - INFO - train acc: 0.9067473252583349, test acc: 0.9199940845903579
2024-08-10 12:47:22,947 - root - INFO - train ap: 0.9149834691975959, test ap: 0.9413131275344786
2024-08-10 12:47:22,948 - root - INFO - start 90 epoch
2024-08-10 12:47:26,832 - root - INFO - epoch: 90:
2024-08-10 12:47:26,832 - root - INFO - Epoch mean loss: 0.26693368346794794
2024-08-10 12:47:26,832 - root - INFO - train acc: 0.9100244930785728, test acc: 0.921354628808045
2024-08-10 12:47:26,832 - root - INFO - train ap: 0.912235762383189, test ap: 0.9426679249732057
2024-08-10 12:47:26,833 - root - INFO - start 91 epoch
2024-08-10 12:47:30,726 - root - INFO - epoch: 91:
2024-08-10 12:47:30,726 - root - INFO - Epoch mean loss: 0.26455017017281574
2024-08-10 12:47:30,727 - root - INFO - train acc: 0.9099049217683759, test acc: 0.921354628808045
2024-08-10 12:47:30,727 - root - INFO - train ap: 0.9148663144308504, test ap: 0.9442292825628816
2024-08-10 12:47:30,728 - root - INFO - start 92 epoch
2024-08-10 12:47:34,647 - root - INFO - epoch: 92:
2024-08-10 12:47:34,647 - root - INFO - Epoch mean loss: 0.2595946659212527
2024-08-10 12:47:34,647 - root - INFO - train acc: 0.9094898493858452, test acc: 0.921354628808045
2024-08-10 12:47:34,647 - root - INFO - train ap: 0.917154428240752, test ap: 0.9453253049373486
2024-08-10 12:47:34,648 - root - INFO - start 93 epoch
2024-08-10 12:47:38,552 - root - INFO - epoch: 93:
2024-08-10 12:47:38,552 - root - INFO - Epoch mean loss: 0.25361030645992444
2024-08-10 12:47:38,552 - root - INFO - train acc: 0.9119178324234744, test acc: 0.9227151730257319
2024-08-10 12:47:38,552 - root - INFO - train ap: 0.9202716387467021, test ap: 0.946459771827962
2024-08-10 12:47:38,553 - root - INFO - start 94 epoch
2024-08-10 12:47:42,520 - root - INFO - epoch: 94:
2024-08-10 12:47:42,520 - root - INFO - Epoch mean loss: 0.2545362847006839
2024-08-10 12:47:42,520 - root - INFO - train acc: 0.9127357915773056, test acc: 0.9233954451345754
2024-08-10 12:47:42,520 - root - INFO - train ap: 0.9179009325812161, test ap: 0.9470305363950421
2024-08-10 12:47:42,521 - root - INFO - start 95 epoch
2024-08-10 12:47:46,468 - root - INFO - epoch: 95:
2024-08-10 12:47:46,468 - root - INFO - Epoch mean loss: 0.25343684074671374
2024-08-10 12:47:46,468 - root - INFO - train acc: 0.9121128022031585, test acc: 0.9247559893522627
2024-08-10 12:47:46,468 - root - INFO - train ap: 0.9196600050570309, test ap: 0.9478756177467277
2024-08-10 12:47:46,469 - root - INFO - start 96 epoch
2024-08-10 12:47:50,364 - root - INFO - epoch: 96:
2024-08-10 12:47:50,364 - root - INFO - Epoch mean loss: 0.24830593492673791
2024-08-10 12:47:50,364 - root - INFO - train acc: 0.9162391548060052, test acc: 0.9233954451345754
2024-08-10 12:47:50,364 - root - INFO - train ap: 0.9147932060415335, test ap: 0.9481877045787201
2024-08-10 12:47:50,365 - root - INFO - start 97 epoch
2024-08-10 12:47:54,254 - root - INFO - epoch: 97:
2024-08-10 12:47:54,254 - root - INFO - Epoch mean loss: 0.24494845128577689
2024-08-10 12:47:54,254 - root - INFO - train acc: 0.9170129411191266, test acc: 0.9247559893522626
2024-08-10 12:47:54,254 - root - INFO - train ap: 0.921955275769971, test ap: 0.9486296696412498
2024-08-10 12:47:54,255 - root - INFO - start 98 epoch
2024-08-10 12:47:58,149 - root - INFO - epoch: 98:
2024-08-10 12:47:58,149 - root - INFO - Epoch mean loss: 0.24283765774706137
2024-08-10 12:47:58,149 - root - INFO - train acc: 0.9150442033047377, test acc: 0.9233954451345754
2024-08-10 12:47:58,149 - root - INFO - train ap: 0.9224134249027168, test ap: 0.9492634026762284
2024-08-10 12:47:58,150 - root - INFO - start 99 epoch
2024-08-10 12:48:02,043 - root - INFO - epoch: 99:
2024-08-10 12:48:02,043 - root - INFO - Epoch mean loss: 0.24692198115846384
2024-08-10 12:48:02,043 - root - INFO - train acc: 0.9131318239422889, test acc: 0.9256433007985805
2024-08-10 12:48:02,043 - root - INFO - train ap: 0.9187765532493203, test ap: 0.9499617036301721
2024-08-10 12:48:02,044 - root - INFO - Saving TGAN model
2024-08-10 12:48:02,045 - root - INFO - TGAN models saved
