2024-08-10 12:27:30,638 - root - INFO - Namespace(data='simulate_v2', bs=256, prefix='simulate_v2', n_degree=10, n_head=2, n_epoch=100, n_layer=2, lr=0.0001, drop_out=0.1, gpu=1, node_dim=100, time_dim=100, agg_method='attn', attn_mode='prod', time='time', uniform=False)
2024-08-10 12:27:30,698 - module - INFO - Aggregation uses attention model
2024-08-10 12:27:30,699 - module - INFO - Using scaled prod attention
2024-08-10 12:27:30,699 - module - INFO - Using scaled prod attention
2024-08-10 12:27:30,699 - module - INFO - Using time encoding
2024-08-10 12:27:31,056 - root - INFO - num of training instances: 5856
2024-08-10 12:27:31,056 - root - INFO - num of batches per epoch: 23
2024-08-10 12:27:31,057 - root - INFO - start 0 epoch
2024-08-10 12:27:34,982 - root - INFO - epoch: 0:
2024-08-10 12:27:34,982 - root - INFO - Epoch mean loss: 0.6947457557139189
2024-08-10 12:27:34,982 - root - INFO - train acc: 0.5007265670696042, test acc: 0.5165039929015084
2024-08-10 12:27:34,982 - root - INFO - train ap: 0.5024857364716334, test ap: 0.6126111340456637
2024-08-10 12:27:34,983 - root - INFO - start 1 epoch
2024-08-10 12:27:38,846 - root - INFO - epoch: 1:
2024-08-10 12:27:38,846 - root - INFO - Epoch mean loss: 0.6954130504442297
2024-08-10 12:27:38,846 - root - INFO - train acc: 0.49696502120296354, test acc: 0.5165039929015084
2024-08-10 12:27:38,846 - root - INFO - train ap: 0.5044589889374924, test ap: 0.6233256568755741
2024-08-10 12:27:38,847 - root - INFO - start 2 epoch
2024-08-10 12:27:42,704 - root - INFO - epoch: 2:
2024-08-10 12:27:42,704 - root - INFO - Epoch mean loss: 0.6940539971641873
2024-08-10 12:27:42,704 - root - INFO - train acc: 0.5027958361766426, test acc: 0.5165039929015084
2024-08-10 12:27:42,704 - root - INFO - train ap: 0.5082867651330937, test ap: 0.6258734820780648
2024-08-10 12:27:42,705 - root - INFO - start 3 epoch
2024-08-10 12:27:46,559 - root - INFO - epoch: 3:
2024-08-10 12:27:46,559 - root - INFO - Epoch mean loss: 0.693835841572803
2024-08-10 12:27:46,559 - root - INFO - train acc: 0.50393442922597, test acc: 0.5165039929015084
2024-08-10 12:27:46,559 - root - INFO - train ap: 0.5092033812657618, test ap: 0.6321652318827259
2024-08-10 12:27:46,560 - root - INFO - start 4 epoch
2024-08-10 12:27:50,419 - root - INFO - epoch: 4:
2024-08-10 12:27:50,420 - root - INFO - Epoch mean loss: 0.692525969899219
2024-08-10 12:27:50,420 - root - INFO - train acc: 0.5132061561707936, test acc: 0.5260278024253179
2024-08-10 12:27:50,420 - root - INFO - train ap: 0.5251354957685928, test ap: 0.6536076775295759
2024-08-10 12:27:50,421 - root - INFO - start 5 epoch
2024-08-10 12:27:54,466 - root - INFO - epoch: 5:
2024-08-10 12:27:54,466 - root - INFO - Epoch mean loss: 0.6910479327906733
2024-08-10 12:27:54,466 - root - INFO - train acc: 0.5339574904952232, test acc: 0.6040520556048506
2024-08-10 12:27:54,466 - root - INFO - train ap: 0.545436121310292, test ap: 0.7192328056003242
2024-08-10 12:27:54,467 - root - INFO - start 6 epoch
2024-08-10 12:27:58,323 - root - INFO - epoch: 6:
2024-08-10 12:27:58,323 - root - INFO - Epoch mean loss: 0.6887031301208164
2024-08-10 12:27:58,323 - root - INFO - train acc: 0.5540424242054981, test acc: 0.6544513457556935
2024-08-10 12:27:58,323 - root - INFO - train ap: 0.5516458813603705, test ap: 0.716878640770005
2024-08-10 12:27:58,324 - root - INFO - start 7 epoch
2024-08-10 12:28:02,196 - root - INFO - epoch: 7:
2024-08-10 12:28:02,196 - root - INFO - Epoch mean loss: 0.6855435138163359
2024-08-10 12:28:02,196 - root - INFO - train acc: 0.5758630459153832, test acc: 0.6478556640047324
2024-08-10 12:28:02,196 - root - INFO - train ap: 0.5680983605627674, test ap: 0.7166123147330334
2024-08-10 12:28:02,197 - root - INFO - start 8 epoch
2024-08-10 12:28:06,137 - root - INFO - epoch: 8:
2024-08-10 12:28:06,137 - root - INFO - Epoch mean loss: 0.6815070173014766
2024-08-10 12:28:06,137 - root - INFO - train acc: 0.5870220193994931, test acc: 0.6410529429162969
2024-08-10 12:28:06,137 - root - INFO - train ap: 0.5910649397085413, test ap: 0.7156278609136235
2024-08-10 12:28:06,138 - root - INFO - start 9 epoch
2024-08-10 12:28:09,999 - root - INFO - epoch: 9:
2024-08-10 12:28:09,999 - root - INFO - Epoch mean loss: 0.6803862452507019
2024-08-10 12:28:09,999 - root - INFO - train acc: 0.5886449904952232, test acc: 0.6462880804495712
2024-08-10 12:28:09,999 - root - INFO - train ap: 0.5883491036692895, test ap: 0.7203570936431423
2024-08-10 12:28:10,000 - root - INFO - start 10 epoch
2024-08-10 12:28:13,855 - root - INFO - epoch: 10:
2024-08-10 12:28:13,855 - root - INFO - Epoch mean loss: 0.6790420127951581
2024-08-10 12:28:13,855 - root - INFO - train acc: 0.5914438730746735, test acc: 0.6496894409937888
2024-08-10 12:28:13,855 - root - INFO - train ap: 0.5866133281095215, test ap: 0.7224306091782546
2024-08-10 12:28:13,856 - root - INFO - start 11 epoch
2024-08-10 12:28:17,716 - root - INFO - epoch: 11:
2024-08-10 12:28:17,716 - root - INFO - Epoch mean loss: 0.6754668510478475
2024-08-10 12:28:17,716 - root - INFO - train acc: 0.6017346217586274, test acc: 0.6471753918958888
2024-08-10 12:28:17,716 - root - INFO - train ap: 0.6053401359334938, test ap: 0.7244095278463449
2024-08-10 12:28:17,717 - root - INFO - start 12 epoch
2024-08-10 12:28:21,574 - root - INFO - epoch: 12:
2024-08-10 12:28:21,574 - root - INFO - Epoch mean loss: 0.6723599952200184
2024-08-10 12:28:21,574 - root - INFO - train acc: 0.6054276235620979, test acc: 0.649896480331263
2024-08-10 12:28:21,574 - root - INFO - train ap: 0.6119891147251107, test ap: 0.7276529226405016
2024-08-10 12:28:21,575 - root - INFO - start 13 epoch
2024-08-10 12:28:25,422 - root - INFO - epoch: 13:
2024-08-10 12:28:25,423 - root - INFO - Epoch mean loss: 0.6694897957470106
2024-08-10 12:28:25,423 - root - INFO - train acc: 0.6130131665529344, test acc: 0.6548654244306419
2024-08-10 12:28:25,423 - root - INFO - train ap: 0.6259191406767372, test ap: 0.7273804832429817
2024-08-10 12:28:25,424 - root - INFO - start 14 epoch
2024-08-10 12:28:29,302 - root - INFO - epoch: 14:
2024-08-10 12:28:29,302 - root - INFO - Epoch mean loss: 0.6671751348868661
2024-08-10 12:28:29,302 - root - INFO - train acc: 0.6210709019789433, test acc: 0.6605737947352853
2024-08-10 12:28:29,302 - root - INFO - train ap: 0.6242940284790692, test ap: 0.7274593637826536
2024-08-10 12:28:29,303 - root - INFO - start 15 epoch
2024-08-10 12:28:33,187 - root - INFO - epoch: 15:
2024-08-10 12:28:33,187 - root - INFO - Epoch mean loss: 0.6625802491022192
2024-08-10 12:28:33,187 - root - INFO - train acc: 0.627688450477676, test acc: 0.6655427388346643
2024-08-10 12:28:33,187 - root - INFO - train ap: 0.6461885919253847, test ap: 0.7282633937862982
2024-08-10 12:28:33,188 - root - INFO - start 16 epoch
2024-08-10 12:28:37,051 - root - INFO - epoch: 16:
2024-08-10 12:28:37,051 - root - INFO - Epoch mean loss: 0.659176406653031
2024-08-10 12:28:37,051 - root - INFO - train acc: 0.6332991628485085, test acc: 0.6630286897367643
2024-08-10 12:28:37,051 - root - INFO - train ap: 0.6464763483128138, test ap: 0.729853481537478
2024-08-10 12:28:37,053 - root - INFO - start 17 epoch
2024-08-10 12:28:40,919 - root - INFO - epoch: 17:
2024-08-10 12:28:40,919 - root - INFO - Epoch mean loss: 0.6532423029775205
2024-08-10 12:28:40,919 - root - INFO - train acc: 0.6412182869467733, test acc: 0.6755397811298431
2024-08-10 12:28:40,919 - root - INFO - train ap: 0.6571255498466921, test ap: 0.7181817171969225
2024-08-10 12:28:40,920 - root - INFO - start 18 epoch
2024-08-10 12:28:44,793 - root - INFO - epoch: 18:
2024-08-10 12:28:44,793 - root - INFO - Epoch mean loss: 0.6500285708385966
2024-08-10 12:28:44,793 - root - INFO - train acc: 0.6484207447845584, test acc: 0.6762200532386867
2024-08-10 12:28:44,794 - root - INFO - train ap: 0.6520408409923665, test ap: 0.7234703888579702
2024-08-10 12:28:44,794 - root - INFO - start 19 epoch
2024-08-10 12:28:48,654 - root - INFO - epoch: 19:
2024-08-10 12:28:48,654 - root - INFO - Epoch mean loss: 0.644737632378288
2024-08-10 12:28:48,654 - root - INFO - train acc: 0.6499302373757068, test acc: 0.6898254954155575
2024-08-10 12:28:48,654 - root - INFO - train ap: 0.6574351526738482, test ap: 0.7181788325228198
2024-08-10 12:28:48,655 - root - INFO - start 20 epoch
2024-08-10 12:28:52,537 - root - INFO - epoch: 20:
2024-08-10 12:28:52,538 - root - INFO - Epoch mean loss: 0.6390302155328833
2024-08-10 12:28:52,538 - root - INFO - train acc: 0.6615484560830571, test acc: 0.6877846790890269
2024-08-10 12:28:52,538 - root - INFO - train ap: 0.6701316753645369, test ap: 0.722507560837163
2024-08-10 12:28:52,539 - root - INFO - start 21 epoch
2024-08-10 12:28:56,432 - root - INFO - epoch: 21:
2024-08-10 12:28:56,432 - root - INFO - Epoch mean loss: 0.6355940621832142
2024-08-10 12:28:56,432 - root - INFO - train acc: 0.6625484378046402, test acc: 0.6939071280686187
2024-08-10 12:28:56,432 - root - INFO - train ap: 0.6685081175551651, test ap: 0.722264435457274
2024-08-10 12:28:56,433 - root - INFO - start 22 epoch
2024-08-10 12:29:00,356 - root - INFO - epoch: 22:
2024-08-10 12:29:00,356 - root - INFO - Epoch mean loss: 0.6261865159739619
2024-08-10 12:29:00,356 - root - INFO - train acc: 0.6800477371319945, test acc: 0.6988760721679976
2024-08-10 12:29:00,356 - root - INFO - train ap: 0.6811612780366385, test ap: 0.7212994361678764
2024-08-10 12:29:00,357 - root - INFO - start 23 epoch
2024-08-10 12:29:04,239 - root - INFO - epoch: 23:
2024-08-10 12:29:04,239 - root - INFO - Epoch mean loss: 0.62177959991538
2024-08-10 12:29:04,239 - root - INFO - train acc: 0.6835701403782414, test acc: 0.7018041999408459
2024-08-10 12:29:04,239 - root - INFO - train ap: 0.6878416011788797, test ap: 0.7192361868624755
2024-08-10 12:29:04,240 - root - INFO - start 24 epoch
2024-08-10 12:29:08,235 - root - INFO - epoch: 24:
2024-08-10 12:29:08,235 - root - INFO - Epoch mean loss: 0.6181808943333833
2024-08-10 12:29:08,235 - root - INFO - train acc: 0.6853065899785533, test acc: 0.7088139603667556
2024-08-10 12:29:08,235 - root - INFO - train ap: 0.6868826918904208, test ap: 0.7223988233673247
2024-08-10 12:29:08,236 - root - INFO - start 25 epoch
2024-08-10 12:29:12,109 - root - INFO - epoch: 25:
2024-08-10 12:29:12,109 - root - INFO - Epoch mean loss: 0.612054037011188
2024-08-10 12:29:12,109 - root - INFO - train acc: 0.7002392949405342, test acc: 0.7128955930198168
2024-08-10 12:29:12,109 - root - INFO - train ap: 0.694932351017331, test ap: 0.7252190013728614
2024-08-10 12:29:12,110 - root - INFO - start 26 epoch
2024-08-10 12:29:16,060 - root - INFO - epoch: 26:
2024-08-10 12:29:16,061 - root - INFO - Epoch mean loss: 0.6059579616007598
2024-08-10 12:29:16,061 - root - INFO - train acc: 0.7009628156073309, test acc: 0.7178645371191954
2024-08-10 12:29:16,061 - root - INFO - train ap: 0.7009731252543075, test ap: 0.7401311358287529
2024-08-10 12:29:16,062 - root - INFO - start 27 epoch
2024-08-10 12:29:19,995 - root - INFO - epoch: 27:
2024-08-10 12:29:19,995 - root - INFO - Epoch mean loss: 0.5989180207252502
2024-08-10 12:29:19,995 - root - INFO - train acc: 0.7113289627607721, test acc: 0.7262348417627921
2024-08-10 12:29:19,995 - root - INFO - train ap: 0.7229352681730382, test ap: 0.7412361824489347
2024-08-10 12:29:19,996 - root - INFO - start 28 epoch
2024-08-10 12:29:23,945 - root - INFO - epoch: 28:
2024-08-10 12:29:23,945 - root - INFO - Epoch mean loss: 0.5944963900939279
2024-08-10 12:29:23,946 - root - INFO - train acc: 0.7190851043088322, test acc: 0.7332446021887017
2024-08-10 12:29:23,946 - root - INFO - train ap: 0.722473886694999, test ap: 0.7450207315454241
2024-08-10 12:29:23,946 - root - INFO - start 29 epoch
2024-08-10 12:29:27,799 - root - INFO - epoch: 29:
2024-08-10 12:29:27,799 - root - INFO - Epoch mean loss: 0.5877955478170643
2024-08-10 12:29:27,799 - root - INFO - train acc: 0.7217583227724703, test acc: 0.7377994676131322
2024-08-10 12:29:27,799 - root - INFO - train ap: 0.722417229297027, test ap: 0.7428091352169317
2024-08-10 12:29:27,800 - root - INFO - start 30 epoch
2024-08-10 12:29:31,670 - root - INFO - epoch: 30:
2024-08-10 12:29:31,670 - root - INFO - Epoch mean loss: 0.5798011577647665
2024-08-10 12:29:31,670 - root - INFO - train acc: 0.7327535521056737, test acc: 0.7441289559301982
2024-08-10 12:29:31,670 - root - INFO - train ap: 0.7366445708551488, test ap: 0.7524972516154009
2024-08-10 12:29:31,671 - root - INFO - start 31 epoch
2024-08-10 12:29:35,522 - root - INFO - epoch: 31:
2024-08-10 12:29:35,522 - root - INFO - Epoch mean loss: 0.571925339491471
2024-08-10 12:29:35,522 - root - INFO - train acc: 0.7379050192532657, test acc: 0.7536527654540077
2024-08-10 12:29:35,522 - root - INFO - train ap: 0.7467187463759892, test ap: 0.7678065188616433
2024-08-10 12:29:35,523 - root - INFO - start 32 epoch
2024-08-10 12:29:39,403 - root - INFO - epoch: 32:
2024-08-10 12:29:39,403 - root - INFO - Epoch mean loss: 0.5686703220657681
2024-08-10 12:29:39,403 - root - INFO - train acc: 0.748214807954767, test acc: 0.7579414374445431
2024-08-10 12:29:39,403 - root - INFO - train ap: 0.7488703705666879, test ap: 0.7648048664882331
2024-08-10 12:29:39,404 - root - INFO - start 33 epoch
2024-08-10 12:29:43,294 - root - INFO - epoch: 33:
2024-08-10 12:29:43,294 - root - INFO - Epoch mean loss: 0.5573565467544224
2024-08-10 12:29:43,294 - root - INFO - train acc: 0.7570021568531878, test acc: 0.7647441585329784
2024-08-10 12:29:43,294 - root - INFO - train ap: 0.7646591797719976, test ap: 0.786882992904313
2024-08-10 12:29:43,295 - root - INFO - start 34 epoch
2024-08-10 12:29:47,160 - root - INFO - epoch: 34:
2024-08-10 12:29:47,160 - root - INFO - Epoch mean loss: 0.5499313525531603
2024-08-10 12:29:47,160 - root - INFO - train acc: 0.7651040651199064, test acc: 0.771753918958888
2024-08-10 12:29:47,160 - root - INFO - train ap: 0.7762582140719819, test ap: 0.7958541286243944
2024-08-10 12:29:47,161 - root - INFO - start 35 epoch
2024-08-10 12:29:51,033 - root - INFO - epoch: 35:
2024-08-10 12:29:51,033 - root - INFO - Epoch mean loss: 0.5405014351658199
2024-08-10 12:29:51,033 - root - INFO - train acc: 0.7696454901052836, test acc: 0.7910085773439812
2024-08-10 12:29:51,033 - root - INFO - train ap: 0.7761731798313527, test ap: 0.8011797708185281
2024-08-10 12:29:51,034 - root - INFO - start 36 epoch
2024-08-10 12:29:54,895 - root - INFO - epoch: 36:
2024-08-10 12:29:54,895 - root - INFO - Epoch mean loss: 0.5323711478191874
2024-08-10 12:29:54,895 - root - INFO - train acc: 0.775250109670501, test acc: 0.7978112984324165
2024-08-10 12:29:54,895 - root - INFO - train ap: 0.7854056998220417, test ap: 0.8095625366747564
2024-08-10 12:29:54,896 - root - INFO - start 37 epoch
2024-08-10 12:29:58,767 - root - INFO - epoch: 37:
2024-08-10 12:29:58,767 - root - INFO - Epoch mean loss: 0.527609400127245
2024-08-10 12:29:58,767 - root - INFO - train acc: 0.7807732379606162, test acc: 0.8148181011535048
2024-08-10 12:29:58,767 - root - INFO - train ap: 0.7889832270229128, test ap: 0.8154873752834675
2024-08-10 12:29:58,768 - root - INFO - start 38 epoch
2024-08-10 12:30:02,655 - root - INFO - epoch: 38:
2024-08-10 12:30:02,655 - root - INFO - Epoch mean loss: 0.5155651180640511
2024-08-10 12:30:02,655 - root - INFO - train acc: 0.7907555383603042, test acc: 0.8236616385684709
2024-08-10 12:30:02,655 - root - INFO - train ap: 0.7934736211124592, test ap: 0.8245387325903247
2024-08-10 12:30:02,656 - root - INFO - start 39 epoch
2024-08-10 12:30:06,669 - root - INFO - epoch: 39:
2024-08-10 12:30:06,669 - root - INFO - Epoch mean loss: 0.5049489231213279
2024-08-10 12:30:06,670 - root - INFO - train acc: 0.8013105624878144, test acc: 0.8331854480922805
2024-08-10 12:30:06,670 - root - INFO - train ap: 0.8047956655748912, test ap: 0.8298595628192912
2024-08-10 12:30:06,671 - root - INFO - start 40 epoch
2024-08-10 12:30:10,562 - root - INFO - epoch: 40:
2024-08-10 12:30:10,562 - root - INFO - Epoch mean loss: 0.49894549406093097
2024-08-10 12:30:10,562 - root - INFO - train acc: 0.8106515950965101, test acc: 0.8343389529724932
2024-08-10 12:30:10,562 - root - INFO - train ap: 0.8200035199740768, test ap: 0.8394460564583763
2024-08-10 12:30:10,563 - root - INFO - start 41 epoch
2024-08-10 12:30:14,453 - root - INFO - epoch: 41:
2024-08-10 12:30:14,454 - root - INFO - Epoch mean loss: 0.4911027369291886
2024-08-10 12:30:14,454 - root - INFO - train acc: 0.8115761783486058, test acc: 0.8513457556935818
2024-08-10 12:30:14,454 - root - INFO - train ap: 0.8225424712562962, test ap: 0.8399563476361566
2024-08-10 12:30:14,455 - root - INFO - start 42 epoch
2024-08-10 12:30:18,356 - root - INFO - epoch: 42:
2024-08-10 12:30:18,356 - root - INFO - Epoch mean loss: 0.48650362569352856
2024-08-10 12:30:18,356 - root - INFO - train acc: 0.8194579840124782, test acc: 0.8615498373262349
2024-08-10 12:30:18,356 - root - INFO - train ap: 0.8262124692410268, test ap: 0.8466196081756768
2024-08-10 12:30:18,357 - root - INFO - start 43 epoch
2024-08-10 12:30:22,229 - root - INFO - epoch: 43:
2024-08-10 12:30:22,229 - root - INFO - Epoch mean loss: 0.47473987807398255
2024-08-10 12:30:22,229 - root - INFO - train acc: 0.8326108281341391, test acc: 0.8635906536527655
2024-08-10 12:30:22,229 - root - INFO - train ap: 0.8340959613448267, test ap: 0.8499645188393885
2024-08-10 12:30:22,230 - root - INFO - start 44 epoch
2024-08-10 12:30:26,094 - root - INFO - epoch: 44:
2024-08-10 12:30:26,094 - root - INFO - Epoch mean loss: 0.4620631959127343
2024-08-10 12:30:26,094 - root - INFO - train acc: 0.839410399200624, test acc: 0.8710736468500444
2024-08-10 12:30:26,094 - root - INFO - train ap: 0.8423976011726839, test ap: 0.8547649694302661
2024-08-10 12:30:26,095 - root - INFO - start 45 epoch
2024-08-10 12:30:30,008 - root - INFO - epoch: 45:
2024-08-10 12:30:30,008 - root - INFO - Epoch mean loss: 0.46194434295529907
2024-08-10 12:30:30,008 - root - INFO - train acc: 0.842392065948528, test acc: 0.8751552795031057
2024-08-10 12:30:30,008 - root - INFO - train ap: 0.851581274517699, test ap: 0.857514526564882
2024-08-10 12:30:30,009 - root - INFO - start 46 epoch
2024-08-10 12:30:33,878 - root - INFO - epoch: 46:
2024-08-10 12:30:33,878 - root - INFO - Epoch mean loss: 0.4542448131934456
2024-08-10 12:30:33,878 - root - INFO - train acc: 0.8453988655195945, test acc: 0.8835255841467022
2024-08-10 12:30:33,878 - root - INFO - train ap: 0.8475937564214054, test ap: 0.8569213659875967
2024-08-10 12:30:33,879 - root - INFO - start 47 epoch
2024-08-10 12:30:37,782 - root - INFO - epoch: 47:
2024-08-10 12:30:37,782 - root - INFO - Epoch mean loss: 0.4493273146774458
2024-08-10 12:30:37,782 - root - INFO - train acc: 0.8558594511600701, test acc: 0.8844128955930198
2024-08-10 12:30:37,782 - root - INFO - train ap: 0.8485055520861108, test ap: 0.8624111192359447
2024-08-10 12:30:37,783 - root - INFO - start 48 epoch
2024-08-10 12:30:41,707 - root - INFO - epoch: 48:
2024-08-10 12:30:41,707 - root - INFO - Epoch mean loss: 0.43832363123479096
2024-08-10 12:30:41,707 - root - INFO - train acc: 0.8607154172353285, test acc: 0.8878142561372376
2024-08-10 12:30:41,707 - root - INFO - train ap: 0.8511247068194584, test ap: 0.8630894283758408
2024-08-10 12:30:41,708 - root - INFO - start 49 epoch
2024-08-10 12:30:45,579 - root - INFO - epoch: 49:
2024-08-10 12:30:45,579 - root - INFO - Epoch mean loss: 0.43666394378827966
2024-08-10 12:30:45,579 - root - INFO - train acc: 0.8587276394033926, test acc: 0.8925761608991424
2024-08-10 12:30:45,579 - root - INFO - train ap: 0.8559798807911676, test ap: 0.8595483748634174
2024-08-10 12:30:45,580 - root - INFO - start 50 epoch
2024-08-10 12:30:49,509 - root - INFO - epoch: 50:
2024-08-10 12:30:49,509 - root - INFO - Epoch mean loss: 0.4295202260432036
2024-08-10 12:30:49,509 - root - INFO - train acc: 0.8632378387599922, test acc: 0.8918958887902988
2024-08-10 12:30:49,509 - root - INFO - train ap: 0.8538781437700452, test ap: 0.8623621304659191
2024-08-10 12:30:49,510 - root - INFO - start 51 epoch
2024-08-10 12:30:53,361 - root - INFO - epoch: 51:
2024-08-10 12:30:53,361 - root - INFO - Epoch mean loss: 0.4273442872192549
2024-08-10 12:30:53,361 - root - INFO - train acc: 0.8653764135309028, test acc: 0.893256433007986
2024-08-10 12:30:53,361 - root - INFO - train ap: 0.8572084558559482, test ap: 0.8639896953563713
2024-08-10 12:30:53,362 - root - INFO - start 52 epoch
2024-08-10 12:30:57,212 - root - INFO - epoch: 52:
2024-08-10 12:30:57,212 - root - INFO - Epoch mean loss: 0.4209356100662895
2024-08-10 12:30:57,212 - root - INFO - train acc: 0.8717548194092416, test acc: 0.893256433007986
2024-08-10 12:30:57,212 - root - INFO - train ap: 0.8592211307577581, test ap: 0.8716631141461786
2024-08-10 12:30:57,213 - root - INFO - start 53 epoch
2024-08-10 12:31:01,065 - root - INFO - epoch: 53:
2024-08-10 12:31:01,065 - root - INFO - Epoch mean loss: 0.4182556763939235
2024-08-10 12:31:01,065 - root - INFO - train acc: 0.8718743907194385, test acc: 0.8993788819875776
2024-08-10 12:31:01,065 - root - INFO - train ap: 0.8509330375806832, test ap: 0.8777082155787209
2024-08-10 12:31:01,066 - root - INFO - start 54 epoch
2024-08-10 12:31:04,983 - root - INFO - epoch: 54:
2024-08-10 12:31:04,983 - root - INFO - Epoch mean loss: 0.41517655227495276
2024-08-10 12:31:04,983 - root - INFO - train acc: 0.8759063048352506, test acc: 0.9000591540964212
2024-08-10 12:31:04,983 - root - INFO - train ap: 0.851716837325218, test ap: 0.8821802963933868
2024-08-10 12:31:04,984 - root - INFO - start 55 epoch
2024-08-10 12:31:08,833 - root - INFO - epoch: 55:
2024-08-10 12:31:08,833 - root - INFO - Epoch mean loss: 0.4079464984976727
2024-08-10 12:31:08,833 - root - INFO - train acc: 0.8807310452817313, test acc: 0.9027802425317955
2024-08-10 12:31:08,833 - root - INFO - train ap: 0.8505885133804725, test ap: 0.88526659207672
2024-08-10 12:31:08,834 - root - INFO - start 56 epoch
2024-08-10 12:31:12,697 - root - INFO - epoch: 56:
2024-08-10 12:31:12,697 - root - INFO - Epoch mean loss: 0.39970578447632166
2024-08-10 12:31:12,697 - root - INFO - train acc: 0.8808757494150907, test acc: 0.9014196983141082
2024-08-10 12:31:12,697 - root - INFO - train ap: 0.8587699556853883, test ap: 0.8883766447467841
2024-08-10 12:31:12,698 - root - INFO - start 57 epoch
2024-08-10 12:31:16,632 - root - INFO - epoch: 57:
2024-08-10 12:31:16,632 - root - INFO - Epoch mean loss: 0.3943573754766713
2024-08-10 12:31:16,633 - root - INFO - train acc: 0.8830143241860012, test acc: 0.903460514640639
2024-08-10 12:31:16,633 - root - INFO - train ap: 0.8643567737972818, test ap: 0.8904299691585544
2024-08-10 12:31:16,633 - root - INFO - start 58 epoch
2024-08-10 12:31:20,517 - root - INFO - epoch: 58:
2024-08-10 12:31:20,517 - root - INFO - Epoch mean loss: 0.38647640010584955
2024-08-10 12:31:20,517 - root - INFO - train acc: 0.8829640585396763, test acc: 0.9070689145223307
2024-08-10 12:31:20,517 - root - INFO - train ap: 0.8732032498730022, test ap: 0.8965885231973202
2024-08-10 12:31:20,518 - root - INFO - start 59 epoch
2024-08-10 12:31:24,411 - root - INFO - epoch: 59:
2024-08-10 12:31:24,411 - root - INFO - Epoch mean loss: 0.3806148106637208
2024-08-10 12:31:24,411 - root - INFO - train acc: 0.8860713894033926, test acc: 0.9077491866311742
2024-08-10 12:31:24,411 - root - INFO - train ap: 0.8783947963811964, test ap: 0.9049875163517114
2024-08-10 12:31:24,412 - root - INFO - start 60 epoch
2024-08-10 12:31:28,342 - root - INFO - epoch: 60:
2024-08-10 12:31:28,342 - root - INFO - Epoch mean loss: 0.3677542455818342
2024-08-10 12:31:28,342 - root - INFO - train acc: 0.8880149943946188, test acc: 0.9070689145223306
2024-08-10 12:31:28,342 - root - INFO - train ap: 0.8839088623624367, test ap: 0.91020625161553
2024-08-10 12:31:28,343 - root - INFO - start 61 epoch
2024-08-10 12:31:32,234 - root - INFO - epoch: 61:
2024-08-10 12:31:32,235 - root - INFO - Epoch mean loss: 0.35776421427726746
2024-08-10 12:31:32,235 - root - INFO - train acc: 0.8886189437512186, test acc: 0.9097900029577048
2024-08-10 12:31:32,235 - root - INFO - train ap: 0.887302218991956, test ap: 0.9176652180721163
2024-08-10 12:31:32,236 - root - INFO - start 62 epoch
2024-08-10 12:31:36,109 - root - INFO - epoch: 62:
2024-08-10 12:31:36,109 - root - INFO - Epoch mean loss: 0.34139382709627564
2024-08-10 12:31:36,109 - root - INFO - train acc: 0.8931352359134334, test acc: 0.9077491866311742
2024-08-10 12:31:36,109 - root - INFO - train ap: 0.8948663125007041, test ap: 0.9226664142213669
2024-08-10 12:31:36,110 - root - INFO - start 63 epoch
2024-08-10 12:31:40,087 - root - INFO - epoch: 63:
2024-08-10 12:31:40,087 - root - INFO - Epoch mean loss: 0.3360464845014655
2024-08-10 12:31:40,087 - root - INFO - train acc: 0.8900530378728797, test acc: 0.9104702750665483
2024-08-10 12:31:40,087 - root - INFO - train ap: 0.8980871104548251, test ap: 0.9282890312311365
2024-08-10 12:31:40,088 - root - INFO - start 64 epoch
2024-08-10 12:31:44,041 - root - INFO - epoch: 64:
2024-08-10 12:31:44,041 - root - INFO - Epoch mean loss: 0.3222232875616654
2024-08-10 12:31:44,041 - root - INFO - train acc: 0.892990531780074, test acc: 0.9118308192842355
2024-08-10 12:31:44,041 - root - INFO - train ap: 0.9013552191719079, test ap: 0.9319669910396154
2024-08-10 12:31:44,042 - root - INFO - start 65 epoch
2024-08-10 12:31:47,907 - root - INFO - epoch: 65:
2024-08-10 12:31:47,907 - root - INFO - Epoch mean loss: 0.3142348359460416
2024-08-10 12:31:47,907 - root - INFO - train acc: 0.8925754593975433, test acc: 0.911150547175392
2024-08-10 12:31:47,907 - root - INFO - train ap: 0.9082432462333621, test ap: 0.9341006122381909
2024-08-10 12:31:47,908 - root - INFO - start 66 epoch
2024-08-10 12:31:51,816 - root - INFO - epoch: 66:
2024-08-10 12:31:51,816 - root - INFO - Epoch mean loss: 0.3030839406925699
2024-08-10 12:31:51,816 - root - INFO - train acc: 0.8956827902612595, test acc: 0.913871635610766
2024-08-10 12:31:51,816 - root - INFO - train ap: 0.9137094997532259, test ap: 0.9377156122385596
2024-08-10 12:31:51,817 - root - INFO - start 67 epoch
2024-08-10 12:31:55,688 - root - INFO - epoch: 67:
2024-08-10 12:31:55,688 - root - INFO - Epoch mean loss: 0.29591023533240607
2024-08-10 12:31:55,688 - root - INFO - train acc: 0.8952425850555664, test acc: 0.9131913635019226
2024-08-10 12:31:55,688 - root - INFO - train ap: 0.9106608742983052, test ap: 0.9411278803346923
2024-08-10 12:31:55,689 - root - INFO - start 68 epoch
2024-08-10 12:31:59,614 - root - INFO - epoch: 68:
2024-08-10 12:31:59,614 - root - INFO - Epoch mean loss: 0.28434821445008984
2024-08-10 12:31:59,614 - root - INFO - train acc: 0.8986393241860012, test acc: 0.9172729961549838
2024-08-10 12:31:59,614 - root - INFO - train ap: 0.9191483318045187, test ap: 0.9428614970609593
2024-08-10 12:31:59,615 - root - INFO - start 69 epoch
2024-08-10 12:32:03,521 - root - INFO - epoch: 69:
2024-08-10 12:32:03,521 - root - INFO - Epoch mean loss: 0.2744063754444537
2024-08-10 12:32:03,521 - root - INFO - train acc: 0.9031304835250537, test acc: 0.9186335403726708
2024-08-10 12:32:03,521 - root - INFO - train ap: 0.923442134719375, test ap: 0.9490011492587941
2024-08-10 12:32:03,522 - root - INFO - start 70 epoch
2024-08-10 12:32:07,453 - root - INFO - epoch: 70:
2024-08-10 12:32:07,453 - root - INFO - Epoch mean loss: 0.26712380414423736
2024-08-10 12:32:07,453 - root - INFO - train acc: 0.9058730076525638, test acc: 0.9172729961549837
2024-08-10 12:32:07,453 - root - INFO - train ap: 0.9274668666635754, test ap: 0.9536294978837085
2024-08-10 12:32:07,454 - root - INFO - start 71 epoch
2024-08-10 12:32:11,494 - root - INFO - epoch: 71:
2024-08-10 12:32:11,494 - root - INFO - Epoch mean loss: 0.2594091011130292
2024-08-10 12:32:11,494 - root - INFO - train acc: 0.9095842878728797, test acc: 0.918633540372671
2024-08-10 12:32:11,494 - root - INFO - train ap: 0.9280835344657127, test ap: 0.9552998301669089
2024-08-10 12:32:11,495 - root - INFO - start 72 epoch
2024-08-10 12:32:15,492 - root - INFO - epoch: 72:
2024-08-10 12:32:15,492 - root - INFO - Epoch mean loss: 0.25649626747421594
2024-08-10 12:32:15,492 - root - INFO - train acc: 0.906502089832326, test acc: 0.9206743566992014
2024-08-10 12:32:15,492 - root - INFO - train ap: 0.9312983002311297, test ap: 0.9557013196388653
2024-08-10 12:32:15,493 - root - INFO - start 73 epoch
2024-08-10 12:32:19,396 - root - INFO - epoch: 73:
2024-08-10 12:32:19,397 - root - INFO - Epoch mean loss: 0.2491916696662488
2024-08-10 12:32:19,397 - root - INFO - train acc: 0.9097350848118542, test acc: 0.921354628808045
2024-08-10 12:32:19,397 - root - INFO - train ap: 0.9317201867810923, test ap: 0.9573900950105388
2024-08-10 12:32:19,398 - root - INFO - start 74 epoch
2024-08-10 12:32:23,313 - root - INFO - epoch: 74:
2024-08-10 12:32:23,313 - root - INFO - Epoch mean loss: 0.24474304201810257
2024-08-10 12:32:23,313 - root - INFO - train acc: 0.9137860389452135, test acc: 0.921354628808045
2024-08-10 12:32:23,313 - root - INFO - train ap: 0.9346863412822216, test ap: 0.956842594580435
2024-08-10 12:32:23,314 - root - INFO - start 75 epoch
2024-08-10 12:32:27,256 - root - INFO - epoch: 75:
2024-08-10 12:32:27,256 - root - INFO - Epoch mean loss: 0.2412237136260323
2024-08-10 12:32:27,256 - root - INFO - train acc: 0.911647464174303, test acc: 0.9220349009168884
2024-08-10 12:32:27,256 - root - INFO - train ap: 0.9400390650764207, test ap: 0.958137893078459
2024-08-10 12:32:27,257 - root - INFO - start 76 epoch
2024-08-10 12:32:31,248 - root - INFO - epoch: 76:
2024-08-10 12:32:31,248 - root - INFO - Epoch mean loss: 0.23583420787168585
2024-08-10 12:32:31,248 - root - INFO - train acc: 0.9124022104698772, test acc: 0.9247559893522627
2024-08-10 12:32:31,248 - root - INFO - train ap: 0.9376452152950118, test ap: 0.9587386341188902
2024-08-10 12:32:31,249 - root - INFO - start 77 epoch
2024-08-10 12:32:35,253 - root - INFO - epoch: 77:
2024-08-10 12:32:35,253 - root - INFO - Epoch mean loss: 0.23586888222590738
2024-08-10 12:32:35,253 - root - INFO - train acc: 0.9134212322090076, test acc: 0.9240757172434192
2024-08-10 12:32:35,253 - root - INFO - train ap: 0.9380135220084991, test ap: 0.9591394426374606
2024-08-10 12:32:35,254 - root - INFO - start 78 epoch
2024-08-10 12:32:39,202 - root - INFO - epoch: 78:
2024-08-10 12:32:39,202 - root - INFO - Epoch mean loss: 0.23707477424455725
2024-08-10 12:32:39,202 - root - INFO - train acc: 0.9095149822090076, test acc: 0.9240757172434192
2024-08-10 12:32:39,202 - root - INFO - train ap: 0.9433952970620395, test ap: 0.9599049531672313
2024-08-10 12:32:39,203 - root - INFO - start 79 epoch
2024-08-10 12:32:43,266 - root - INFO - epoch: 79:
2024-08-10 12:32:43,266 - root - INFO - Epoch mean loss: 0.229221496893012
2024-08-10 12:32:43,266 - root - INFO - train acc: 0.9154090100409435, test acc: 0.9254362614611062
2024-08-10 12:32:43,266 - root - INFO - train ap: 0.9419451893050245, test ap: 0.9613764963170867
2024-08-10 12:32:43,268 - root - INFO - start 80 epoch
2024-08-10 12:32:47,602 - root - INFO - epoch: 80:
2024-08-10 12:32:47,602 - root - INFO - Epoch mean loss: 0.2255174342704856
2024-08-10 12:32:47,602 - root - INFO - train acc: 0.9142704169916164, test acc: 0.9261165335699497
2024-08-10 12:32:47,602 - root - INFO - train ap: 0.9424645831927094, test ap: 0.9623763642703315
2024-08-10 12:32:47,603 - root - INFO - start 81 epoch
2024-08-10 12:32:51,587 - root - INFO - epoch: 81:
2024-08-10 12:32:51,587 - root - INFO - Epoch mean loss: 0.22731658038885696
2024-08-10 12:32:51,587 - root - INFO - train acc: 0.9149246319945409, test acc: 0.9274770777876367
2024-08-10 12:32:51,587 - root - INFO - train ap: 0.9388950012456196, test ap: 0.9630813386310042
2024-08-10 12:32:51,588 - root - INFO - start 82 epoch
2024-08-10 12:32:55,464 - root - INFO - epoch: 82:
2024-08-10 12:32:55,464 - root - INFO - Epoch mean loss: 0.22640853925891544
2024-08-10 12:32:55,464 - root - INFO - train acc: 0.9175224519886918, test acc: 0.930198166223011
2024-08-10 12:32:55,464 - root - INFO - train ap: 0.9382921185310975, test ap: 0.9628976594290213
2024-08-10 12:32:55,465 - root - INFO - start 83 epoch
2024-08-10 12:32:59,330 - root - INFO - epoch: 83:
2024-08-10 12:32:59,330 - root - INFO - Epoch mean loss: 0.21948993853900745
2024-08-10 12:32:59,330 - root - INFO - train acc: 0.9163838589393644, test acc: 0.931558710440698
2024-08-10 12:32:59,330 - root - INFO - train ap: 0.9438299742635412, test ap: 0.9634356913191269
2024-08-10 12:32:59,331 - root - INFO - start 84 epoch
2024-08-10 12:33:03,204 - root - INFO - epoch: 84:
2024-08-10 12:33:03,204 - root - INFO - Epoch mean loss: 0.21946278344029965
2024-08-10 12:33:03,204 - root - INFO - train acc: 0.9190509845973874, test acc: 0.9322389825495415
2024-08-10 12:33:03,204 - root - INFO - train ap: 0.9455794268949663, test ap: 0.9643466774270347
2024-08-10 12:33:03,205 - root - INFO - start 85 epoch
2024-08-10 12:33:07,097 - root - INFO - epoch: 85:
2024-08-10 12:33:07,097 - root - INFO - Epoch mean loss: 0.21349997559319372
2024-08-10 12:33:07,097 - root - INFO - train acc: 0.9223723252583349, test acc: 0.9335995267672287
2024-08-10 12:33:07,097 - root - INFO - train ap: 0.9445665891011482, test ap: 0.9643388452597763
2024-08-10 12:33:07,098 - root - INFO - start 86 epoch
2024-08-10 12:33:11,012 - root - INFO - epoch: 86:
2024-08-10 12:33:11,012 - root - INFO - Epoch mean loss: 0.20900154502495474
2024-08-10 12:33:11,012 - root - INFO - train acc: 0.922617560684344, test acc: 0.9335995267672287
2024-08-10 12:33:11,012 - root - INFO - train ap: 0.9484669465992448, test ap: 0.9644681399749064
2024-08-10 12:33:11,013 - root - INFO - start 87 epoch
2024-08-10 12:33:14,893 - root - INFO - epoch: 87:
2024-08-10 12:33:14,893 - root - INFO - Epoch mean loss: 0.21378998069659524
2024-08-10 12:33:14,893 - root - INFO - train acc: 0.9209191911191266, test acc: 0.9322389825495416
2024-08-10 12:33:14,893 - root - INFO - train ap: 0.9458866976567306, test ap: 0.9655401126668592
2024-08-10 12:33:14,894 - root - INFO - start 88 epoch
2024-08-10 12:33:18,797 - root - INFO - epoch: 88:
2024-08-10 12:33:18,798 - root - INFO - Epoch mean loss: 0.20984301878058392
2024-08-10 12:33:18,798 - root - INFO - train acc: 0.921938212858257, test acc: 0.9356403430937593
2024-08-10 12:33:18,798 - root - INFO - train ap: 0.9448945146893848, test ap: 0.9656454982783984
2024-08-10 12:33:18,799 - root - INFO - start 89 epoch
2024-08-10 12:33:22,855 - root - INFO - epoch: 89:
2024-08-10 12:33:22,855 - root - INFO - Epoch mean loss: 0.20739407707815585
2024-08-10 12:33:22,855 - root - INFO - train acc: 0.9229823674205498, test acc: 0.9322389825495415
2024-08-10 12:33:22,855 - root - INFO - train ap: 0.9492190668100442, test ap: 0.9652189942029167
2024-08-10 12:33:22,856 - root - INFO - start 90 epoch
2024-08-10 12:33:26,792 - root - INFO - epoch: 90:
2024-08-10 12:33:26,792 - root - INFO - Epoch mean loss: 0.20417819593263709
2024-08-10 12:33:26,792 - root - INFO - train acc: 0.9248505739422889, test acc: 0.932919254658385
2024-08-10 12:33:26,792 - root - INFO - train ap: 0.9481033959653407, test ap: 0.9667078614848659
2024-08-10 12:33:26,793 - root - INFO - start 91 epoch
2024-08-10 12:33:30,752 - root - INFO - epoch: 91:
2024-08-10 12:33:30,752 - root - INFO - Epoch mean loss: 0.20261555910110474
2024-08-10 12:33:30,752 - root - INFO - train acc: 0.9243852359134334, test acc: 0.9356403430937593
2024-08-10 12:33:30,752 - root - INFO - train ap: 0.9527840792059957, test ap: 0.9664554585462191
2024-08-10 12:33:30,753 - root - INFO - start 92 epoch
2024-08-10 12:33:34,680 - root - INFO - epoch: 92:
2024-08-10 12:33:34,680 - root - INFO - Epoch mean loss: 0.2029159885385762
2024-08-10 12:33:34,680 - root - INFO - train acc: 0.9227622648177033, test acc: 0.9356403430937593
2024-08-10 12:33:34,680 - root - INFO - train ap: 0.9505739540828116, test ap: 0.96706963647002
2024-08-10 12:33:34,681 - root - INFO - start 93 epoch
2024-08-10 12:33:38,657 - root - INFO - epoch: 93:
2024-08-10 12:33:38,657 - root - INFO - Epoch mean loss: 0.20326952571454254
2024-08-10 12:33:38,657 - root - INFO - train acc: 0.9251902478553324, test acc: 0.9363206152026028
2024-08-10 12:33:38,657 - root - INFO - train ap: 0.9487942874896125, test ap: 0.9676099175706889
2024-08-10 12:33:38,658 - root - INFO - start 94 epoch
2024-08-10 12:33:42,619 - root - INFO - epoch: 94:
2024-08-10 12:33:42,619 - root - INFO - Epoch mean loss: 0.20209182345348856
2024-08-10 12:33:42,619 - root - INFO - train acc: 0.9248254411191266, test acc: 0.9363206152026028
2024-08-10 12:33:42,619 - root - INFO - train ap: 0.9509842940029706, test ap: 0.9677721832945452
2024-08-10 12:33:42,620 - root - INFO - start 95 epoch
2024-08-10 12:33:46,521 - root - INFO - epoch: 95:
2024-08-10 12:33:46,521 - root - INFO - Epoch mean loss: 0.19744330126306284
2024-08-10 12:33:46,521 - root - INFO - train acc: 0.9261338711249757, test acc: 0.9354333037562852
2024-08-10 12:33:46,521 - root - INFO - train ap: 0.9490780490327905, test ap: 0.9677215006654654
2024-08-10 12:33:46,522 - root - INFO - start 96 epoch
2024-08-10 12:33:50,520 - root - INFO - epoch: 96:
2024-08-10 12:33:50,520 - root - INFO - Epoch mean loss: 0.19616814799930737
2024-08-10 12:33:50,520 - root - INFO - train acc: 0.925844462858257, test acc: 0.9363206152026028
2024-08-10 12:33:50,520 - root - INFO - train ap: 0.9559349700176161, test ap: 0.9680045582958278
2024-08-10 12:33:50,522 - root - INFO - start 97 epoch
2024-08-10 12:33:54,565 - root - INFO - epoch: 97:
2024-08-10 12:33:54,565 - root - INFO - Epoch mean loss: 0.18796096094276593
2024-08-10 12:33:54,565 - root - INFO - train acc: 0.9281026089393644, test acc: 0.9356403430937593
2024-08-10 12:33:54,565 - root - INFO - train ap: 0.9542296502695288, test ap: 0.9678180261605731
2024-08-10 12:33:54,566 - root - INFO - start 98 epoch
2024-08-10 12:33:58,456 - root - INFO - epoch: 98:
2024-08-10 12:33:58,456 - root - INFO - Epoch mean loss: 0.19526674015366513
2024-08-10 12:33:58,456 - root - INFO - train acc: 0.9299205498147787, test acc: 0.9385684708666077
2024-08-10 12:33:58,456 - root - INFO - train ap: 0.9494951831687232, test ap: 0.9678996643953387
2024-08-10 12:33:58,457 - root - INFO - start 99 epoch
2024-08-10 12:34:02,362 - root - INFO - epoch: 99:
2024-08-10 12:34:02,362 - root - INFO - Epoch mean loss: 0.18882128401942874
2024-08-10 12:34:02,362 - root - INFO - train acc: 0.9281026089393644, test acc: 0.9370008873114464
2024-08-10 12:34:02,362 - root - INFO - train ap: 0.9563632014927244, test ap: 0.9682059115759312
2024-08-10 12:34:02,363 - root - INFO - Saving TGAN model
2024-08-10 12:34:02,364 - root - INFO - TGAN models saved
