2024-08-17 13:01:50,584 - root - INFO - Namespace(data='wikipedia', bs=512, prefix='wikipedia', n_degree=10, n_head=2, n_epoch=50, n_layer=2, lr=0.0001, drop_out=0.1, gpu=1, device=None, node_dim=100, time_dim=100, agg_method='attn', attn_mode='prod', time='time', uniform=False)
2024-08-17 13:01:51,325 - module - INFO - Aggregation uses attention model
2024-08-17 13:01:51,337 - module - INFO - Using scaled prod attention
2024-08-17 13:01:51,348 - module - INFO - Using scaled prod attention
2024-08-17 13:01:51,348 - module - INFO - Using time encoding
2024-08-17 13:01:51,810 - root - INFO - num of training instances: 79202
2024-08-17 13:01:51,810 - root - INFO - num of batches per epoch: 155
2024-08-17 13:01:51,812 - root - INFO - start 0 epoch
2024-08-17 13:22:29,714 - root - INFO - epoch: 0:
2024-08-17 13:22:29,714 - root - INFO - Epoch mean loss: 0.6754580386223331
2024-08-17 13:22:29,714 - root - INFO - train acc: 0.8368970531961072, val acc: 0.8605329949238577, new node val acc: 0.8697510822510822
2024-08-17 13:22:29,714 - root - INFO - train auc: 0.9223710989381784, val auc: 0.9410695149464186, new node val auc: 0.94888357133487
2024-08-17 13:22:29,714 - root - INFO - train ap: 0.9162245938163082, val ap: 0.9446496591568517, new node val ap: 0.9514137717927287
2024-08-17 13:22:29,738 - root - INFO - start 1 epoch
2024-08-17 13:43:01,806 - root - INFO - epoch: 1:
2024-08-17 13:43:01,807 - root - INFO - Epoch mean loss: 0.5433879112043688
2024-08-17 13:43:01,807 - root - INFO - train acc: 0.8791501630608608, val acc: 0.8907783417935703, new node val acc: 0.8938504947433519
2024-08-17 13:43:01,807 - root - INFO - train auc: 0.9546628858813201, val auc: 0.958529328821207, new node val auc: 0.9620772895935232
2024-08-17 13:43:01,807 - root - INFO - train ap: 0.954465077114361, val ap: 0.9620512597330281, new node val ap: 0.9652512666580024
2024-08-17 13:43:01,819 - root - INFO - start 2 epoch
2024-08-17 14:03:39,109 - root - INFO - epoch: 2:
2024-08-17 14:03:39,109 - root - INFO - Epoch mean loss: 0.4799905492413429
2024-08-17 14:03:39,109 - root - INFO - train acc: 0.8958701838504066, val acc: 0.8946489001692047, new node val acc: 0.8995013914656772
2024-08-17 14:03:39,109 - root - INFO - train auc: 0.965274032533735, val auc: 0.9633819796954315, new node val auc: 0.9653233049418114
2024-08-17 14:03:39,109 - root - INFO - train ap: 0.9663126630592634, val ap: 0.9667319561742705, new node val ap: 0.9681744164050259
2024-08-17 14:03:39,137 - root - INFO - start 3 epoch
2024-08-17 14:24:00,126 - root - INFO - epoch: 3:
2024-08-17 14:24:00,126 - root - INFO - Epoch mean loss: 0.4436056754281444
2024-08-17 14:24:00,126 - root - INFO - train acc: 0.9031361372566937, val acc: 0.9024111675126903, new node val acc: 0.9093537414965988
2024-08-17 14:24:00,126 - root - INFO - train auc: 0.9702983386409895, val auc: 0.9679653130287648, new node val auc: 0.9716255668934239
2024-08-17 14:24:00,126 - root - INFO - train ap: 0.9712160469046067, val ap: 0.9706086791629117, new node val ap: 0.9748951482270389
2024-08-17 14:24:00,140 - root - INFO - start 4 epoch
2024-08-17 14:43:57,566 - root - INFO - epoch: 4:
2024-08-17 14:43:57,567 - root - INFO - Epoch mean loss: 0.4216429156641806
2024-08-17 14:43:57,567 - root - INFO - train acc: 0.9090062390055286, val acc: 0.906577834179357, new node val acc: 0.907761286332715
2024-08-17 14:43:57,567 - root - INFO - train auc: 0.9731621564974848, val auc: 0.9704124365482233, new node val auc: 0.9710269555480594
2024-08-17 14:43:57,567 - root - INFO - train ap: 0.9742075383505024, val ap: 0.9731290772499797, new node val ap: 0.9734723969044636
2024-08-17 14:43:57,590 - root - INFO - start 5 epoch
2024-08-17 15:04:45,382 - root - INFO - epoch: 5:
2024-08-17 15:04:45,382 - root - INFO - Epoch mean loss: 0.3991882354982438
2024-08-17 15:04:45,382 - root - INFO - train acc: 0.9132313108265557, val acc: 0.9072546531302876, new node val acc: 0.9084299628942485
2024-08-17 15:04:45,383 - root - INFO - train auc: 0.9759414036360793, val auc: 0.9714615059221658, new node val auc: 0.97218820861678
2024-08-17 15:04:45,383 - root - INFO - train ap: 0.9770749126215976, val ap: 0.9741579197957464, new node val ap: 0.9750408500488423
2024-08-17 15:04:45,405 - root - INFO - start 6 epoch
2024-08-17 15:25:25,782 - root - INFO - epoch: 6:
2024-08-17 15:25:25,782 - root - INFO - Epoch mean loss: 0.38910071273003854
2024-08-17 15:25:25,783 - root - INFO - train acc: 0.9158765163803344, val acc: 0.9127961082910321, new node val acc: 0.9125425170068027
2024-08-17 15:25:25,783 - root - INFO - train auc: 0.9771121840573139, val auc: 0.973770445572476, new node val auc: 0.9732256235827664
2024-08-17 15:25:25,783 - root - INFO - train ap: 0.9781364644237174, val ap: 0.9762646210018109, new node val ap: 0.9757373205591482
2024-08-17 15:25:25,797 - root - INFO - start 7 epoch
2024-08-17 15:45:25,123 - root - INFO - epoch: 7:
2024-08-17 15:45:25,123 - root - INFO - Epoch mean loss: 0.37780903712395697
2024-08-17 15:45:25,123 - root - INFO - train acc: 0.9186329695638764, val acc: 0.9134517766497461, new node val acc: 0.913999690785405
2024-08-17 15:45:25,123 - root - INFO - train auc: 0.9783364173988286, val auc: 0.9739079244218838, new node val auc: 0.9744912131519272
2024-08-17 15:45:25,123 - root - INFO - train ap: 0.9791067224756802, val ap: 0.9762634056699435, new node val ap: 0.9766915880695061
2024-08-17 15:45:25,145 - root - INFO - start 8 epoch
2024-08-17 16:05:18,416 - root - INFO - epoch: 8:
2024-08-17 16:05:18,416 - root - INFO - Epoch mean loss: 0.36687168748148025
2024-08-17 16:05:18,416 - root - INFO - train acc: 0.92011702686649, val acc: 0.9170050761421321, new node val acc: 0.9178262213976499
2024-08-17 16:05:18,416 - root - INFO - train auc: 0.9794652285868698, val auc: 0.9759038353073887, new node val auc: 0.9764314058956914
2024-08-17 16:05:18,416 - root - INFO - train ap: 0.9801857615570739, val ap: 0.9781914630820182, new node val ap: 0.9787356515817066
2024-08-17 16:05:18,439 - root - INFO - start 9 epoch
2024-08-17 16:25:53,041 - root - INFO - epoch: 9:
2024-08-17 16:25:53,041 - root - INFO - Epoch mean loss: 0.36553060854634933
2024-08-17 16:25:53,042 - root - INFO - train acc: 0.92092631633807, val acc: 0.9164974619289339, new node val acc: 0.9174319727891156
2024-08-17 16:25:53,042 - root - INFO - train auc: 0.9795441786123225, val auc: 0.9760490693739424, new node val auc: 0.9762726757369615
2024-08-17 16:25:53,042 - root - INFO - train ap: 0.9801010416932724, val ap: 0.9784593611990142, new node val ap: 0.9780624852882055
2024-08-17 16:25:53,064 - root - INFO - start 10 epoch
2024-08-17 16:46:03,223 - root - INFO - epoch: 10:
2024-08-17 16:46:03,223 - root - INFO - Epoch mean loss: 0.35629760113454634
2024-08-17 16:46:03,223 - root - INFO - train acc: 0.9233494192920131, val acc: 0.915799492385787, new node val acc: 0.917029993815708
2024-08-17 16:46:03,224 - root - INFO - train auc: 0.9806011277518455, val auc: 0.9759433164128595, new node val auc: 0.9771683673469387
2024-08-17 16:46:03,224 - root - INFO - train ap: 0.9815375209765538, val ap: 0.9780933217281707, new node val ap: 0.9796848320203267
2024-08-17 16:46:03,246 - root - INFO - start 11 epoch
2024-08-17 17:06:16,422 - root - INFO - epoch: 11:
2024-08-17 17:06:16,422 - root - INFO - Epoch mean loss: 0.35164335312381867
2024-08-17 17:06:16,422 - root - INFO - train acc: 0.9245679494025861, val acc: 0.9163071065989847, new node val acc: 0.9182939084724798
2024-08-17 17:06:16,422 - root - INFO - train auc: 0.9811354635991331, val auc: 0.9752072758037224, new node val auc: 0.9760776245760012
2024-08-17 17:06:16,423 - root - INFO - train ap: 0.9817690700554984, val ap: 0.9772963844022059, new node val ap: 0.9783231059188078
2024-08-17 17:06:16,438 - root - INFO - start 12 epoch
2024-08-17 17:26:42,764 - root - INFO - epoch: 12:
2024-08-17 17:26:42,765 - root - INFO - Epoch mean loss: 0.3476492105953155
2024-08-17 17:26:42,765 - root - INFO - train acc: 0.925203040756648, val acc: 0.9160321489001692, new node val acc: 0.918154761904762
2024-08-17 17:26:42,765 - root - INFO - train auc: 0.9815015032508669, val auc: 0.975455442752397, new node val auc: 0.976123866213152
2024-08-17 17:26:42,765 - root - INFO - train ap: 0.9820083878743686, val ap: 0.9778192067209355, new node val ap: 0.9789058509443237
2024-08-17 17:26:42,789 - root - INFO - start 13 epoch
2024-08-17 17:47:18,727 - root - INFO - epoch: 13:
2024-08-17 17:47:18,727 - root - INFO - Epoch mean loss: 0.34636211174149667
2024-08-17 17:47:18,727 - root - INFO - train acc: 0.925481507870328, val acc: 0.9157783417935702, new node val acc: 0.9155728200371057
2024-08-17 17:47:18,727 - root - INFO - train auc: 0.981636586325787, val auc: 0.9755915115623237, new node val auc: 0.9748767006802722
2024-08-17 17:47:18,727 - root - INFO - train ap: 0.982142910468954, val ap: 0.9781066127086915, new node val ap: 0.9776471094188599
2024-08-17 17:47:18,776 - root - INFO - start 14 epoch
2024-08-17 18:07:42,252 - root - INFO - epoch: 14:
2024-08-17 18:07:42,252 - root - INFO - Epoch mean loss: 0.342138494406977
2024-08-17 18:07:42,252 - root - INFO - train acc: 0.9262901726560357, val acc: 0.9168147208121828, new node val acc: 0.9174860853432282
2024-08-17 18:07:42,252 - root - INFO - train auc: 0.9821069691224429, val auc: 0.9753708403835308, new node val auc: 0.9761819727891156
2024-08-17 18:07:42,252 - root - INFO - train ap: 0.9826968197504516, val ap: 0.9777929017911772, new node val ap: 0.9782781148436459
2024-08-17 18:07:42,281 - root - INFO - start 15 epoch
2024-08-17 18:28:44,477 - root - INFO - epoch: 15:
2024-08-17 18:28:44,477 - root - INFO - Epoch mean loss: 0.33556407305502123
2024-08-17 18:28:44,477 - root - INFO - train acc: 0.9281648549586493, val acc: 0.9181895093062605, new node val acc: 0.9176020408163265
2024-08-17 18:28:44,477 - root - INFO - train auc: 0.9827609519383035, val auc: 0.9764763113367174, new node val auc: 0.9755952380952381
2024-08-17 18:28:44,477 - root - INFO - train ap: 0.9831849951059777, val ap: 0.9789163180951689, new node val ap: 0.9776941464762399
2024-08-17 18:28:44,502 - root - INFO - start 16 epoch
2024-08-17 18:49:09,781 - root - INFO - epoch: 16:
2024-08-17 18:49:09,781 - root - INFO - Epoch mean loss: 0.33098139637900936
2024-08-17 18:49:09,781 - root - INFO - train acc: 0.9292973925968655, val acc: 0.9174069373942472, new node val acc: 0.9173044217687074
2024-08-17 18:49:09,781 - root - INFO - train auc: 0.9832390976828382, val auc: 0.9764255499153978, new node val auc: 0.9759920634920636
2024-08-17 18:49:09,781 - root - INFO - train ap: 0.9836769553124076, val ap: 0.9787115094029057, new node val ap: 0.9779315541018864
2024-08-17 18:49:09,803 - root - INFO - start 17 epoch
2024-08-17 19:08:33,477 - root - INFO - epoch: 17:
2024-08-17 19:08:33,477 - root - INFO - Epoch mean loss: 0.3280885806968135
2024-08-17 19:08:33,477 - root - INFO - train acc: 0.93004992489491, val acc: 0.9180626057529611, new node val acc: 0.9186031230674089
2024-08-17 19:08:33,477 - root - INFO - train auc: 0.9834720757381613, val auc: 0.9767054427523971, new node val auc: 0.9759793083900226
2024-08-17 19:08:33,477 - root - INFO - train ap: 0.9837672686803606, val ap: 0.9791382310678665, new node val ap: 0.9786872049177647
2024-08-17 19:08:33,489 - root - INFO - start 18 epoch
2024-08-17 19:27:08,381 - root - INFO - epoch: 18:
2024-08-17 19:27:08,381 - root - INFO - Epoch mean loss: 0.32136689011127717
2024-08-17 19:27:08,381 - root - INFO - train acc: 0.9306337027666087, val acc: 0.9222292724196278, new node val acc: 0.9212585034013605
2024-08-17 19:27:08,381 - root - INFO - train auc: 0.9841076562336961, val auc: 0.9782691765369431, new node val auc: 0.9776204648526077
2024-08-17 19:27:08,381 - root - INFO - train ap: 0.9844053764370052, val ap: 0.9805465703223941, new node val ap: 0.9803309172939605
2024-08-17 19:27:08,427 - root - INFO - start 19 epoch
2024-08-17 19:47:02,341 - root - INFO - epoch: 19:
2024-08-17 19:47:02,341 - root - INFO - Epoch mean loss: 0.3178618651243948
2024-08-17 19:47:02,341 - root - INFO - train acc: 0.9319082582758385, val acc: 0.9216159052453469, new node val acc: 0.9216952690166975
2024-08-17 19:47:02,341 - root - INFO - train auc: 0.9844544537362073, val auc: 0.9776551043429216, new node val auc: 0.978062641723356
2024-08-17 19:47:02,341 - root - INFO - train ap: 0.984861391533914, val ap: 0.9800228722337903, new node val ap: 0.9802125337027927
2024-08-17 19:47:02,364 - root - INFO - start 20 epoch
2024-08-17 20:07:13,921 - root - INFO - epoch: 20:
2024-08-17 20:07:13,921 - root - INFO - Epoch mean loss: 0.3140767016718464
2024-08-17 20:07:13,921 - root - INFO - train acc: 0.9332930976137713, val acc: 0.9196912013536379, new node val acc: 0.9199211502782931
2024-08-17 20:07:13,922 - root - INFO - train auc: 0.9848329379861888, val auc: 0.9777834179357022, new node val auc: 0.9773696145124717
2024-08-17 20:07:13,922 - root - INFO - train ap: 0.9852317971075734, val ap: 0.9802627938438544, new node val ap: 0.9794953600562749
2024-08-17 20:07:13,969 - root - INFO - start 21 epoch
2024-08-17 20:28:04,518 - root - INFO - epoch: 21:
2024-08-17 20:28:04,519 - root - INFO - Epoch mean loss: 0.3096108731723601
2024-08-17 20:28:04,519 - root - INFO - train acc: 0.9344517471214475, val acc: 0.9219754653130288, new node val acc: 0.9248724489795919
2024-08-17 20:28:04,519 - root - INFO - train auc: 0.9851964406816819, val auc: 0.9782127749576989, new node val auc: 0.9790858843537416
2024-08-17 20:28:04,519 - root - INFO - train ap: 0.9854509336060773, val ap: 0.9802472000289403, new node val ap: 0.981416624942808
2024-08-17 20:28:04,540 - root - INFO - start 22 epoch
2024-08-17 20:48:31,884 - root - INFO - epoch: 22:
2024-08-17 20:48:31,885 - root - INFO - Epoch mean loss: 0.301401767423076
2024-08-17 20:48:31,885 - root - INFO - train acc: 0.93568883932651, val acc: 0.9214890016920474, new node val acc: 0.9215252009894868
2024-08-17 20:48:31,885 - root - INFO - train auc: 0.985961443577387, val auc: 0.9782649464184998, new node val auc: 0.9775184240362811
2024-08-17 20:48:31,885 - root - INFO - train ap: 0.9863849052254053, val ap: 0.9805850832573612, new node val ap: 0.9796305460626652
2024-08-17 20:48:31,908 - root - INFO - start 23 epoch
2024-08-17 21:08:45,178 - root - INFO - epoch: 23:
2024-08-17 21:08:45,178 - root - INFO - Epoch mean loss: 0.3001424276059674
2024-08-17 21:08:45,179 - root - INFO - train acc: 0.9360026101160559, val acc: 0.922927241962775, new node val acc: 0.9220895176252321
2024-08-17 21:08:45,179 - root - INFO - train auc: 0.9859902097399582, val auc: 0.9788183869148337, new node val auc: 0.9783407708813552
2024-08-17 21:08:45,179 - root - INFO - train ap: 0.9860708743117012, val ap: 0.9810086755359705, new node val ap: 0.9802477451201004
2024-08-17 21:08:45,202 - root - INFO - start 24 epoch
2024-08-17 21:29:05,711 - root - INFO - epoch: 24:
2024-08-17 21:29:05,711 - root - INFO - Epoch mean loss: 0.29779824018478396
2024-08-17 21:29:05,711 - root - INFO - train acc: 0.9359046415231198, val acc: 0.9232445008460237, new node val acc: 0.9229707792207792
2024-08-17 21:29:05,711 - root - INFO - train auc: 0.9863195170707036, val auc: 0.9785145234066555, new node val auc: 0.9785402494331066
2024-08-17 21:29:05,711 - root - INFO - train ap: 0.9865019834550015, val ap: 0.9807987948075743, new node val ap: 0.9809155067076128
2024-08-17 21:29:05,723 - root - INFO - start 25 epoch
2024-08-17 21:49:04,031 - root - INFO - epoch: 25:
2024-08-17 21:49:04,031 - root - INFO - Epoch mean loss: 0.2950131906617072
2024-08-17 21:49:04,031 - root - INFO - train acc: 0.9372525886982546, val acc: 0.923286802030457, new node val acc: 0.9220354050711194
2024-08-17 21:49:04,032 - root - INFO - train auc: 0.9865596556068967, val auc: 0.9788155668358713, new node val auc: 0.9782568027210885
2024-08-17 21:49:04,032 - root - INFO - train ap: 0.9867468896905859, val ap: 0.981002947176986, new node val ap: 0.9804949641335989
2024-08-17 21:49:04,079 - root - INFO - start 26 epoch
2024-08-17 22:10:09,106 - root - INFO - epoch: 26:
2024-08-17 22:10:09,106 - root - INFO - Epoch mean loss: 0.28907536422052693
2024-08-17 22:10:09,106 - root - INFO - train acc: 0.9385309458672211, val acc: 0.9239636209813874, new node val acc: 0.9228857452071737
2024-08-17 22:10:09,106 - root - INFO - train auc: 0.9870911750578264, val auc: 0.979071489001692, new node val auc: 0.979329648526077
2024-08-17 22:10:09,106 - root - INFO - train ap: 0.9873846121662833, val ap: 0.9813050020094458, new node val ap: 0.9818164937811705
2024-08-17 22:10:09,154 - root - INFO - start 27 epoch
2024-08-17 22:30:49,726 - root - INFO - epoch: 27:
2024-08-17 22:30:49,726 - root - INFO - Epoch mean loss: 0.2868722937760815
2024-08-17 22:30:49,726 - root - INFO - train acc: 0.9389764004386365, val acc: 0.9210236886632825, new node val acc: 0.9202922077922078
2024-08-17 22:30:49,726 - root - INFO - train auc: 0.9872120402567764, val auc: 0.978200084602369, new node val auc: 0.9781901927437643
2024-08-17 22:30:49,726 - root - INFO - train ap: 0.9872863826282418, val ap: 0.9804245194979401, new node val ap: 0.980764353947403
2024-08-17 22:30:49,749 - root - INFO - start 28 epoch
2024-08-17 22:51:03,853 - root - INFO - epoch: 28:
2024-08-17 22:51:03,854 - root - INFO - Epoch mean loss: 0.2851135779773035
2024-08-17 22:51:03,854 - root - INFO - train acc: 0.9389184474378598, val acc: 0.9226311336717428, new node val acc: 0.925606833642548
2024-08-17 22:51:03,854 - root - INFO - train auc: 0.9873625384478615, val auc: 0.979391567963903, new node val auc: 0.979811507936508
2024-08-17 22:51:03,854 - root - INFO - train ap: 0.9874740126916969, val ap: 0.981542104879285, new node val ap: 0.9818465377258608
2024-08-17 22:51:03,903 - root - INFO - start 29 epoch
2024-08-17 23:10:42,605 - root - INFO - epoch: 29:
2024-08-17 23:10:42,605 - root - INFO - Epoch mean loss: 0.2803609109693958
2024-08-17 23:10:42,605 - root - INFO - train acc: 0.9403250258441469, val acc: 0.9253172588832489, new node val acc: 0.9230055658627087
2024-08-17 23:10:42,605 - root - INFO - train auc: 0.9877986990142955, val auc: 0.9800267907501411, new node val auc: 0.9795124716553288
2024-08-17 23:10:42,605 - root - INFO - train ap: 0.9878630598315461, val ap: 0.9821730554048141, new node val ap: 0.9816805647022886
2024-08-17 23:10:42,616 - root - INFO - start 30 epoch
2024-08-17 23:31:07,076 - root - INFO - epoch: 30:
2024-08-17 23:31:07,076 - root - INFO - Epoch mean loss: 0.27734905817816335
2024-08-17 23:31:07,076 - root - INFO - train acc: 0.9411150749908617, val acc: 0.9247884940778341, new node val acc: 0.9235544217687074
2024-08-17 23:31:07,076 - root - INFO - train auc: 0.9880456752189576, val auc: 0.9795234066553863, new node val auc: 0.9790121882086168
2024-08-17 23:31:07,076 - root - INFO - train ap: 0.9880104479364065, val ap: 0.9817212369591937, new node val ap: 0.9809305189382438
2024-08-17 23:31:07,087 - root - INFO - start 31 epoch
2024-08-17 23:51:27,041 - root - INFO - epoch: 31:
2024-08-17 23:51:27,041 - root - INFO - Epoch mean loss: 0.2754398560331714
2024-08-17 23:51:27,041 - root - INFO - train acc: 0.9418355341314082, val acc: 0.9240905245346871, new node val acc: 0.9247139764996908
2024-08-17 23:51:27,041 - root - INFO - train auc: 0.9881742446594792, val auc: 0.9793774675690919, new node val auc: 0.979281462585034
2024-08-17 23:51:27,041 - root - INFO - train ap: 0.9881016829164606, val ap: 0.9817691000507386, new node val ap: 0.9816125853218036
2024-08-17 23:51:27,062 - root - INFO - start 32 epoch
2024-08-18 00:11:59,869 - root - INFO - epoch: 32:
2024-08-18 00:11:59,869 - root - INFO - Epoch mean loss: 0.27451714383017634
2024-08-18 00:11:59,869 - root - INFO - train acc: 0.9414178334608883, val acc: 0.9259729272419627, new node val acc: 0.9252125850340136
2024-08-18 00:11:59,869 - root - INFO - train auc: 0.9882131082010739, val auc: 0.9799506486181613, new node val auc: 0.9797874149659863
2024-08-18 00:11:59,869 - root - INFO - train ap: 0.9880972034356165, val ap: 0.9818594568580534, new node val ap: 0.981636419948594
2024-08-18 00:11:59,892 - root - INFO - start 33 epoch
2024-08-18 00:33:04,870 - root - INFO - epoch: 33:
2024-08-18 00:33:04,871 - root - INFO - Epoch mean loss: 0.27042519248300984
2024-08-18 00:33:04,871 - root - INFO - train acc: 0.9425550294708946, val acc: 0.9239001692047377, new node val acc: 0.9213010204081632
2024-08-18 00:33:04,871 - root - INFO - train auc: 0.9885851401411944, val auc: 0.979619994359842, new node val auc: 0.9786777210884353
2024-08-18 00:33:04,871 - root - INFO - train ap: 0.9885744753627324, val ap: 0.9817763645672639, new node val ap: 0.9808644348859583
2024-08-18 00:33:04,896 - root - INFO - start 34 epoch
2024-08-18 00:54:09,507 - root - INFO - epoch: 34:
2024-08-18 00:54:09,508 - root - INFO - Epoch mean loss: 0.2692179129008324
2024-08-18 00:54:09,508 - root - INFO - train acc: 0.9429425310415334, val acc: 0.9273688663282572, new node val acc: 0.9245129870129871
2024-08-18 00:54:09,508 - root - INFO - train auc: 0.9886941612761179, val auc: 0.9808227580372251, new node val auc: 0.9797438321058451
2024-08-18 00:54:09,508 - root - INFO - train ap: 0.988762133139158, val ap: 0.9830598263917801, new node val ap: 0.9817795635342359
2024-08-18 00:54:09,530 - root - INFO - start 35 epoch
2024-08-18 01:14:49,544 - root - INFO - epoch: 35:
2024-08-18 01:14:49,544 - root - INFO - Epoch mean loss: 0.2671139013382696
2024-08-18 01:14:49,544 - root - INFO - train acc: 0.9437965480215663, val acc: 0.9252115059221657, new node val acc: 0.9212159863945578
2024-08-18 01:14:49,544 - root - INFO - train auc: 0.9888166816780397, val auc: 0.9797461928934009, new node val auc: 0.9792361111111111
2024-08-18 01:14:49,545 - root - INFO - train ap: 0.9887654181971492, val ap: 0.9820248943040792, new node val ap: 0.9811311538138257
2024-08-18 01:14:49,597 - root - INFO - start 36 epoch
2024-08-18 01:35:27,878 - root - INFO - epoch: 36:
2024-08-18 01:35:27,878 - root - INFO - Epoch mean loss: 0.26470915011821256
2024-08-18 01:35:27,879 - root - INFO - train acc: 0.9437448954240153, val acc: 0.9251269035532995, new node val acc: 0.9224180581323438
2024-08-18 01:35:27,879 - root - INFO - train auc: 0.989137653942577, val auc: 0.9801424139875917, new node val auc: 0.9793976757369615
2024-08-18 01:35:27,879 - root - INFO - train ap: 0.9890606748886417, val ap: 0.982225828541683, new node val ap: 0.9820016747503634
2024-08-18 01:35:27,888 - root - INFO - start 37 epoch
2024-08-18 01:55:45,421 - root - INFO - epoch: 37:
2024-08-18 01:55:45,421 - root - INFO - Epoch mean loss: 0.2639096142784242
2024-08-18 01:55:45,421 - root - INFO - train acc: 0.9438009743671754, val acc: 0.9225465313028763, new node val acc: 0.919824520717378
2024-08-18 01:55:45,421 - root - INFO - train auc: 0.9891250874226675, val auc: 0.9797722786238015, new node val auc: 0.9783956916099774
2024-08-18 01:55:45,421 - root - INFO - train ap: 0.988856858409844, val ap: 0.9821149535384418, new node val ap: 0.9805867722589402
2024-08-18 01:55:45,430 - root - INFO - start 38 epoch
2024-08-18 02:15:53,277 - root - INFO - epoch: 38:
2024-08-18 02:15:53,277 - root - INFO - Epoch mean loss: 0.26123666686396446
2024-08-18 02:15:53,277 - root - INFO - train acc: 0.9448008108779585, val acc: 0.922821489001692, new node val acc: 0.9218962585034013
2024-08-18 02:15:53,277 - root - INFO - train auc: 0.9892927835666047, val auc: 0.979085589396503, new node val auc: 0.9785685941043084
2024-08-18 02:15:53,277 - root - INFO - train ap: 0.9893093688846237, val ap: 0.9813014864607771, new node val ap: 0.9807092727382273
2024-08-18 02:15:53,286 - root - INFO - start 39 epoch
2024-08-18 02:37:00,394 - root - INFO - epoch: 39:
2024-08-18 02:37:00,394 - root - INFO - Epoch mean loss: 0.2627693768470518
2024-08-18 02:37:00,394 - root - INFO - train acc: 0.9437105555492096, val acc: 0.9261632825719119, new node val acc: 0.9246173469387753
2024-08-18 02:37:00,394 - root - INFO - train auc: 0.9892288811460866, val auc: 0.9806888042865199, new node val auc: 0.9806434240362812
2024-08-18 02:37:00,394 - root - INFO - train ap: 0.9892563578238504, val ap: 0.982838150999666, new node val ap: 0.9829038057642839
2024-08-18 02:37:00,404 - root - INFO - start 40 epoch
2024-08-18 02:57:19,278 - root - INFO - epoch: 40:
2024-08-18 02:57:19,278 - root - INFO - Epoch mean loss: 0.2561085731752457
2024-08-18 02:57:19,278 - root - INFO - train acc: 0.9449359572043772, val acc: 0.9243231810490694, new node val acc: 0.9238095238095237
2024-08-18 02:57:19,278 - root - INFO - train auc: 0.9896976515431407, val auc: 0.97957910321489, new node val auc: 0.9797859977324264
2024-08-18 02:57:19,278 - root - INFO - train ap: 0.9895268641089976, val ap: 0.981581167674817, new node val ap: 0.9819310737493704
2024-08-18 02:57:19,287 - root - INFO - start 41 epoch
2024-08-18 03:17:07,614 - root - INFO - epoch: 41:
2024-08-18 03:17:07,614 - root - INFO - Epoch mean loss: 0.2553290888186424
2024-08-18 03:17:07,614 - root - INFO - train acc: 0.9456186139255688, val acc: 0.924894247038917, new node val acc: 0.9226306431663575
2024-08-18 03:17:07,614 - root - INFO - train auc: 0.9897943901912595, val auc: 0.9793894529046813, new node val auc: 0.9789852607709751
2024-08-18 03:17:07,614 - root - INFO - train ap: 0.9897242420432798, val ap: 0.9818047211051978, new node val ap: 0.9810194463044762
2024-08-18 03:17:07,624 - root - INFO - start 42 epoch
2024-08-18 03:37:45,270 - root - INFO - epoch: 42:
2024-08-18 03:37:45,270 - root - INFO - Epoch mean loss: 0.25195587613890247
2024-08-18 03:37:45,270 - root - INFO - train acc: 0.9463964013810198, val acc: 0.9232868020304568, new node val acc: 0.9229166666666666
2024-08-18 03:37:45,271 - root - INFO - train auc: 0.990065073147746, val auc: 0.9788860688099268, new node val auc: 0.9785430839002269
2024-08-18 03:37:45,271 - root - INFO - train ap: 0.9900348565091177, val ap: 0.9811517191054708, new node val ap: 0.9804377719202227
2024-08-18 03:37:45,280 - root - INFO - start 43 epoch
2024-08-18 03:58:15,997 - root - INFO - epoch: 43:
2024-08-18 03:58:15,997 - root - INFO - Epoch mean loss: 0.25686988205679
2024-08-18 03:58:15,997 - root - INFO - train acc: 0.9466550570284656, val acc: 0.9226099830795262, new node val acc: 0.9242888064316636
2024-08-18 03:58:15,997 - root - INFO - train auc: 0.989685527125041, val auc: 0.9785187535250989, new node val auc: 0.9788194444444444
2024-08-18 03:58:15,997 - root - INFO - train ap: 0.9894137687731359, val ap: 0.9804329089870724, new node val ap: 0.981067002930016
2024-08-18 03:58:16,007 - root - INFO - start 44 epoch
2024-08-18 04:19:21,399 - root - INFO - epoch: 44:
2024-08-18 04:19:21,400 - root - INFO - Epoch mean loss: 0.2547879646862707
2024-08-18 04:19:21,400 - root - INFO - train acc: 0.9457928120430869, val acc: 0.9211505922165822, new node val acc: 0.9182629870129869
2024-08-18 04:19:21,400 - root - INFO - train auc: 0.9898568460726658, val auc: 0.9788458826847152, new node val auc: 0.9778642290249433
2024-08-18 04:19:21,400 - root - INFO - train ap: 0.9897679504997352, val ap: 0.981164346373539, new node val ap: 0.9802065757148113
2024-08-18 04:19:21,400 - root - INFO - No improvment over 10 epochs, stop training
2024-08-18 04:19:21,400 - root - INFO - Loading the best model at epoch 35
2024-08-18 04:19:21,404 - root - INFO - Loaded the best model at epoch 35 for inference
2024-08-18 04:21:28,089 - root - INFO - Test statistics: Old nodes -- acc: 0.910173434856176, auc: 0.972533135927806, ap: 0.9754657233372458
2024-08-18 04:21:28,089 - root - INFO - Saving TGAN model
2024-08-18 04:21:28,109 - root - INFO - TGAN models saved
