2024-08-16 22:42:11,975 - root - INFO - Namespace(data='simulate_v2', bs=256, prefix='simulate_v2', n_degree=10, n_head=2, n_epoch=100, n_layer=2, lr=0.0001, drop_out=0.1, gpu=1, node_dim=100, time_dim=100, agg_method='attn', attn_mode='prod', time='time', uniform=False)
2024-08-16 22:42:12,039 - module - INFO - Aggregation uses attention model
2024-08-16 22:42:12,040 - module - INFO - Using scaled prod attention
2024-08-16 22:42:12,041 - module - INFO - Using scaled prod attention
2024-08-16 22:42:12,041 - module - INFO - Using time encoding
2024-08-16 22:42:12,421 - root - INFO - num of training instances: 5856
2024-08-16 22:42:12,421 - root - INFO - num of batches per epoch: 23
2024-08-16 22:42:12,421 - root - INFO - start 0 epoch
2024-08-16 22:42:16,702 - root - INFO - epoch: 0:
2024-08-16 22:42:16,703 - root - INFO - Epoch mean loss: 0.6980540389600007
2024-08-16 22:42:16,703 - root - INFO - train acc: 0.4959459994638331, test acc: 0.5165039929015084
2024-08-16 22:42:16,703 - root - INFO - train ap: 0.49672931009002896, test ap: 0.5165039929015084
2024-08-16 22:42:16,704 - root - INFO - start 1 epoch
2024-08-16 22:42:20,947 - root - INFO - epoch: 1:
2024-08-16 22:42:20,947 - root - INFO - Epoch mean loss: 0.69794267675151
2024-08-16 22:42:20,947 - root - INFO - train acc: 0.4959459994638331, test acc: 0.5165039929015084
2024-08-16 22:42:20,947 - root - INFO - train ap: 0.49696727179515215, test ap: 0.5165039929015084
2024-08-16 22:42:20,949 - root - INFO - start 2 epoch
2024-08-16 22:42:25,411 - root - INFO - epoch: 2:
2024-08-16 22:42:25,411 - root - INFO - Epoch mean loss: 0.6978351266487784
2024-08-16 22:42:25,411 - root - INFO - train acc: 0.4959459994638331, test acc: 0.5165039929015084
2024-08-16 22:42:25,411 - root - INFO - train ap: 0.4971517564674038, test ap: 0.5165039929015084
2024-08-16 22:42:25,412 - root - INFO - start 3 epoch
2024-08-16 22:42:29,663 - root - INFO - epoch: 3:
2024-08-16 22:42:29,663 - root - INFO - Epoch mean loss: 0.6977418427881987
2024-08-16 22:42:29,663 - root - INFO - train acc: 0.4959459994638331, test acc: 0.5165039929015084
2024-08-16 22:42:29,663 - root - INFO - train ap: 0.4973108457541288, test ap: 0.5165039929015084
2024-08-16 22:42:29,664 - root - INFO - start 4 epoch
2024-08-16 22:42:33,899 - root - INFO - epoch: 4:
2024-08-16 22:42:33,900 - root - INFO - Epoch mean loss: 0.69764244556427
2024-08-16 22:42:33,900 - root - INFO - train acc: 0.4959459994638331, test acc: 0.5165039929015084
2024-08-16 22:42:33,900 - root - INFO - train ap: 0.4965622606462764, test ap: 0.5165039929015084
2024-08-16 22:42:33,901 - root - INFO - start 5 epoch
2024-08-16 22:42:38,226 - root - INFO - epoch: 5:
2024-08-16 22:42:38,226 - root - INFO - Epoch mean loss: 0.697547637897989
2024-08-16 22:42:38,226 - root - INFO - train acc: 0.4959459994638331, test acc: 0.5165039929015084
2024-08-16 22:42:38,226 - root - INFO - train ap: 0.49687685580029806, test ap: 0.5165039929015084
2024-08-16 22:42:38,227 - root - INFO - start 6 epoch
2024-08-16 22:42:42,495 - root - INFO - epoch: 6:
2024-08-16 22:42:42,495 - root - INFO - Epoch mean loss: 0.6974549759989199
2024-08-16 22:42:42,495 - root - INFO - train acc: 0.4959459994638331, test acc: 0.5165039929015084
2024-08-16 22:42:42,495 - root - INFO - train ap: 0.49626049080499035, test ap: 0.5165039929015084
2024-08-16 22:42:42,497 - root - INFO - start 7 epoch
2024-08-16 22:42:46,758 - root - INFO - epoch: 7:
2024-08-16 22:42:46,758 - root - INFO - Epoch mean loss: 0.6973610909088798
2024-08-16 22:42:46,758 - root - INFO - train acc: 0.4959459994638331, test acc: 0.5165039929015084
2024-08-16 22:42:46,758 - root - INFO - train ap: 0.4961963612032472, test ap: 0.5165039929015084
2024-08-16 22:42:46,759 - root - INFO - start 8 epoch
2024-08-16 22:42:51,085 - root - INFO - epoch: 8:
2024-08-16 22:42:51,085 - root - INFO - Epoch mean loss: 0.6972717720529308
2024-08-16 22:42:51,085 - root - INFO - train acc: 0.4959459994638331, test acc: 0.5165039929015084
2024-08-16 22:42:51,086 - root - INFO - train ap: 0.4964372800364798, test ap: 0.5165039929015084
2024-08-16 22:42:51,087 - root - INFO - start 9 epoch
2024-08-16 22:42:55,334 - root - INFO - epoch: 9:
2024-08-16 22:42:55,334 - root - INFO - Epoch mean loss: 0.6971806909727014
2024-08-16 22:42:55,334 - root - INFO - train acc: 0.4959459994638331, test acc: 0.5165039929015084
2024-08-16 22:42:55,334 - root - INFO - train ap: 0.49611851101809534, test ap: 0.5165039929015084
2024-08-16 22:42:55,335 - root - INFO - start 10 epoch
2024-08-16 22:42:59,639 - root - INFO - epoch: 10:
2024-08-16 22:42:59,639 - root - INFO - Epoch mean loss: 0.6970921003300211
2024-08-16 22:42:59,639 - root - INFO - train acc: 0.4959459994638331, test acc: 0.5165039929015084
2024-08-16 22:42:59,639 - root - INFO - train ap: 0.49611061066784645, test ap: 0.5165039929015084
2024-08-16 22:42:59,640 - root - INFO - start 11 epoch
2024-08-16 22:43:03,869 - root - INFO - epoch: 11:
2024-08-16 22:43:03,869 - root - INFO - Epoch mean loss: 0.6970071533451909
2024-08-16 22:43:03,869 - root - INFO - train acc: 0.4959459994638331, test acc: 0.5165039929015084
2024-08-16 22:43:03,869 - root - INFO - train ap: 0.4962626254684255, test ap: 0.5165039929015084
2024-08-16 22:43:03,870 - root - INFO - start 12 epoch
2024-08-16 22:43:08,164 - root - INFO - epoch: 12:
2024-08-16 22:43:08,165 - root - INFO - Epoch mean loss: 0.696920861368594
2024-08-16 22:43:08,165 - root - INFO - train acc: 0.4959459994638331, test acc: 0.5165039929015084
2024-08-16 22:43:08,165 - root - INFO - train ap: 0.4967554463794561, test ap: 0.5165039929015084
2024-08-16 22:43:08,165 - root - INFO - start 13 epoch
2024-08-16 22:43:12,460 - root - INFO - epoch: 13:
2024-08-16 22:43:12,460 - root - INFO - Epoch mean loss: 0.6968393740446671
2024-08-16 22:43:12,461 - root - INFO - train acc: 0.4959459994638331, test acc: 0.5165039929015084
2024-08-16 22:43:12,461 - root - INFO - train ap: 0.4959459994638331, test ap: 0.5165039929015084
2024-08-16 22:43:12,462 - root - INFO - start 14 epoch
2024-08-16 22:43:16,764 - root - INFO - epoch: 14:
2024-08-16 22:43:16,764 - root - INFO - Epoch mean loss: 0.6967570237491442
2024-08-16 22:43:16,764 - root - INFO - train acc: 0.4959459994638331, test acc: 0.5165039929015084
2024-08-16 22:43:16,764 - root - INFO - train ap: 0.49678290273273223, test ap: 0.5165039929015084
2024-08-16 22:43:16,765 - root - INFO - start 15 epoch
2024-08-16 22:43:21,070 - root - INFO - epoch: 15:
2024-08-16 22:43:21,070 - root - INFO - Epoch mean loss: 0.6966809215752975
2024-08-16 22:43:21,070 - root - INFO - train acc: 0.4959459994638331, test acc: 0.5165039929015084
2024-08-16 22:43:21,070 - root - INFO - train ap: 0.4963251414173278, test ap: 0.5165039929015084
2024-08-16 22:43:21,071 - root - INFO - start 16 epoch
2024-08-16 22:43:25,297 - root - INFO - epoch: 16:
2024-08-16 22:43:25,297 - root - INFO - Epoch mean loss: 0.6965995042220406
2024-08-16 22:43:25,297 - root - INFO - train acc: 0.4959459994638331, test acc: 0.5165039929015084
2024-08-16 22:43:25,297 - root - INFO - train ap: 0.4959459994638331, test ap: 0.5165039929015084
2024-08-16 22:43:25,298 - root - INFO - start 17 epoch
2024-08-16 22:43:29,597 - root - INFO - epoch: 17:
2024-08-16 22:43:29,597 - root - INFO - Epoch mean loss: 0.6965232724728792
2024-08-16 22:43:29,598 - root - INFO - train acc: 0.4959459994638331, test acc: 0.5165039929015084
2024-08-16 22:43:29,598 - root - INFO - train ap: 0.4963045404882259, test ap: 0.5165039929015084
2024-08-16 22:43:29,599 - root - INFO - start 18 epoch
2024-08-16 22:43:34,080 - root - INFO - epoch: 18:
2024-08-16 22:43:34,080 - root - INFO - Epoch mean loss: 0.6964476911917977
2024-08-16 22:43:34,080 - root - INFO - train acc: 0.4959459994638331, test acc: 0.5165039929015084
2024-08-16 22:43:34,080 - root - INFO - train ap: 0.4959459994638331, test ap: 0.5165039929015084
2024-08-16 22:43:34,081 - root - INFO - start 19 epoch
2024-08-16 22:43:38,386 - root - INFO - epoch: 19:
2024-08-16 22:43:38,386 - root - INFO - Epoch mean loss: 0.6963705886965212
2024-08-16 22:43:38,387 - root - INFO - train acc: 0.4959459994638331, test acc: 0.5165039929015084
2024-08-16 22:43:38,387 - root - INFO - train ap: 0.49611061066784645, test ap: 0.5165039929015084
2024-08-16 22:43:38,389 - root - INFO - start 20 epoch
2024-08-16 22:43:42,670 - root - INFO - epoch: 20:
2024-08-16 22:43:42,670 - root - INFO - Epoch mean loss: 0.6962997058163518
2024-08-16 22:43:42,670 - root - INFO - train acc: 0.4959459994638331, test acc: 0.5165039929015084
2024-08-16 22:43:42,670 - root - INFO - train ap: 0.49628328623438817, test ap: 0.5165039929015084
2024-08-16 22:43:42,671 - root - INFO - start 21 epoch
2024-08-16 22:43:46,988 - root - INFO - epoch: 21:
2024-08-16 22:43:46,988 - root - INFO - Epoch mean loss: 0.6962267497311467
2024-08-16 22:43:46,989 - root - INFO - train acc: 0.4959459994638331, test acc: 0.5165039929015084
2024-08-16 22:43:46,989 - root - INFO - train ap: 0.4959459994638331, test ap: 0.5165039929015084
2024-08-16 22:43:46,990 - root - INFO - start 22 epoch
2024-08-16 22:43:51,204 - root - INFO - epoch: 22:
2024-08-16 22:43:51,204 - root - INFO - Epoch mean loss: 0.696156048256418
2024-08-16 22:43:51,204 - root - INFO - train acc: 0.4959459994638331, test acc: 0.5165039929015084
2024-08-16 22:43:51,204 - root - INFO - train ap: 0.49611320328924596, test ap: 0.5165039929015084
2024-08-16 22:43:51,205 - root - INFO - start 23 epoch
2024-08-16 22:43:55,378 - root - INFO - epoch: 23:
2024-08-16 22:43:55,378 - root - INFO - Epoch mean loss: 0.6960892469986625
2024-08-16 22:43:55,378 - root - INFO - train acc: 0.4959459994638331, test acc: 0.5165039929015084
2024-08-16 22:43:55,378 - root - INFO - train ap: 0.4961734548905814, test ap: 0.5165039929015084
2024-08-16 22:43:55,379 - root - INFO - start 24 epoch
2024-08-16 22:43:59,714 - root - INFO - epoch: 24:
2024-08-16 22:43:59,714 - root - INFO - Epoch mean loss: 0.69602028960767
2024-08-16 22:43:59,714 - root - INFO - train acc: 0.4959459994638331, test acc: 0.5165039929015084
2024-08-16 22:43:59,714 - root - INFO - train ap: 0.4960958556019405, test ap: 0.5165039929015084
2024-08-16 22:43:59,715 - root - INFO - start 25 epoch
2024-08-16 22:44:04,055 - root - INFO - epoch: 25:
2024-08-16 22:44:04,055 - root - INFO - Epoch mean loss: 0.6959518453349238
2024-08-16 22:44:04,055 - root - INFO - train acc: 0.4959459994638331, test acc: 0.5165039929015084
2024-08-16 22:44:04,055 - root - INFO - train ap: 0.49611061066784645, test ap: 0.5165039929015084
2024-08-16 22:44:04,056 - root - INFO - start 26 epoch
2024-08-16 22:44:08,299 - root - INFO - epoch: 26:
2024-08-16 22:44:08,299 - root - INFO - Epoch mean loss: 0.695887231308481
2024-08-16 22:44:08,299 - root - INFO - train acc: 0.4959459994638331, test acc: 0.5165039929015084
2024-08-16 22:44:08,299 - root - INFO - train ap: 0.4959459994638331, test ap: 0.5165039929015084
2024-08-16 22:44:08,300 - root - INFO - start 27 epoch
2024-08-16 22:44:12,547 - root - INFO - epoch: 27:
2024-08-16 22:44:12,547 - root - INFO - Epoch mean loss: 0.6958221793174744
2024-08-16 22:44:12,547 - root - INFO - train acc: 0.4959459994638331, test acc: 0.5165039929015084
2024-08-16 22:44:12,547 - root - INFO - train ap: 0.49611061066784645, test ap: 0.5165039929015084
2024-08-16 22:44:12,548 - root - INFO - start 28 epoch
2024-08-16 22:44:16,880 - root - INFO - epoch: 28:
2024-08-16 22:44:16,880 - root - INFO - Epoch mean loss: 0.6957598432250645
2024-08-16 22:44:16,880 - root - INFO - train acc: 0.4959459994638331, test acc: 0.5165039929015084
2024-08-16 22:44:16,880 - root - INFO - train ap: 0.49611061066784645, test ap: 0.5165039929015084
2024-08-16 22:44:16,881 - root - INFO - start 29 epoch
2024-08-16 22:44:21,194 - root - INFO - epoch: 29:
2024-08-16 22:44:21,194 - root - INFO - Epoch mean loss: 0.6956972842631133
2024-08-16 22:44:21,194 - root - INFO - train acc: 0.4959459994638331, test acc: 0.5165039929015084
2024-08-16 22:44:21,194 - root - INFO - train ap: 0.49611320328924596, test ap: 0.5165039929015084
2024-08-16 22:44:21,195 - root - INFO - start 30 epoch
2024-08-16 22:44:25,519 - root - INFO - epoch: 30:
2024-08-16 22:44:25,519 - root - INFO - Epoch mean loss: 0.6956369436305502
2024-08-16 22:44:25,519 - root - INFO - train acc: 0.4959459994638331, test acc: 0.5165039929015084
2024-08-16 22:44:25,519 - root - INFO - train ap: 0.4959459994638331, test ap: 0.5165039929015084
2024-08-16 22:44:25,520 - root - INFO - start 31 epoch
2024-08-16 22:44:29,694 - root - INFO - epoch: 31:
2024-08-16 22:44:29,694 - root - INFO - Epoch mean loss: 0.6955784300099248
2024-08-16 22:44:29,694 - root - INFO - train acc: 0.4959459994638331, test acc: 0.5165039929015084
2024-08-16 22:44:29,695 - root - INFO - train ap: 0.4959459994638331, test ap: 0.5165039929015084
2024-08-16 22:44:29,695 - root - INFO - start 32 epoch
2024-08-16 22:44:33,924 - root - INFO - epoch: 32:
2024-08-16 22:44:33,925 - root - INFO - Epoch mean loss: 0.6955188409141873
2024-08-16 22:44:33,925 - root - INFO - train acc: 0.4959459994638331, test acc: 0.5165039929015084
2024-08-16 22:44:33,925 - root - INFO - train ap: 0.4961212280697682, test ap: 0.5165039929015084
2024-08-16 22:44:33,926 - root - INFO - start 33 epoch
2024-08-16 22:44:38,175 - root - INFO - epoch: 33:
2024-08-16 22:44:38,175 - root - INFO - Epoch mean loss: 0.6954622916553331
2024-08-16 22:44:38,176 - root - INFO - train acc: 0.4959459994638331, test acc: 0.5165039929015084
2024-08-16 22:44:38,176 - root - INFO - train ap: 0.4959459994638331, test ap: 0.5165039929015084
2024-08-16 22:44:38,176 - root - INFO - start 34 epoch
2024-08-16 22:44:42,459 - root - INFO - epoch: 34:
2024-08-16 22:44:42,460 - root - INFO - Epoch mean loss: 0.6954038687374281
2024-08-16 22:44:42,460 - root - INFO - train acc: 0.4959459994638331, test acc: 0.5165039929015084
2024-08-16 22:44:42,460 - root - INFO - train ap: 0.49611061066784645, test ap: 0.5165039929015084
2024-08-16 22:44:42,461 - root - INFO - start 35 epoch
2024-08-16 22:44:46,796 - root - INFO - epoch: 35:
2024-08-16 22:44:46,796 - root - INFO - Epoch mean loss: 0.6953502245571302
2024-08-16 22:44:46,796 - root - INFO - train acc: 0.4959459994638331, test acc: 0.5165039929015084
2024-08-16 22:44:46,796 - root - INFO - train ap: 0.4959459994638331, test ap: 0.5165039929015084
2024-08-16 22:44:46,798 - root - INFO - start 36 epoch
2024-08-16 22:44:51,083 - root - INFO - epoch: 36:
2024-08-16 22:44:51,083 - root - INFO - Epoch mean loss: 0.6952955670978712
2024-08-16 22:44:51,083 - root - INFO - train acc: 0.4959459994638331, test acc: 0.5165039929015084
2024-08-16 22:44:51,083 - root - INFO - train ap: 0.4961267936433562, test ap: 0.5165039929015084
2024-08-16 22:44:51,084 - root - INFO - start 37 epoch
2024-08-16 22:44:55,389 - root - INFO - epoch: 37:
2024-08-16 22:44:55,389 - root - INFO - Epoch mean loss: 0.6952438535897628
2024-08-16 22:44:55,389 - root - INFO - train acc: 0.4959459994638331, test acc: 0.5165039929015084
2024-08-16 22:44:55,389 - root - INFO - train ap: 0.4959459994638331, test ap: 0.5165039929015084
2024-08-16 22:44:55,390 - root - INFO - start 38 epoch
2024-08-16 22:44:59,573 - root - INFO - epoch: 38:
2024-08-16 22:44:59,573 - root - INFO - Epoch mean loss: 0.6951913289401842
2024-08-16 22:44:59,573 - root - INFO - train acc: 0.4959459994638331, test acc: 0.5165039929015084
2024-08-16 22:44:59,573 - root - INFO - train ap: 0.4959459994638331, test ap: 0.5165039929015084
2024-08-16 22:44:59,574 - root - INFO - start 39 epoch
2024-08-16 22:45:03,813 - root - INFO - epoch: 39:
2024-08-16 22:45:03,813 - root - INFO - Epoch mean loss: 0.6951401570568914
2024-08-16 22:45:03,813 - root - INFO - train acc: 0.4959459994638331, test acc: 0.5165039929015084
2024-08-16 22:45:03,813 - root - INFO - train ap: 0.49609352207570234, test ap: 0.5165039929015084
2024-08-16 22:45:03,814 - root - INFO - start 40 epoch
2024-08-16 22:45:08,106 - root - INFO - epoch: 40:
2024-08-16 22:45:08,106 - root - INFO - Epoch mean loss: 0.6950902161390885
2024-08-16 22:45:08,106 - root - INFO - train acc: 0.4959459994638331, test acc: 0.5165039929015084
2024-08-16 22:45:08,106 - root - INFO - train ap: 0.4959459994638331, test ap: 0.5165039929015084
2024-08-16 22:45:08,107 - root - INFO - start 41 epoch
2024-08-16 22:45:12,350 - root - INFO - epoch: 41:
2024-08-16 22:45:12,350 - root - INFO - Epoch mean loss: 0.6950414154840552
2024-08-16 22:45:12,350 - root - INFO - train acc: 0.4959459994638331, test acc: 0.5165039929015084
2024-08-16 22:45:12,350 - root - INFO - train ap: 0.4959459994638331, test ap: 0.5165039929015084
2024-08-16 22:45:12,352 - root - INFO - start 42 epoch
2024-08-16 22:45:16,708 - root - INFO - epoch: 42:
2024-08-16 22:45:16,708 - root - INFO - Epoch mean loss: 0.6949936669805775
2024-08-16 22:45:16,708 - root - INFO - train acc: 0.4959459994638331, test acc: 0.5165039929015084
2024-08-16 22:45:16,709 - root - INFO - train ap: 0.4959459994638331, test ap: 0.5165039929015084
2024-08-16 22:45:16,710 - root - INFO - start 43 epoch
2024-08-16 22:45:20,982 - root - INFO - epoch: 43:
2024-08-16 22:45:20,982 - root - INFO - Epoch mean loss: 0.6949469447135925
2024-08-16 22:45:20,982 - root - INFO - train acc: 0.4959459994638331, test acc: 0.5165039929015084
2024-08-16 22:45:20,982 - root - INFO - train ap: 0.4959459994638331, test ap: 0.5165039929015084
2024-08-16 22:45:20,983 - root - INFO - start 44 epoch
2024-08-16 22:45:25,246 - root - INFO - epoch: 44:
2024-08-16 22:45:25,247 - root - INFO - Epoch mean loss: 0.6949002457701642
2024-08-16 22:45:25,247 - root - INFO - train acc: 0.4959459994638331, test acc: 0.5165039929015084
2024-08-16 22:45:25,247 - root - INFO - train ap: 0.49635424907010456, test ap: 0.5165039929015084
2024-08-16 22:45:25,247 - root - INFO - start 45 epoch
2024-08-16 22:45:29,524 - root - INFO - epoch: 45:
2024-08-16 22:45:29,524 - root - INFO - Epoch mean loss: 0.6948551120965377
2024-08-16 22:45:29,524 - root - INFO - train acc: 0.4959459994638331, test acc: 0.5165039929015084
2024-08-16 22:45:29,524 - root - INFO - train ap: 0.4959459994638331, test ap: 0.5165039929015084
2024-08-16 22:45:29,525 - root - INFO - start 46 epoch
2024-08-16 22:45:33,742 - root - INFO - epoch: 46:
2024-08-16 22:45:33,742 - root - INFO - Epoch mean loss: 0.6948109320972277
2024-08-16 22:45:33,742 - root - INFO - train acc: 0.4959459994638331, test acc: 0.5165039929015084
2024-08-16 22:45:33,742 - root - INFO - train ap: 0.4959459994638331, test ap: 0.5165039929015084
2024-08-16 22:45:33,743 - root - INFO - start 47 epoch
2024-08-16 22:45:38,060 - root - INFO - epoch: 47:
2024-08-16 22:45:38,060 - root - INFO - Epoch mean loss: 0.6947675891544508
2024-08-16 22:45:38,060 - root - INFO - train acc: 0.4959459994638331, test acc: 0.5165039929015084
2024-08-16 22:45:38,060 - root - INFO - train ap: 0.4961415260440304, test ap: 0.5165039929015084
2024-08-16 22:45:38,061 - root - INFO - start 48 epoch
2024-08-16 22:45:42,356 - root - INFO - epoch: 48:
2024-08-16 22:45:42,357 - root - INFO - Epoch mean loss: 0.6947252594906351
2024-08-16 22:45:42,357 - root - INFO - train acc: 0.4959459994638331, test acc: 0.5165039929015084
2024-08-16 22:45:42,357 - root - INFO - train ap: 0.4959459994638331, test ap: 0.5165039929015084
2024-08-16 22:45:42,358 - root - INFO - start 49 epoch
2024-08-16 22:45:46,629 - root - INFO - epoch: 49:
2024-08-16 22:45:46,629 - root - INFO - Epoch mean loss: 0.6946837642918462
2024-08-16 22:45:46,629 - root - INFO - train acc: 0.4959459994638331, test acc: 0.5165039929015084
2024-08-16 22:45:46,630 - root - INFO - train ap: 0.4959459994638331, test ap: 0.5165039929015084
2024-08-16 22:45:46,631 - root - INFO - start 50 epoch
2024-08-16 22:45:50,931 - root - INFO - epoch: 50:
2024-08-16 22:45:50,931 - root - INFO - Epoch mean loss: 0.6946443993112316
2024-08-16 22:45:50,931 - root - INFO - train acc: 0.4959459994638331, test acc: 0.5165039929015084
2024-08-16 22:45:50,931 - root - INFO - train ap: 0.4959459994638331, test ap: 0.5165039929015084
2024-08-16 22:45:50,932 - root - INFO - start 51 epoch
2024-08-16 22:45:55,247 - root - INFO - epoch: 51:
2024-08-16 22:45:55,247 - root - INFO - Epoch mean loss: 0.6946029274359994
2024-08-16 22:45:55,247 - root - INFO - train acc: 0.4959459994638331, test acc: 0.5165039929015084
2024-08-16 22:45:55,247 - root - INFO - train ap: 0.49613848134789107, test ap: 0.5165039929015084
2024-08-16 22:45:55,248 - root - INFO - start 52 epoch
2024-08-16 22:45:59,498 - root - INFO - epoch: 52:
2024-08-16 22:45:59,498 - root - INFO - Epoch mean loss: 0.6945650240649348
2024-08-16 22:45:59,498 - root - INFO - train acc: 0.4959459994638331, test acc: 0.5165039929015084
2024-08-16 22:45:59,498 - root - INFO - train ap: 0.4959459994638331, test ap: 0.5165039929015084
2024-08-16 22:45:59,499 - root - INFO - start 53 epoch
2024-08-16 22:46:03,755 - root - INFO - epoch: 53:
2024-08-16 22:46:03,756 - root - INFO - Epoch mean loss: 0.6945261644280475
2024-08-16 22:46:03,756 - root - INFO - train acc: 0.4959459994638331, test acc: 0.5165039929015084
2024-08-16 22:46:03,756 - root - INFO - train ap: 0.49611061066784645, test ap: 0.5165039929015084
2024-08-16 22:46:03,757 - root - INFO - start 54 epoch
2024-08-16 22:46:08,026 - root - INFO - epoch: 54:
2024-08-16 22:46:08,026 - root - INFO - Epoch mean loss: 0.6944890540579091
2024-08-16 22:46:08,026 - root - INFO - train acc: 0.4959459994638331, test acc: 0.5165039929015084
2024-08-16 22:46:08,026 - root - INFO - train ap: 0.4961734548905814, test ap: 0.5165039929015084
2024-08-16 22:46:08,027 - root - INFO - start 55 epoch
2024-08-16 22:46:12,304 - root - INFO - epoch: 55:
2024-08-16 22:46:12,304 - root - INFO - Epoch mean loss: 0.6944529958393263
2024-08-16 22:46:12,304 - root - INFO - train acc: 0.4959459994638331, test acc: 0.5165039929015084
2024-08-16 22:46:12,305 - root - INFO - train ap: 0.4959459994638331, test ap: 0.5165039929015084
2024-08-16 22:46:12,306 - root - INFO - start 56 epoch
2024-08-16 22:46:16,614 - root - INFO - epoch: 56:
2024-08-16 22:46:16,614 - root - INFO - Epoch mean loss: 0.6944168961566427
2024-08-16 22:46:16,614 - root - INFO - train acc: 0.4959459994638331, test acc: 0.5165039929015084
2024-08-16 22:46:16,614 - root - INFO - train ap: 0.4959459994638331, test ap: 0.5165039929015084
2024-08-16 22:46:16,615 - root - INFO - start 57 epoch
2024-08-16 22:46:20,914 - root - INFO - epoch: 57:
2024-08-16 22:46:20,914 - root - INFO - Epoch mean loss: 0.6943820248479429
2024-08-16 22:46:20,914 - root - INFO - train acc: 0.4959459994638331, test acc: 0.5165039929015084
2024-08-16 22:46:20,914 - root - INFO - train ap: 0.4959459994638331, test ap: 0.5165039929015084
2024-08-16 22:46:20,916 - root - INFO - start 58 epoch
2024-08-16 22:46:25,225 - root - INFO - epoch: 58:
2024-08-16 22:46:25,225 - root - INFO - Epoch mean loss: 0.6943479439486628
2024-08-16 22:46:25,225 - root - INFO - train acc: 0.4959459994638331, test acc: 0.5165039929015084
2024-08-16 22:46:25,225 - root - INFO - train ap: 0.4959459994638331, test ap: 0.5165039929015084
2024-08-16 22:46:25,226 - root - INFO - start 59 epoch
2024-08-16 22:46:29,495 - root - INFO - epoch: 59:
2024-08-16 22:46:29,495 - root - INFO - Epoch mean loss: 0.6943145083344501
2024-08-16 22:46:29,495 - root - INFO - train acc: 0.4959459994638331, test acc: 0.5165039929015084
2024-08-16 22:46:29,495 - root - INFO - train ap: 0.4959459994638331, test ap: 0.5165039929015084
2024-08-16 22:46:29,496 - root - INFO - start 60 epoch
2024-08-16 22:46:33,837 - root - INFO - epoch: 60:
2024-08-16 22:46:33,837 - root - INFO - Epoch mean loss: 0.694281834623088
2024-08-16 22:46:33,837 - root - INFO - train acc: 0.4959459994638331, test acc: 0.5165039929015084
2024-08-16 22:46:33,837 - root - INFO - train ap: 0.4959459994638331, test ap: 0.5165039929015084
2024-08-16 22:46:33,838 - root - INFO - start 61 epoch
2024-08-16 22:46:38,352 - root - INFO - epoch: 61:
2024-08-16 22:46:38,352 - root - INFO - Epoch mean loss: 0.6942499150400576
2024-08-16 22:46:38,352 - root - INFO - train acc: 0.4959459994638331, test acc: 0.5165039929015084
2024-08-16 22:46:38,352 - root - INFO - train ap: 0.4959459994638331, test ap: 0.5165039929015084
2024-08-16 22:46:38,354 - root - INFO - start 62 epoch
2024-08-16 22:46:42,638 - root - INFO - epoch: 62:
2024-08-16 22:46:42,638 - root - INFO - Epoch mean loss: 0.6942187314448149
2024-08-16 22:46:42,638 - root - INFO - train acc: 0.4959459994638331, test acc: 0.5165039929015084
2024-08-16 22:46:42,638 - root - INFO - train ap: 0.4959459994638331, test ap: 0.5165039929015084
2024-08-16 22:46:42,639 - root - INFO - start 63 epoch
2024-08-16 22:46:46,890 - root - INFO - epoch: 63:
2024-08-16 22:46:46,890 - root - INFO - Epoch mean loss: 0.6941882294157277
2024-08-16 22:46:46,890 - root - INFO - train acc: 0.4959459994638331, test acc: 0.5165039929015084
2024-08-16 22:46:46,890 - root - INFO - train ap: 0.4959459994638331, test ap: 0.5165039929015084
2024-08-16 22:46:46,891 - root - INFO - start 64 epoch
2024-08-16 22:46:51,208 - root - INFO - epoch: 64:
2024-08-16 22:46:51,208 - root - INFO - Epoch mean loss: 0.694158445233884
2024-08-16 22:46:51,208 - root - INFO - train acc: 0.4959459994638331, test acc: 0.5165039929015084
2024-08-16 22:46:51,209 - root - INFO - train ap: 0.4959459994638331, test ap: 0.5165039929015084
2024-08-16 22:46:51,209 - root - INFO - start 65 epoch
2024-08-16 22:46:55,447 - root - INFO - epoch: 65:
2024-08-16 22:46:55,448 - root - INFO - Epoch mean loss: 0.6941288294999496
2024-08-16 22:46:55,448 - root - INFO - train acc: 0.4959459994638331, test acc: 0.5165039929015084
2024-08-16 22:46:55,448 - root - INFO - train ap: 0.49611851101809534, test ap: 0.5165039929015084
2024-08-16 22:46:55,449 - root - INFO - start 66 epoch
2024-08-16 22:46:59,639 - root - INFO - epoch: 66:
2024-08-16 22:46:59,639 - root - INFO - Epoch mean loss: 0.6941008852875751
2024-08-16 22:46:59,639 - root - INFO - train acc: 0.4959459994638331, test acc: 0.5165039929015084
2024-08-16 22:46:59,639 - root - INFO - train ap: 0.4959459994638331, test ap: 0.5165039929015084
2024-08-16 22:46:59,640 - root - INFO - start 67 epoch
2024-08-16 22:47:03,911 - root - INFO - epoch: 67:
2024-08-16 22:47:03,911 - root - INFO - Epoch mean loss: 0.6940731250721476
2024-08-16 22:47:03,911 - root - INFO - train acc: 0.4959459994638331, test acc: 0.5165039929015084
2024-08-16 22:47:03,911 - root - INFO - train ap: 0.4959459994638331, test ap: 0.5165039929015084
2024-08-16 22:47:03,912 - root - INFO - start 68 epoch
2024-08-16 22:47:08,198 - root - INFO - epoch: 68:
2024-08-16 22:47:08,198 - root - INFO - Epoch mean loss: 0.6940463755441748
2024-08-16 22:47:08,198 - root - INFO - train acc: 0.4959459994638331, test acc: 0.5165039929015084
2024-08-16 22:47:08,198 - root - INFO - train ap: 0.4959459994638331, test ap: 0.5165039929015084
2024-08-16 22:47:08,199 - root - INFO - start 69 epoch
2024-08-16 22:47:12,441 - root - INFO - epoch: 69:
2024-08-16 22:47:12,441 - root - INFO - Epoch mean loss: 0.6940187552700872
2024-08-16 22:47:12,441 - root - INFO - train acc: 0.4959459994638331, test acc: 0.5165039929015084
2024-08-16 22:47:12,441 - root - INFO - train ap: 0.496144622345189, test ap: 0.5165039929015084
2024-08-16 22:47:12,442 - root - INFO - start 70 epoch
2024-08-16 22:47:16,635 - root - INFO - epoch: 70:
2024-08-16 22:47:16,635 - root - INFO - Epoch mean loss: 0.6939936409825864
2024-08-16 22:47:16,635 - root - INFO - train acc: 0.4959459994638331, test acc: 0.5165039929015084
2024-08-16 22:47:16,635 - root - INFO - train ap: 0.4959459994638331, test ap: 0.5165039929015084
2024-08-16 22:47:16,636 - root - INFO - start 71 epoch
2024-08-16 22:47:20,957 - root - INFO - epoch: 71:
2024-08-16 22:47:20,957 - root - INFO - Epoch mean loss: 0.6939683841622394
2024-08-16 22:47:20,957 - root - INFO - train acc: 0.4959459994638331, test acc: 0.5165039929015084
2024-08-16 22:47:20,957 - root - INFO - train ap: 0.4959459994638331, test ap: 0.5165039929015084
2024-08-16 22:47:20,958 - root - INFO - start 72 epoch
2024-08-16 22:47:25,230 - root - INFO - epoch: 72:
2024-08-16 22:47:25,230 - root - INFO - Epoch mean loss: 0.6939437415288843
2024-08-16 22:47:25,230 - root - INFO - train acc: 0.4959459994638331, test acc: 0.5165039929015084
2024-08-16 22:47:25,230 - root - INFO - train ap: 0.4959459994638331, test ap: 0.5165039929015084
2024-08-16 22:47:25,231 - root - INFO - start 73 epoch
2024-08-16 22:47:29,462 - root - INFO - epoch: 73:
2024-08-16 22:47:29,462 - root - INFO - Epoch mean loss: 0.6939196819844453
2024-08-16 22:47:29,462 - root - INFO - train acc: 0.4959459994638331, test acc: 0.5165039929015084
2024-08-16 22:47:29,462 - root - INFO - train ap: 0.4959459994638331, test ap: 0.5165039929015084
2024-08-16 22:47:29,463 - root - INFO - start 74 epoch
2024-08-16 22:47:33,749 - root - INFO - epoch: 74:
2024-08-16 22:47:33,749 - root - INFO - Epoch mean loss: 0.6938958764076233
2024-08-16 22:47:33,749 - root - INFO - train acc: 0.4959459994638331, test acc: 0.5165039929015084
2024-08-16 22:47:33,749 - root - INFO - train ap: 0.49609352207570234, test ap: 0.5165039929015084
2024-08-16 22:47:33,750 - root - INFO - start 75 epoch
2024-08-16 22:47:37,920 - root - INFO - epoch: 75:
2024-08-16 22:47:37,920 - root - INFO - Epoch mean loss: 0.6938735453978829
2024-08-16 22:47:37,920 - root - INFO - train acc: 0.4959459994638331, test acc: 0.5165039929015084
2024-08-16 22:47:37,920 - root - INFO - train ap: 0.4961415260440304, test ap: 0.5165039929015084
2024-08-16 22:47:37,921 - root - INFO - start 76 epoch
2024-08-16 22:47:42,261 - root - INFO - epoch: 76:
2024-08-16 22:47:42,261 - root - INFO - Epoch mean loss: 0.6938515435094419
2024-08-16 22:47:42,261 - root - INFO - train acc: 0.4959459994638331, test acc: 0.5165039929015084
2024-08-16 22:47:42,261 - root - INFO - train ap: 0.49594338658757897, test ap: 0.5165039929015084
2024-08-16 22:47:42,262 - root - INFO - start 77 epoch
2024-08-16 22:47:46,491 - root - INFO - epoch: 77:
2024-08-16 22:47:46,491 - root - INFO - Epoch mean loss: 0.6938291969506637
2024-08-16 22:47:46,491 - root - INFO - train acc: 0.4959459994638331, test acc: 0.5165039929015084
2024-08-16 22:47:46,491 - root - INFO - train ap: 0.4959459994638331, test ap: 0.5165039929015084
2024-08-16 22:47:46,492 - root - INFO - start 78 epoch
2024-08-16 22:47:50,812 - root - INFO - epoch: 78:
2024-08-16 22:47:50,812 - root - INFO - Epoch mean loss: 0.6938085918841155
2024-08-16 22:47:50,812 - root - INFO - train acc: 0.4959459994638331, test acc: 0.5165039929015084
2024-08-16 22:47:50,812 - root - INFO - train ap: 0.4959459994638331, test ap: 0.5165039929015084
2024-08-16 22:47:50,813 - root - INFO - start 79 epoch
2024-08-16 22:47:55,113 - root - INFO - epoch: 79:
2024-08-16 22:47:55,113 - root - INFO - Epoch mean loss: 0.6937872223232103
2024-08-16 22:47:55,113 - root - INFO - train acc: 0.4959459994638331, test acc: 0.5165039929015084
2024-08-16 22:47:55,113 - root - INFO - train ap: 0.4959459994638331, test ap: 0.5165039929015084
2024-08-16 22:47:55,114 - root - INFO - start 80 epoch
2024-08-16 22:47:59,407 - root - INFO - epoch: 80:
2024-08-16 22:47:59,407 - root - INFO - Epoch mean loss: 0.693767047446707
2024-08-16 22:47:59,408 - root - INFO - train acc: 0.4959459994638331, test acc: 0.5165039929015084
2024-08-16 22:47:59,408 - root - INFO - train ap: 0.4959459994638331, test ap: 0.5165039929015084
2024-08-16 22:47:59,409 - root - INFO - start 81 epoch
2024-08-16 22:48:03,694 - root - INFO - epoch: 81:
2024-08-16 22:48:03,694 - root - INFO - Epoch mean loss: 0.693747297577236
2024-08-16 22:48:03,694 - root - INFO - train acc: 0.4959459994638331, test acc: 0.5165039929015084
2024-08-16 22:48:03,694 - root - INFO - train ap: 0.4961415260440304, test ap: 0.5165039929015084
2024-08-16 22:48:03,695 - root - INFO - start 82 epoch
2024-08-16 22:48:07,933 - root - INFO - epoch: 82:
2024-08-16 22:48:07,933 - root - INFO - Epoch mean loss: 0.6937284599179807
2024-08-16 22:48:07,933 - root - INFO - train acc: 0.4959459994638331, test acc: 0.5165039929015084
2024-08-16 22:48:07,933 - root - INFO - train ap: 0.4959459994638331, test ap: 0.5165039929015084
2024-08-16 22:48:07,934 - root - INFO - start 83 epoch
2024-08-16 22:48:12,237 - root - INFO - epoch: 83:
2024-08-16 22:48:12,237 - root - INFO - Epoch mean loss: 0.6937094382617784
2024-08-16 22:48:12,237 - root - INFO - train acc: 0.4959459994638331, test acc: 0.5165039929015084
2024-08-16 22:48:12,237 - root - INFO - train ap: 0.49610554327147477, test ap: 0.5165039929015084
2024-08-16 22:48:12,238 - root - INFO - start 84 epoch
2024-08-16 22:48:16,506 - root - INFO - epoch: 84:
2024-08-16 22:48:16,506 - root - INFO - Epoch mean loss: 0.6936919326367585
2024-08-16 22:48:16,506 - root - INFO - train acc: 0.4959459994638331, test acc: 0.5165039929015084
2024-08-16 22:48:16,506 - root - INFO - train ap: 0.4959459994638331, test ap: 0.5165039929015084
2024-08-16 22:48:16,507 - root - INFO - start 85 epoch
2024-08-16 22:48:20,877 - root - INFO - epoch: 85:
2024-08-16 22:48:20,877 - root - INFO - Epoch mean loss: 0.6936735718146615
2024-08-16 22:48:20,877 - root - INFO - train acc: 0.4959459994638331, test acc: 0.5165039929015084
2024-08-16 22:48:20,877 - root - INFO - train ap: 0.4959459994638331, test ap: 0.5165039929015084
2024-08-16 22:48:20,878 - root - INFO - start 86 epoch
2024-08-16 22:48:25,190 - root - INFO - epoch: 86:
2024-08-16 22:48:25,190 - root - INFO - Epoch mean loss: 0.6936573878578518
2024-08-16 22:48:25,190 - root - INFO - train acc: 0.4959459994638331, test acc: 0.5165039929015084
2024-08-16 22:48:25,190 - root - INFO - train ap: 0.4959459994638331, test ap: 0.5165039929015084
2024-08-16 22:48:25,191 - root - INFO - start 87 epoch
2024-08-16 22:48:29,491 - root - INFO - epoch: 87:
2024-08-16 22:48:29,491 - root - INFO - Epoch mean loss: 0.6936394598173059
2024-08-16 22:48:29,491 - root - INFO - train acc: 0.4959459994638331, test acc: 0.5165039929015084
2024-08-16 22:48:29,491 - root - INFO - train ap: 0.4959459994638331, test ap: 0.5165039929015084
2024-08-16 22:48:29,493 - root - INFO - start 88 epoch
2024-08-16 22:48:33,718 - root - INFO - epoch: 88:
2024-08-16 22:48:33,718 - root - INFO - Epoch mean loss: 0.6936231022295745
2024-08-16 22:48:33,718 - root - INFO - train acc: 0.4959459994638331, test acc: 0.5165039929015084
2024-08-16 22:48:33,718 - root - INFO - train ap: 0.4959459994638331, test ap: 0.5165039929015084
2024-08-16 22:48:33,719 - root - INFO - start 89 epoch
2024-08-16 22:48:38,003 - root - INFO - epoch: 89:
2024-08-16 22:48:38,003 - root - INFO - Epoch mean loss: 0.6936071540998376
2024-08-16 22:48:38,003 - root - INFO - train acc: 0.4959459994638331, test acc: 0.5165039929015084
2024-08-16 22:48:38,003 - root - INFO - train ap: 0.4959459994638331, test ap: 0.5165039929015084
2024-08-16 22:48:38,005 - root - INFO - start 90 epoch
2024-08-16 22:48:42,339 - root - INFO - epoch: 90:
2024-08-16 22:48:42,339 - root - INFO - Epoch mean loss: 0.693591638751652
2024-08-16 22:48:42,339 - root - INFO - train acc: 0.4959459994638331, test acc: 0.5165039929015084
2024-08-16 22:48:42,339 - root - INFO - train ap: 0.4959459994638331, test ap: 0.5165039929015084
2024-08-16 22:48:42,340 - root - INFO - start 91 epoch
2024-08-16 22:48:46,566 - root - INFO - epoch: 91:
2024-08-16 22:48:46,566 - root - INFO - Epoch mean loss: 0.6935765276784482
2024-08-16 22:48:46,566 - root - INFO - train acc: 0.4959459994638331, test acc: 0.5165039929015084
2024-08-16 22:48:46,566 - root - INFO - train ap: 0.4959459994638331, test ap: 0.5165039929015084
2024-08-16 22:48:46,567 - root - INFO - start 92 epoch
2024-08-16 22:48:50,843 - root - INFO - epoch: 92:
2024-08-16 22:48:50,843 - root - INFO - Epoch mean loss: 0.6935618597528209
2024-08-16 22:48:50,844 - root - INFO - train acc: 0.4959459994638331, test acc: 0.5165039929015084
2024-08-16 22:48:50,844 - root - INFO - train ap: 0.4959459994638331, test ap: 0.5165039929015084
2024-08-16 22:48:50,844 - root - INFO - start 93 epoch
2024-08-16 22:48:55,061 - root - INFO - epoch: 93:
2024-08-16 22:48:55,061 - root - INFO - Epoch mean loss: 0.6935475727786189
2024-08-16 22:48:55,061 - root - INFO - train acc: 0.4959459994638331, test acc: 0.5165039929015084
2024-08-16 22:48:55,061 - root - INFO - train ap: 0.4959459994638331, test ap: 0.5165039929015084
2024-08-16 22:48:55,062 - root - INFO - start 94 epoch
2024-08-16 22:48:59,331 - root - INFO - epoch: 94:
2024-08-16 22:48:59,331 - root - INFO - Epoch mean loss: 0.6935337807821191
2024-08-16 22:48:59,331 - root - INFO - train acc: 0.4959459994638331, test acc: 0.5165039929015084
2024-08-16 22:48:59,331 - root - INFO - train ap: 0.4959459994638331, test ap: 0.5165039929015084
2024-08-16 22:48:59,332 - root - INFO - start 95 epoch
2024-08-16 22:49:03,610 - root - INFO - epoch: 95:
2024-08-16 22:49:03,610 - root - INFO - Epoch mean loss: 0.6935202401617299
2024-08-16 22:49:03,610 - root - INFO - train acc: 0.4959459994638331, test acc: 0.5165039929015084
2024-08-16 22:49:03,610 - root - INFO - train ap: 0.4959459994638331, test ap: 0.5165039929015084
2024-08-16 22:49:03,611 - root - INFO - start 96 epoch
2024-08-16 22:49:07,873 - root - INFO - epoch: 96:
2024-08-16 22:49:07,873 - root - INFO - Epoch mean loss: 0.693507036437159
2024-08-16 22:49:07,873 - root - INFO - train acc: 0.4959459994638331, test acc: 0.5165039929015084
2024-08-16 22:49:07,874 - root - INFO - train ap: 0.4959459994638331, test ap: 0.5165039929015084
2024-08-16 22:49:07,875 - root - INFO - start 97 epoch
2024-08-16 22:49:12,098 - root - INFO - epoch: 97:
2024-08-16 22:49:12,099 - root - INFO - Epoch mean loss: 0.693494262902633
2024-08-16 22:49:12,099 - root - INFO - train acc: 0.4959459994638331, test acc: 0.5165039929015084
2024-08-16 22:49:12,099 - root - INFO - train ap: 0.4959459994638331, test ap: 0.5165039929015084
2024-08-16 22:49:12,100 - root - INFO - start 98 epoch
2024-08-16 22:49:16,365 - root - INFO - epoch: 98:
2024-08-16 22:49:16,365 - root - INFO - Epoch mean loss: 0.693481867728026
2024-08-16 22:49:16,365 - root - INFO - train acc: 0.4959459994638331, test acc: 0.5165039929015084
2024-08-16 22:49:16,365 - root - INFO - train ap: 0.4959459994638331, test ap: 0.5165039929015084
2024-08-16 22:49:16,366 - root - INFO - start 99 epoch
2024-08-16 22:49:20,621 - root - INFO - epoch: 99:
2024-08-16 22:49:20,621 - root - INFO - Epoch mean loss: 0.6934697964917058
2024-08-16 22:49:20,621 - root - INFO - train acc: 0.4959459994638331, test acc: 0.5165039929015084
2024-08-16 22:49:20,621 - root - INFO - train ap: 0.4959459994638331, test ap: 0.5165039929015084
2024-08-16 22:49:20,622 - root - INFO - Saving TGAN model
2024-08-16 22:49:20,623 - root - INFO - TGAN models saved
