2024-08-16 22:04:10,499 - root - INFO - Namespace(data='simulate_v1', bs=256, prefix='simulate_v1', n_degree=10, n_head=2, n_epoch=100, n_layer=2, lr=0.0001, drop_out=0.1, gpu=1, node_dim=100, time_dim=100, agg_method='attn', attn_mode='prod', time='time', uniform=False)
2024-08-16 22:04:10,556 - module - INFO - Aggregation uses attention model
2024-08-16 22:04:10,557 - module - INFO - Using scaled prod attention
2024-08-16 22:04:10,558 - module - INFO - Using scaled prod attention
2024-08-16 22:04:10,558 - module - INFO - Using time encoding
2024-08-16 22:04:10,937 - root - INFO - num of training instances: 7113
2024-08-16 22:04:10,937 - root - INFO - num of batches per epoch: 28
2024-08-16 22:04:10,937 - root - INFO - start 0 epoch
2024-08-16 22:04:15,527 - root - INFO - epoch: 0:
2024-08-16 22:04:15,527 - root - INFO - Epoch mean loss: 0.7508979588747025
2024-08-16 22:04:15,528 - root - INFO - train acc: 0.4999386160714286, test acc: 0.4990277777777778
2024-08-16 22:04:15,528 - root - INFO - train ap: 0.532941228874133, test ap: 0.6655290682243692
2024-08-16 22:04:15,539 - root - INFO - start 1 epoch
2024-08-16 22:04:20,247 - root - INFO - epoch: 1:
2024-08-16 22:04:20,247 - root - INFO - Epoch mean loss: 0.7416289129427501
2024-08-16 22:04:20,247 - root - INFO - train acc: 0.4999386160714286, test acc: 0.4990277777777778
2024-08-16 22:04:20,247 - root - INFO - train ap: 0.5306749442431216, test ap: 0.6784809861497015
2024-08-16 22:04:20,248 - root - INFO - start 2 epoch
2024-08-16 22:04:25,120 - root - INFO - epoch: 2:
2024-08-16 22:04:25,120 - root - INFO - Epoch mean loss: 0.7333489528724125
2024-08-16 22:04:25,120 - root - INFO - train acc: 0.4999386160714286, test acc: 0.4990277777777778
2024-08-16 22:04:25,120 - root - INFO - train ap: 0.5239471323910906, test ap: 0.7031048881056214
2024-08-16 22:04:25,121 - root - INFO - start 3 epoch
2024-08-16 22:04:29,618 - root - INFO - epoch: 3:
2024-08-16 22:04:29,618 - root - INFO - Epoch mean loss: 0.7229000564132418
2024-08-16 22:04:29,618 - root - INFO - train acc: 0.4999386160714286, test acc: 0.4990277777777778
2024-08-16 22:04:29,618 - root - INFO - train ap: 0.5372772348029318, test ap: 0.7036342342249751
2024-08-16 22:04:29,619 - root - INFO - start 4 epoch
2024-08-16 22:04:34,198 - root - INFO - epoch: 4:
2024-08-16 22:04:34,198 - root - INFO - Epoch mean loss: 0.716907377753939
2024-08-16 22:04:34,198 - root - INFO - train acc: 0.4999386160714286, test acc: 0.4990277777777778
2024-08-16 22:04:34,198 - root - INFO - train ap: 0.5238379923941773, test ap: 0.7297710632511446
2024-08-16 22:04:34,199 - root - INFO - start 5 epoch
2024-08-16 22:04:38,889 - root - INFO - epoch: 5:
2024-08-16 22:04:38,889 - root - INFO - Epoch mean loss: 0.7085108693156924
2024-08-16 22:04:38,889 - root - INFO - train acc: 0.4999386160714286, test acc: 0.4990277777777778
2024-08-16 22:04:38,889 - root - INFO - train ap: 0.5400271769477182, test ap: 0.7230233166972186
2024-08-16 22:04:38,890 - root - INFO - start 6 epoch
2024-08-16 22:04:43,335 - root - INFO - epoch: 6:
2024-08-16 22:04:43,335 - root - INFO - Epoch mean loss: 0.7062537308250155
2024-08-16 22:04:43,335 - root - INFO - train acc: 0.4999386160714286, test acc: 0.4990277777777778
2024-08-16 22:04:43,335 - root - INFO - train ap: 0.5385323345057973, test ap: 0.7314893928538351
2024-08-16 22:04:43,336 - root - INFO - start 7 epoch
2024-08-16 22:04:47,757 - root - INFO - epoch: 7:
2024-08-16 22:04:47,757 - root - INFO - Epoch mean loss: 0.7040359377861023
2024-08-16 22:04:47,757 - root - INFO - train acc: 0.4999386160714286, test acc: 0.4990277777777778
2024-08-16 22:04:47,757 - root - INFO - train ap: 0.5462426188627251, test ap: 0.7427750368250963
2024-08-16 22:04:47,758 - root - INFO - start 8 epoch
2024-08-16 22:04:52,191 - root - INFO - epoch: 8:
2024-08-16 22:04:52,191 - root - INFO - Epoch mean loss: 0.70189154786723
2024-08-16 22:04:52,191 - root - INFO - train acc: 0.5003571428571428, test acc: 0.4990277777777778
2024-08-16 22:04:52,191 - root - INFO - train ap: 0.5496560814613419, test ap: 0.7548521724520165
2024-08-16 22:04:52,192 - root - INFO - start 9 epoch
2024-08-16 22:04:56,588 - root - INFO - epoch: 9:
2024-08-16 22:04:56,588 - root - INFO - Epoch mean loss: 0.6980167946645192
2024-08-16 22:04:56,588 - root - INFO - train acc: 0.5003571428571428, test acc: 0.4990277777777778
2024-08-16 22:04:56,588 - root - INFO - train ap: 0.5670488127303349, test ap: 0.7617995543862323
2024-08-16 22:04:56,589 - root - INFO - start 10 epoch
2024-08-16 22:05:01,073 - root - INFO - epoch: 10:
2024-08-16 22:05:01,073 - root - INFO - Epoch mean loss: 0.6950942363057818
2024-08-16 22:05:01,073 - root - INFO - train acc: 0.50203125, test acc: 0.4990277777777778
2024-08-16 22:05:01,074 - root - INFO - train ap: 0.5668196869012504, test ap: 0.7624296207986695
2024-08-16 22:05:01,075 - root - INFO - start 11 epoch
2024-08-16 22:05:05,577 - root - INFO - epoch: 11:
2024-08-16 22:05:05,577 - root - INFO - Epoch mean loss: 0.6837032458611897
2024-08-16 22:05:05,577 - root - INFO - train acc: 0.5522600446428572, test acc: 0.6693055555555556
2024-08-16 22:05:05,577 - root - INFO - train ap: 0.6014434975464368, test ap: 0.7485658130989211
2024-08-16 22:05:05,578 - root - INFO - start 12 epoch
2024-08-16 22:05:10,208 - root - INFO - epoch: 12:
2024-08-16 22:05:10,209 - root - INFO - Epoch mean loss: 0.6707193617309842
2024-08-16 22:05:10,209 - root - INFO - train acc: 0.6224665178571429, test acc: 0.6148611111111112
2024-08-16 22:05:10,209 - root - INFO - train ap: 0.6412375243046319, test ap: 0.751041956532926
2024-08-16 22:05:10,210 - root - INFO - start 13 epoch
2024-08-16 22:05:14,626 - root - INFO - epoch: 13:
2024-08-16 22:05:14,626 - root - INFO - Epoch mean loss: 0.6684793829917908
2024-08-16 22:05:14,626 - root - INFO - train acc: 0.6231640625, test acc: 0.6287499999999999
2024-08-16 22:05:14,626 - root - INFO - train ap: 0.6437831627032494, test ap: 0.7528379213066294
2024-08-16 22:05:14,627 - root - INFO - start 14 epoch
2024-08-16 22:05:19,030 - root - INFO - epoch: 14:
2024-08-16 22:05:19,030 - root - INFO - Epoch mean loss: 0.6581498895372663
2024-08-16 22:05:19,030 - root - INFO - train acc: 0.6490290178571428, test acc: 0.6359722222222222
2024-08-16 22:05:19,031 - root - INFO - train ap: 0.6867881650772959, test ap: 0.7571880583092224
2024-08-16 22:05:19,041 - root - INFO - start 15 epoch
2024-08-16 22:05:23,552 - root - INFO - epoch: 15:
2024-08-16 22:05:23,553 - root - INFO - Epoch mean loss: 0.6544108922992434
2024-08-16 22:05:23,553 - root - INFO - train acc: 0.6513169642857143, test acc: 0.6543055555555555
2024-08-16 22:05:23,553 - root - INFO - train ap: 0.6816547911826026, test ap: 0.7579347683319173
2024-08-16 22:05:23,554 - root - INFO - start 16 epoch
2024-08-16 22:05:28,009 - root - INFO - epoch: 16:
2024-08-16 22:05:28,009 - root - INFO - Epoch mean loss: 0.651319546358926
2024-08-16 22:05:28,009 - root - INFO - train acc: 0.6532198660714286, test acc: 0.6659722222222222
2024-08-16 22:05:28,009 - root - INFO - train ap: 0.6810045270345949, test ap: 0.7592132972632265
2024-08-16 22:05:28,010 - root - INFO - start 17 epoch
2024-08-16 22:05:32,436 - root - INFO - epoch: 17:
2024-08-16 22:05:32,436 - root - INFO - Epoch mean loss: 0.6449410894087383
2024-08-16 22:05:32,436 - root - INFO - train acc: 0.6615457589285715, test acc: 0.6754166666666668
2024-08-16 22:05:32,436 - root - INFO - train ap: 0.694996611500927, test ap: 0.7630949284678693
2024-08-16 22:05:32,437 - root - INFO - start 18 epoch
2024-08-16 22:05:36,917 - root - INFO - epoch: 18:
2024-08-16 22:05:36,917 - root - INFO - Epoch mean loss: 0.6371397056749889
2024-08-16 22:05:36,917 - root - INFO - train acc: 0.6764229910714287, test acc: 0.6815277777777776
2024-08-16 22:05:36,917 - root - INFO - train ap: 0.7097300308055617, test ap: 0.766856191312031
2024-08-16 22:05:36,918 - root - INFO - start 19 epoch
2024-08-16 22:05:41,365 - root - INFO - epoch: 19:
2024-08-16 22:05:41,365 - root - INFO - Epoch mean loss: 0.6328454932996205
2024-08-16 22:05:41,365 - root - INFO - train acc: 0.6799386160714286, test acc: 0.6954166666666667
2024-08-16 22:05:41,365 - root - INFO - train ap: 0.7129282277861655, test ap: 0.7748320407286254
2024-08-16 22:05:41,375 - root - INFO - start 20 epoch
2024-08-16 22:05:45,838 - root - INFO - epoch: 20:
2024-08-16 22:05:45,838 - root - INFO - Epoch mean loss: 0.6248569424663272
2024-08-16 22:05:45,838 - root - INFO - train acc: 0.6822823660714287, test acc: 0.6972222222222223
2024-08-16 22:05:45,838 - root - INFO - train ap: 0.7285359294387547, test ap: 0.7806441904495693
2024-08-16 22:05:45,839 - root - INFO - start 21 epoch
2024-08-16 22:05:50,246 - root - INFO - epoch: 21:
2024-08-16 22:05:50,246 - root - INFO - Epoch mean loss: 0.6175164708069393
2024-08-16 22:05:50,246 - root - INFO - train acc: 0.6976897321428571, test acc: 0.7144444444444444
2024-08-16 22:05:50,246 - root - INFO - train ap: 0.7295372338463377, test ap: 0.7880272686624795
2024-08-16 22:05:50,247 - root - INFO - start 22 epoch
2024-08-16 22:05:54,700 - root - INFO - epoch: 22:
2024-08-16 22:05:54,700 - root - INFO - Epoch mean loss: 0.6096823619944709
2024-08-16 22:05:54,700 - root - INFO - train acc: 0.700234375, test acc: 0.725
2024-08-16 22:05:54,700 - root - INFO - train ap: 0.7363861600325524, test ap: 0.7956451975028792
2024-08-16 22:05:54,701 - root - INFO - start 23 epoch
2024-08-16 22:05:59,111 - root - INFO - epoch: 23:
2024-08-16 22:05:59,111 - root - INFO - Epoch mean loss: 0.6012755504676274
2024-08-16 22:05:59,112 - root - INFO - train acc: 0.7087555803571428, test acc: 0.7338888888888888
2024-08-16 22:05:59,112 - root - INFO - train ap: 0.7413454808882755, test ap: 0.8031789312167309
2024-08-16 22:05:59,112 - root - INFO - start 24 epoch
2024-08-16 22:06:03,563 - root - INFO - epoch: 24:
2024-08-16 22:06:03,563 - root - INFO - Epoch mean loss: 0.5894684067794255
2024-08-16 22:06:03,563 - root - INFO - train acc: 0.7162388392857143, test acc: 0.7405555555555556
2024-08-16 22:06:03,563 - root - INFO - train ap: 0.7593938349496367, test ap: 0.8116598113168246
2024-08-16 22:06:03,564 - root - INFO - start 25 epoch
2024-08-16 22:06:07,982 - root - INFO - epoch: 25:
2024-08-16 22:06:07,982 - root - INFO - Epoch mean loss: 0.584053499358041
2024-08-16 22:06:07,982 - root - INFO - train acc: 0.7229185267857143, test acc: 0.7494444444444445
2024-08-16 22:06:07,982 - root - INFO - train ap: 0.7511310108757164, test ap: 0.8214008637792719
2024-08-16 22:06:07,983 - root - INFO - start 26 epoch
2024-08-16 22:06:12,371 - root - INFO - epoch: 26:
2024-08-16 22:06:12,371 - root - INFO - Epoch mean loss: 0.5667488425970078
2024-08-16 22:06:12,371 - root - INFO - train acc: 0.732064732142857, test acc: 0.7577777777777777
2024-08-16 22:06:12,371 - root - INFO - train ap: 0.7779141256380347, test ap: 0.8278655102097958
2024-08-16 22:06:12,372 - root - INFO - start 27 epoch
2024-08-16 22:06:16,812 - root - INFO - epoch: 27:
2024-08-16 22:06:16,813 - root - INFO - Epoch mean loss: 0.5543236434459686
2024-08-16 22:06:16,813 - root - INFO - train acc: 0.7406919642857143, test acc: 0.7672222222222221
2024-08-16 22:06:16,813 - root - INFO - train ap: 0.7905469051862003, test ap: 0.8385167092412361
2024-08-16 22:06:16,814 - root - INFO - start 28 epoch
2024-08-16 22:06:21,297 - root - INFO - epoch: 28:
2024-08-16 22:06:21,297 - root - INFO - Epoch mean loss: 0.5425565221479961
2024-08-16 22:06:21,297 - root - INFO - train acc: 0.7485825892857143, test acc: 0.775
2024-08-16 22:06:21,297 - root - INFO - train ap: 0.7965498491911803, test ap: 0.8482183741674004
2024-08-16 22:06:21,298 - root - INFO - start 29 epoch
2024-08-16 22:06:25,782 - root - INFO - epoch: 29:
2024-08-16 22:06:25,782 - root - INFO - Epoch mean loss: 0.528270035982132
2024-08-16 22:06:25,782 - root - INFO - train acc: 0.7634709821428572, test acc: 0.79375
2024-08-16 22:06:25,782 - root - INFO - train ap: 0.80912198360058, test ap: 0.8562858771868158
2024-08-16 22:06:25,783 - root - INFO - start 30 epoch
2024-08-16 22:06:30,207 - root - INFO - epoch: 30:
2024-08-16 22:06:30,207 - root - INFO - Epoch mean loss: 0.5167983983244214
2024-08-16 22:06:30,207 - root - INFO - train acc: 0.7725167410714285, test acc: 0.7977777777777778
2024-08-16 22:06:30,207 - root - INFO - train ap: 0.802083401468771, test ap: 0.8647822533021063
2024-08-16 22:06:30,208 - root - INFO - start 31 epoch
2024-08-16 22:06:34,727 - root - INFO - epoch: 31:
2024-08-16 22:06:34,727 - root - INFO - Epoch mean loss: 0.5029661442552295
2024-08-16 22:06:34,727 - root - INFO - train acc: 0.7797879464285715, test acc: 0.8104166666666667
2024-08-16 22:06:34,727 - root - INFO - train ap: 0.8156712979394786, test ap: 0.8720992598620246
2024-08-16 22:06:34,728 - root - INFO - start 32 epoch
2024-08-16 22:06:39,211 - root - INFO - epoch: 32:
2024-08-16 22:06:39,211 - root - INFO - Epoch mean loss: 0.4826517924666405
2024-08-16 22:06:39,211 - root - INFO - train acc: 0.7929966517857142, test acc: 0.8224999999999999
2024-08-16 22:06:39,211 - root - INFO - train ap: 0.8349210604502909, test ap: 0.8781154264962425
2024-08-16 22:06:39,212 - root - INFO - start 33 epoch
2024-08-16 22:06:43,620 - root - INFO - epoch: 33:
2024-08-16 22:06:43,620 - root - INFO - Epoch mean loss: 0.47961624392441343
2024-08-16 22:06:43,620 - root - INFO - train acc: 0.7906919642857143, test acc: 0.8384722222222223
2024-08-16 22:06:43,621 - root - INFO - train ap: 0.8258855964114202, test ap: 0.8838801149822753
2024-08-16 22:06:43,621 - root - INFO - start 34 epoch
2024-08-16 22:06:48,022 - root - INFO - epoch: 34:
2024-08-16 22:06:48,022 - root - INFO - Epoch mean loss: 0.45890334993600845
2024-08-16 22:06:48,023 - root - INFO - train acc: 0.8056417410714286, test acc: 0.8473611111111111
2024-08-16 22:06:48,023 - root - INFO - train ap: 0.835468749873887, test ap: 0.8886102975329077
2024-08-16 22:06:48,024 - root - INFO - start 35 epoch
2024-08-16 22:06:52,420 - root - INFO - epoch: 35:
2024-08-16 22:06:52,420 - root - INFO - Epoch mean loss: 0.45028840218271526
2024-08-16 22:06:52,420 - root - INFO - train acc: 0.8104352678571428, test acc: 0.8545833333333335
2024-08-16 22:06:52,420 - root - INFO - train ap: 0.8338669814886683, test ap: 0.8927626859839298
2024-08-16 22:06:52,421 - root - INFO - start 36 epoch
2024-08-16 22:06:56,836 - root - INFO - epoch: 36:
2024-08-16 22:06:56,836 - root - INFO - Epoch mean loss: 0.4350251023258482
2024-08-16 22:06:56,836 - root - INFO - train acc: 0.8180078125, test acc: 0.86
2024-08-16 22:06:56,836 - root - INFO - train ap: 0.8479607418528767, test ap: 0.8961521241275954
2024-08-16 22:06:56,837 - root - INFO - start 37 epoch
2024-08-16 22:07:01,280 - root - INFO - epoch: 37:
2024-08-16 22:07:01,281 - root - INFO - Epoch mean loss: 0.42829012870788574
2024-08-16 22:07:01,281 - root - INFO - train acc: 0.8190066964285715, test acc: 0.8688888888888889
2024-08-16 22:07:01,281 - root - INFO - train ap: 0.8433166356446327, test ap: 0.8998822229065979
2024-08-16 22:07:01,282 - root - INFO - start 38 epoch
2024-08-16 22:07:05,689 - root - INFO - epoch: 38:
2024-08-16 22:07:05,689 - root - INFO - Epoch mean loss: 0.4214572555252484
2024-08-16 22:07:05,689 - root - INFO - train acc: 0.8184319196428572, test acc: 0.8738888888888888
2024-08-16 22:07:05,689 - root - INFO - train ap: 0.8498237441164019, test ap: 0.9027593747510179
2024-08-16 22:07:05,690 - root - INFO - start 39 epoch
2024-08-16 22:07:10,072 - root - INFO - epoch: 39:
2024-08-16 22:07:10,072 - root - INFO - Epoch mean loss: 0.40674883340086254
2024-08-16 22:07:10,072 - root - INFO - train acc: 0.8307645089285715, test acc: 0.8783333333333333
2024-08-16 22:07:10,072 - root - INFO - train ap: 0.8565929096663693, test ap: 0.907993093605461
2024-08-16 22:07:10,073 - root - INFO - start 40 epoch
2024-08-16 22:07:14,530 - root - INFO - epoch: 40:
2024-08-16 22:07:14,530 - root - INFO - Epoch mean loss: 0.3925168088504246
2024-08-16 22:07:14,530 - root - INFO - train acc: 0.8371819196428572, test acc: 0.8816666666666666
2024-08-16 22:07:14,530 - root - INFO - train ap: 0.8616798590415586, test ap: 0.9119437776318989
2024-08-16 22:07:14,531 - root - INFO - start 41 epoch
2024-08-16 22:07:18,965 - root - INFO - epoch: 41:
2024-08-16 22:07:18,965 - root - INFO - Epoch mean loss: 0.3768684374434607
2024-08-16 22:07:18,965 - root - INFO - train acc: 0.8477232142857142, test acc: 0.8877777777777778
2024-08-16 22:07:18,965 - root - INFO - train ap: 0.8704545754251046, test ap: 0.9114006680653933
2024-08-16 22:07:18,966 - root - INFO - start 42 epoch
2024-08-16 22:07:23,395 - root - INFO - epoch: 42:
2024-08-16 22:07:23,395 - root - INFO - Epoch mean loss: 0.36656782031059265
2024-08-16 22:07:23,395 - root - INFO - train acc: 0.8540959821428571, test acc: 0.8894444444444444
2024-08-16 22:07:23,395 - root - INFO - train ap: 0.8725874933825998, test ap: 0.9160059691941095
2024-08-16 22:07:23,396 - root - INFO - start 43 epoch
2024-08-16 22:07:27,849 - root - INFO - epoch: 43:
2024-08-16 22:07:27,849 - root - INFO - Epoch mean loss: 0.36536303056137903
2024-08-16 22:07:27,849 - root - INFO - train acc: 0.851484375, test acc: 0.8933333333333333
2024-08-16 22:07:27,849 - root - INFO - train ap: 0.8666041349213051, test ap: 0.9199339875574765
2024-08-16 22:07:27,850 - root - INFO - start 44 epoch
2024-08-16 22:07:32,294 - root - INFO - epoch: 44:
2024-08-16 22:07:32,294 - root - INFO - Epoch mean loss: 0.3520112154739244
2024-08-16 22:07:32,295 - root - INFO - train acc: 0.8607310267857143, test acc: 0.8988888888888888
2024-08-16 22:07:32,295 - root - INFO - train ap: 0.8812469003048325, test ap: 0.9244056267447862
2024-08-16 22:07:32,296 - root - INFO - start 45 epoch
2024-08-16 22:07:36,725 - root - INFO - epoch: 45:
2024-08-16 22:07:36,725 - root - INFO - Epoch mean loss: 0.3458984504852976
2024-08-16 22:07:36,726 - root - INFO - train acc: 0.8586774553571429, test acc: 0.9005555555555557
2024-08-16 22:07:36,726 - root - INFO - train ap: 0.8819229365268804, test ap: 0.9274536735658215
2024-08-16 22:07:36,727 - root - INFO - start 46 epoch
2024-08-16 22:07:41,258 - root - INFO - epoch: 46:
2024-08-16 22:07:41,258 - root - INFO - Epoch mean loss: 0.3368062951735088
2024-08-16 22:07:41,258 - root - INFO - train acc: 0.8658314732142857, test acc: 0.9033333333333334
2024-08-16 22:07:41,258 - root - INFO - train ap: 0.8818801973197622, test ap: 0.9301971117117839
2024-08-16 22:07:41,259 - root - INFO - start 47 epoch
2024-08-16 22:07:45,708 - root - INFO - epoch: 47:
2024-08-16 22:07:45,708 - root - INFO - Epoch mean loss: 0.3293322335396494
2024-08-16 22:07:45,708 - root - INFO - train acc: 0.8695591517857143, test acc: 0.905
2024-08-16 22:07:45,708 - root - INFO - train ap: 0.8916371545210746, test ap: 0.9339545737000853
2024-08-16 22:07:45,709 - root - INFO - start 48 epoch
2024-08-16 22:07:50,145 - root - INFO - epoch: 48:
2024-08-16 22:07:50,145 - root - INFO - Epoch mean loss: 0.3216557183435985
2024-08-16 22:07:50,145 - root - INFO - train acc: 0.8745033482142857, test acc: 0.9083333333333333
2024-08-16 22:07:50,145 - root - INFO - train ap: 0.8894601519464684, test ap: 0.9360054491465633
2024-08-16 22:07:50,146 - root - INFO - start 49 epoch
2024-08-16 22:07:54,579 - root - INFO - epoch: 49:
2024-08-16 22:07:54,580 - root - INFO - Epoch mean loss: 0.3165869622358254
2024-08-16 22:07:54,580 - root - INFO - train acc: 0.8728459821428572, test acc: 0.9116666666666667
2024-08-16 22:07:54,580 - root - INFO - train ap: 0.8983607666758596, test ap: 0.9392635514162638
2024-08-16 22:07:54,581 - root - INFO - start 50 epoch
2024-08-16 22:07:59,141 - root - INFO - epoch: 50:
2024-08-16 22:07:59,141 - root - INFO - Epoch mean loss: 0.3114013464323112
2024-08-16 22:07:59,141 - root - INFO - train acc: 0.8759933035714286, test acc: 0.9116666666666667
2024-08-16 22:07:59,141 - root - INFO - train ap: 0.8935538318990037, test ap: 0.9420097545910917
2024-08-16 22:07:59,142 - root - INFO - start 51 epoch
2024-08-16 22:08:03,704 - root - INFO - epoch: 51:
2024-08-16 22:08:03,704 - root - INFO - Epoch mean loss: 0.3043819027287619
2024-08-16 22:08:03,704 - root - INFO - train acc: 0.8831082589285714, test acc: 0.9105555555555557
2024-08-16 22:08:03,704 - root - INFO - train ap: 0.8967248548764774, test ap: 0.9425388414828187
2024-08-16 22:08:03,705 - root - INFO - start 52 epoch
2024-08-16 22:08:08,152 - root - INFO - epoch: 52:
2024-08-16 22:08:08,152 - root - INFO - Epoch mean loss: 0.2959697682942663
2024-08-16 22:08:08,152 - root - INFO - train acc: 0.8866127232142856, test acc: 0.9105555555555557
2024-08-16 22:08:08,152 - root - INFO - train ap: 0.9010011192237662, test ap: 0.9437544082935175
2024-08-16 22:08:08,153 - root - INFO - start 53 epoch
2024-08-16 22:08:12,610 - root - INFO - epoch: 53:
2024-08-16 22:08:12,610 - root - INFO - Epoch mean loss: 0.28733418456145693
2024-08-16 22:08:12,610 - root - INFO - train acc: 0.8907366071428572, test acc: 0.9144444444444446
2024-08-16 22:08:12,610 - root - INFO - train ap: 0.9044744838989055, test ap: 0.9448964375461737
2024-08-16 22:08:12,611 - root - INFO - start 54 epoch
2024-08-16 22:08:17,053 - root - INFO - epoch: 54:
2024-08-16 22:08:17,053 - root - INFO - Epoch mean loss: 0.2854363758649145
2024-08-16 22:08:17,053 - root - INFO - train acc: 0.8922544642857143, test acc: 0.9155555555555556
2024-08-16 22:08:17,053 - root - INFO - train ap: 0.9045835705903885, test ap: 0.9451554006374832
2024-08-16 22:08:17,054 - root - INFO - start 55 epoch
2024-08-16 22:08:21,450 - root - INFO - epoch: 55:
2024-08-16 22:08:21,450 - root - INFO - Epoch mean loss: 0.28040805937988417
2024-08-16 22:08:21,450 - root - INFO - train acc: 0.897734375, test acc: 0.9161111111111111
2024-08-16 22:08:21,450 - root - INFO - train ap: 0.9024832998287883, test ap: 0.9453864973427796
2024-08-16 22:08:21,451 - root - INFO - start 56 epoch
2024-08-16 22:08:25,920 - root - INFO - epoch: 56:
2024-08-16 22:08:25,920 - root - INFO - Epoch mean loss: 0.27485368879778044
2024-08-16 22:08:25,920 - root - INFO - train acc: 0.8958984375, test acc: 0.9166666666666666
2024-08-16 22:08:25,920 - root - INFO - train ap: 0.9075311078271968, test ap: 0.946825553428431
2024-08-16 22:08:25,921 - root - INFO - start 57 epoch
2024-08-16 22:08:30,336 - root - INFO - epoch: 57:
2024-08-16 22:08:30,336 - root - INFO - Epoch mean loss: 0.2740162190582071
2024-08-16 22:08:30,337 - root - INFO - train acc: 0.9007031249999999, test acc: 0.9155555555555556
2024-08-16 22:08:30,337 - root - INFO - train ap: 0.9031803654612182, test ap: 0.9490411154440771
2024-08-16 22:08:30,338 - root - INFO - start 58 epoch
2024-08-16 22:08:34,763 - root - INFO - epoch: 58:
2024-08-16 22:08:34,764 - root - INFO - Epoch mean loss: 0.2643205901341779
2024-08-16 22:08:34,764 - root - INFO - train acc: 0.9004241071428571, test acc: 0.9183333333333333
2024-08-16 22:08:34,764 - root - INFO - train ap: 0.9087812753927157, test ap: 0.9478292778774425
2024-08-16 22:08:34,765 - root - INFO - start 59 epoch
2024-08-16 22:08:39,199 - root - INFO - epoch: 59:
2024-08-16 22:08:39,199 - root - INFO - Epoch mean loss: 0.25890001175659044
2024-08-16 22:08:39,199 - root - INFO - train acc: 0.9048883928571428, test acc: 0.9177777777777778
2024-08-16 22:08:39,199 - root - INFO - train ap: 0.9114031737188599, test ap: 0.948037190793039
2024-08-16 22:08:39,200 - root - INFO - start 60 epoch
2024-08-16 22:08:43,691 - root - INFO - epoch: 60:
2024-08-16 22:08:43,691 - root - INFO - Epoch mean loss: 0.2568497412971088
2024-08-16 22:08:43,691 - root - INFO - train acc: 0.9050279017857142, test acc: 0.918888888888889
2024-08-16 22:08:43,691 - root - INFO - train ap: 0.9149129877945505, test ap: 0.9489582715396455
2024-08-16 22:08:43,692 - root - INFO - start 61 epoch
2024-08-16 22:08:48,206 - root - INFO - epoch: 61:
2024-08-16 22:08:48,206 - root - INFO - Epoch mean loss: 0.2553683439535754
2024-08-16 22:08:48,207 - root - INFO - train acc: 0.9072377232142858, test acc: 0.9211111111111111
2024-08-16 22:08:48,207 - root - INFO - train ap: 0.910431783238859, test ap: 0.9492334303048561
2024-08-16 22:08:48,208 - root - INFO - start 62 epoch
2024-08-16 22:08:52,674 - root - INFO - epoch: 62:
2024-08-16 22:08:52,674 - root - INFO - Epoch mean loss: 0.2512611858546734
2024-08-16 22:08:52,675 - root - INFO - train acc: 0.907578125, test acc: 0.9216666666666667
2024-08-16 22:08:52,675 - root - INFO - train ap: 0.9164253189109163, test ap: 0.9499532047832433
2024-08-16 22:08:52,675 - root - INFO - start 63 epoch
2024-08-16 22:08:57,096 - root - INFO - epoch: 63:
2024-08-16 22:08:57,096 - root - INFO - Epoch mean loss: 0.24673434613006456
2024-08-16 22:08:57,096 - root - INFO - train acc: 0.9105859374999999, test acc: 0.9222222222222222
2024-08-16 22:08:57,096 - root - INFO - train ap: 0.917308408089743, test ap: 0.9517526585002389
2024-08-16 22:08:57,097 - root - INFO - start 64 epoch
2024-08-16 22:09:01,617 - root - INFO - epoch: 64:
2024-08-16 22:09:01,617 - root - INFO - Epoch mean loss: 0.24227714698229516
2024-08-16 22:09:01,617 - root - INFO - train acc: 0.9110658482142858, test acc: 0.9261111111111112
2024-08-16 22:09:01,617 - root - INFO - train ap: 0.9177376996870112, test ap: 0.9509432236151738
2024-08-16 22:09:01,618 - root - INFO - start 65 epoch
2024-08-16 22:09:06,165 - root - INFO - epoch: 65:
2024-08-16 22:09:06,165 - root - INFO - Epoch mean loss: 0.240847005375794
2024-08-16 22:09:06,165 - root - INFO - train acc: 0.9143303571428572, test acc: 0.9227777777777778
2024-08-16 22:09:06,165 - root - INFO - train ap: 0.9157609858699997, test ap: 0.9498947531560105
2024-08-16 22:09:06,166 - root - INFO - start 66 epoch
2024-08-16 22:09:10,627 - root - INFO - epoch: 66:
2024-08-16 22:09:10,628 - root - INFO - Epoch mean loss: 0.23842357045837811
2024-08-16 22:09:10,628 - root - INFO - train acc: 0.9119810267857142, test acc: 0.9266666666666669
2024-08-16 22:09:10,628 - root - INFO - train ap: 0.9244670883944975, test ap: 0.9521051403866568
2024-08-16 22:09:10,629 - root - INFO - start 67 epoch
2024-08-16 22:09:15,057 - root - INFO - epoch: 67:
2024-08-16 22:09:15,057 - root - INFO - Epoch mean loss: 0.23876473573701723
2024-08-16 22:09:15,057 - root - INFO - train acc: 0.9112444196428572, test acc: 0.9261111111111112
2024-08-16 22:09:15,057 - root - INFO - train ap: 0.9231023268393103, test ap: 0.9523019377576738
2024-08-16 22:09:15,058 - root - INFO - start 68 epoch
2024-08-16 22:09:19,467 - root - INFO - epoch: 68:
2024-08-16 22:09:19,467 - root - INFO - Epoch mean loss: 0.23383407773716108
2024-08-16 22:09:19,467 - root - INFO - train acc: 0.9169642857142858, test acc: 0.9272222222222222
2024-08-16 22:09:19,467 - root - INFO - train ap: 0.9179382280122663, test ap: 0.9521596233464314
2024-08-16 22:09:19,468 - root - INFO - start 69 epoch
2024-08-16 22:09:23,961 - root - INFO - epoch: 69:
2024-08-16 22:09:23,961 - root - INFO - Epoch mean loss: 0.233714901975223
2024-08-16 22:09:23,961 - root - INFO - train acc: 0.9181417410714285, test acc: 0.9261111111111112
2024-08-16 22:09:23,962 - root - INFO - train ap: 0.9165372064152535, test ap: 0.9518111958512768
2024-08-16 22:09:23,963 - root - INFO - start 70 epoch
2024-08-16 22:09:28,413 - root - INFO - epoch: 70:
2024-08-16 22:09:28,413 - root - INFO - Epoch mean loss: 0.23420000821352005
2024-08-16 22:09:28,413 - root - INFO - train acc: 0.9155468750000001, test acc: 0.9261111111111112
2024-08-16 22:09:28,413 - root - INFO - train ap: 0.924631899155359, test ap: 0.9502396082541474
2024-08-16 22:09:28,414 - root - INFO - start 71 epoch
2024-08-16 22:09:32,880 - root - INFO - epoch: 71:
2024-08-16 22:09:32,880 - root - INFO - Epoch mean loss: 0.22367171996406146
2024-08-16 22:09:32,880 - root - INFO - train acc: 0.9170033482142858, test acc: 0.9255555555555556
2024-08-16 22:09:32,881 - root - INFO - train ap: 0.9291132964916188, test ap: 0.9526567033061001
2024-08-16 22:09:32,881 - root - INFO - start 72 epoch
2024-08-16 22:09:37,349 - root - INFO - epoch: 72:
2024-08-16 22:09:37,349 - root - INFO - Epoch mean loss: 0.22268019510166986
2024-08-16 22:09:37,349 - root - INFO - train acc: 0.9200502232142858, test acc: 0.9261111111111112
2024-08-16 22:09:37,349 - root - INFO - train ap: 0.9279885386625475, test ap: 0.9500698477924507
2024-08-16 22:09:37,350 - root - INFO - start 73 epoch
2024-08-16 22:09:41,760 - root - INFO - epoch: 73:
2024-08-16 22:09:41,760 - root - INFO - Epoch mean loss: 0.22439986946327345
2024-08-16 22:09:41,761 - root - INFO - train acc: 0.9183147321428571, test acc: 0.9255555555555557
2024-08-16 22:09:41,761 - root - INFO - train ap: 0.9230489594176591, test ap: 0.9514833132714222
2024-08-16 22:09:41,761 - root - INFO - start 74 epoch
2024-08-16 22:09:46,326 - root - INFO - epoch: 74:
2024-08-16 22:09:46,326 - root - INFO - Epoch mean loss: 0.22249428182840347
2024-08-16 22:09:46,326 - root - INFO - train acc: 0.9207700892857142, test acc: 0.9266666666666666
2024-08-16 22:09:46,326 - root - INFO - train ap: 0.9235177327213826, test ap: 0.9523618943516298
2024-08-16 22:09:46,327 - root - INFO - start 75 epoch
2024-08-16 22:09:50,732 - root - INFO - epoch: 75:
2024-08-16 22:09:50,732 - root - INFO - Epoch mean loss: 0.22253548726439476
2024-08-16 22:09:50,732 - root - INFO - train acc: 0.9189341517857142, test acc: 0.9255555555555557
2024-08-16 22:09:50,732 - root - INFO - train ap: 0.9266868663154063, test ap: 0.9498683500793257
2024-08-16 22:09:50,733 - root - INFO - start 76 epoch
2024-08-16 22:09:55,220 - root - INFO - epoch: 76:
2024-08-16 22:09:55,220 - root - INFO - Epoch mean loss: 0.21910249920828
2024-08-16 22:09:55,220 - root - INFO - train acc: 0.9230189732142857, test acc: 0.9266666666666666
2024-08-16 22:09:55,220 - root - INFO - train ap: 0.9268682255693258, test ap: 0.9500844137236942
2024-08-16 22:09:55,221 - root - INFO - start 77 epoch
2024-08-16 22:09:59,662 - root - INFO - epoch: 77:
2024-08-16 22:09:59,662 - root - INFO - Epoch mean loss: 0.21585721522569656
2024-08-16 22:09:59,662 - root - INFO - train acc: 0.9238392857142858, test acc: 0.9277777777777778
2024-08-16 22:09:59,662 - root - INFO - train ap: 0.9285112914823129, test ap: 0.9507773901538976
2024-08-16 22:09:59,663 - root - INFO - start 78 epoch
2024-08-16 22:10:04,091 - root - INFO - epoch: 78:
2024-08-16 22:10:04,091 - root - INFO - Epoch mean loss: 0.21556323394179344
2024-08-16 22:10:04,091 - root - INFO - train acc: 0.9239174107142858, test acc: 0.9255555555555557
2024-08-16 22:10:04,091 - root - INFO - train ap: 0.9304952411069386, test ap: 0.9511365505356213
2024-08-16 22:10:04,092 - root - INFO - start 79 epoch
2024-08-16 22:10:08,512 - root - INFO - epoch: 79:
2024-08-16 22:10:08,512 - root - INFO - Epoch mean loss: 0.21804665348359517
2024-08-16 22:10:08,512 - root - INFO - train acc: 0.9232589285714285, test acc: 0.9272222222222223
2024-08-16 22:10:08,512 - root - INFO - train ap: 0.9236648053717378, test ap: 0.9510660268945911
2024-08-16 22:10:08,513 - root - INFO - start 80 epoch
2024-08-16 22:10:12,912 - root - INFO - epoch: 80:
2024-08-16 22:10:12,912 - root - INFO - Epoch mean loss: 0.21383906847664289
2024-08-16 22:10:12,912 - root - INFO - train acc: 0.9258314732142857, test acc: 0.9272222222222223
2024-08-16 22:10:12,912 - root - INFO - train ap: 0.9322653774900225, test ap: 0.9515854190845193
2024-08-16 22:10:12,922 - root - INFO - start 81 epoch
2024-08-16 22:10:17,368 - root - INFO - epoch: 81:
2024-08-16 22:10:17,368 - root - INFO - Epoch mean loss: 0.21394836317215646
2024-08-16 22:10:17,368 - root - INFO - train acc: 0.9240959821428572, test acc: 0.928888888888889
2024-08-16 22:10:17,368 - root - INFO - train ap: 0.9286763991274737, test ap: 0.9516069273964688
2024-08-16 22:10:17,369 - root - INFO - start 82 epoch
2024-08-16 22:10:21,827 - root - INFO - epoch: 82:
2024-08-16 22:10:21,827 - root - INFO - Epoch mean loss: 0.21133968180843762
2024-08-16 22:10:21,827 - root - INFO - train acc: 0.9254520089285715, test acc: 0.9283333333333335
2024-08-16 22:10:21,827 - root - INFO - train ap: 0.9303606803771337, test ap: 0.9512494414823671
2024-08-16 22:10:21,828 - root - INFO - start 83 epoch
2024-08-16 22:10:26,291 - root - INFO - epoch: 83:
2024-08-16 22:10:26,291 - root - INFO - Epoch mean loss: 0.2131480569286006
2024-08-16 22:10:26,291 - root - INFO - train acc: 0.9241573660714285, test acc: 0.9272222222222222
2024-08-16 22:10:26,291 - root - INFO - train ap: 0.9318859912799591, test ap: 0.9514720659702501
2024-08-16 22:10:26,292 - root - INFO - start 84 epoch
2024-08-16 22:10:30,704 - root - INFO - epoch: 84:
2024-08-16 22:10:30,704 - root - INFO - Epoch mean loss: 0.21302997693419456
2024-08-16 22:10:30,704 - root - INFO - train acc: 0.9239397321428572, test acc: 0.9277777777777779
2024-08-16 22:10:30,704 - root - INFO - train ap: 0.9340385380220122, test ap: 0.9521830013052175
2024-08-16 22:10:30,705 - root - INFO - start 85 epoch
2024-08-16 22:10:35,192 - root - INFO - epoch: 85:
2024-08-16 22:10:35,193 - root - INFO - Epoch mean loss: 0.20954700399722373
2024-08-16 22:10:35,193 - root - INFO - train acc: 0.9262499999999999, test acc: 0.9277777777777778
2024-08-16 22:10:35,193 - root - INFO - train ap: 0.9340924517707002, test ap: 0.9530766159273981
2024-08-16 22:10:35,194 - root - INFO - start 86 epoch
2024-08-16 22:10:39,632 - root - INFO - epoch: 86:
2024-08-16 22:10:39,633 - root - INFO - Epoch mean loss: 0.20881898435098784
2024-08-16 22:10:39,633 - root - INFO - train acc: 0.9270033482142858, test acc: 0.9283333333333335
2024-08-16 22:10:39,633 - root - INFO - train ap: 0.9325675829090238, test ap: 0.9527784980399947
2024-08-16 22:10:39,634 - root - INFO - start 87 epoch
2024-08-16 22:10:44,039 - root - INFO - epoch: 87:
2024-08-16 22:10:44,039 - root - INFO - Epoch mean loss: 0.21110114721315248
2024-08-16 22:10:44,039 - root - INFO - train acc: 0.9246149553571429, test acc: 0.9283333333333335
2024-08-16 22:10:44,039 - root - INFO - train ap: 0.9329047437669595, test ap: 0.9528449102996313
2024-08-16 22:10:44,040 - root - INFO - start 88 epoch
2024-08-16 22:10:48,518 - root - INFO - epoch: 88:
2024-08-16 22:10:48,518 - root - INFO - Epoch mean loss: 0.20425864309072495
2024-08-16 22:10:48,518 - root - INFO - train acc: 0.9285993303571428, test acc: 0.9277777777777779
2024-08-16 22:10:48,518 - root - INFO - train ap: 0.9367526166979722, test ap: 0.9527283870246258
2024-08-16 22:10:48,519 - root - INFO - start 89 epoch
2024-08-16 22:10:52,911 - root - INFO - epoch: 89:
2024-08-16 22:10:52,911 - root - INFO - Epoch mean loss: 0.20625013432332448
2024-08-16 22:10:52,911 - root - INFO - train acc: 0.9275837053571429, test acc: 0.9283333333333335
2024-08-16 22:10:52,911 - root - INFO - train ap: 0.9361735491170634, test ap: 0.9520336237079301
2024-08-16 22:10:52,912 - root - INFO - start 90 epoch
2024-08-16 22:10:57,364 - root - INFO - epoch: 90:
2024-08-16 22:10:57,364 - root - INFO - Epoch mean loss: 0.2050292912338461
2024-08-16 22:10:57,365 - root - INFO - train acc: 0.9295368303571429, test acc: 0.9294444444444445
2024-08-16 22:10:57,365 - root - INFO - train ap: 0.9363634043600478, test ap: 0.9523003753703585
2024-08-16 22:10:57,365 - root - INFO - start 91 epoch
2024-08-16 22:11:01,802 - root - INFO - epoch: 91:
2024-08-16 22:11:01,802 - root - INFO - Epoch mean loss: 0.20501925210867608
2024-08-16 22:11:01,802 - root - INFO - train acc: 0.9262499999999999, test acc: 0.9266666666666669
2024-08-16 22:11:01,803 - root - INFO - train ap: 0.9370716908418352, test ap: 0.9525664144522582
2024-08-16 22:11:01,803 - root - INFO - start 92 epoch
2024-08-16 22:11:06,333 - root - INFO - epoch: 92:
2024-08-16 22:11:06,333 - root - INFO - Epoch mean loss: 0.2013018067393984
2024-08-16 22:11:06,333 - root - INFO - train acc: 0.9306529017857142, test acc: 0.9283333333333335
2024-08-16 22:11:06,333 - root - INFO - train ap: 0.932868685392828, test ap: 0.9526510161284747
2024-08-16 22:11:06,334 - root - INFO - start 93 epoch
2024-08-16 22:11:10,810 - root - INFO - epoch: 93:
2024-08-16 22:11:10,810 - root - INFO - Epoch mean loss: 0.2018977403640747
2024-08-16 22:11:10,810 - root - INFO - train acc: 0.9275446428571429, test acc: 0.928888888888889
2024-08-16 22:11:10,810 - root - INFO - train ap: 0.9380520469980052, test ap: 0.9531594048957922
2024-08-16 22:11:10,811 - root - INFO - start 94 epoch
2024-08-16 22:11:15,251 - root - INFO - epoch: 94:
2024-08-16 22:11:15,251 - root - INFO - Epoch mean loss: 0.20289648749998637
2024-08-16 22:11:15,251 - root - INFO - train acc: 0.9275837053571429, test acc: 0.9305555555555556
2024-08-16 22:11:15,251 - root - INFO - train ap: 0.93428897920115, test ap: 0.9526710044073916
2024-08-16 22:11:15,252 - root - INFO - start 95 epoch
2024-08-16 22:11:19,655 - root - INFO - epoch: 95:
2024-08-16 22:11:19,655 - root - INFO - Epoch mean loss: 0.20386351644992828
2024-08-16 22:11:19,655 - root - INFO - train acc: 0.9300558035714286, test acc: 0.9305555555555556
2024-08-16 22:11:19,655 - root - INFO - train ap: 0.9332045302789574, test ap: 0.9536925395560275
2024-08-16 22:11:19,656 - root - INFO - start 96 epoch
2024-08-16 22:11:24,081 - root - INFO - epoch: 96:
2024-08-16 22:11:24,081 - root - INFO - Epoch mean loss: 0.2027481815644673
2024-08-16 22:11:24,081 - root - INFO - train acc: 0.9295758928571428, test acc: 0.9305555555555556
2024-08-16 22:11:24,081 - root - INFO - train ap: 0.9377748470281962, test ap: 0.9540353092202257
2024-08-16 22:11:24,082 - root - INFO - start 97 epoch
2024-08-16 22:11:28,576 - root - INFO - epoch: 97:
2024-08-16 22:11:28,576 - root - INFO - Epoch mean loss: 0.20287129070077622
2024-08-16 22:11:28,576 - root - INFO - train acc: 0.9286383928571428, test acc: 0.9305555555555556
2024-08-16 22:11:28,576 - root - INFO - train ap: 0.937258500386498, test ap: 0.9537278766660535
2024-08-16 22:11:28,577 - root - INFO - start 98 epoch
2024-08-16 22:11:33,025 - root - INFO - epoch: 98:
2024-08-16 22:11:33,025 - root - INFO - Epoch mean loss: 0.19957589730620384
2024-08-16 22:11:33,025 - root - INFO - train acc: 0.9303125, test acc: 0.9305555555555556
2024-08-16 22:11:33,025 - root - INFO - train ap: 0.9393554966909283, test ap: 0.9536655329073248
2024-08-16 22:11:33,026 - root - INFO - start 99 epoch
2024-08-16 22:11:37,462 - root - INFO - epoch: 99:
2024-08-16 22:11:37,462 - root - INFO - Epoch mean loss: 0.20114113975848472
2024-08-16 22:11:37,462 - root - INFO - train acc: 0.9307533482142858, test acc: 0.9277777777777778
2024-08-16 22:11:37,462 - root - INFO - train ap: 0.9410654210057279, test ap: 0.9523879445542721
2024-08-16 22:11:37,463 - root - INFO - Saving TGAN model
2024-08-16 22:11:37,464 - root - INFO - TGAN models saved
