2024-09-04 10:47:32,485 - root - INFO - Namespace(data='simulate_v1', bs=256, prefix='simulate_v1', n_degree=10, n_head=2, n_epoch=150, n_layer=2, lr=0.0001, drop_out=0.1, gpu=1, node_dim=100, time_dim=100, agg_method='attn', attn_mode='prod', time='time', uniform=False)
2024-09-04 10:47:32,540 - module - INFO - Aggregation uses attention model
2024-09-04 10:47:32,541 - module - INFO - Using scaled prod attention
2024-09-04 10:47:32,541 - module - INFO - Using scaled prod attention
2024-09-04 10:47:32,541 - module - INFO - Using time encoding
2024-09-04 10:47:32,903 - root - INFO - num of training instances: 7113
2024-09-04 10:47:32,903 - root - INFO - num of batches per epoch: 28
2024-09-04 10:47:32,903 - root - INFO - start 0 epoch
2024-09-04 10:47:37,263 - root - INFO - epoch: 0:
2024-09-04 10:47:37,263 - root - INFO - Epoch mean loss: 0.7015430097069059
2024-09-04 10:47:37,263 - root - INFO - train acc: 0.5000613839285715, test acc: 0.5009722222222223
2024-09-04 10:47:37,263 - root - INFO - train ap: 0.524731545563795, test ap: 0.6401151833093432
2024-09-04 10:47:37,264 - root - INFO - start 1 epoch
2024-09-04 10:47:41,606 - root - INFO - epoch: 1:
2024-09-04 10:47:41,606 - root - INFO - Epoch mean loss: 0.698762412582125
2024-09-04 10:47:41,606 - root - INFO - train acc: 0.5000613839285715, test acc: 0.5009722222222223
2024-09-04 10:47:41,606 - root - INFO - train ap: 0.5373747105145976, test ap: 0.6741172226650104
2024-09-04 10:47:41,607 - root - INFO - start 2 epoch
2024-09-04 10:47:45,951 - root - INFO - epoch: 2:
2024-09-04 10:47:45,951 - root - INFO - Epoch mean loss: 0.6963634874139514
2024-09-04 10:47:45,951 - root - INFO - train acc: 0.5000613839285715, test acc: 0.5009722222222223
2024-09-04 10:47:45,951 - root - INFO - train ap: 0.5424907449457697, test ap: 0.6809897498138133
2024-09-04 10:47:45,952 - root - INFO - start 3 epoch
2024-09-04 10:47:50,302 - root - INFO - epoch: 3:
2024-09-04 10:47:50,302 - root - INFO - Epoch mean loss: 0.6947844390358243
2024-09-04 10:47:50,302 - root - INFO - train acc: 0.499921875, test acc: 0.5009722222222223
2024-09-04 10:47:50,302 - root - INFO - train ap: 0.5489415845807534, test ap: 0.6992089536876798
2024-09-04 10:47:50,303 - root - INFO - start 4 epoch
2024-09-04 10:47:54,639 - root - INFO - epoch: 4:
2024-09-04 10:47:54,639 - root - INFO - Epoch mean loss: 0.6923536275114331
2024-09-04 10:47:54,639 - root - INFO - train acc: 0.5008370535714286, test acc: 0.5009722222222223
2024-09-04 10:47:54,639 - root - INFO - train ap: 0.5801898502541398, test ap: 0.7087312124152441
2024-09-04 10:47:54,640 - root - INFO - start 5 epoch
2024-09-04 10:47:58,990 - root - INFO - epoch: 5:
2024-09-04 10:47:58,990 - root - INFO - Epoch mean loss: 0.6900016111986977
2024-09-04 10:47:58,990 - root - INFO - train acc: 0.5055412946428571, test acc: 0.5009722222222223
2024-09-04 10:47:58,990 - root - INFO - train ap: 0.602443065565934, test ap: 0.7114696953770472
2024-09-04 10:47:58,991 - root - INFO - start 6 epoch
2024-09-04 10:48:03,338 - root - INFO - epoch: 6:
2024-09-04 10:48:03,338 - root - INFO - Epoch mean loss: 0.6887796244450978
2024-09-04 10:48:03,339 - root - INFO - train acc: 0.5130747767857142, test acc: 0.5104166666666666
2024-09-04 10:48:03,339 - root - INFO - train ap: 0.5977711896285751, test ap: 0.7178917986754905
2024-09-04 10:48:03,339 - root - INFO - start 7 epoch
2024-09-04 10:48:07,675 - root - INFO - epoch: 7:
2024-09-04 10:48:07,675 - root - INFO - Epoch mean loss: 0.6870075868708747
2024-09-04 10:48:07,675 - root - INFO - train acc: 0.5295926339285714, test acc: 0.55875
2024-09-04 10:48:07,675 - root - INFO - train ap: 0.6117909067825605, test ap: 0.7187297376785414
2024-09-04 10:48:07,676 - root - INFO - start 8 epoch
2024-09-04 10:48:12,030 - root - INFO - epoch: 8:
2024-09-04 10:48:12,030 - root - INFO - Epoch mean loss: 0.6857503652572632
2024-09-04 10:48:12,030 - root - INFO - train acc: 0.5466741071428571, test acc: 0.5904166666666667
2024-09-04 10:48:12,030 - root - INFO - train ap: 0.621589954928841, test ap: 0.7166917778920411
2024-09-04 10:48:12,031 - root - INFO - start 9 epoch
2024-09-04 10:48:16,369 - root - INFO - epoch: 9:
2024-09-04 10:48:16,369 - root - INFO - Epoch mean loss: 0.6839767247438431
2024-09-04 10:48:16,369 - root - INFO - train acc: 0.5632645089285714, test acc: 0.6265277777777776
2024-09-04 10:48:16,369 - root - INFO - train ap: 0.6336191266170007, test ap: 0.7124848596852956
2024-09-04 10:48:16,370 - root - INFO - start 10 epoch
2024-09-04 10:48:20,707 - root - INFO - epoch: 10:
2024-09-04 10:48:20,707 - root - INFO - Epoch mean loss: 0.6829991468361446
2024-09-04 10:48:20,707 - root - INFO - train acc: 0.5870982142857143, test acc: 0.6540277777777777
2024-09-04 10:48:20,707 - root - INFO - train ap: 0.6370190541980685, test ap: 0.7114033487331568
2024-09-04 10:48:20,708 - root - INFO - start 11 epoch
2024-09-04 10:48:25,049 - root - INFO - epoch: 11:
2024-09-04 10:48:25,049 - root - INFO - Epoch mean loss: 0.6805998768125262
2024-09-04 10:48:25,049 - root - INFO - train acc: 0.6029408482142857, test acc: 0.6695833333333333
2024-09-04 10:48:25,049 - root - INFO - train ap: 0.6516329660038219, test ap: 0.7141791253598293
2024-09-04 10:48:25,050 - root - INFO - start 12 epoch
2024-09-04 10:48:29,393 - root - INFO - epoch: 12:
2024-09-04 10:48:29,393 - root - INFO - Epoch mean loss: 0.6792422745909009
2024-09-04 10:48:29,393 - root - INFO - train acc: 0.604609375, test acc: 0.6723611111111111
2024-09-04 10:48:29,393 - root - INFO - train ap: 0.6529134955410998, test ap: 0.7170039300968791
2024-09-04 10:48:29,394 - root - INFO - start 13 epoch
2024-09-04 10:48:33,741 - root - INFO - epoch: 13:
2024-09-04 10:48:33,741 - root - INFO - Epoch mean loss: 0.6769496606928962
2024-09-04 10:48:33,741 - root - INFO - train acc: 0.6233258928571429, test acc: 0.6768055555555555
2024-09-04 10:48:33,742 - root - INFO - train ap: 0.6641879843873684, test ap: 0.7211354081182884
2024-09-04 10:48:33,742 - root - INFO - start 14 epoch
2024-09-04 10:48:38,093 - root - INFO - epoch: 14:
2024-09-04 10:48:38,093 - root - INFO - Epoch mean loss: 0.6732270121574402
2024-09-04 10:48:38,093 - root - INFO - train acc: 0.6344308035714287, test acc: 0.6794444444444444
2024-09-04 10:48:38,093 - root - INFO - train ap: 0.6786114355390099, test ap: 0.7268712753324649
2024-09-04 10:48:38,094 - root - INFO - start 15 epoch
2024-09-04 10:48:42,437 - root - INFO - epoch: 15:
2024-09-04 10:48:42,437 - root - INFO - Epoch mean loss: 0.6706094805683408
2024-09-04 10:48:42,437 - root - INFO - train acc: 0.6410435267857143, test acc: 0.6822222222222223
2024-09-04 10:48:42,437 - root - INFO - train ap: 0.680247903788675, test ap: 0.7310344960571717
2024-09-04 10:48:42,438 - root - INFO - start 16 epoch
2024-09-04 10:48:46,790 - root - INFO - epoch: 16:
2024-09-04 10:48:46,790 - root - INFO - Epoch mean loss: 0.6667183531182153
2024-09-04 10:48:46,790 - root - INFO - train acc: 0.6500725446428571, test acc: 0.6866666666666666
2024-09-04 10:48:46,790 - root - INFO - train ap: 0.6910765929974064, test ap: 0.7353998795114886
2024-09-04 10:48:46,791 - root - INFO - start 17 epoch
2024-09-04 10:48:51,133 - root - INFO - epoch: 17:
2024-09-04 10:48:51,134 - root - INFO - Epoch mean loss: 0.662531533411571
2024-09-04 10:48:51,134 - root - INFO - train acc: 0.6607477678571428, test acc: 0.6866666666666666
2024-09-04 10:48:51,134 - root - INFO - train ap: 0.7051394846250272, test ap: 0.73936452512013
2024-09-04 10:48:51,135 - root - INFO - start 18 epoch
2024-09-04 10:48:55,483 - root - INFO - epoch: 18:
2024-09-04 10:48:55,483 - root - INFO - Epoch mean loss: 0.6572914783443723
2024-09-04 10:48:55,483 - root - INFO - train acc: 0.6655691964285715, test acc: 0.6933333333333332
2024-09-04 10:48:55,483 - root - INFO - train ap: 0.7095382718003628, test ap: 0.7443085902145684
2024-09-04 10:48:55,484 - root - INFO - start 19 epoch
2024-09-04 10:48:59,825 - root - INFO - epoch: 19:
2024-09-04 10:48:59,825 - root - INFO - Epoch mean loss: 0.6509376232113157
2024-09-04 10:48:59,826 - root - INFO - train acc: 0.6726785714285715, test acc: 0.7043055555555554
2024-09-04 10:48:59,826 - root - INFO - train ap: 0.7165657098514581, test ap: 0.7520161504810083
2024-09-04 10:48:59,826 - root - INFO - start 20 epoch
2024-09-04 10:49:04,177 - root - INFO - epoch: 20:
2024-09-04 10:49:04,177 - root - INFO - Epoch mean loss: 0.6449643926961082
2024-09-04 10:49:04,177 - root - INFO - train acc: 0.6826060267857142, test acc: 0.7081944444444443
2024-09-04 10:49:04,177 - root - INFO - train ap: 0.7181530500866579, test ap: 0.7607020672662388
2024-09-04 10:49:04,178 - root - INFO - start 21 epoch
2024-09-04 10:49:08,522 - root - INFO - epoch: 21:
2024-09-04 10:49:08,523 - root - INFO - Epoch mean loss: 0.6381998509168625
2024-09-04 10:49:08,523 - root - INFO - train acc: 0.6845982142857142, test acc: 0.7165277777777777
2024-09-04 10:49:08,523 - root - INFO - train ap: 0.7255958651938693, test ap: 0.7724257424044828
2024-09-04 10:49:08,523 - root - INFO - start 22 epoch
2024-09-04 10:49:12,874 - root - INFO - epoch: 22:
2024-09-04 10:49:12,874 - root - INFO - Epoch mean loss: 0.6264396224703107
2024-09-04 10:49:12,874 - root - INFO - train acc: 0.7024553571428571, test acc: 0.7259722222222221
2024-09-04 10:49:12,874 - root - INFO - train ap: 0.7353349209422673, test ap: 0.7828388656766012
2024-09-04 10:49:12,875 - root - INFO - start 23 epoch
2024-09-04 10:49:17,238 - root - INFO - epoch: 23:
2024-09-04 10:49:17,238 - root - INFO - Epoch mean loss: 0.6149573751858303
2024-09-04 10:49:17,238 - root - INFO - train acc: 0.7165792410714286, test acc: 0.7402777777777778
2024-09-04 10:49:17,238 - root - INFO - train ap: 0.7529223333485361, test ap: 0.7961030862800363
2024-09-04 10:49:17,239 - root - INFO - start 24 epoch
2024-09-04 10:49:21,584 - root - INFO - epoch: 24:
2024-09-04 10:49:21,585 - root - INFO - Epoch mean loss: 0.6030174578939166
2024-09-04 10:49:21,585 - root - INFO - train acc: 0.7263839285714286, test acc: 0.7640277777777779
2024-09-04 10:49:21,585 - root - INFO - train ap: 0.7588417587178726, test ap: 0.8108257419163659
2024-09-04 10:49:21,586 - root - INFO - start 25 epoch
2024-09-04 10:49:25,949 - root - INFO - epoch: 25:
2024-09-04 10:49:25,949 - root - INFO - Epoch mean loss: 0.5870633104017803
2024-09-04 10:49:25,949 - root - INFO - train acc: 0.7434598214285714, test acc: 0.7890277777777779
2024-09-04 10:49:25,949 - root - INFO - train ap: 0.7766314206843258, test ap: 0.8243071299811173
2024-09-04 10:49:25,950 - root - INFO - start 26 epoch
2024-09-04 10:49:30,307 - root - INFO - epoch: 26:
2024-09-04 10:49:30,307 - root - INFO - Epoch mean loss: 0.5701814144849777
2024-09-04 10:49:30,307 - root - INFO - train acc: 0.7567522321428571, test acc: 0.80125
2024-09-04 10:49:30,307 - root - INFO - train ap: 0.78641016971796, test ap: 0.8376339746347001
2024-09-04 10:49:30,308 - root - INFO - start 27 epoch
2024-09-04 10:49:34,650 - root - INFO - epoch: 27:
2024-09-04 10:49:34,650 - root - INFO - Epoch mean loss: 0.5509656305824008
2024-09-04 10:49:34,650 - root - INFO - train acc: 0.7705022321428572, test acc: 0.8162499999999999
2024-09-04 10:49:34,650 - root - INFO - train ap: 0.7954752641335566, test ap: 0.847213819262839
2024-09-04 10:49:34,651 - root - INFO - start 28 epoch
2024-09-04 10:49:39,024 - root - INFO - epoch: 28:
2024-09-04 10:49:39,024 - root - INFO - Epoch mean loss: 0.5299131561602864
2024-09-04 10:49:39,024 - root - INFO - train acc: 0.7836607142857143, test acc: 0.8295833333333333
2024-09-04 10:49:39,024 - root - INFO - train ap: 0.8055419052518253, test ap: 0.8539245916732978
2024-09-04 10:49:39,025 - root - INFO - start 29 epoch
2024-09-04 10:49:43,356 - root - INFO - epoch: 29:
2024-09-04 10:49:43,356 - root - INFO - Epoch mean loss: 0.5131320250885827
2024-09-04 10:49:43,356 - root - INFO - train acc: 0.7906696428571429, test acc: 0.8362499999999998
2024-09-04 10:49:43,356 - root - INFO - train ap: 0.8162373220297987, test ap: 0.858370298316488
2024-09-04 10:49:43,357 - root - INFO - start 30 epoch
2024-09-04 10:49:47,710 - root - INFO - epoch: 30:
2024-09-04 10:49:47,710 - root - INFO - Epoch mean loss: 0.4932894525783403
2024-09-04 10:49:47,710 - root - INFO - train acc: 0.8043973214285715, test acc: 0.8456944444444443
2024-09-04 10:49:47,710 - root - INFO - train ap: 0.813391984048021, test ap: 0.8637496031074335
2024-09-04 10:49:47,711 - root - INFO - start 31 epoch
2024-09-04 10:49:52,074 - root - INFO - epoch: 31:
2024-09-04 10:49:52,074 - root - INFO - Epoch mean loss: 0.47564239161355154
2024-09-04 10:49:52,074 - root - INFO - train acc: 0.8077622767857143, test acc: 0.8518055555555556
2024-09-04 10:49:52,074 - root - INFO - train ap: 0.8235748318695286, test ap: 0.8702116484836014
2024-09-04 10:49:52,075 - root - INFO - start 32 epoch
2024-09-04 10:49:56,412 - root - INFO - epoch: 32:
2024-09-04 10:49:56,412 - root - INFO - Epoch mean loss: 0.45284779902015415
2024-09-04 10:49:56,412 - root - INFO - train acc: 0.8177287946428571, test acc: 0.8523611111111112
2024-09-04 10:49:56,412 - root - INFO - train ap: 0.8356327387807959, test ap: 0.8721513976935462
2024-09-04 10:49:56,413 - root - INFO - start 33 epoch
2024-09-04 10:50:00,825 - root - INFO - epoch: 33:
2024-09-04 10:50:00,825 - root - INFO - Epoch mean loss: 0.43963769929749624
2024-09-04 10:50:00,825 - root - INFO - train acc: 0.8247265625000001, test acc: 0.8566666666666668
2024-09-04 10:50:00,825 - root - INFO - train ap: 0.8317818855720162, test ap: 0.8754039340753984
2024-09-04 10:50:00,826 - root - INFO - start 34 epoch
2024-09-04 10:50:05,176 - root - INFO - epoch: 34:
2024-09-04 10:50:05,176 - root - INFO - Epoch mean loss: 0.4250701495579311
2024-09-04 10:50:05,176 - root - INFO - train acc: 0.8251283482142858, test acc: 0.863888888888889
2024-09-04 10:50:05,176 - root - INFO - train ap: 0.8346281648251479, test ap: 0.8808315290486011
2024-09-04 10:50:05,177 - root - INFO - start 35 epoch
2024-09-04 10:50:09,533 - root - INFO - epoch: 35:
2024-09-04 10:50:09,533 - root - INFO - Epoch mean loss: 0.40273277567965643
2024-09-04 10:50:09,533 - root - INFO - train acc: 0.832890625, test acc: 0.8716666666666668
2024-09-04 10:50:09,533 - root - INFO - train ap: 0.8481053396739814, test ap: 0.8851702808786467
2024-09-04 10:50:09,534 - root - INFO - start 36 epoch
2024-09-04 10:50:13,876 - root - INFO - epoch: 36:
2024-09-04 10:50:13,876 - root - INFO - Epoch mean loss: 0.3955041691660881
2024-09-04 10:50:13,876 - root - INFO - train acc: 0.8336495535714287, test acc: 0.8772222222222223
2024-09-04 10:50:13,876 - root - INFO - train ap: 0.8486570394569427, test ap: 0.8908678763703904
2024-09-04 10:50:13,877 - root - INFO - start 37 epoch
2024-09-04 10:50:18,218 - root - INFO - epoch: 37:
2024-09-04 10:50:18,218 - root - INFO - Epoch mean loss: 0.3763067073055676
2024-09-04 10:50:18,218 - root - INFO - train acc: 0.8447042410714286, test acc: 0.8766666666666668
2024-09-04 10:50:18,218 - root - INFO - train ap: 0.8619221449497809, test ap: 0.9019592380957057
2024-09-04 10:50:18,219 - root - INFO - start 38 epoch
2024-09-04 10:50:22,564 - root - INFO - epoch: 38:
2024-09-04 10:50:22,564 - root - INFO - Epoch mean loss: 0.36533132940530777
2024-09-04 10:50:22,564 - root - INFO - train acc: 0.8480803571428571, test acc: 0.883888888888889
2024-09-04 10:50:22,564 - root - INFO - train ap: 0.8688803116103933, test ap: 0.9074293701575986
2024-09-04 10:50:22,565 - root - INFO - start 39 epoch
2024-09-04 10:50:26,901 - root - INFO - epoch: 39:
2024-09-04 10:50:26,902 - root - INFO - Epoch mean loss: 0.3558029266340392
2024-09-04 10:50:26,902 - root - INFO - train acc: 0.8493526785714286, test acc: 0.8833333333333333
2024-09-04 10:50:26,902 - root - INFO - train ap: 0.8723922767085653, test ap: 0.9127097187087767
2024-09-04 10:50:26,903 - root - INFO - start 40 epoch
2024-09-04 10:50:31,246 - root - INFO - epoch: 40:
2024-09-04 10:50:31,246 - root - INFO - Epoch mean loss: 0.3521393910050392
2024-09-04 10:50:31,246 - root - INFO - train acc: 0.8545368303571428, test acc: 0.8922222222222221
2024-09-04 10:50:31,246 - root - INFO - train ap: 0.8759314919003561, test ap: 0.912457825384574
2024-09-04 10:50:31,247 - root - INFO - start 41 epoch
2024-09-04 10:50:35,586 - root - INFO - epoch: 41:
2024-09-04 10:50:35,586 - root - INFO - Epoch mean loss: 0.3436368459037372
2024-09-04 10:50:35,587 - root - INFO - train acc: 0.8539564732142857, test acc: 0.8927777777777778
2024-09-04 10:50:35,587 - root - INFO - train ap: 0.8753384860513099, test ap: 0.916580033801513
2024-09-04 10:50:35,588 - root - INFO - start 42 epoch
2024-09-04 10:50:39,934 - root - INFO - epoch: 42:
2024-09-04 10:50:39,934 - root - INFO - Epoch mean loss: 0.33796544266598566
2024-09-04 10:50:39,934 - root - INFO - train acc: 0.8565457589285714, test acc: 0.8933333333333333
2024-09-04 10:50:39,934 - root - INFO - train ap: 0.8798625491298788, test ap: 0.9195823091802209
2024-09-04 10:50:39,935 - root - INFO - start 43 epoch
2024-09-04 10:50:44,277 - root - INFO - epoch: 43:
2024-09-04 10:50:44,277 - root - INFO - Epoch mean loss: 0.33358953467437197
2024-09-04 10:50:44,277 - root - INFO - train acc: 0.8625223214285714, test acc: 0.8961111111111111
2024-09-04 10:50:44,277 - root - INFO - train ap: 0.8795807772301744, test ap: 0.9222519136371358
2024-09-04 10:50:44,278 - root - INFO - start 44 epoch
2024-09-04 10:50:48,637 - root - INFO - epoch: 44:
2024-09-04 10:50:48,637 - root - INFO - Epoch mean loss: 0.32632355977381977
2024-09-04 10:50:48,637 - root - INFO - train acc: 0.8649107142857143, test acc: 0.898888888888889
2024-09-04 10:50:48,637 - root - INFO - train ap: 0.8854336248794832, test ap: 0.9258077491742883
2024-09-04 10:50:48,638 - root - INFO - start 45 epoch
2024-09-04 10:50:52,988 - root - INFO - epoch: 45:
2024-09-04 10:50:52,988 - root - INFO - Epoch mean loss: 0.32146437572581427
2024-09-04 10:50:52,988 - root - INFO - train acc: 0.8693805803571429, test acc: 0.8972222222222221
2024-09-04 10:50:52,988 - root - INFO - train ap: 0.8888531339835583, test ap: 0.9276931358835727
2024-09-04 10:50:52,989 - root - INFO - start 46 epoch
2024-09-04 10:50:57,341 - root - INFO - epoch: 46:
2024-09-04 10:50:57,342 - root - INFO - Epoch mean loss: 0.3132807548557009
2024-09-04 10:50:57,342 - root - INFO - train acc: 0.8774665178571429, test acc: 0.8977777777777779
2024-09-04 10:50:57,342 - root - INFO - train ap: 0.8915890854838997, test ap: 0.9305866710115971
2024-09-04 10:50:57,343 - root - INFO - start 47 epoch
2024-09-04 10:51:01,692 - root - INFO - epoch: 47:
2024-09-04 10:51:01,692 - root - INFO - Epoch mean loss: 0.308087126484939
2024-09-04 10:51:01,693 - root - INFO - train acc: 0.8742633928571429, test acc: 0.9
2024-09-04 10:51:01,693 - root - INFO - train ap: 0.896239655446195, test ap: 0.9322786154452609
2024-09-04 10:51:01,693 - root - INFO - start 48 epoch
2024-09-04 10:51:06,051 - root - INFO - epoch: 48:
2024-09-04 10:51:06,051 - root - INFO - Epoch mean loss: 0.30460687247770174
2024-09-04 10:51:06,051 - root - INFO - train acc: 0.8774274553571428, test acc: 0.9005555555555557
2024-09-04 10:51:06,051 - root - INFO - train ap: 0.8973222259502478, test ap: 0.9340523692236349
2024-09-04 10:51:06,052 - root - INFO - start 49 epoch
2024-09-04 10:51:10,407 - root - INFO - epoch: 49:
2024-09-04 10:51:10,408 - root - INFO - Epoch mean loss: 0.30429527908563614
2024-09-04 10:51:10,408 - root - INFO - train acc: 0.8775892857142857, test acc: 0.9022222222222224
2024-09-04 10:51:10,408 - root - INFO - train ap: 0.8998660836973356, test ap: 0.9343979252744447
2024-09-04 10:51:10,409 - root - INFO - start 50 epoch
2024-09-04 10:51:14,760 - root - INFO - epoch: 50:
2024-09-04 10:51:14,760 - root - INFO - Epoch mean loss: 0.29507872834801674
2024-09-04 10:51:14,760 - root - INFO - train acc: 0.8805580357142857, test acc: 0.9027777777777779
2024-09-04 10:51:14,760 - root - INFO - train ap: 0.902509795090771, test ap: 0.9361315354110524
2024-09-04 10:51:14,761 - root - INFO - start 51 epoch
2024-09-04 10:51:19,117 - root - INFO - epoch: 51:
2024-09-04 10:51:19,117 - root - INFO - Epoch mean loss: 0.3016069989119257
2024-09-04 10:51:19,117 - root - INFO - train acc: 0.8764174107142857, test acc: 0.9038888888888889
2024-09-04 10:51:19,117 - root - INFO - train ap: 0.8942223045386021, test ap: 0.9366941256294027
2024-09-04 10:51:19,118 - root - INFO - start 52 epoch
2024-09-04 10:51:23,472 - root - INFO - epoch: 52:
2024-09-04 10:51:23,472 - root - INFO - Epoch mean loss: 0.2940406160695212
2024-09-04 10:51:23,472 - root - INFO - train acc: 0.881875, test acc: 0.9066666666666666
2024-09-04 10:51:23,472 - root - INFO - train ap: 0.9003653919145199, test ap: 0.9380000557878054
2024-09-04 10:51:23,473 - root - INFO - start 53 epoch
2024-09-04 10:51:27,833 - root - INFO - epoch: 53:
2024-09-04 10:51:27,833 - root - INFO - Epoch mean loss: 0.2873775043657848
2024-09-04 10:51:27,833 - root - INFO - train acc: 0.8873493303571429, test acc: 0.9066666666666667
2024-09-04 10:51:27,833 - root - INFO - train ap: 0.9029339186342539, test ap: 0.9384583506850827
2024-09-04 10:51:27,834 - root - INFO - start 54 epoch
2024-09-04 10:51:32,190 - root - INFO - epoch: 54:
2024-09-04 10:51:32,190 - root - INFO - Epoch mean loss: 0.28758552776915686
2024-09-04 10:51:32,190 - root - INFO - train acc: 0.8847600446428572, test acc: 0.9072222222222223
2024-09-04 10:51:32,190 - root - INFO - train ap: 0.9059463289952063, test ap: 0.9386436402125078
2024-09-04 10:51:32,191 - root - INFO - start 55 epoch
2024-09-04 10:51:36,537 - root - INFO - epoch: 55:
2024-09-04 10:51:36,537 - root - INFO - Epoch mean loss: 0.2832974482859884
2024-09-04 10:51:36,537 - root - INFO - train acc: 0.8881529017857143, test acc: 0.9077777777777778
2024-09-04 10:51:36,537 - root - INFO - train ap: 0.909109066301451, test ap: 0.939328588904334
2024-09-04 10:51:36,538 - root - INFO - start 56 epoch
2024-09-04 10:51:40,887 - root - INFO - epoch: 56:
2024-09-04 10:51:40,887 - root - INFO - Epoch mean loss: 0.2792393522603171
2024-09-04 10:51:40,887 - root - INFO - train acc: 0.8868359375, test acc: 0.9100000000000001
2024-09-04 10:51:40,887 - root - INFO - train ap: 0.9116066891548398, test ap: 0.9404082522391181
2024-09-04 10:51:40,888 - root - INFO - start 57 epoch
2024-09-04 10:51:45,247 - root - INFO - epoch: 57:
2024-09-04 10:51:45,247 - root - INFO - Epoch mean loss: 0.28105838703257696
2024-09-04 10:51:45,247 - root - INFO - train acc: 0.886875, test acc: 0.913888888888889
2024-09-04 10:51:45,247 - root - INFO - train ap: 0.9065091265522194, test ap: 0.9408002734544466
2024-09-04 10:51:45,248 - root - INFO - start 58 epoch
2024-09-04 10:51:49,604 - root - INFO - epoch: 58:
2024-09-04 10:51:49,604 - root - INFO - Epoch mean loss: 0.27777368841426714
2024-09-04 10:51:49,604 - root - INFO - train acc: 0.8892243303571429, test acc: 0.9127777777777778
2024-09-04 10:51:49,604 - root - INFO - train ap: 0.9114449817933478, test ap: 0.940159913814087
2024-09-04 10:51:49,605 - root - INFO - start 59 epoch
2024-09-04 10:51:53,966 - root - INFO - epoch: 59:
2024-09-04 10:51:53,966 - root - INFO - Epoch mean loss: 0.2738391139677593
2024-09-04 10:51:53,966 - root - INFO - train acc: 0.8948437499999999, test acc: 0.9144444444444446
2024-09-04 10:51:53,966 - root - INFO - train ap: 0.9079076962705368, test ap: 0.9409570778244686
2024-09-04 10:51:53,967 - root - INFO - start 60 epoch
2024-09-04 10:51:58,378 - root - INFO - epoch: 60:
2024-09-04 10:51:58,378 - root - INFO - Epoch mean loss: 0.2700469786567347
2024-09-04 10:51:58,378 - root - INFO - train acc: 0.8936104910714285, test acc: 0.9122222222222223
2024-09-04 10:51:58,378 - root - INFO - train ap: 0.9139225387159337, test ap: 0.9416775702195259
2024-09-04 10:51:58,379 - root - INFO - start 61 epoch
2024-09-04 10:52:02,728 - root - INFO - epoch: 61:
2024-09-04 10:52:02,728 - root - INFO - Epoch mean loss: 0.26749516491379055
2024-09-04 10:52:02,728 - root - INFO - train acc: 0.8945870535714285, test acc: 0.9150000000000001
2024-09-04 10:52:02,728 - root - INFO - train ap: 0.9132627895841471, test ap: 0.942391376138548
2024-09-04 10:52:02,729 - root - INFO - start 62 epoch
2024-09-04 10:52:07,093 - root - INFO - epoch: 62:
2024-09-04 10:52:07,093 - root - INFO - Epoch mean loss: 0.2639171028775828
2024-09-04 10:52:07,093 - root - INFO - train acc: 0.898515625, test acc: 0.918888888888889
2024-09-04 10:52:07,093 - root - INFO - train ap: 0.9139952287710088, test ap: 0.942924438453237
2024-09-04 10:52:07,094 - root - INFO - start 63 epoch
2024-09-04 10:52:11,444 - root - INFO - epoch: 63:
2024-09-04 10:52:11,444 - root - INFO - Epoch mean loss: 0.2615350915917328
2024-09-04 10:52:11,444 - root - INFO - train acc: 0.9001060267857143, test acc: 0.918888888888889
2024-09-04 10:52:11,445 - root - INFO - train ap: 0.91180627728764, test ap: 0.943236456736811
2024-09-04 10:52:11,445 - root - INFO - start 64 epoch
2024-09-04 10:52:15,802 - root - INFO - epoch: 64:
2024-09-04 10:52:15,803 - root - INFO - Epoch mean loss: 0.2624694061066423
2024-09-04 10:52:15,803 - root - INFO - train acc: 0.8975334821428572, test acc: 0.92
2024-09-04 10:52:15,803 - root - INFO - train ap: 0.9160045625993555, test ap: 0.9441309673863564
2024-09-04 10:52:15,804 - root - INFO - start 65 epoch
2024-09-04 10:52:20,157 - root - INFO - epoch: 65:
2024-09-04 10:52:20,157 - root - INFO - Epoch mean loss: 0.25762038784367697
2024-09-04 10:52:20,158 - root - INFO - train acc: 0.9009040178571429, test acc: 0.9194444444444445
2024-09-04 10:52:20,158 - root - INFO - train ap: 0.9197570589993745, test ap: 0.9458253175554773
2024-09-04 10:52:20,159 - root - INFO - start 66 epoch
2024-09-04 10:52:24,513 - root - INFO - epoch: 66:
2024-09-04 10:52:24,513 - root - INFO - Epoch mean loss: 0.25710187000887735
2024-09-04 10:52:24,513 - root - INFO - train acc: 0.9012611607142856, test acc: 0.9211111111111112
2024-09-04 10:52:24,513 - root - INFO - train ap: 0.914384346341541, test ap: 0.9467179161159026
2024-09-04 10:52:24,514 - root - INFO - start 67 epoch
2024-09-04 10:52:28,873 - root - INFO - epoch: 67:
2024-09-04 10:52:28,873 - root - INFO - Epoch mean loss: 0.2572783242378916
2024-09-04 10:52:28,873 - root - INFO - train acc: 0.8998493303571429, test acc: 0.9205555555555557
2024-09-04 10:52:28,873 - root - INFO - train ap: 0.91505874864806, test ap: 0.9466473753034862
2024-09-04 10:52:28,874 - root - INFO - start 68 epoch
2024-09-04 10:52:33,238 - root - INFO - epoch: 68:
2024-09-04 10:52:33,238 - root - INFO - Epoch mean loss: 0.2507453076541424
2024-09-04 10:52:33,238 - root - INFO - train acc: 0.9023772321428571, test acc: 0.9216666666666667
2024-09-04 10:52:33,238 - root - INFO - train ap: 0.9205544137155374, test ap: 0.9469139910714586
2024-09-04 10:52:33,239 - root - INFO - start 69 epoch
2024-09-04 10:52:37,602 - root - INFO - epoch: 69:
2024-09-04 10:52:37,602 - root - INFO - Epoch mean loss: 0.24873358703085355
2024-09-04 10:52:37,602 - root - INFO - train acc: 0.9059486607142857, test acc: 0.9194444444444445
2024-09-04 10:52:37,602 - root - INFO - train ap: 0.9270760222253465, test ap: 0.9484650608681184
2024-09-04 10:52:37,603 - root - INFO - start 70 epoch
2024-09-04 10:52:41,950 - root - INFO - epoch: 70:
2024-09-04 10:52:41,950 - root - INFO - Epoch mean loss: 0.24715540079133852
2024-09-04 10:52:41,950 - root - INFO - train acc: 0.9060212053571428, test acc: 0.9211111111111112
2024-09-04 10:52:41,950 - root - INFO - train ap: 0.9239314684814677, test ap: 0.9485323830302013
2024-09-04 10:52:41,951 - root - INFO - start 71 epoch
2024-09-04 10:52:46,303 - root - INFO - epoch: 71:
2024-09-04 10:52:46,303 - root - INFO - Epoch mean loss: 0.2524872863931315
2024-09-04 10:52:46,303 - root - INFO - train acc: 0.9021205357142856, test acc: 0.9205555555555556
2024-09-04 10:52:46,303 - root - INFO - train ap: 0.9192308347560231, test ap: 0.9496153998776314
2024-09-04 10:52:46,304 - root - INFO - start 72 epoch
2024-09-04 10:52:50,647 - root - INFO - epoch: 72:
2024-09-04 10:52:50,647 - root - INFO - Epoch mean loss: 0.24961934185453824
2024-09-04 10:52:50,648 - root - INFO - train acc: 0.9058426339285715, test acc: 0.9194444444444445
2024-09-04 10:52:50,648 - root - INFO - train ap: 0.9183714370269682, test ap: 0.9502726543721445
2024-09-04 10:52:50,648 - root - INFO - start 73 epoch
2024-09-04 10:52:55,049 - root - INFO - epoch: 73:
2024-09-04 10:52:55,049 - root - INFO - Epoch mean loss: 0.2473157032259873
2024-09-04 10:52:55,049 - root - INFO - train acc: 0.9060658482142857, test acc: 0.9194444444444444
2024-09-04 10:52:55,049 - root - INFO - train ap: 0.9233479181919308, test ap: 0.9503366334614712
2024-09-04 10:52:55,050 - root - INFO - start 74 epoch
2024-09-04 10:52:59,405 - root - INFO - epoch: 74:
2024-09-04 10:52:59,405 - root - INFO - Epoch mean loss: 0.24324908373611315
2024-09-04 10:52:59,405 - root - INFO - train acc: 0.9076395089285715, test acc: 0.9222222222222223
2024-09-04 10:52:59,405 - root - INFO - train ap: 0.9280849097583868, test ap: 0.9500029667634117
2024-09-04 10:52:59,406 - root - INFO - start 75 epoch
2024-09-04 10:53:03,757 - root - INFO - epoch: 75:
2024-09-04 10:53:03,757 - root - INFO - Epoch mean loss: 0.24008887367589132
2024-09-04 10:53:03,757 - root - INFO - train acc: 0.9077622767857143, test acc: 0.9188888888888889
2024-09-04 10:53:03,757 - root - INFO - train ap: 0.9255324968326158, test ap: 0.9502898967939457
2024-09-04 10:53:03,758 - root - INFO - start 76 epoch
2024-09-04 10:53:08,111 - root - INFO - epoch: 76:
2024-09-04 10:53:08,111 - root - INFO - Epoch mean loss: 0.23868318647146225
2024-09-04 10:53:08,111 - root - INFO - train acc: 0.9094754464285714, test acc: 0.92
2024-09-04 10:53:08,111 - root - INFO - train ap: 0.9270314096539164, test ap: 0.9506311907853389
2024-09-04 10:53:08,112 - root - INFO - start 77 epoch
2024-09-04 10:53:12,465 - root - INFO - epoch: 77:
2024-09-04 10:53:12,465 - root - INFO - Epoch mean loss: 0.23812584366117204
2024-09-04 10:53:12,465 - root - INFO - train acc: 0.9123214285714286, test acc: 0.9205555555555557
2024-09-04 10:53:12,465 - root - INFO - train ap: 0.9266994157569665, test ap: 0.9510334787310565
2024-09-04 10:53:12,466 - root - INFO - start 78 epoch
2024-09-04 10:53:16,811 - root - INFO - epoch: 78:
2024-09-04 10:53:16,811 - root - INFO - Epoch mean loss: 0.24040052507604873
2024-09-04 10:53:16,811 - root - INFO - train acc: 0.9110435267857142, test acc: 0.9211111111111112
2024-09-04 10:53:16,811 - root - INFO - train ap: 0.9239946217821391, test ap: 0.9515515433111327
2024-09-04 10:53:16,812 - root - INFO - start 79 epoch
2024-09-04 10:53:21,159 - root - INFO - epoch: 79:
2024-09-04 10:53:21,159 - root - INFO - Epoch mean loss: 0.23966030403971672
2024-09-04 10:53:21,159 - root - INFO - train acc: 0.9100279017857142, test acc: 0.9216666666666667
2024-09-04 10:53:21,159 - root - INFO - train ap: 0.92447758412818, test ap: 0.9519149125051973
2024-09-04 10:53:21,160 - root - INFO - start 80 epoch
2024-09-04 10:53:25,508 - root - INFO - epoch: 80:
2024-09-04 10:53:25,508 - root - INFO - Epoch mean loss: 0.2357461644070489
2024-09-04 10:53:25,508 - root - INFO - train acc: 0.9117633928571429, test acc: 0.9216666666666669
2024-09-04 10:53:25,508 - root - INFO - train ap: 0.9243365675613593, test ap: 0.9526246718646196
2024-09-04 10:53:25,509 - root - INFO - start 81 epoch
2024-09-04 10:53:29,864 - root - INFO - epoch: 81:
2024-09-04 10:53:29,864 - root - INFO - Epoch mean loss: 0.2358857419873987
2024-09-04 10:53:29,864 - root - INFO - train acc: 0.9099107142857142, test acc: 0.9205555555555557
2024-09-04 10:53:29,864 - root - INFO - train ap: 0.9250711556270483, test ap: 0.9525204803304561
2024-09-04 10:53:29,865 - root - INFO - start 82 epoch
2024-09-04 10:53:34,263 - root - INFO - epoch: 82:
2024-09-04 10:53:34,263 - root - INFO - Epoch mean loss: 0.23199883369462831
2024-09-04 10:53:34,263 - root - INFO - train acc: 0.9154296875, test acc: 0.9238888888888891
2024-09-04 10:53:34,263 - root - INFO - train ap: 0.9321923265688803, test ap: 0.9529671447771206
2024-09-04 10:53:34,264 - root - INFO - start 83 epoch
2024-09-04 10:53:38,611 - root - INFO - epoch: 83:
2024-09-04 10:53:38,611 - root - INFO - Epoch mean loss: 0.2330196313560009
2024-09-04 10:53:38,611 - root - INFO - train acc: 0.9137779017857143, test acc: 0.9227777777777779
2024-09-04 10:53:38,611 - root - INFO - train ap: 0.9286168121753533, test ap: 0.9531734083395268
2024-09-04 10:53:38,612 - root - INFO - start 84 epoch
2024-09-04 10:53:42,964 - root - INFO - epoch: 84:
2024-09-04 10:53:42,964 - root - INFO - Epoch mean loss: 0.23134352320006915
2024-09-04 10:53:42,964 - root - INFO - train acc: 0.9146540178571428, test acc: 0.9211111111111112
2024-09-04 10:53:42,964 - root - INFO - train ap: 0.9297857194443198, test ap: 0.9535665988304616
2024-09-04 10:53:42,965 - root - INFO - start 85 epoch
2024-09-04 10:53:47,328 - root - INFO - epoch: 85:
2024-09-04 10:53:47,329 - root - INFO - Epoch mean loss: 0.231380538216659
2024-09-04 10:53:47,329 - root - INFO - train acc: 0.9146093750000001, test acc: 0.9227777777777779
2024-09-04 10:53:47,329 - root - INFO - train ap: 0.9258351398922725, test ap: 0.9542238885630737
2024-09-04 10:53:47,329 - root - INFO - start 86 epoch
2024-09-04 10:53:51,690 - root - INFO - epoch: 86:
2024-09-04 10:53:51,690 - root - INFO - Epoch mean loss: 0.2273323546562876
2024-09-04 10:53:51,690 - root - INFO - train acc: 0.9161886160714285, test acc: 0.9200000000000002
2024-09-04 10:53:51,690 - root - INFO - train ap: 0.9332445847140896, test ap: 0.9546839095604158
2024-09-04 10:53:51,691 - root - INFO - start 87 epoch
2024-09-04 10:53:56,054 - root - INFO - epoch: 87:
2024-09-04 10:53:56,054 - root - INFO - Epoch mean loss: 0.23042769889746392
2024-09-04 10:53:56,054 - root - INFO - train acc: 0.9148325892857143, test acc: 0.9205555555555557
2024-09-04 10:53:56,054 - root - INFO - train ap: 0.9296415291491231, test ap: 0.954568168819675
2024-09-04 10:53:56,055 - root - INFO - start 88 epoch
2024-09-04 10:54:00,432 - root - INFO - epoch: 88:
2024-09-04 10:54:00,432 - root - INFO - Epoch mean loss: 0.22575040055172785
2024-09-04 10:54:00,432 - root - INFO - train acc: 0.9168638392857142, test acc: 0.9216666666666667
2024-09-04 10:54:00,432 - root - INFO - train ap: 0.9295395232385676, test ap: 0.9546410376990371
2024-09-04 10:54:00,433 - root - INFO - start 89 epoch
2024-09-04 10:54:04,791 - root - INFO - epoch: 89:
2024-09-04 10:54:04,791 - root - INFO - Epoch mean loss: 0.22740475088357925
2024-09-04 10:54:04,791 - root - INFO - train acc: 0.9157310267857143, test acc: 0.9211111111111112
2024-09-04 10:54:04,791 - root - INFO - train ap: 0.9320676380326945, test ap: 0.9551755276540301
2024-09-04 10:54:04,792 - root - INFO - start 90 epoch
2024-09-04 10:54:09,151 - root - INFO - epoch: 90:
2024-09-04 10:54:09,151 - root - INFO - Epoch mean loss: 0.22558603755065373
2024-09-04 10:54:09,151 - root - INFO - train acc: 0.9179799107142858, test acc: 0.9222222222222223
2024-09-04 10:54:09,151 - root - INFO - train ap: 0.9303486062530935, test ap: 0.9551846830877401
2024-09-04 10:54:09,152 - root - INFO - start 91 epoch
2024-09-04 10:54:13,499 - root - INFO - epoch: 91:
2024-09-04 10:54:13,499 - root - INFO - Epoch mean loss: 0.22227334337575094
2024-09-04 10:54:13,499 - root - INFO - train acc: 0.9189955357142857, test acc: 0.9233333333333335
2024-09-04 10:54:13,499 - root - INFO - train ap: 0.9347618736894551, test ap: 0.9551261848063871
2024-09-04 10:54:13,500 - root - INFO - start 92 epoch
2024-09-04 10:54:17,855 - root - INFO - epoch: 92:
2024-09-04 10:54:17,856 - root - INFO - Epoch mean loss: 0.2212242814046996
2024-09-04 10:54:17,856 - root - INFO - train acc: 0.9202287946428571, test acc: 0.923888888888889
2024-09-04 10:54:17,856 - root - INFO - train ap: 0.9323194174623172, test ap: 0.95616302828164
2024-09-04 10:54:17,857 - root - INFO - start 93 epoch
2024-09-04 10:54:22,220 - root - INFO - epoch: 93:
2024-09-04 10:54:22,220 - root - INFO - Epoch mean loss: 0.21916635600583895
2024-09-04 10:54:22,220 - root - INFO - train acc: 0.9199330357142858, test acc: 0.923888888888889
2024-09-04 10:54:22,221 - root - INFO - train ap: 0.9360168064926817, test ap: 0.9562263567927708
2024-09-04 10:54:22,221 - root - INFO - start 94 epoch
2024-09-04 10:54:26,568 - root - INFO - epoch: 94:
2024-09-04 10:54:26,568 - root - INFO - Epoch mean loss: 0.22173935281378881
2024-09-04 10:54:26,568 - root - INFO - train acc: 0.9184988839285715, test acc: 0.923888888888889
2024-09-04 10:54:26,568 - root - INFO - train ap: 0.9297564368884104, test ap: 0.9569067057940209
2024-09-04 10:54:26,569 - root - INFO - start 95 epoch
2024-09-04 10:54:30,914 - root - INFO - epoch: 95:
2024-09-04 10:54:30,914 - root - INFO - Epoch mean loss: 0.22307041713169642
2024-09-04 10:54:30,914 - root - INFO - train acc: 0.9191350446428571, test acc: 0.9250000000000002
2024-09-04 10:54:30,914 - root - INFO - train ap: 0.9303627635714561, test ap: 0.9578433741429601
2024-09-04 10:54:30,915 - root - INFO - start 96 epoch
2024-09-04 10:54:35,278 - root - INFO - epoch: 96:
2024-09-04 10:54:35,278 - root - INFO - Epoch mean loss: 0.22186486210141862
2024-09-04 10:54:35,278 - root - INFO - train acc: 0.9182589285714285, test acc: 0.9266666666666669
2024-09-04 10:54:35,278 - root - INFO - train ap: 0.9290351227860975, test ap: 0.9576828089195959
2024-09-04 10:54:35,279 - root - INFO - start 97 epoch
2024-09-04 10:54:39,649 - root - INFO - epoch: 97:
2024-09-04 10:54:39,649 - root - INFO - Epoch mean loss: 0.217097313276359
2024-09-04 10:54:39,649 - root - INFO - train acc: 0.9242578124999999, test acc: 0.9277777777777778
2024-09-04 10:54:39,649 - root - INFO - train ap: 0.9299716125281939, test ap: 0.9573173888076586
2024-09-04 10:54:39,650 - root - INFO - start 98 epoch
2024-09-04 10:54:44,016 - root - INFO - epoch: 98:
2024-09-04 10:54:44,016 - root - INFO - Epoch mean loss: 0.2127474695444107
2024-09-04 10:54:44,016 - root - INFO - train acc: 0.9244754464285715, test acc: 0.9255555555555557
2024-09-04 10:54:44,017 - root - INFO - train ap: 0.9378893222515201, test ap: 0.9579327508703755
2024-09-04 10:54:44,017 - root - INFO - start 99 epoch
2024-09-04 10:54:48,371 - root - INFO - epoch: 99:
2024-09-04 10:54:48,371 - root - INFO - Epoch mean loss: 0.21483612752386502
2024-09-04 10:54:48,371 - root - INFO - train acc: 0.9232812499999999, test acc: 0.9250000000000002
2024-09-04 10:54:48,371 - root - INFO - train ap: 0.9376656570657056, test ap: 0.9582509869585513
2024-09-04 10:54:48,372 - root - INFO - start 100 epoch
2024-09-04 10:54:52,733 - root - INFO - epoch: 100:
2024-09-04 10:54:52,733 - root - INFO - Epoch mean loss: 0.21628816106489726
2024-09-04 10:54:52,733 - root - INFO - train acc: 0.9224832589285714, test acc: 0.9277777777777778
2024-09-04 10:54:52,733 - root - INFO - train ap: 0.9344049197303098, test ap: 0.9586294269528804
2024-09-04 10:54:52,734 - root - INFO - start 101 epoch
2024-09-04 10:54:57,212 - root - INFO - epoch: 101:
2024-09-04 10:54:57,212 - root - INFO - Epoch mean loss: 0.2142716140619346
2024-09-04 10:54:57,212 - root - INFO - train acc: 0.9243805803571429, test acc: 0.9272222222222223
2024-09-04 10:54:57,212 - root - INFO - train ap: 0.936919911335293, test ap: 0.958537242902363
2024-09-04 10:54:57,213 - root - INFO - start 102 epoch
2024-09-04 10:55:01,553 - root - INFO - epoch: 102:
2024-09-04 10:55:01,553 - root - INFO - Epoch mean loss: 0.20990495969142234
2024-09-04 10:55:01,553 - root - INFO - train acc: 0.9270479910714285, test acc: 0.9272222222222223
2024-09-04 10:55:01,553 - root - INFO - train ap: 0.935788726212001, test ap: 0.9585465579820244
2024-09-04 10:55:01,554 - root - INFO - start 103 epoch
2024-09-04 10:55:05,909 - root - INFO - epoch: 103:
2024-09-04 10:55:05,909 - root - INFO - Epoch mean loss: 0.21537894223417556
2024-09-04 10:55:05,909 - root - INFO - train acc: 0.9235379464285715, test acc: 0.9266666666666669
2024-09-04 10:55:05,909 - root - INFO - train ap: 0.9359300843883733, test ap: 0.958591537949332
2024-09-04 10:55:05,910 - root - INFO - start 104 epoch
2024-09-04 10:55:10,267 - root - INFO - epoch: 104:
2024-09-04 10:55:10,267 - root - INFO - Epoch mean loss: 0.20905917403953417
2024-09-04 10:55:10,267 - root - INFO - train acc: 0.9281808035714285, test acc: 0.9266666666666669
2024-09-04 10:55:10,267 - root - INFO - train ap: 0.9355896148484752, test ap: 0.9588507909130485
2024-09-04 10:55:10,268 - root - INFO - start 105 epoch
2024-09-04 10:55:14,615 - root - INFO - epoch: 105:
2024-09-04 10:55:14,615 - root - INFO - Epoch mean loss: 0.2123177291027137
2024-09-04 10:55:14,615 - root - INFO - train acc: 0.9229631696428572, test acc: 0.9277777777777779
2024-09-04 10:55:14,615 - root - INFO - train ap: 0.935412406036184, test ap: 0.9594643501019061
2024-09-04 10:55:14,616 - root - INFO - start 106 epoch
2024-09-04 10:55:18,973 - root - INFO - epoch: 106:
2024-09-04 10:55:18,973 - root - INFO - Epoch mean loss: 0.2073051349392959
2024-09-04 10:55:18,973 - root - INFO - train acc: 0.9260100446428572, test acc: 0.9272222222222223
2024-09-04 10:55:18,973 - root - INFO - train ap: 0.9403095197687978, test ap: 0.9594032721619582
2024-09-04 10:55:18,974 - root - INFO - start 107 epoch
2024-09-04 10:55:23,327 - root - INFO - epoch: 107:
2024-09-04 10:55:23,328 - root - INFO - Epoch mean loss: 0.20743031533701078
2024-09-04 10:55:23,328 - root - INFO - train acc: 0.9269084821428571, test acc: 0.9266666666666669
2024-09-04 10:55:23,328 - root - INFO - train ap: 0.9421541328848554, test ap: 0.9591661160200401
2024-09-04 10:55:23,328 - root - INFO - start 108 epoch
2024-09-04 10:55:27,685 - root - INFO - epoch: 108:
2024-09-04 10:55:27,685 - root - INFO - Epoch mean loss: 0.20770394748875073
2024-09-04 10:55:27,685 - root - INFO - train acc: 0.9272042410714285, test acc: 0.9272222222222223
2024-09-04 10:55:27,685 - root - INFO - train ap: 0.938065438606457, test ap: 0.9587227448060823
2024-09-04 10:55:27,686 - root - INFO - start 109 epoch
2024-09-04 10:55:32,040 - root - INFO - epoch: 109:
2024-09-04 10:55:32,040 - root - INFO - Epoch mean loss: 0.2080216147005558
2024-09-04 10:55:32,040 - root - INFO - train acc: 0.9270479910714285, test acc: 0.9277777777777779
2024-09-04 10:55:32,040 - root - INFO - train ap: 0.9368643330838996, test ap: 0.9586619809171935
2024-09-04 10:55:32,041 - root - INFO - start 110 epoch
2024-09-04 10:55:36,412 - root - INFO - epoch: 110:
2024-09-04 10:55:36,412 - root - INFO - Epoch mean loss: 0.20675878386412347
2024-09-04 10:55:36,412 - root - INFO - train acc: 0.9289397321428572, test acc: 0.9266666666666666
2024-09-04 10:55:36,412 - root - INFO - train ap: 0.9389243977561857, test ap: 0.9584336123658556
2024-09-04 10:55:36,413 - root - INFO - start 111 epoch
2024-09-04 10:55:40,853 - root - INFO - epoch: 111:
2024-09-04 10:55:40,853 - root - INFO - Epoch mean loss: 0.2106095249099391
2024-09-04 10:55:40,853 - root - INFO - train acc: 0.9277232142857142, test acc: 0.9255555555555557
2024-09-04 10:55:40,853 - root - INFO - train ap: 0.9363325085045855, test ap: 0.9581812721135152
2024-09-04 10:55:40,854 - root - INFO - start 112 epoch
2024-09-04 10:55:45,203 - root - INFO - epoch: 112:
2024-09-04 10:55:45,203 - root - INFO - Epoch mean loss: 0.2040189408830234
2024-09-04 10:55:45,203 - root - INFO - train acc: 0.9296372767857143, test acc: 0.9255555555555557
2024-09-04 10:55:45,203 - root - INFO - train ap: 0.9376950126744662, test ap: 0.957836563543464
2024-09-04 10:55:45,204 - root - INFO - start 113 epoch
2024-09-04 10:55:49,565 - root - INFO - epoch: 113:
2024-09-04 10:55:49,565 - root - INFO - Epoch mean loss: 0.20760845392942429
2024-09-04 10:55:49,565 - root - INFO - train acc: 0.9281584821428571, test acc: 0.9255555555555558
2024-09-04 10:55:49,565 - root - INFO - train ap: 0.9380973099026333, test ap: 0.9573108078991214
2024-09-04 10:55:49,566 - root - INFO - start 114 epoch
2024-09-04 10:55:53,916 - root - INFO - epoch: 114:
2024-09-04 10:55:53,916 - root - INFO - Epoch mean loss: 0.20670452926840102
2024-09-04 10:55:53,917 - root - INFO - train acc: 0.9277845982142857, test acc: 0.928888888888889
2024-09-04 10:55:53,917 - root - INFO - train ap: 0.9396611916255234, test ap: 0.957518205519203
2024-09-04 10:55:53,917 - root - INFO - start 115 epoch
2024-09-04 10:55:58,275 - root - INFO - epoch: 115:
2024-09-04 10:55:58,275 - root - INFO - Epoch mean loss: 0.20344717694180353
2024-09-04 10:55:58,275 - root - INFO - train acc: 0.9300948660714285, test acc: 0.9283333333333335
2024-09-04 10:55:58,275 - root - INFO - train ap: 0.9407376736424292, test ap: 0.957518205519203
2024-09-04 10:55:58,276 - root - INFO - start 116 epoch
2024-09-04 10:56:02,626 - root - INFO - epoch: 116:
2024-09-04 10:56:02,626 - root - INFO - Epoch mean loss: 0.2013919103358473
2024-09-04 10:56:02,626 - root - INFO - train acc: 0.9273828125, test acc: 0.9272222222222223
2024-09-04 10:56:02,626 - root - INFO - train ap: 0.9459536932830426, test ap: 0.9576286451526689
2024-09-04 10:56:02,627 - root - INFO - start 117 epoch
2024-09-04 10:56:06,975 - root - INFO - epoch: 117:
2024-09-04 10:56:06,975 - root - INFO - Epoch mean loss: 0.20279950169580324
2024-09-04 10:56:06,975 - root - INFO - train acc: 0.9306919642857142, test acc: 0.928888888888889
2024-09-04 10:56:06,975 - root - INFO - train ap: 0.9406971992631398, test ap: 0.9582020950059139
2024-09-04 10:56:06,976 - root - INFO - start 118 epoch
2024-09-04 10:56:11,334 - root - INFO - epoch: 118:
2024-09-04 10:56:11,334 - root - INFO - Epoch mean loss: 0.20204137372119085
2024-09-04 10:56:11,334 - root - INFO - train acc: 0.9279631696428572, test acc: 0.9283333333333335
2024-09-04 10:56:11,334 - root - INFO - train ap: 0.9461790937313038, test ap: 0.9577579638303585
2024-09-04 10:56:11,335 - root - INFO - start 119 epoch
2024-09-04 10:56:15,692 - root - INFO - epoch: 119:
2024-09-04 10:56:15,692 - root - INFO - Epoch mean loss: 0.20256267062255315
2024-09-04 10:56:15,692 - root - INFO - train acc: 0.9287388392857142, test acc: 0.928888888888889
2024-09-04 10:56:15,692 - root - INFO - train ap: 0.9424911277689283, test ap: 0.9576246824924749
2024-09-04 10:56:15,693 - root - INFO - start 120 epoch
2024-09-04 10:56:20,036 - root - INFO - epoch: 120:
2024-09-04 10:56:20,036 - root - INFO - Epoch mean loss: 0.20100970406617438
2024-09-04 10:56:20,036 - root - INFO - train acc: 0.9298549107142857, test acc: 0.9277777777777779
2024-09-04 10:56:20,036 - root - INFO - train ap: 0.9414821009636825, test ap: 0.9577199179448532
2024-09-04 10:56:20,037 - root - INFO - start 121 epoch
2024-09-04 10:56:24,394 - root - INFO - epoch: 121:
2024-09-04 10:56:24,394 - root - INFO - Epoch mean loss: 0.20020152468766486
2024-09-04 10:56:24,394 - root - INFO - train acc: 0.9316685267857142, test acc: 0.9294444444444445
2024-09-04 10:56:24,394 - root - INFO - train ap: 0.9407583340474178, test ap: 0.9579992889525156
2024-09-04 10:56:24,395 - root - INFO - start 122 epoch
2024-09-04 10:56:28,757 - root - INFO - epoch: 122:
2024-09-04 10:56:28,757 - root - INFO - Epoch mean loss: 0.19922495473708426
2024-09-04 10:56:28,757 - root - INFO - train acc: 0.9314118303571428, test acc: 0.9261111111111112
2024-09-04 10:56:28,757 - root - INFO - train ap: 0.941880892629124, test ap: 0.958380969546604
2024-09-04 10:56:28,758 - root - INFO - start 123 epoch
2024-09-04 10:56:33,122 - root - INFO - epoch: 123:
2024-09-04 10:56:33,122 - root - INFO - Epoch mean loss: 0.20373608491250447
2024-09-04 10:56:33,122 - root - INFO - train acc: 0.9310714285714285, test acc: 0.9283333333333335
2024-09-04 10:56:33,122 - root - INFO - train ap: 0.938808235335803, test ap: 0.9583929084205339
2024-09-04 10:56:33,123 - root - INFO - start 124 epoch
2024-09-04 10:56:37,471 - root - INFO - epoch: 124:
2024-09-04 10:56:37,472 - root - INFO - Epoch mean loss: 0.20075987758381025
2024-09-04 10:56:37,472 - root - INFO - train acc: 0.9308537946428571, test acc: 0.9283333333333335
2024-09-04 10:56:37,472 - root - INFO - train ap: 0.9406348276935306, test ap: 0.958467464265923
2024-09-04 10:56:37,472 - root - INFO - start 125 epoch
2024-09-04 10:56:41,823 - root - INFO - epoch: 125:
2024-09-04 10:56:41,823 - root - INFO - Epoch mean loss: 0.19869733388934815
2024-09-04 10:56:41,823 - root - INFO - train acc: 0.9321484375000001, test acc: 0.9294444444444445
2024-09-04 10:56:41,823 - root - INFO - train ap: 0.9443006661287299, test ap: 0.9585948575261484
2024-09-04 10:56:41,824 - root - INFO - start 126 epoch
2024-09-04 10:56:46,189 - root - INFO - epoch: 126:
2024-09-04 10:56:46,189 - root - INFO - Epoch mean loss: 0.2029340368296419
2024-09-04 10:56:46,189 - root - INFO - train acc: 0.9286607142857143, test acc: 0.9294444444444445
2024-09-04 10:56:46,189 - root - INFO - train ap: 0.940385469577487, test ap: 0.9585903725583175
2024-09-04 10:56:46,190 - root - INFO - start 127 epoch
2024-09-04 10:56:50,540 - root - INFO - epoch: 127:
2024-09-04 10:56:50,540 - root - INFO - Epoch mean loss: 0.19751264953187533
2024-09-04 10:56:50,540 - root - INFO - train acc: 0.9320870535714285, test acc: 0.9294444444444445
2024-09-04 10:56:50,540 - root - INFO - train ap: 0.9433275178677982, test ap: 0.9587604189793314
2024-09-04 10:56:50,541 - root - INFO - start 128 epoch
2024-09-04 10:56:54,890 - root - INFO - epoch: 128:
2024-09-04 10:56:54,890 - root - INFO - Epoch mean loss: 0.2009840809873172
2024-09-04 10:56:54,890 - root - INFO - train acc: 0.9300558035714286, test acc: 0.9277777777777779
2024-09-04 10:56:54,890 - root - INFO - train ap: 0.9420622085389166, test ap: 0.9596469430235888
2024-09-04 10:56:54,891 - root - INFO - start 129 epoch
2024-09-04 10:56:59,255 - root - INFO - epoch: 129:
2024-09-04 10:56:59,255 - root - INFO - Epoch mean loss: 0.199724516166108
2024-09-04 10:56:59,255 - root - INFO - train acc: 0.9316462053571428, test acc: 0.928888888888889
2024-09-04 10:56:59,255 - root - INFO - train ap: 0.9405647022491749, test ap: 0.9590900184506608
2024-09-04 10:56:59,256 - root - INFO - start 130 epoch
2024-09-04 10:57:03,609 - root - INFO - epoch: 130:
2024-09-04 10:57:03,610 - root - INFO - Epoch mean loss: 0.20125684354986464
2024-09-04 10:57:03,610 - root - INFO - train acc: 0.9288616071428571, test acc: 0.928888888888889
2024-09-04 10:57:03,610 - root - INFO - train ap: 0.9433759331829957, test ap: 0.9593984126028049
2024-09-04 10:57:03,611 - root - INFO - start 131 epoch
2024-09-04 10:57:07,961 - root - INFO - epoch: 131:
2024-09-04 10:57:07,961 - root - INFO - Epoch mean loss: 0.19813072947519167
2024-09-04 10:57:07,961 - root - INFO - train acc: 0.9313895089285714, test acc: 0.928888888888889
2024-09-04 10:57:07,961 - root - INFO - train ap: 0.9423131982183933, test ap: 0.9597202674331299
2024-09-04 10:57:07,962 - root - INFO - start 132 epoch
2024-09-04 10:57:12,320 - root - INFO - epoch: 132:
2024-09-04 10:57:12,320 - root - INFO - Epoch mean loss: 0.1960426696709224
2024-09-04 10:57:12,320 - root - INFO - train acc: 0.9308314732142857, test acc: 0.928888888888889
2024-09-04 10:57:12,320 - root - INFO - train ap: 0.9492135523343385, test ap: 0.9597130378206372
2024-09-04 10:57:12,321 - root - INFO - start 133 epoch
2024-09-04 10:57:16,670 - root - INFO - epoch: 133:
2024-09-04 10:57:16,670 - root - INFO - Epoch mean loss: 0.19652218797377177
2024-09-04 10:57:16,670 - root - INFO - train acc: 0.9336216517857142, test acc: 0.928888888888889
2024-09-04 10:57:16,670 - root - INFO - train ap: 0.94290023445197, test ap: 0.9596744358878534
2024-09-04 10:57:16,671 - root - INFO - start 134 epoch
2024-09-04 10:57:21,048 - root - INFO - epoch: 134:
2024-09-04 10:57:21,048 - root - INFO - Epoch mean loss: 0.19834408909082413
2024-09-04 10:57:21,048 - root - INFO - train acc: 0.9291573660714285, test acc: 0.928888888888889
2024-09-04 10:57:21,048 - root - INFO - train ap: 0.9458250715452008, test ap: 0.959517485351791
2024-09-04 10:57:21,049 - root - INFO - start 135 epoch
2024-09-04 10:57:25,410 - root - INFO - epoch: 135:
2024-09-04 10:57:25,410 - root - INFO - Epoch mean loss: 0.19773574226668902
2024-09-04 10:57:25,410 - root - INFO - train acc: 0.9340011160714285, test acc: 0.928888888888889
2024-09-04 10:57:25,410 - root - INFO - train ap: 0.9388122635005871, test ap: 0.9596576630457965
2024-09-04 10:57:25,411 - root - INFO - start 136 epoch
2024-09-04 10:57:29,771 - root - INFO - epoch: 136:
2024-09-04 10:57:29,771 - root - INFO - Epoch mean loss: 0.1988212460918086
2024-09-04 10:57:29,771 - root - INFO - train acc: 0.9308928571428572, test acc: 0.9294444444444445
2024-09-04 10:57:29,771 - root - INFO - train ap: 0.9421355997371972, test ap: 0.9599105764683529
2024-09-04 10:57:29,772 - root - INFO - start 137 epoch
2024-09-04 10:57:34,131 - root - INFO - epoch: 137:
2024-09-04 10:57:34,131 - root - INFO - Epoch mean loss: 0.19787260304604257
2024-09-04 10:57:34,131 - root - INFO - train acc: 0.9307533482142858, test acc: 0.928888888888889
2024-09-04 10:57:34,131 - root - INFO - train ap: 0.9432607783404938, test ap: 0.9600317831236505
2024-09-04 10:57:34,132 - root - INFO - start 138 epoch
2024-09-04 10:57:38,475 - root - INFO - epoch: 138:
2024-09-04 10:57:38,475 - root - INFO - Epoch mean loss: 0.19557570745902403
2024-09-04 10:57:38,476 - root - INFO - train acc: 0.9335602678571429, test acc: 0.9294444444444445
2024-09-04 10:57:38,476 - root - INFO - train ap: 0.9438972286753492, test ap: 0.9599831720125392
2024-09-04 10:57:38,476 - root - INFO - start 139 epoch
2024-09-04 10:57:42,832 - root - INFO - epoch: 139:
2024-09-04 10:57:42,832 - root - INFO - Epoch mean loss: 0.19642871485224792
2024-09-04 10:57:42,832 - root - INFO - train acc: 0.9308705357142857, test acc: 0.93
2024-09-04 10:57:42,832 - root - INFO - train ap: 0.9431099695868145, test ap: 0.9603487169026234
2024-09-04 10:57:42,833 - root - INFO - start 140 epoch
2024-09-04 10:57:47,187 - root - INFO - epoch: 140:
2024-09-04 10:57:47,187 - root - INFO - Epoch mean loss: 0.19370317459106445
2024-09-04 10:57:47,187 - root - INFO - train acc: 0.9311328124999999, test acc: 0.9294444444444445
2024-09-04 10:57:47,187 - root - INFO - train ap: 0.945436704155408, test ap: 0.960865837216702
2024-09-04 10:57:47,188 - root - INFO - start 141 epoch
2024-09-04 10:57:51,541 - root - INFO - epoch: 141:
2024-09-04 10:57:51,541 - root - INFO - Epoch mean loss: 0.19715236819216184
2024-09-04 10:57:51,541 - root - INFO - train acc: 0.9316685267857142, test acc: 0.9294444444444445
2024-09-04 10:57:51,542 - root - INFO - train ap: 0.9427096343590835, test ap: 0.9608048770964834
2024-09-04 10:57:51,542 - root - INFO - start 142 epoch
2024-09-04 10:57:55,893 - root - INFO - epoch: 142:
2024-09-04 10:57:55,893 - root - INFO - Epoch mean loss: 0.19487522888396466
2024-09-04 10:57:55,893 - root - INFO - train acc: 0.9313895089285714, test acc: 0.93
2024-09-04 10:57:55,893 - root - INFO - train ap: 0.9479563439627322, test ap: 0.9608813469229532
2024-09-04 10:57:55,894 - root - INFO - start 143 epoch
2024-09-04 10:58:00,251 - root - INFO - epoch: 143:
2024-09-04 10:58:00,251 - root - INFO - Epoch mean loss: 0.19343605477895057
2024-09-04 10:58:00,251 - root - INFO - train acc: 0.9333426339285714, test acc: 0.9294444444444445
2024-09-04 10:58:00,251 - root - INFO - train ap: 0.9451795526004027, test ap: 0.9610190414724126
2024-09-04 10:58:00,252 - root - INFO - start 144 epoch
2024-09-04 10:58:04,610 - root - INFO - epoch: 144:
2024-09-04 10:58:04,610 - root - INFO - Epoch mean loss: 0.1962480161871229
2024-09-04 10:58:04,610 - root - INFO - train acc: 0.933203125, test acc: 0.928888888888889
2024-09-04 10:58:04,610 - root - INFO - train ap: 0.940970646071496, test ap: 0.9613363719339738
2024-09-04 10:58:04,611 - root - INFO - start 145 epoch
2024-09-04 10:58:08,970 - root - INFO - epoch: 145:
2024-09-04 10:58:08,970 - root - INFO - Epoch mean loss: 0.19473142442958696
2024-09-04 10:58:08,970 - root - INFO - train acc: 0.9327064732142858, test acc: 0.9294444444444445
2024-09-04 10:58:08,970 - root - INFO - train ap: 0.9453484237995448, test ap: 0.9609437706470003
2024-09-04 10:58:08,971 - root - INFO - start 146 epoch
2024-09-04 10:58:13,320 - root - INFO - epoch: 146:
2024-09-04 10:58:13,320 - root - INFO - Epoch mean loss: 0.19639122592551367
2024-09-04 10:58:13,320 - root - INFO - train acc: 0.9324051339285714, test acc: 0.928888888888889
2024-09-04 10:58:13,320 - root - INFO - train ap: 0.9392093876339543, test ap: 0.9612476990418377
2024-09-04 10:58:13,321 - root - INFO - start 147 epoch
2024-09-04 10:58:17,674 - root - INFO - epoch: 147:
2024-09-04 10:58:17,674 - root - INFO - Epoch mean loss: 0.19790655906711305
2024-09-04 10:58:17,674 - root - INFO - train acc: 0.9316685267857142, test acc: 0.9294444444444445
2024-09-04 10:58:17,674 - root - INFO - train ap: 0.9447374019221881, test ap: 0.9608416236357623
2024-09-04 10:58:17,675 - root - INFO - start 148 epoch
2024-09-04 10:58:22,029 - root - INFO - epoch: 148:
2024-09-04 10:58:22,029 - root - INFO - Epoch mean loss: 0.1958129552326032
2024-09-04 10:58:22,029 - root - INFO - train acc: 0.9331026785714285, test acc: 0.928888888888889
2024-09-04 10:58:22,030 - root - INFO - train ap: 0.9438093684838662, test ap: 0.9608416236357623
2024-09-04 10:58:22,030 - root - INFO - start 149 epoch
2024-09-04 10:58:26,387 - root - INFO - epoch: 149:
2024-09-04 10:58:26,388 - root - INFO - Epoch mean loss: 0.19322945310601167
2024-09-04 10:58:26,388 - root - INFO - train acc: 0.9330468749999999, test acc: 0.928888888888889
2024-09-04 10:58:26,388 - root - INFO - train ap: 0.946636844771536, test ap: 0.9613394842063168
2024-09-04 10:58:26,388 - root - INFO - Saving TGAN model
2024-09-04 10:58:26,389 - root - INFO - TGAN models saved
