2024-09-04 10:58:27,762 - root - INFO - Namespace(data='simulate_v2', bs=256, prefix='simulate_v2', n_degree=10, n_head=2, n_epoch=150, n_layer=2, lr=0.0001, drop_out=0.1, gpu=1, node_dim=100, time_dim=100, agg_method='attn', attn_mode='prod', time='time', uniform=False)
2024-09-04 10:58:27,822 - module - INFO - Aggregation uses attention model
2024-09-04 10:58:27,823 - module - INFO - Using scaled prod attention
2024-09-04 10:58:27,824 - module - INFO - Using scaled prod attention
2024-09-04 10:58:27,824 - module - INFO - Using time encoding
2024-09-04 10:58:28,186 - root - INFO - num of training instances: 5856
2024-09-04 10:58:28,186 - root - INFO - num of batches per epoch: 23
2024-09-04 10:58:28,186 - root - INFO - start 0 epoch
2024-09-04 10:58:32,058 - root - INFO - epoch: 0:
2024-09-04 10:58:32,058 - root - INFO - Epoch mean loss: 0.78853505331537
2024-09-04 10:58:32,058 - root - INFO - train acc: 0.4959459994638331, test acc: 0.5165039929015084
2024-09-04 10:58:32,058 - root - INFO - train ap: 0.4933107631223904, test ap: 0.5688068303900197
2024-09-04 10:58:32,059 - root - INFO - start 1 epoch
2024-09-04 10:58:35,917 - root - INFO - epoch: 1:
2024-09-04 10:58:35,917 - root - INFO - Epoch mean loss: 0.7747604846954346
2024-09-04 10:58:35,917 - root - INFO - train acc: 0.4959459994638331, test acc: 0.5165039929015084
2024-09-04 10:58:35,917 - root - INFO - train ap: 0.5086974475216153, test ap: 0.5836407008853509
2024-09-04 10:58:35,918 - root - INFO - start 2 epoch
2024-09-04 10:58:39,759 - root - INFO - epoch: 2:
2024-09-04 10:58:39,759 - root - INFO - Epoch mean loss: 0.7627034705618153
2024-09-04 10:58:39,759 - root - INFO - train acc: 0.4959459994638331, test acc: 0.5165039929015084
2024-09-04 10:58:39,760 - root - INFO - train ap: 0.5205987627441414, test ap: 0.603174481374221
2024-09-04 10:58:39,760 - root - INFO - start 3 epoch
2024-09-04 10:58:43,627 - root - INFO - epoch: 3:
2024-09-04 10:58:43,627 - root - INFO - Epoch mean loss: 0.7524090020552926
2024-09-04 10:58:43,627 - root - INFO - train acc: 0.4959459994638331, test acc: 0.5165039929015084
2024-09-04 10:58:43,627 - root - INFO - train ap: 0.5161867791610917, test ap: 0.6201594129915029
2024-09-04 10:58:43,628 - root - INFO - start 4 epoch
2024-09-04 10:58:47,557 - root - INFO - epoch: 4:
2024-09-04 10:58:47,557 - root - INFO - Epoch mean loss: 0.7432721827341162
2024-09-04 10:58:47,557 - root - INFO - train acc: 0.4959459994638331, test acc: 0.5165039929015084
2024-09-04 10:58:47,557 - root - INFO - train ap: 0.513217488128332, test ap: 0.6502254098809067
2024-09-04 10:58:47,558 - root - INFO - start 5 epoch
2024-09-04 10:58:51,392 - root - INFO - epoch: 5:
2024-09-04 10:58:51,392 - root - INFO - Epoch mean loss: 0.7351224241049393
2024-09-04 10:58:51,392 - root - INFO - train acc: 0.4959459994638331, test acc: 0.5165039929015084
2024-09-04 10:58:51,392 - root - INFO - train ap: 0.5255939291718562, test ap: 0.6575981307341915
2024-09-04 10:58:51,393 - root - INFO - start 6 epoch
2024-09-04 10:58:55,229 - root - INFO - epoch: 6:
2024-09-04 10:58:55,229 - root - INFO - Epoch mean loss: 0.7291581112405529
2024-09-04 10:58:55,229 - root - INFO - train acc: 0.4959459994638331, test acc: 0.5165039929015084
2024-09-04 10:58:55,229 - root - INFO - train ap: 0.5264879180200925, test ap: 0.6623861215889116
2024-09-04 10:58:55,230 - root - INFO - start 7 epoch
2024-09-04 10:58:59,087 - root - INFO - epoch: 7:
2024-09-04 10:58:59,087 - root - INFO - Epoch mean loss: 0.7229905569035074
2024-09-04 10:58:59,087 - root - INFO - train acc: 0.4959459994638331, test acc: 0.5165039929015084
2024-09-04 10:58:59,087 - root - INFO - train ap: 0.5328238417232556, test ap: 0.6832315357901381
2024-09-04 10:58:59,088 - root - INFO - start 8 epoch
2024-09-04 10:59:02,935 - root - INFO - epoch: 8:
2024-09-04 10:59:02,935 - root - INFO - Epoch mean loss: 0.7161921910617662
2024-09-04 10:59:02,935 - root - INFO - train acc: 0.4959459994638331, test acc: 0.5165039929015084
2024-09-04 10:59:02,935 - root - INFO - train ap: 0.5206582921656557, test ap: 0.6534599117212696
2024-09-04 10:59:02,936 - root - INFO - start 9 epoch
2024-09-04 10:59:06,791 - root - INFO - epoch: 9:
2024-09-04 10:59:06,791 - root - INFO - Epoch mean loss: 0.7072303139645121
2024-09-04 10:59:06,791 - root - INFO - train acc: 0.49738009358549423, test acc: 0.5165039929015084
2024-09-04 10:59:06,792 - root - INFO - train ap: 0.5054594741962763, test ap: 0.6240269706754153
2024-09-04 10:59:06,792 - root - INFO - start 10 epoch
2024-09-04 10:59:10,641 - root - INFO - epoch: 10:
2024-09-04 10:59:10,641 - root - INFO - Epoch mean loss: 0.7000648690306622
2024-09-04 10:59:10,641 - root - INFO - train acc: 0.5014752205595633, test acc: 0.5207926648920438
2024-09-04 10:59:10,641 - root - INFO - train ap: 0.5046767050532293, test ap: 0.6241303747930464
2024-09-04 10:59:10,642 - root - INFO - start 11 epoch
2024-09-04 10:59:14,480 - root - INFO - epoch: 11:
2024-09-04 10:59:14,480 - root - INFO - Epoch mean loss: 0.6970345714817876
2024-09-04 10:59:14,481 - root - INFO - train acc: 0.5120805103333983, test acc: 0.5601005619639161
2024-09-04 10:59:14,481 - root - INFO - train ap: 0.504712007399959, test ap: 0.6267843305910623
2024-09-04 10:59:14,481 - root - INFO - start 12 epoch
2024-09-04 10:59:18,322 - root - INFO - epoch: 12:
2024-09-04 10:59:18,322 - root - INFO - Epoch mean loss: 0.6957267393236575
2024-09-04 10:59:18,322 - root - INFO - train acc: 0.5151055883213101, test acc: 0.5694173321502513
2024-09-04 10:59:18,322 - root - INFO - train ap: 0.5097750633721486, test ap: 0.6336318902112318
2024-09-04 10:59:18,323 - root - INFO - start 13 epoch
2024-09-04 10:59:22,179 - root - INFO - epoch: 13:
2024-09-04 10:59:22,179 - root - INFO - Epoch mean loss: 0.6940699297448863
2024-09-04 10:59:22,179 - root - INFO - train acc: 0.5109541028953012, test acc: 0.5562851227447501
2024-09-04 10:59:22,179 - root - INFO - train ap: 0.5214147757008223, test ap: 0.6421425692226176
2024-09-04 10:59:22,180 - root - INFO - start 14 epoch
2024-09-04 10:59:26,023 - root - INFO - epoch: 14:
2024-09-04 10:59:26,023 - root - INFO - Epoch mean loss: 0.6955159565676814
2024-09-04 10:59:26,023 - root - INFO - train acc: 0.5042299302983038, test acc: 0.5569653948535936
2024-09-04 10:59:26,023 - root - INFO - train ap: 0.5158317430651149, test ap: 0.6513325077366946
2024-09-04 10:59:26,024 - root - INFO - start 15 epoch
2024-09-04 10:59:29,871 - root - INFO - epoch: 15:
2024-09-04 10:59:29,871 - root - INFO - Epoch mean loss: 0.6950072412905486
2024-09-04 10:59:29,871 - root - INFO - train acc: 0.5163888855039969, test acc: 0.581455190771961
2024-09-04 10:59:29,871 - root - INFO - train ap: 0.5086453163103888, test ap: 0.6598564588970914
2024-09-04 10:59:29,872 - root - INFO - start 16 epoch
2024-09-04 10:59:33,718 - root - INFO - epoch: 16:
2024-09-04 10:59:33,718 - root - INFO - Epoch mean loss: 0.6952506899833679
2024-09-04 10:59:33,718 - root - INFO - train acc: 0.5068719231331643, test acc: 0.5868973676427093
2024-09-04 10:59:33,718 - root - INFO - train ap: 0.5181933021149868, test ap: 0.6683512500043168
2024-09-04 10:59:33,719 - root - INFO - start 17 epoch
2024-09-04 10:59:37,570 - root - INFO - epoch: 17:
2024-09-04 10:59:37,570 - root - INFO - Epoch mean loss: 0.6931049175884413
2024-09-04 10:59:37,570 - root - INFO - train acc: 0.5238556187853383, test acc: 0.5782608695652174
2024-09-04 10:59:37,570 - root - INFO - train ap: 0.5256861525884424, test ap: 0.6766995011971049
2024-09-04 10:59:37,571 - root - INFO - start 18 epoch
2024-09-04 10:59:41,429 - root - INFO - epoch: 18:
2024-09-04 10:59:41,429 - root - INFO - Epoch mean loss: 0.6904183781665304
2024-09-04 10:59:41,429 - root - INFO - train acc: 0.5354045318288165, test acc: 0.5843833185448093
2024-09-04 10:59:41,429 - root - INFO - train ap: 0.5385011931361002, test ap: 0.686557710035244
2024-09-04 10:59:41,430 - root - INFO - start 19 epoch
2024-09-04 10:59:45,283 - root - INFO - epoch: 19:
2024-09-04 10:59:45,283 - root - INFO - Epoch mean loss: 0.6900218543799027
2024-09-04 10:59:45,283 - root - INFO - train acc: 0.5376565851043089, test acc: 0.5905057675244011
2024-09-04 10:59:45,283 - root - INFO - train ap: 0.5437950348860476, test ap: 0.6946216282440887
2024-09-04 10:59:45,284 - root - INFO - start 20 epoch
2024-09-04 10:59:49,135 - root - INFO - epoch: 20:
2024-09-04 10:59:49,135 - root - INFO - Epoch mean loss: 0.6916474311248116
2024-09-04 10:59:49,135 - root - INFO - train acc: 0.5371531670403588, test acc: 0.6007098491570542
2024-09-04 10:59:49,135 - root - INFO - train ap: 0.530538258330885, test ap: 0.7001448731411343
2024-09-04 10:59:49,136 - root - INFO - start 21 epoch
2024-09-04 10:59:52,983 - root - INFO - epoch: 21:
2024-09-04 10:59:52,983 - root - INFO - Epoch mean loss: 0.6887274721394414
2024-09-04 10:59:52,983 - root - INFO - train acc: 0.5458963430980698, test acc: 0.6061520260278024
2024-09-04 10:59:52,983 - root - INFO - train ap: 0.5493614498590782, test ap: 0.7092489551907035
2024-09-04 10:59:52,984 - root - INFO - start 22 epoch
2024-09-04 10:59:56,819 - root - INFO - epoch: 22:
2024-09-04 10:59:56,819 - root - INFO - Epoch mean loss: 0.6888244799945665
2024-09-04 10:59:56,819 - root - INFO - train acc: 0.5476327926983817, test acc: 0.617036379769299
2024-09-04 10:59:56,819 - root - INFO - train ap: 0.5494695828514835, test ap: 0.7182232526501324
2024-09-04 10:59:56,820 - root - INFO - start 23 epoch
2024-09-04 11:00:00,670 - root - INFO - epoch: 23:
2024-09-04 11:00:00,671 - root - INFO - Epoch mean loss: 0.6871611035388449
2024-09-04 11:00:00,671 - root - INFO - train acc: 0.556011162019887, test acc: 0.6288080449571134
2024-09-04 11:00:00,671 - root - INFO - train ap: 0.5546717665437949, test ap: 0.7243345337379641
2024-09-04 11:00:00,672 - root - INFO - start 24 epoch
2024-09-04 11:00:04,524 - root - INFO - epoch: 24:
2024-09-04 11:00:04,524 - root - INFO - Epoch mean loss: 0.6830235175464464
2024-09-04 11:00:04,524 - root - INFO - train acc: 0.5685097911386235, test acc: 0.625879917184265
2024-09-04 11:00:04,524 - root - INFO - train ap: 0.5718227726326337, test ap: 0.7299332620008604
2024-09-04 11:00:04,525 - root - INFO - start 25 epoch
2024-09-04 11:00:08,362 - root - INFO - epoch: 25:
2024-09-04 11:00:08,362 - root - INFO - Epoch mean loss: 0.6838069920954497
2024-09-04 11:00:08,362 - root - INFO - train acc: 0.5652326233183856, test acc: 0.6313220940550133
2024-09-04 11:00:08,362 - root - INFO - train ap: 0.5666635152148274, test ap: 0.7364362168428948
2024-09-04 11:00:08,363 - root - INFO - start 26 epoch
2024-09-04 11:00:12,208 - root - INFO - epoch: 26:
2024-09-04 11:00:12,208 - root - INFO - Epoch mean loss: 0.6823813060055608
2024-09-04 11:00:12,208 - root - INFO - train acc: 0.5687298937414701, test acc: 0.6458148476782017
2024-09-04 11:00:12,208 - root - INFO - train ap: 0.5686222556923468, test ap: 0.7432534422412804
2024-09-04 11:00:12,209 - root - INFO - start 27 epoch
2024-09-04 11:00:16,056 - root - INFO - epoch: 27:
2024-09-04 11:00:16,056 - root - INFO - Epoch mean loss: 0.6813862505166427
2024-09-04 11:00:16,056 - root - INFO - train acc: 0.5782468561123026, test acc: 0.6539781129843241
2024-09-04 11:00:16,056 - root - INFO - train ap: 0.5751226838677237, test ap: 0.7478447706055956
2024-09-04 11:00:16,057 - root - INFO - start 28 epoch
2024-09-04 11:00:19,896 - root - INFO - epoch: 28:
2024-09-04 11:00:19,896 - root - INFO - Epoch mean loss: 0.6787248383397642
2024-09-04 11:00:19,896 - root - INFO - train acc: 0.5755987704718268, test acc: 0.6592132505175982
2024-09-04 11:00:19,896 - root - INFO - train ap: 0.5867124737359372, test ap: 0.7546544873682886
2024-09-04 11:00:19,897 - root - INFO - start 29 epoch
2024-09-04 11:00:23,732 - root - INFO - epoch: 29:
2024-09-04 11:00:23,732 - root - INFO - Epoch mean loss: 0.6746491945308187
2024-09-04 11:00:23,732 - root - INFO - train acc: 0.5943813669818678, test acc: 0.670304643596569
2024-09-04 11:00:23,732 - root - INFO - train ap: 0.6019034572370756, test ap: 0.7615339393478507
2024-09-04 11:00:23,733 - root - INFO - start 30 epoch
2024-09-04 11:00:27,577 - root - INFO - epoch: 30:
2024-09-04 11:00:27,577 - root - INFO - Epoch mean loss: 0.6715000427287557
2024-09-04 11:00:27,577 - root - INFO - train acc: 0.6001870491323844, test acc: 0.6764270925761611
2024-09-04 11:00:27,577 - root - INFO - train ap: 0.6162650323263117, test ap: 0.7710415711958044
2024-09-04 11:00:27,578 - root - INFO - start 31 epoch
2024-09-04 11:00:31,406 - root - INFO - epoch: 31:
2024-09-04 11:00:31,406 - root - INFO - Epoch mean loss: 0.6702700283216394
2024-09-04 11:00:31,407 - root - INFO - train acc: 0.6113711554396568, test acc: 0.6873114463176574
2024-09-04 11:00:31,407 - root - INFO - train ap: 0.6132503429652146, test ap: 0.775717896612973
2024-09-04 11:00:31,407 - root - INFO - start 32 epoch
2024-09-04 11:00:35,237 - root - INFO - epoch: 32:
2024-09-04 11:00:35,237 - root - INFO - Epoch mean loss: 0.6650291370308917
2024-09-04 11:00:35,237 - root - INFO - train acc: 0.6199262161240008, test acc: 0.704318249038746
2024-09-04 11:00:35,237 - root - INFO - train ap: 0.6210849880195686, test ap: 0.7814191992125786
2024-09-04 11:00:35,238 - root - INFO - start 33 epoch
2024-09-04 11:00:39,152 - root - INFO - epoch: 33:
2024-09-04 11:00:39,152 - root - INFO - Epoch mean loss: 0.6629060377245364
2024-09-04 11:00:39,152 - root - INFO - train acc: 0.6202971156658218, test acc: 0.7086069210292814
2024-09-04 11:00:39,152 - root - INFO - train ap: 0.6337194579874682, test ap: 0.7898616726347719
2024-09-04 11:00:39,153 - root - INFO - start 34 epoch
2024-09-04 11:00:42,995 - root - INFO - epoch: 34:
2024-09-04 11:00:42,995 - root - INFO - Epoch mean loss: 0.6560012439022893
2024-09-04 11:00:42,996 - root - INFO - train acc: 0.6334629069994151, test acc: 0.7167701863354037
2024-09-04 11:00:42,996 - root - INFO - train ap: 0.653936587462107, test ap: 0.7972988968567583
2024-09-04 11:00:42,996 - root - INFO - start 35 epoch
2024-09-04 11:00:46,845 - root - INFO - epoch: 35:
2024-09-04 11:00:46,845 - root - INFO - Epoch mean loss: 0.6526175763296045
2024-09-04 11:00:46,845 - root - INFO - train acc: 0.637545086761552, test acc: 0.7312629399585922
2024-09-04 11:00:46,845 - root - INFO - train ap: 0.6527562611981262, test ap: 0.806007455523687
2024-09-04 11:00:46,846 - root - INFO - start 36 epoch
2024-09-04 11:00:50,692 - root - INFO - epoch: 36:
2024-09-04 11:00:50,692 - root - INFO - Epoch mean loss: 0.6452244649762693
2024-09-04 11:00:50,692 - root - INFO - train acc: 0.6550002132481965, test acc: 0.7394262052647147
2024-09-04 11:00:50,692 - root - INFO - train ap: 0.67565896816931, test ap: 0.8147578998247422
2024-09-04 11:00:50,693 - root - INFO - start 37 epoch
2024-09-04 11:00:54,537 - root - INFO - epoch: 37:
2024-09-04 11:00:54,537 - root - INFO - Epoch mean loss: 0.6381302994230519
2024-09-04 11:00:54,537 - root - INFO - train acc: 0.66320874561318, test acc: 0.7503105590062114
2024-09-04 11:00:54,537 - root - INFO - train ap: 0.68504756911056, test ap: 0.8197249877830339
2024-09-04 11:00:54,538 - root - INFO - start 38 epoch
2024-09-04 11:00:58,385 - root - INFO - epoch: 38:
2024-09-04 11:00:58,385 - root - INFO - Epoch mean loss: 0.6305227098257645
2024-09-04 11:00:58,386 - root - INFO - train acc: 0.6767393436829792, test acc: 0.7598343685300208
2024-09-04 11:00:58,386 - root - INFO - train ap: 0.6950143798370002, test ap: 0.8229259451310322
2024-09-04 11:00:58,386 - root - INFO - start 39 epoch
2024-09-04 11:01:02,229 - root - INFO - epoch: 39:
2024-09-04 11:01:02,229 - root - INFO - Epoch mean loss: 0.617250779400701
2024-09-04 11:01:02,229 - root - INFO - train acc: 0.6894832082277247, test acc: 0.7675244010647737
2024-09-04 11:01:02,229 - root - INFO - train ap: 0.7138601099144147, test ap: 0.826084886943878
2024-09-04 11:01:02,230 - root - INFO - start 40 epoch
2024-09-04 11:01:06,072 - root - INFO - epoch: 40:
2024-09-04 11:01:06,072 - root - INFO - Epoch mean loss: 0.6050649829532789
2024-09-04 11:01:06,072 - root - INFO - train acc: 0.7047243614739714, test acc: 0.7790890269151138
2024-09-04 11:01:06,072 - root - INFO - train ap: 0.7161111007327363, test ap: 0.8327508054775098
2024-09-04 11:01:06,073 - root - INFO - start 41 epoch
2024-09-04 11:01:09,917 - root - INFO - epoch: 41:
2024-09-04 11:01:09,917 - root - INFO - Epoch mean loss: 0.591694202112115
2024-09-04 11:01:09,917 - root - INFO - train acc: 0.712505635845194, test acc: 0.784531203785862
2024-09-04 11:01:09,917 - root - INFO - train ap: 0.734206472090658, test ap: 0.8415503226794079
2024-09-04 11:01:09,918 - root - INFO - start 42 epoch
2024-09-04 11:01:13,764 - root - INFO - epoch: 42:
2024-09-04 11:01:13,764 - root - INFO - Epoch mean loss: 0.5711968126504318
2024-09-04 11:01:13,764 - root - INFO - train acc: 0.7271618797523883, test acc: 0.7967761017450458
2024-09-04 11:01:13,764 - root - INFO - train ap: 0.7430283268955402, test ap: 0.8469072618668568
2024-09-04 11:01:13,765 - root - INFO - start 43 epoch
2024-09-04 11:01:17,603 - root - INFO - epoch: 43:
2024-09-04 11:01:17,603 - root - INFO - Epoch mean loss: 0.5643493844115216
2024-09-04 11:01:17,603 - root - INFO - train acc: 0.7337162153928641, test acc: 0.79698314108252
2024-09-04 11:01:17,603 - root - INFO - train ap: 0.7487454322593142, test ap: 0.8505490674894641
2024-09-04 11:01:17,604 - root - INFO - start 44 epoch
2024-09-04 11:01:21,456 - root - INFO - epoch: 44:
2024-09-04 11:01:21,456 - root - INFO - Epoch mean loss: 0.5465529172316842
2024-09-04 11:01:21,456 - root - INFO - train acc: 0.7405470120881263, test acc: 0.8017450458444249
2024-09-04 11:01:21,456 - root - INFO - train ap: 0.7595525535500688, test ap: 0.8499761361695859
2024-09-04 11:01:21,457 - root - INFO - start 45 epoch
2024-09-04 11:01:25,311 - root - INFO - epoch: 45:
2024-09-04 11:01:25,311 - root - INFO - Epoch mean loss: 0.5322952283465344
2024-09-04 11:01:25,311 - root - INFO - train acc: 0.7619152429810879, test acc: 0.8119491274770777
2024-09-04 11:01:25,311 - root - INFO - train ap: 0.7741311603197994, test ap: 0.8505324927334211
2024-09-04 11:01:25,312 - root - INFO - start 46 epoch
2024-09-04 11:01:29,157 - root - INFO - epoch: 46:
2024-09-04 11:01:29,157 - root - INFO - Epoch mean loss: 0.524481581604999
2024-09-04 11:01:29,157 - root - INFO - train acc: 0.7597888538214077, test acc: 0.8139899438036083
2024-09-04 11:01:29,157 - root - INFO - train ap: 0.7746645653665535, test ap: 0.8509656620885225
2024-09-04 11:01:29,158 - root - INFO - start 47 epoch
2024-09-04 11:01:33,018 - root - INFO - epoch: 47:
2024-09-04 11:01:33,018 - root - INFO - Epoch mean loss: 0.5248563160067019
2024-09-04 11:01:33,018 - root - INFO - train acc: 0.7629845303665432, test acc: 0.8207926648920436
2024-09-04 11:01:33,018 - root - INFO - train ap: 0.76826932075657, test ap: 0.8538097154051045
2024-09-04 11:01:33,019 - root - INFO - start 48 epoch
2024-09-04 11:01:36,869 - root - INFO - epoch: 48:
2024-09-04 11:01:36,869 - root - INFO - Epoch mean loss: 0.5119824953701185
2024-09-04 11:01:36,869 - root - INFO - train acc: 0.771841184928836, test acc: 0.8214729370008874
2024-09-04 11:01:36,869 - root - INFO - train ap: 0.7804502198368195, test ap: 0.8575314100632656
2024-09-04 11:01:36,870 - root - INFO - start 49 epoch
2024-09-04 11:01:40,710 - root - INFO - epoch: 49:
2024-09-04 11:01:40,710 - root - INFO - Epoch mean loss: 0.48862543831700866
2024-09-04 11:01:40,710 - root - INFO - train acc: 0.7867929299083641, test acc: 0.8307305530908015
2024-09-04 11:01:40,710 - root - INFO - train ap: 0.7980397355502507, test ap: 0.858717401981454
2024-09-04 11:01:40,711 - root - INFO - start 50 epoch
2024-09-04 11:01:44,547 - root - INFO - epoch: 50:
2024-09-04 11:01:44,547 - root - INFO - Epoch mean loss: 0.49188746965449787
2024-09-04 11:01:44,547 - root - INFO - train acc: 0.7849688962273348, test acc: 0.8307305530908016
2024-09-04 11:01:44,547 - root - INFO - train ap: 0.7885470172109932, test ap: 0.8645673758678014
2024-09-04 11:01:44,548 - root - INFO - start 51 epoch
2024-09-04 11:01:48,391 - root - INFO - epoch: 51:
2024-09-04 11:01:48,391 - root - INFO - Epoch mean loss: 0.48694391095119977
2024-09-04 11:01:48,391 - root - INFO - train acc: 0.7878058588418796, test acc: 0.8305235137533274
2024-09-04 11:01:48,391 - root - INFO - train ap: 0.7916340243498843, test ap: 0.8672002186436847
2024-09-04 11:01:48,392 - root - INFO - start 52 epoch
2024-09-04 11:01:52,234 - root - INFO - epoch: 52:
2024-09-04 11:01:52,234 - root - INFO - Epoch mean loss: 0.474089740411095
2024-09-04 11:01:52,234 - root - INFO - train acc: 0.7948316253168259, test acc: 0.8346051464063887
2024-09-04 11:01:52,234 - root - INFO - train ap: 0.8004367861031713, test ap: 0.8710948630495063
2024-09-04 11:01:52,235 - root - INFO - start 53 epoch
2024-09-04 11:01:56,079 - root - INFO - epoch: 53:
2024-09-04 11:01:56,080 - root - INFO - Epoch mean loss: 0.4652462031530297
2024-09-04 11:01:56,080 - root - INFO - train acc: 0.7999145484012478, test acc: 0.8409346347234546
2024-09-04 11:01:56,080 - root - INFO - train ap: 0.8104553376369147, test ap: 0.8724884108730204
2024-09-04 11:01:56,081 - root - INFO - start 54 epoch
2024-09-04 11:01:59,933 - root - INFO - epoch: 54:
2024-09-04 11:01:59,933 - root - INFO - Epoch mean loss: 0.46498657957367273
2024-09-04 11:01:59,934 - root - INFO - train acc: 0.8018200733573796, test acc: 0.8436557231588288
2024-09-04 11:01:59,934 - root - INFO - train ap: 0.8149349065954922, test ap: 0.8734791236094731
2024-09-04 11:01:59,934 - root - INFO - start 55 epoch
2024-09-04 11:02:03,778 - root - INFO - epoch: 55:
2024-09-04 11:02:03,778 - root - INFO - Epoch mean loss: 0.46484602793403296
2024-09-04 11:02:03,778 - root - INFO - train acc: 0.8045625974848898, test acc: 0.847944395149364
2024-09-04 11:02:03,778 - root - INFO - train ap: 0.8106506833780126, test ap: 0.8764178487404376
2024-09-04 11:02:03,779 - root - INFO - start 56 epoch
2024-09-04 11:02:07,634 - root - INFO - epoch: 56:
2024-09-04 11:02:07,634 - root - INFO - Epoch mean loss: 0.4521905896456345
2024-09-04 11:02:07,634 - root - INFO - train acc: 0.8129980868590367, test acc: 0.849304939367051
2024-09-04 11:02:07,634 - root - INFO - train ap: 0.8171724637137182, test ap: 0.8804034005276133
2024-09-04 11:02:07,635 - root - INFO - start 57 epoch
2024-09-04 11:02:11,487 - root - INFO - epoch: 57:
2024-09-04 11:02:11,487 - root - INFO - Epoch mean loss: 0.4537230691184168
2024-09-04 11:02:11,487 - root - INFO - train acc: 0.8068397835835445, test acc: 0.8524992605737949
2024-09-04 11:02:11,487 - root - INFO - train ap: 0.8203790765855105, test ap: 0.8826193597547473
2024-09-04 11:02:11,488 - root - INFO - start 58 epoch
2024-09-04 11:02:15,342 - root - INFO - epoch: 58:
2024-09-04 11:02:15,343 - root - INFO - Epoch mean loss: 0.44573082612908405
2024-09-04 11:02:15,343 - root - INFO - train acc: 0.8098656231721584, test acc: 0.8588287488908607
2024-09-04 11:02:15,343 - root - INFO - train ap: 0.8187785228190982, test ap: 0.8825527121295367
2024-09-04 11:02:15,344 - root - INFO - start 59 epoch
2024-09-04 11:02:19,193 - root - INFO - epoch: 59:
2024-09-04 11:02:19,193 - root - INFO - Epoch mean loss: 0.44033283772675885
2024-09-04 11:02:19,193 - root - INFO - train acc: 0.8196278209689999, test acc: 0.8637976929902397
2024-09-04 11:02:19,193 - root - INFO - train ap: 0.8218681252960572, test ap: 0.8822719515841573
2024-09-04 11:02:19,194 - root - INFO - start 60 epoch
2024-09-04 11:02:23,042 - root - INFO - epoch: 60:
2024-09-04 11:02:23,042 - root - INFO - Epoch mean loss: 0.4362026401188063
2024-09-04 11:02:23,042 - root - INFO - train acc: 0.8150109975141353, test acc: 0.865631469979296
2024-09-04 11:02:23,042 - root - INFO - train ap: 0.8399957268022074, test ap: 0.8871420714118491
2024-09-04 11:02:23,043 - root - INFO - start 61 epoch
2024-09-04 11:02:26,890 - root - INFO - epoch: 61:
2024-09-04 11:02:26,890 - root - INFO - Epoch mean loss: 0.4274487275144328
2024-09-04 11:02:26,890 - root - INFO - train acc: 0.8232949283486058, test acc: 0.8669920141969831
2024-09-04 11:02:26,890 - root - INFO - train ap: 0.8341906509317742, test ap: 0.8904615541202492
2024-09-04 11:02:26,891 - root - INFO - start 62 epoch
2024-09-04 11:02:30,732 - root - INFO - epoch: 62:
2024-09-04 11:02:30,732 - root - INFO - Epoch mean loss: 0.4254261333009471
2024-09-04 11:02:30,732 - root - INFO - train acc: 0.8248866738155585, test acc: 0.8726412304052057
2024-09-04 11:02:30,732 - root - INFO - train ap: 0.8314517019133589, test ap: 0.8887630856587913
2024-09-04 11:02:30,733 - root - INFO - start 63 epoch
2024-09-04 11:02:34,583 - root - INFO - epoch: 63:
2024-09-04 11:02:34,583 - root - INFO - Epoch mean loss: 0.4250160481618798
2024-09-04 11:02:34,583 - root - INFO - train acc: 0.8223703450965101, test acc: 0.8706004140786751
2024-09-04 11:02:34,583 - root - INFO - train ap: 0.8386745454547132, test ap: 0.8961938829329726
2024-09-04 11:02:34,584 - root - INFO - start 64 epoch
2024-09-04 11:02:38,414 - root - INFO - epoch: 64:
2024-09-04 11:02:38,414 - root - INFO - Epoch mean loss: 0.41945510973101074
2024-09-04 11:02:38,414 - root - INFO - train acc: 0.8261318909631507, test acc: 0.8740017746228927
2024-09-04 11:02:38,414 - root - INFO - train ap: 0.8458271024369504, test ap: 0.8972967970637229
2024-09-04 11:02:38,415 - root - INFO - start 65 epoch
2024-09-04 11:02:42,250 - root - INFO - epoch: 65:
2024-09-04 11:02:42,250 - root - INFO - Epoch mean loss: 0.4121897233569104
2024-09-04 11:02:42,250 - root - INFO - train acc: 0.8274342281633846, test acc: 0.8767228630582669
2024-09-04 11:02:42,250 - root - INFO - train ap: 0.8452874330891696, test ap: 0.9002161396392927
2024-09-04 11:02:42,251 - root - INFO - start 66 epoch
2024-09-04 11:02:46,103 - root - INFO - epoch: 66:
2024-09-04 11:02:46,103 - root - INFO - Epoch mean loss: 0.4073046562464341
2024-09-04 11:02:46,103 - root - INFO - train acc: 0.8323153270618053, test acc: 0.879443951493641
2024-09-04 11:02:46,103 - root - INFO - train ap: 0.8471336482854934, test ap: 0.902396215717891
2024-09-04 11:02:46,104 - root - INFO - start 67 epoch
2024-09-04 11:02:49,946 - root - INFO - epoch: 67:
2024-09-04 11:02:49,946 - root - INFO - Epoch mean loss: 0.41218861289646314
2024-09-04 11:02:49,946 - root - INFO - train acc: 0.8261570237863131, test acc: 0.8808044957113281
2024-09-04 11:02:49,946 - root - INFO - train ap: 0.8482780834094154, test ap: 0.9069535470517455
2024-09-04 11:02:49,947 - root - INFO - start 68 epoch
2024-09-04 11:02:53,790 - root - INFO - epoch: 68:
2024-09-04 11:02:53,791 - root - INFO - Epoch mean loss: 0.398327868917714
2024-09-04 11:02:53,791 - root - INFO - train acc: 0.8330700733573796, test acc: 0.8828453120378588
2024-09-04 11:02:53,791 - root - INFO - train ap: 0.8534644243031577, test ap: 0.9103166665037057
2024-09-04 11:02:53,792 - root - INFO - start 69 epoch
2024-09-04 11:02:57,643 - root - INFO - epoch: 69:
2024-09-04 11:02:57,643 - root - INFO - Epoch mean loss: 0.3935490561568219
2024-09-04 11:02:57,643 - root - INFO - train acc: 0.8356237205108208, test acc: 0.8842058562555457
2024-09-04 11:02:57,643 - root - INFO - train ap: 0.8547980088515664, test ap: 0.9133812098686281
2024-09-04 11:02:57,644 - root - INFO - start 70 epoch
2024-09-04 11:03:01,482 - root - INFO - epoch: 70:
2024-09-04 11:03:01,482 - root - INFO - Epoch mean loss: 0.3959675534911778
2024-09-04 11:03:01,482 - root - INFO - train acc: 0.8374858342269448, test acc: 0.88692694469092
2024-09-04 11:03:01,482 - root - INFO - train ap: 0.8585623211700815, test ap: 0.9147049501510162
2024-09-04 11:03:01,483 - root - INFO - start 71 epoch
2024-09-04 11:03:05,334 - root - INFO - epoch: 71:
2024-09-04 11:03:05,334 - root - INFO - Epoch mean loss: 0.38915746626646625
2024-09-04 11:03:05,334 - root - INFO - train acc: 0.8404987266036265, test acc: 0.8905353445726116
2024-09-04 11:03:05,334 - root - INFO - train ap: 0.856913904227892, test ap: 0.9172423225883027
2024-09-04 11:03:05,335 - root - INFO - start 72 epoch
2024-09-04 11:03:09,190 - root - INFO - epoch: 72:
2024-09-04 11:03:09,190 - root - INFO - Epoch mean loss: 0.37665007425391156
2024-09-04 11:03:09,190 - root - INFO - train acc: 0.8468017340124782, test acc: 0.8912156166814553
2024-09-04 11:03:09,190 - root - INFO - train ap: 0.8701147220783211, test ap: 0.9192678377137368
2024-09-04 11:03:09,191 - root - INFO - start 73 epoch
2024-09-04 11:03:13,034 - root - INFO - epoch: 73:
2024-09-04 11:03:13,034 - root - INFO - Epoch mean loss: 0.3755940574666728
2024-09-04 11:03:13,034 - root - INFO - train acc: 0.848845870296354, test acc: 0.8918958887902988
2024-09-04 11:03:13,034 - root - INFO - train ap: 0.8681662402762665, test ap: 0.922730324820697
2024-09-04 11:03:13,035 - root - INFO - start 74 epoch
2024-09-04 11:03:16,880 - root - INFO - epoch: 74:
2024-09-04 11:03:16,880 - root - INFO - Epoch mean loss: 0.37247299888859625
2024-09-04 11:03:16,880 - root - INFO - train acc: 0.8479403270618053, test acc: 0.893256433007986
2024-09-04 11:03:16,880 - root - INFO - train ap: 0.8673167605784223, test ap: 0.9249095624714387
2024-09-04 11:03:16,881 - root - INFO - start 75 epoch
2024-09-04 11:03:20,729 - root - INFO - epoch: 75:
2024-09-04 11:03:20,729 - root - INFO - Epoch mean loss: 0.37146069433378137
2024-09-04 11:03:20,729 - root - INFO - train acc: 0.8472419392181711, test acc: 0.8952972493345164
2024-09-04 11:03:20,729 - root - INFO - train ap: 0.8747421099438172, test ap: 0.9293378789512399
2024-09-04 11:03:20,730 - root - INFO - start 76 epoch
2024-09-04 11:03:24,574 - root - INFO - epoch: 76:
2024-09-04 11:03:24,574 - root - INFO - Epoch mean loss: 0.3569088280200958
2024-09-04 11:03:24,574 - root - INFO - train acc: 0.853991244638331, test acc: 0.8980183377698907
2024-09-04 11:03:24,574 - root - INFO - train ap: 0.878430322633954, test ap: 0.9284769709572287
2024-09-04 11:03:24,575 - root - INFO - start 77 epoch
2024-09-04 11:03:28,417 - root - INFO - epoch: 77:
2024-09-04 11:03:28,417 - root - INFO - Epoch mean loss: 0.3613820736822875
2024-09-04 11:03:28,417 - root - INFO - train acc: 0.8541359487716903, test acc: 0.8980183377698907
2024-09-04 11:03:28,417 - root - INFO - train ap: 0.882628749215646, test ap: 0.9320444381537412
2024-09-04 11:03:28,418 - root - INFO - start 78 epoch
2024-09-04 11:03:32,266 - root - INFO - epoch: 78:
2024-09-04 11:03:32,266 - root - INFO - Epoch mean loss: 0.3561376087043596
2024-09-04 11:03:32,266 - root - INFO - train acc: 0.8590551277052058, test acc: 0.9000591540964212
2024-09-04 11:03:32,266 - root - INFO - train ap: 0.8755196100451523, test ap: 0.932642640925109
2024-09-04 11:03:32,267 - root - INFO - start 79 epoch
2024-09-04 11:03:36,110 - root - INFO - epoch: 79:
2024-09-04 11:03:36,110 - root - INFO - Epoch mean loss: 0.36114194989204407
2024-09-04 11:03:36,110 - root - INFO - train acc: 0.8494749524761163, test acc: 0.9007394262052647
2024-09-04 11:03:36,110 - root - INFO - train ap: 0.8859327891168871, test ap: 0.936003130919303
2024-09-04 11:03:36,111 - root - INFO - start 80 epoch
2024-09-04 11:03:39,949 - root - INFO - epoch: 80:
2024-09-04 11:03:39,949 - root - INFO - Epoch mean loss: 0.34707934312198474
2024-09-04 11:03:39,949 - root - INFO - train acc: 0.8640618907194385, test acc: 0.903460514640639
2024-09-04 11:03:39,949 - root - INFO - train ap: 0.8822469466501193, test ap: 0.9371935276034261
2024-09-04 11:03:39,950 - root - INFO - start 81 epoch
2024-09-04 11:03:43,802 - root - INFO - epoch: 81:
2024-09-04 11:03:43,802 - root - INFO - Epoch mean loss: 0.34649602485739667
2024-09-04 11:03:43,802 - root - INFO - train acc: 0.8569729113862351, test acc: 0.9034605146406388
2024-09-04 11:03:43,802 - root - INFO - train ap: 0.8912410493395633, test ap: 0.9384030503560397
2024-09-04 11:03:43,803 - root - INFO - start 82 epoch
2024-09-04 11:03:47,642 - root - INFO - epoch: 82:
2024-09-04 11:03:47,642 - root - INFO - Epoch mean loss: 0.3412164333073989
2024-09-04 11:03:47,642 - root - INFO - train acc: 0.8656345961688439, test acc: 0.9055013309671694
2024-09-04 11:03:47,642 - root - INFO - train ap: 0.8841345920220355, test ap: 0.939383335538667
2024-09-04 11:03:47,643 - root - INFO - start 83 epoch
2024-09-04 11:03:51,498 - root - INFO - epoch: 83:
2024-09-04 11:03:51,498 - root - INFO - Epoch mean loss: 0.3462233724801437
2024-09-04 11:03:51,498 - root - INFO - train acc: 0.8597344755312927, test acc: 0.9084294587400179
2024-09-04 11:03:51,498 - root - INFO - train ap: 0.8849352317457262, test ap: 0.9401722420286769
2024-09-04 11:03:51,499 - root - INFO - start 84 epoch
2024-09-04 11:03:55,341 - root - INFO - epoch: 84:
2024-09-04 11:03:55,342 - root - INFO - Epoch mean loss: 0.3382849071336829
2024-09-04 11:03:55,342 - root - INFO - train acc: 0.8662949039773835, test acc: 0.911150547175392
2024-09-04 11:03:55,342 - root - INFO - train ap: 0.8895474211026169, test ap: 0.94033920084757
2024-09-04 11:03:55,343 - root - INFO - start 85 epoch
2024-09-04 11:03:59,178 - root - INFO - epoch: 85:
2024-09-04 11:03:59,178 - root - INFO - Epoch mean loss: 0.3306035619714986
2024-09-04 11:03:59,178 - root - INFO - train acc: 0.8704905622441023, test acc: 0.9068618751848566
2024-09-04 11:03:59,178 - root - INFO - train ap: 0.8926635054862995, test ap: 0.944136322197406
2024-09-04 11:03:59,179 - root - INFO - start 86 epoch
2024-09-04 11:04:03,024 - root - INFO - epoch: 86:
2024-09-04 11:04:03,024 - root - INFO - Epoch mean loss: 0.3397891443708669
2024-09-04 11:04:03,024 - root - INFO - train acc: 0.8659994029050497, test acc: 0.9118308192842355
2024-09-04 11:04:03,025 - root - INFO - train ap: 0.8898324807836843, test ap: 0.9427343003640958
2024-09-04 11:04:03,025 - root - INFO - start 87 epoch
2024-09-04 11:04:06,860 - root - INFO - epoch: 87:
2024-09-04 11:04:06,861 - root - INFO - Epoch mean loss: 0.33432316520939703
2024-09-04 11:04:06,861 - root - INFO - train acc: 0.864351298986157, test acc: 0.9118308192842354
2024-09-04 11:04:06,861 - root - INFO - train ap: 0.8972242246219604, test ap: 0.9440004425368574
2024-09-04 11:04:06,862 - root - INFO - start 88 epoch
2024-09-04 11:04:10,701 - root - INFO - epoch: 88:
2024-09-04 11:04:10,701 - root - INFO - Epoch mean loss: 0.3274917939434881
2024-09-04 11:04:10,701 - root - INFO - train acc: 0.8720130020471827, test acc: 0.911150547175392
2024-09-04 11:04:10,701 - root - INFO - train ap: 0.8970001502359407, test ap: 0.9441726661869916
2024-09-04 11:04:10,702 - root - INFO - start 89 epoch
2024-09-04 11:04:14,617 - root - INFO - epoch: 89:
2024-09-04 11:04:14,617 - root - INFO - Epoch mean loss: 0.32134649934975995
2024-09-04 11:04:14,617 - root - INFO - train acc: 0.8718553507018912, test acc: 0.9131913635019225
2024-09-04 11:04:14,617 - root - INFO - train ap: 0.9039527594511528, test ap: 0.9452058788588031
2024-09-04 11:04:14,618 - root - INFO - start 90 epoch
2024-09-04 11:04:18,460 - root - INFO - epoch: 90:
2024-09-04 11:04:18,460 - root - INFO - Epoch mean loss: 0.3249609418537306
2024-09-04 11:04:18,460 - root - INFO - train acc: 0.8735727602846559, test acc: 0.9145519077196097
2024-09-04 11:04:18,460 - root - INFO - train ap: 0.8923556946390583, test ap: 0.945677954564115
2024-09-04 11:04:18,461 - root - INFO - start 91 epoch
2024-09-04 11:04:22,302 - root - INFO - epoch: 91:
2024-09-04 11:04:22,302 - root - INFO - Epoch mean loss: 0.3183490724667259
2024-09-04 11:04:22,302 - root - INFO - train acc: 0.8711950428933516, test acc: 0.9165927240461401
2024-09-04 11:04:22,302 - root - INFO - train ap: 0.9082378901633286, test ap: 0.947417836727595
2024-09-04 11:04:22,303 - root - INFO - start 92 epoch
2024-09-04 11:04:26,200 - root - INFO - epoch: 92:
2024-09-04 11:04:26,200 - root - INFO - Epoch mean loss: 0.31182024012441223
2024-09-04 11:04:26,200 - root - INFO - train acc: 0.876680091148372, test acc: 0.9138716356107661
2024-09-04 11:04:26,200 - root - INFO - train ap: 0.9082158457767341, test ap: 0.9480178289722452
2024-09-04 11:04:26,201 - root - INFO - start 93 epoch
2024-09-04 11:04:30,051 - root - INFO - epoch: 93:
2024-09-04 11:04:30,051 - root - INFO - Epoch mean loss: 0.31350804152696027
2024-09-04 11:04:30,051 - root - INFO - train acc: 0.8776298072236304, test acc: 0.9172729961549837
2024-09-04 11:04:30,051 - root - INFO - train ap: 0.908172469412458, test ap: 0.948986888935587
2024-09-04 11:04:30,052 - root - INFO - start 94 epoch
2024-09-04 11:04:33,917 - root - INFO - epoch: 94:
2024-09-04 11:04:33,917 - root - INFO - Epoch mean loss: 0.31513607372408325
2024-09-04 11:04:33,917 - root - INFO - train acc: 0.8737425972411776, test acc: 0.9179532682638273
2024-09-04 11:04:33,917 - root - INFO - train ap: 0.9085037028711669, test ap: 0.9508755975302412
2024-09-04 11:04:33,918 - root - INFO - start 95 epoch
2024-09-04 11:04:37,768 - root - INFO - epoch: 95:
2024-09-04 11:04:37,768 - root - INFO - Epoch mean loss: 0.3029343544141106
2024-09-04 11:04:37,768 - root - INFO - train acc: 0.8780829596412556, test acc: 0.9172729961549837
2024-09-04 11:04:37,768 - root - INFO - train ap: 0.9120512050685264, test ap: 0.9518431211418752
2024-09-04 11:04:37,769 - root - INFO - start 96 epoch
2024-09-04 11:04:41,619 - root - INFO - epoch: 96:
2024-09-04 11:04:41,619 - root - INFO - Epoch mean loss: 0.3081885673429655
2024-09-04 11:04:41,619 - root - INFO - train acc: 0.8802215344121661, test acc: 0.921354628808045
2024-09-04 11:04:41,619 - root - INFO - train ap: 0.9105686730716703, test ap: 0.9528474320631073
2024-09-04 11:04:41,620 - root - INFO - start 97 epoch
2024-09-04 11:04:45,459 - root - INFO - epoch: 97:
2024-09-04 11:04:45,459 - root - INFO - Epoch mean loss: 0.3010009008905162
2024-09-04 11:04:45,459 - root - INFO - train acc: 0.8812908217976213, test acc: 0.9233954451345756
2024-09-04 11:04:45,459 - root - INFO - train ap: 0.9167362585877558, test ap: 0.9542068693534715
2024-09-04 11:04:45,460 - root - INFO - start 98 epoch
2024-09-04 11:04:49,304 - root - INFO - epoch: 98:
2024-09-04 11:04:49,305 - root - INFO - Epoch mean loss: 0.30285340353198675
2024-09-04 11:04:49,305 - root - INFO - train acc: 0.8831590283193604, test acc: 0.9227151730257319
2024-09-04 11:04:49,305 - root - INFO - train ap: 0.9075134180963854, test ap: 0.9566800615043168
2024-09-04 11:04:49,306 - root - INFO - start 99 epoch
2024-09-04 11:04:53,154 - root - INFO - epoch: 99:
2024-09-04 11:04:53,154 - root - INFO - Epoch mean loss: 0.30233011751071265
2024-09-04 11:04:53,154 - root - INFO - train acc: 0.8831780683369077, test acc: 0.9240757172434191
2024-09-04 11:04:53,154 - root - INFO - train ap: 0.9081571185327478, test ap: 0.955970369182032
2024-09-04 11:04:53,155 - root - INFO - start 100 epoch
2024-09-04 11:04:56,999 - root - INFO - epoch: 100:
2024-09-04 11:04:56,999 - root - INFO - Epoch mean loss: 0.29934295947137085
2024-09-04 11:04:56,999 - root - INFO - train acc: 0.8852222046207838, test acc: 0.9233954451345756
2024-09-04 11:04:56,999 - root - INFO - train ap: 0.9108923094656294, test ap: 0.9563562315159462
2024-09-04 11:04:57,000 - root - INFO - start 101 epoch
2024-09-04 11:05:01,074 - root - INFO - epoch: 101:
2024-09-04 11:05:01,074 - root - INFO - Epoch mean loss: 0.2896688923887584
2024-09-04 11:05:01,074 - root - INFO - train acc: 0.8871094511600701, test acc: 0.9233954451345756
2024-09-04 11:05:01,074 - root - INFO - train ap: 0.9177660461275591, test ap: 0.9565504462412675
2024-09-04 11:05:01,075 - root - INFO - start 102 epoch
2024-09-04 11:05:04,922 - root - INFO - epoch: 102:
2024-09-04 11:05:04,922 - root - INFO - Epoch mean loss: 0.2943670250799345
2024-09-04 11:05:04,922 - root - INFO - train acc: 0.8866502059368299, test acc: 0.9247559893522627
2024-09-04 11:05:04,922 - root - INFO - train ap: 0.9183939747217729, test ap: 0.9561867427740068
2024-09-04 11:05:04,923 - root - INFO - start 103 epoch
2024-09-04 11:05:08,773 - root - INFO - epoch: 103:
2024-09-04 11:05:08,773 - root - INFO - Epoch mean loss: 0.2874041322780692
2024-09-04 11:05:08,773 - root - INFO - train acc: 0.8884491067946969, test acc: 0.9261165335699497
2024-09-04 11:05:08,773 - root - INFO - train ap: 0.9157112917725783, test ap: 0.9570133449188223
2024-09-04 11:05:08,774 - root - INFO - start 104 epoch
2024-09-04 11:05:12,627 - root - INFO - epoch: 104:
2024-09-04 11:05:12,627 - root - INFO - Epoch mean loss: 0.28246620815733203
2024-09-04 11:05:12,627 - root - INFO - train acc: 0.8929593061512966, test acc: 0.9267968056787932
2024-09-04 11:05:12,627 - root - INFO - train ap: 0.917248903900165, test ap: 0.9578207518828197
2024-09-04 11:05:12,628 - root - INFO - start 105 epoch
2024-09-04 11:05:16,474 - root - INFO - epoch: 105:
2024-09-04 11:05:16,474 - root - INFO - Epoch mean loss: 0.28276198324949847
2024-09-04 11:05:16,474 - root - INFO - train acc: 0.8934246441801521, test acc: 0.9274770777876367
2024-09-04 11:05:16,474 - root - INFO - train ap: 0.9176622104709923, test ap: 0.9583477278921314
2024-09-04 11:05:16,475 - root - INFO - start 106 epoch
2024-09-04 11:05:20,318 - root - INFO - epoch: 106:
2024-09-04 11:05:20,318 - root - INFO - Epoch mean loss: 0.28333768442921015
2024-09-04 11:05:20,318 - root - INFO - train acc: 0.8866692459543771, test acc: 0.9267968056787932
2024-09-04 11:05:20,318 - root - INFO - train ap: 0.9225398278165685, test ap: 0.9587102436605088
2024-09-04 11:05:20,319 - root - INFO - start 107 epoch
2024-09-04 11:05:24,153 - root - INFO - epoch: 107:
2024-09-04 11:05:24,153 - root - INFO - Epoch mean loss: 0.27031678220500116
2024-09-04 11:05:24,153 - root - INFO - train acc: 0.8954124220120881, test acc: 0.9274770777876367
2024-09-04 11:05:24,153 - root - INFO - train ap: 0.9266042823074406, test ap: 0.9589903304573075
2024-09-04 11:05:24,154 - root - INFO - start 108 epoch
2024-09-04 11:05:28,002 - root - INFO - epoch: 108:
2024-09-04 11:05:28,002 - root - INFO - Epoch mean loss: 0.2819729207650475
2024-09-04 11:05:28,002 - root - INFO - train acc: 0.8950917881165918, test acc: 0.9274770777876367
2024-09-04 11:05:28,002 - root - INFO - train ap: 0.922482088372011, test ap: 0.9594240745570849
2024-09-04 11:05:28,003 - root - INFO - start 109 epoch
2024-09-04 11:05:31,842 - root - INFO - epoch: 109:
2024-09-04 11:05:31,843 - root - INFO - Epoch mean loss: 0.27600297396597656
2024-09-04 11:05:31,843 - root - INFO - train acc: 0.8966012807077404, test acc: 0.9288376220053238
2024-09-04 11:05:31,843 - root - INFO - train ap: 0.9219800264916541, test ap: 0.9599235221579004
2024-09-04 11:05:31,844 - root - INFO - start 110 epoch
2024-09-04 11:05:35,689 - root - INFO - epoch: 110:
2024-09-04 11:05:35,690 - root - INFO - Epoch mean loss: 0.2702209385840789
2024-09-04 11:05:35,690 - root - INFO - train acc: 0.8984694872294795, test acc: 0.9295178941141673
2024-09-04 11:05:35,690 - root - INFO - train ap: 0.9304108325570332, test ap: 0.9598772451436934
2024-09-04 11:05:35,690 - root - INFO - start 111 epoch
2024-09-04 11:05:39,543 - root - INFO - epoch: 111:
2024-09-04 11:05:39,543 - root - INFO - Epoch mean loss: 0.27612256096756976
2024-09-04 11:05:39,543 - root - INFO - train acc: 0.8965007494150907, test acc: 0.931558710440698
2024-09-04 11:05:39,543 - root - INFO - train ap: 0.9252422652186065, test ap: 0.9603300569079865
2024-09-04 11:05:39,544 - root - INFO - start 112 epoch
2024-09-04 11:05:43,386 - root - INFO - epoch: 112:
2024-09-04 11:05:43,386 - root - INFO - Epoch mean loss: 0.2710131944521614
2024-09-04 11:05:43,386 - root - INFO - train acc: 0.8960415041918502, test acc: 0.9308784383318545
2024-09-04 11:05:43,386 - root - INFO - train ap: 0.9278857687972075, test ap: 0.9604995553293647
2024-09-04 11:05:43,387 - root - INFO - start 113 epoch
2024-09-04 11:05:47,226 - root - INFO - epoch: 113:
2024-09-04 11:05:47,226 - root - INFO - Epoch mean loss: 0.2619477588197459
2024-09-04 11:05:47,226 - root - INFO - train acc: 0.9009667759309806, test acc: 0.9308784383318545
2024-09-04 11:05:47,226 - root - INFO - train ap: 0.9339607247846177, test ap: 0.9603842543685825
2024-09-04 11:05:47,227 - root - INFO - start 114 epoch
2024-09-04 11:05:51,078 - root - INFO - epoch: 114:
2024-09-04 11:05:51,078 - root - INFO - Epoch mean loss: 0.27334996928339417
2024-09-04 11:05:51,078 - root - INFO - train acc: 0.8958968000584909, test acc: 0.9335995267672285
2024-09-04 11:05:51,078 - root - INFO - train ap: 0.9245763325082007, test ap: 0.9606040358495114
2024-09-04 11:05:51,079 - root - INFO - start 115 epoch
2024-09-04 11:05:54,928 - root - INFO - epoch: 115:
2024-09-04 11:05:54,928 - root - INFO - Epoch mean loss: 0.2621657660473948
2024-09-04 11:05:54,928 - root - INFO - train acc: 0.8981549461395985, test acc: 0.931558710440698
2024-09-04 11:05:54,928 - root - INFO - train ap: 0.9345419326524428, test ap: 0.9610206252598693
2024-09-04 11:05:54,929 - root - INFO - start 116 epoch
2024-09-04 11:05:58,768 - root - INFO - epoch: 116:
2024-09-04 11:05:58,768 - root - INFO - Epoch mean loss: 0.26064718935800635
2024-09-04 11:05:58,769 - root - INFO - train acc: 0.9010170415773056, test acc: 0.9335995267672285
2024-09-04 11:05:58,769 - root - INFO - train ap: 0.9319143634699507, test ap: 0.961668949967598
2024-09-04 11:05:58,769 - root - INFO - start 117 epoch
2024-09-04 11:06:02,616 - root - INFO - epoch: 117:
2024-09-04 11:06:02,616 - root - INFO - Epoch mean loss: 0.2599531289028085
2024-09-04 11:06:02,616 - root - INFO - train acc: 0.907061866348216, test acc: 0.9322389825495415
2024-09-04 11:06:02,616 - root - INFO - train ap: 0.9328040098701973, test ap: 0.9628806705754334
2024-09-04 11:06:02,617 - root - INFO - start 118 epoch
2024-09-04 11:06:06,460 - root - INFO - epoch: 118:
2024-09-04 11:06:06,460 - root - INFO - Epoch mean loss: 0.26104587964389636
2024-09-04 11:06:06,460 - root - INFO - train acc: 0.9021305018034704, test acc: 0.9329192546583851
2024-09-04 11:06:06,460 - root - INFO - train ap: 0.9313002516171606, test ap: 0.9628110727507335
2024-09-04 11:06:06,461 - root - INFO - start 119 epoch
2024-09-04 11:06:10,303 - root - INFO - epoch: 119:
2024-09-04 11:06:10,303 - root - INFO - Epoch mean loss: 0.2536274816678918
2024-09-04 11:06:10,303 - root - INFO - train acc: 0.9030550850555664, test acc: 0.932919254658385
2024-09-04 11:06:10,303 - root - INFO - train ap: 0.9367766984707697, test ap: 0.9629948043630365
2024-09-04 11:06:10,304 - root - INFO - start 120 epoch
2024-09-04 11:06:14,141 - root - INFO - epoch: 120:
2024-09-04 11:06:14,141 - root - INFO - Epoch mean loss: 0.25196842136590375
2024-09-04 11:06:14,141 - root - INFO - train acc: 0.9067221924351725, test acc: 0.932919254658385
2024-09-04 11:06:14,141 - root - INFO - train ap: 0.9339496846054868, test ap: 0.9629046499751632
2024-09-04 11:06:14,142 - root - INFO - start 121 epoch
2024-09-04 11:06:17,981 - root - INFO - epoch: 121:
2024-09-04 11:06:17,981 - root - INFO - Epoch mean loss: 0.2505307566860448
2024-09-04 11:06:17,981 - root - INFO - train acc: 0.9054830680931956, test acc: 0.932919254658385
2024-09-04 11:06:17,981 - root - INFO - train ap: 0.9347359192001367, test ap: 0.9628188195411648
2024-09-04 11:06:17,982 - root - INFO - start 122 epoch
2024-09-04 11:06:21,824 - root - INFO - epoch: 122:
2024-09-04 11:06:21,824 - root - INFO - Epoch mean loss: 0.25142617588457855
2024-09-04 11:06:21,824 - root - INFO - train acc: 0.9043193422207058, test acc: 0.932919254658385
2024-09-04 11:06:21,824 - root - INFO - train ap: 0.9310524598167516, test ap: 0.963280932313419
2024-09-04 11:06:21,825 - root - INFO - start 123 epoch
2024-09-04 11:06:25,672 - root - INFO - epoch: 123:
2024-09-04 11:06:25,672 - root - INFO - Epoch mean loss: 0.2522369215021963
2024-09-04 11:06:25,672 - root - INFO - train acc: 0.9041243724410216, test acc: 0.9342797988760722
2024-09-04 11:06:25,672 - root - INFO - train ap: 0.9355125731639543, test ap: 0.963297010339701
2024-09-04 11:06:25,673 - root - INFO - start 124 epoch
2024-09-04 11:06:29,678 - root - INFO - epoch: 124:
2024-09-04 11:06:29,678 - root - INFO - Epoch mean loss: 0.24717230187809985
2024-09-04 11:06:29,678 - root - INFO - train acc: 0.9069422950380192, test acc: 0.9349600709849157
2024-09-04 11:06:29,678 - root - INFO - train ap: 0.9386768125082591, test ap: 0.9632869411491175
2024-09-04 11:06:29,679 - root - INFO - start 125 epoch
2024-09-04 11:06:33,512 - root - INFO - epoch: 125:
2024-09-04 11:06:33,512 - root - INFO - Epoch mean loss: 0.2421377508536629
2024-09-04 11:06:33,512 - root - INFO - train acc: 0.9121821078670306, test acc: 0.9372079266489205
2024-09-04 11:06:33,512 - root - INFO - train ap: 0.9363402146775066, test ap: 0.963655876426753
2024-09-04 11:06:33,513 - root - INFO - start 126 epoch
2024-09-04 11:06:37,372 - root - INFO - epoch: 126:
2024-09-04 11:06:37,372 - root - INFO - Epoch mean loss: 0.248118889072667
2024-09-04 11:06:37,372 - root - INFO - train acc: 0.9096094206960421, test acc: 0.9378881987577641
2024-09-04 11:06:37,372 - root - INFO - train ap: 0.9317775719868769, test ap: 0.9638859684635678
2024-09-04 11:06:37,373 - root - INFO - start 127 epoch
2024-09-04 11:06:41,214 - root - INFO - epoch: 127:
2024-09-04 11:06:41,214 - root - INFO - Epoch mean loss: 0.23942081759805264
2024-09-04 11:06:41,214 - root - INFO - train acc: 0.9119871380873464, test acc: 0.9349600709849157
2024-09-04 11:06:41,214 - root - INFO - train ap: 0.9416613022788363, test ap: 0.9641699571729729
2024-09-04 11:06:41,215 - root - INFO - start 128 epoch
2024-09-04 11:06:45,067 - root - INFO - epoch: 128:
2024-09-04 11:06:45,067 - root - INFO - Epoch mean loss: 0.2373818936555282
2024-09-04 11:06:45,067 - root - INFO - train acc: 0.9101691972119322, test acc: 0.9383614315291334
2024-09-04 11:06:45,067 - root - INFO - train ap: 0.9426758460609649, test ap: 0.9643976424248256
2024-09-04 11:06:45,068 - root - INFO - start 129 epoch
2024-09-04 11:06:48,914 - root - INFO - epoch: 129:
2024-09-04 11:06:48,914 - root - INFO - Epoch mean loss: 0.23755569302517435
2024-09-04 11:06:48,914 - root - INFO - train acc: 0.9150944689510626, test acc: 0.936527654540077
2024-09-04 11:06:48,914 - root - INFO - train ap: 0.9398744808423138, test ap: 0.9644794958235978
2024-09-04 11:06:48,915 - root - INFO - start 130 epoch
2024-09-04 11:06:52,771 - root - INFO - epoch: 130:
2024-09-04 11:06:52,771 - root - INFO - Epoch mean loss: 0.23154089308303336
2024-09-04 11:06:52,771 - root - INFO - train acc: 0.9169626754728017, test acc: 0.9372079266489205
2024-09-04 11:06:52,771 - root - INFO - train ap: 0.9397236822515325, test ap: 0.964523669337159
2024-09-04 11:06:52,772 - root - INFO - start 131 epoch
2024-09-04 11:06:56,625 - root - INFO - epoch: 131:
2024-09-04 11:06:56,625 - root - INFO - Epoch mean loss: 0.2442968435909437
2024-09-04 11:06:56,625 - root - INFO - train acc: 0.9067663652758822, test acc: 0.9370008873114463
2024-09-04 11:06:56,625 - root - INFO - train ap: 0.934134848906302, test ap: 0.9646630068342555
2024-09-04 11:06:56,626 - root - INFO - start 132 epoch
2024-09-04 11:07:00,471 - root - INFO - epoch: 132:
2024-09-04 11:07:00,471 - root - INFO - Epoch mean loss: 0.23610122501850128
2024-09-04 11:07:00,471 - root - INFO - train acc: 0.9112575246149347, test acc: 0.9397219757468204
2024-09-04 11:07:00,471 - root - INFO - train ap: 0.9389011564682158, test ap: 0.9643472439376182
2024-09-04 11:07:00,472 - root - INFO - start 133 epoch
2024-09-04 11:07:04,317 - root - INFO - epoch: 133:
2024-09-04 11:07:04,317 - root - INFO - Epoch mean loss: 0.23485859710237253
2024-09-04 11:07:04,317 - root - INFO - train acc: 0.9152140402612595, test acc: 0.9385684708666076
2024-09-04 11:07:04,317 - root - INFO - train ap: 0.9431855459353258, test ap: 0.9649486908655958
2024-09-04 11:07:04,318 - root - INFO - start 134 epoch
2024-09-04 11:07:08,160 - root - INFO - epoch: 134:
2024-09-04 11:07:08,160 - root - INFO - Epoch mean loss: 0.23552655461041824
2024-09-04 11:07:08,160 - root - INFO - train acc: 0.9147738350555664, test acc: 0.9390417036379769
2024-09-04 11:07:08,160 - root - INFO - train ap: 0.936876942101637, test ap: 0.9645690459451345
2024-09-04 11:07:08,161 - root - INFO - start 135 epoch
2024-09-04 11:07:12,002 - root - INFO - epoch: 135:
2024-09-04 11:07:12,002 - root - INFO - Epoch mean loss: 0.24130712838276572
2024-09-04 11:07:12,002 - root - INFO - train acc: 0.914195018522129, test acc: 0.9370008873114463
2024-09-04 11:07:12,002 - root - INFO - train ap: 0.9357895475602936, test ap: 0.965556782262541
2024-09-04 11:07:12,003 - root - INFO - start 136 epoch
2024-09-04 11:07:15,835 - root - INFO - epoch: 136:
2024-09-04 11:07:15,835 - root - INFO - Epoch mean loss: 0.22959521736787714
2024-09-04 11:07:15,835 - root - INFO - train acc: 0.9139056102554105, test acc: 0.940402247855664
2024-09-04 11:07:15,835 - root - INFO - train ap: 0.9425143731645503, test ap: 0.9658876305525732
2024-09-04 11:07:15,836 - root - INFO - start 137 epoch
2024-09-04 11:07:19,676 - root - INFO - epoch: 137:
2024-09-04 11:07:19,676 - root - INFO - Epoch mean loss: 0.22893863527671152
2024-09-04 11:07:19,676 - root - INFO - train acc: 0.912150882238253, test acc: 0.9410825199645075
2024-09-04 11:07:19,676 - root - INFO - train ap: 0.9437036866656593, test ap: 0.966018452111966
2024-09-04 11:07:19,677 - root - INFO - start 138 epoch
2024-09-04 11:07:23,530 - root - INFO - epoch: 138:
2024-09-04 11:07:23,530 - root - INFO - Epoch mean loss: 0.22219127740549005
2024-09-04 11:07:23,530 - root - INFO - train acc: 0.9175666248294014, test acc: 0.940402247855664
2024-09-04 11:07:23,530 - root - INFO - train ap: 0.9453177669911916, test ap: 0.9657754977873791
2024-09-04 11:07:23,531 - root - INFO - start 139 epoch
2024-09-04 11:07:27,372 - root - INFO - epoch: 139:
2024-09-04 11:07:27,372 - root - INFO - Epoch mean loss: 0.22132022030975507
2024-09-04 11:07:27,373 - root - INFO - train acc: 0.919025851774225, test acc: 0.9404022478556641
2024-09-04 11:07:27,373 - root - INFO - train ap: 0.944826192005953, test ap: 0.9656349456987751
2024-09-04 11:07:27,374 - root - INFO - start 140 epoch
2024-09-04 11:07:31,221 - root - INFO - epoch: 140:
2024-09-04 11:07:31,221 - root - INFO - Epoch mean loss: 0.22174207607041235
2024-09-04 11:07:31,221 - root - INFO - train acc: 0.9184660752583349, test acc: 0.9397219757468204
2024-09-04 11:07:31,221 - root - INFO - train ap: 0.946498390763607, test ap: 0.9652660134018084
2024-09-04 11:07:31,222 - root - INFO - start 141 epoch
2024-09-04 11:07:35,068 - root - INFO - epoch: 141:
2024-09-04 11:07:35,068 - root - INFO - Epoch mean loss: 0.21924425078474957
2024-09-04 11:07:35,068 - root - INFO - train acc: 0.9201644448235523, test acc: 0.9410825199645075
2024-09-04 11:07:35,068 - root - INFO - train ap: 0.9424065505087976, test ap: 0.9653968349612015
2024-09-04 11:07:35,069 - root - INFO - start 142 epoch
2024-09-04 11:07:38,906 - root - INFO - epoch: 142:
2024-09-04 11:07:38,907 - root - INFO - Epoch mean loss: 0.22386287995006726
2024-09-04 11:07:38,907 - root - INFO - train acc: 0.9222778867713004, test acc: 0.9404022478556641
2024-09-04 11:07:38,907 - root - INFO - train ap: 0.9456500048446096, test ap: 0.9659153024925018
2024-09-04 11:07:38,907 - root - INFO - start 143 epoch
2024-09-04 11:07:42,753 - root - INFO - epoch: 143:
2024-09-04 11:07:42,754 - root - INFO - Epoch mean loss: 0.21418781772903775
2024-09-04 11:07:42,754 - root - INFO - train acc: 0.9206236900467928, test acc: 0.941762792073351
2024-09-04 11:07:42,754 - root - INFO - train ap: 0.9500601160293689, test ap: 0.9658319792223654
2024-09-04 11:07:42,755 - root - INFO - start 144 epoch
2024-09-04 11:07:46,597 - root - INFO - epoch: 144:
2024-09-04 11:07:46,598 - root - INFO - Epoch mean loss: 0.21789490140002707
2024-09-04 11:07:46,598 - root - INFO - train acc: 0.9202086176642621, test acc: 0.9404022478556641
2024-09-04 11:07:46,598 - root - INFO - train ap: 0.9452449033215503, test ap: 0.9658933733945468
2024-09-04 11:07:46,599 - root - INFO - start 145 epoch
2024-09-04 11:07:50,445 - root - INFO - epoch: 145:
2024-09-04 11:07:50,445 - root - INFO - Epoch mean loss: 0.21004346401795096
2024-09-04 11:07:50,445 - root - INFO - train acc: 0.9240706948235523, test acc: 0.9410825199645075
2024-09-04 11:07:50,445 - root - INFO - train ap: 0.9485440374378334, test ap: 0.9659169031055764
2024-09-04 11:07:50,446 - root - INFO - start 146 epoch
2024-09-04 11:07:54,294 - root - INFO - epoch: 146:
2024-09-04 11:07:54,294 - root - INFO - Epoch mean loss: 0.2156735632730567
2024-09-04 11:07:54,294 - root - INFO - train acc: 0.9231963772177812, test acc: 0.941762792073351
2024-09-04 11:07:54,294 - root - INFO - train ap: 0.9458374038844685, test ap: 0.9659169031055764
2024-09-04 11:07:54,295 - root - INFO - start 147 epoch
2024-09-04 11:07:58,136 - root - INFO - epoch: 147:
2024-09-04 11:07:58,136 - root - INFO - Epoch mean loss: 0.21687280613443125
2024-09-04 11:07:58,136 - root - INFO - train acc: 0.9180761356989666, test acc: 0.9424430641821946
2024-09-04 11:07:58,136 - root - INFO - train ap: 0.9489394501138034, test ap: 0.966071771784778
2024-09-04 11:07:58,137 - root - INFO - start 148 epoch
2024-09-04 11:08:01,975 - root - INFO - epoch: 148:
2024-09-04 11:08:01,975 - root - INFO - Epoch mean loss: 0.21498092490693796
2024-09-04 11:08:01,975 - root - INFO - train acc: 0.92292600896861, test acc: 0.9410825199645075
2024-09-04 11:08:01,975 - root - INFO - train ap: 0.945073554852003, test ap: 0.9662197825974472
2024-09-04 11:08:01,976 - root - INFO - start 149 epoch
2024-09-04 11:08:05,815 - root - INFO - epoch: 149:
2024-09-04 11:08:05,815 - root - INFO - Epoch mean loss: 0.2081420026395632
2024-09-04 11:08:05,815 - root - INFO - train acc: 0.9266936476408657, test acc: 0.9424430641821946
2024-09-04 11:08:05,815 - root - INFO - train ap: 0.949450057891341, test ap: 0.9659185192349593
2024-09-04 11:08:05,816 - root - INFO - Saving TGAN model
2024-09-04 11:08:05,817 - root - INFO - TGAN models saved
