2024-09-03 09:12:15,902 - root - INFO - Namespace(data='reddit', bs=512, prefix='reddit', n_degree=10, n_head=2, n_epoch=20, n_layer=2, lr=0.0001, drop_out=0.1, gpu=1, device=None, node_dim=100, time_dim=100, agg_method='attn', attn_mode='prod', time='time', uniform=False)
2024-09-03 09:12:18,299 - module - INFO - Aggregation uses attention model
2024-09-03 09:12:18,308 - module - INFO - Using scaled prod attention
2024-09-03 09:12:18,316 - module - INFO - Using scaled prod attention
2024-09-03 09:12:18,316 - module - INFO - Using time encoding
2024-09-03 09:12:18,744 - root - INFO - num of training instances: 389989
2024-09-03 09:12:18,744 - root - INFO - num of batches per epoch: 762
2024-09-03 09:12:18,752 - root - INFO - start 0 epoch
2024-09-03 10:25:43,026 - root - INFO - epoch: 0:
2024-09-03 10:25:43,026 - root - INFO - Epoch mean loss: 0.5286121446238415
2024-09-03 10:25:43,026 - root - INFO - train acc: 0.8876156386624864, val acc: 0.9129398354643672, new node val acc: 0.8983564458140729
2024-09-03 10:25:43,026 - root - INFO - train auc: 0.9548373101685828, val auc: 0.971802788515545, new node val auc: 0.9629053244307482
2024-09-03 10:25:43,026 - root - INFO - train ap: 0.9540278929427519, val ap: 0.9732085929478, new node val ap: 0.9648589806769466
2024-09-03 10:25:43,080 - root - INFO - start 1 epoch
2024-09-03 11:39:09,300 - root - INFO - epoch: 1:
2024-09-03 11:39:09,300 - root - INFO - Epoch mean loss: 0.42652800823916287
2024-09-03 11:39:09,300 - root - INFO - train acc: 0.9135818650192427, val acc: 0.9167162255922291, new node val acc: 0.8989984591679507
2024-09-03 11:39:09,300 - root - INFO - train auc: 0.9719751347866951, val auc: 0.9750270922126408, new node val auc: 0.9648253723677453
2024-09-03 11:39:09,300 - root - INFO - train ap: 0.9727532105353112, val ap: 0.9763770427219012, new node val ap: 0.9666430717579305
2024-09-03 11:39:09,354 - root - INFO - start 2 epoch
2024-09-03 12:52:36,780 - root - INFO - epoch: 2:
2024-09-03 12:52:36,780 - root - INFO - Epoch mean loss: 0.40120839274774384
2024-09-03 12:52:36,780 - root - INFO - train acc: 0.919131573314791, val acc: 0.9217514124293785, new node val acc: 0.9073189522342063
2024-09-03 12:52:36,780 - root - INFO - train auc: 0.9748938604681469, val auc: 0.977778438563452, new node val auc: 0.9690592364321179
2024-09-03 12:52:36,781 - root - INFO - train ap: 0.9755363808093845, val ap: 0.9787551642315755, new node val ap: 0.969511060807809
2024-09-03 12:52:36,834 - root - INFO - start 3 epoch
2024-09-03 14:06:08,567 - root - INFO - epoch: 3:
2024-09-03 14:06:08,567 - root - INFO - Epoch mean loss: 0.3860320258797623
2024-09-03 14:06:08,567 - root - INFO - train acc: 0.9223302338151376, val acc: 0.9258994944989594, new node val acc: 0.912069851052902
2024-09-03 14:06:08,567 - root - INFO - train auc: 0.9766745597040546, val auc: 0.9790514421647339, new node val auc: 0.9708226331107687
2024-09-03 14:06:08,567 - root - INFO - train ap: 0.9773408967512631, val ap: 0.9800976489793004, new node val ap: 0.9718585158072423
2024-09-03 14:06:08,632 - root - INFO - start 4 epoch
2024-09-03 15:19:42,757 - root - INFO - epoch: 4:
2024-09-03 15:19:42,758 - root - INFO - Epoch mean loss: 0.3718598571818645
2024-09-03 15:19:42,758 - root - INFO - train acc: 0.9250520608697175, val acc: 0.9267667756963027, new node val acc: 0.9115305598356447
2024-09-03 15:19:42,758 - root - INFO - train auc: 0.9782637455084643, val auc: 0.9793144348630523, new node val auc: 0.9706634137990071
2024-09-03 15:19:42,758 - root - INFO - train ap: 0.9789475974642811, val ap: 0.9801793240707644, new node val ap: 0.9715791975365209
2024-09-03 15:19:42,811 - root - INFO - start 5 epoch
2024-09-03 16:33:16,700 - root - INFO - epoch: 5:
2024-09-03 16:33:16,700 - root - INFO - Epoch mean loss: 0.36697977208324617
2024-09-03 16:33:16,700 - root - INFO - train acc: 0.9266652508828778, val acc: 0.9274110417286153, new node val acc: 0.9120184899845917
2024-09-03 16:33:16,700 - root - INFO - train auc: 0.9788050039331654, val auc: 0.9796862920011895, new node val auc: 0.9712626262626263
2024-09-03 16:33:16,700 - root - INFO - train ap: 0.9794316155654835, val ap: 0.9807673945129927, new node val ap: 0.9719846823431268
2024-09-03 16:33:16,753 - root - INFO - start 6 epoch
2024-09-03 17:46:53,730 - root - INFO - epoch: 6:
2024-09-03 17:46:53,730 - root - INFO - Epoch mean loss: 0.3561695908780486
2024-09-03 17:46:53,731 - root - INFO - train acc: 0.9286704453924474, val acc: 0.9278768956289027, new node val acc: 0.9128659476117104
2024-09-03 17:46:53,731 - root - INFO - train auc: 0.9799210855167648, val auc: 0.9806046188918625, new node val auc: 0.9723249443588426
2024-09-03 17:46:53,731 - root - INFO - train ap: 0.9805902207567634, val ap: 0.981610357744776, new node val ap: 0.9735178479581515
2024-09-03 17:46:53,791 - root - INFO - start 7 epoch
2024-09-03 19:00:32,706 - root - INFO - epoch: 7:
2024-09-03 19:00:32,706 - root - INFO - Epoch mean loss: 0.34972427605487544
2024-09-03 19:00:32,706 - root - INFO - train acc: 0.9303841600865552, val acc: 0.9309049459807711, new node val acc: 0.9168721109399075
2024-09-03 19:00:32,706 - root - INFO - train auc: 0.9806344880685204, val auc: 0.9813783989163116, new node val auc: 0.9742458483136449
2024-09-03 19:00:32,706 - root - INFO - train ap: 0.9812354885000293, val ap: 0.9823424300412054, new node val ap: 0.975684910528112
2024-09-03 19:00:32,760 - root - INFO - start 8 epoch
2024-09-03 20:14:09,824 - root - INFO - epoch: 8:
2024-09-03 20:14:09,824 - root - INFO - Epoch mean loss: 0.34192851958234166
2024-09-03 20:14:09,824 - root - INFO - train acc: 0.9319653826463844, val acc: 0.931915948062246, new node val acc: 0.9172316384180791
2024-09-03 20:14:09,825 - root - INFO - train auc: 0.9813695192276916, val auc: 0.9823246440017182, new node val auc: 0.9735644581407296
2024-09-03 20:14:09,825 - root - INFO - train ap: 0.98198203299336, val ap: 0.983169033694576, new node val ap: 0.9746093075103364
2024-09-03 20:14:09,878 - root - INFO - start 9 epoch
2024-09-03 21:27:50,437 - root - INFO - epoch: 9:
2024-09-03 21:27:50,437 - root - INFO - Epoch mean loss: 0.3390139681421553
2024-09-03 21:27:50,437 - root - INFO - train acc: 0.9328188272517989, val acc: 0.9303944890474775, new node val acc: 0.9157164869029277
2024-09-03 21:27:50,437 - root - INFO - train auc: 0.9816931676793855, val auc: 0.9819215647404764, new node val auc: 0.9727375449409347
2024-09-03 21:27:50,437 - root - INFO - train ap: 0.9821170920405162, val ap: 0.9826958178053259, new node val ap: 0.9732399816042273
2024-09-03 21:27:50,490 - root - INFO - start 10 epoch
2024-09-03 22:42:32,082 - root - INFO - epoch: 10:
2024-09-03 22:42:32,082 - root - INFO - Epoch mean loss: 0.3341488557381267
2024-09-03 22:42:32,083 - root - INFO - train acc: 0.9334884590005603, val acc: 0.9291802953711963, new node val acc: 0.9115562403697995
2024-09-03 22:42:32,083 - root - INFO - train auc: 0.982186442412778, val auc: 0.981701523110979, new node val auc: 0.9725817497003937
2024-09-03 22:42:32,083 - root - INFO - train ap: 0.9827795257726315, val ap: 0.9825864971728974, new node val ap: 0.9737020358107147
2024-09-03 22:42:32,093 - root - INFO - start 11 epoch
2024-09-03 23:57:17,125 - root - INFO - epoch: 11:
2024-09-03 23:57:17,125 - root - INFO - Epoch mean loss: 0.3331618031335315
2024-09-03 23:57:17,125 - root - INFO - train acc: 0.9337539040612375, val acc: 0.9325552582020022, new node val acc: 0.9170518746789934
2024-09-03 23:57:17,125 - root - INFO - train auc: 0.9821970130473909, val auc: 0.9823003601281924, new node val auc: 0.9742201677794898
2024-09-03 23:57:17,125 - root - INFO - train ap: 0.9824626765367379, val ap: 0.9830134997999671, new node val ap: 0.9754089203610544
2024-09-03 23:57:17,135 - root - INFO - start 12 epoch
2024-09-04 01:12:05,270 - root - INFO - epoch: 12:
2024-09-04 01:12:05,270 - root - INFO - Epoch mean loss: 0.32637610595448435
2024-09-04 01:12:05,270 - root - INFO - train acc: 0.9355494669556755, val acc: 0.9339528199028646, new node val acc: 0.9165125834617361
2024-09-04 01:12:05,270 - root - INFO - train auc: 0.9829725623482554, val auc: 0.9824344996200483, new node val auc: 0.9741722307824002
2024-09-04 01:12:05,270 - root - INFO - train ap: 0.9833121240774955, val ap: 0.983300360190878, new node val ap: 0.9753649688009842
2024-09-04 01:12:05,280 - root - INFO - start 13 epoch
2024-09-04 02:26:37,883 - root - INFO - epoch: 13:
2024-09-04 02:26:37,883 - root - INFO - Epoch mean loss: 0.322247019863817
2024-09-04 02:26:37,883 - root - INFO - train acc: 0.9361816161454186, val acc: 0.9344583209436018, new node val acc: 0.9188495120698511
2024-09-04 02:26:37,883 - root - INFO - train auc: 0.9832577159882973, val auc: 0.9827809165097302, new node val auc: 0.9742030474233865
2024-09-04 02:26:37,883 - root - INFO - train ap: 0.9836303157848169, val ap: 0.9834350964785202, new node val ap: 0.9749406889946239
2024-09-04 02:26:37,893 - root - INFO - start 14 epoch
2024-09-04 03:41:08,087 - root - INFO - epoch: 14:
2024-09-04 03:41:08,087 - root - INFO - Epoch mean loss: 0.3198913505344879
2024-09-04 03:41:08,087 - root - INFO - train acc: 0.9367028152324973, val acc: 0.9345078798691644, new node val acc: 0.9175141242937853
2024-09-04 03:41:08,087 - root - INFO - train auc: 0.983521194060561, val auc: 0.983018468959593, new node val auc: 0.9744358842663927
2024-09-04 03:41:08,087 - root - INFO - train ap: 0.9838062896766742, val ap: 0.9838661883379779, new node val ap: 0.9756151818007317
2024-09-04 03:41:08,097 - root - INFO - start 15 epoch
2024-09-04 04:55:38,808 - root - INFO - epoch: 15:
2024-09-04 04:55:38,808 - root - INFO - Epoch mean loss: 0.316037139847992
2024-09-04 04:55:38,808 - root - INFO - train acc: 0.9378419797518727, val acc: 0.9350629398354643, new node val acc: 0.9196712891628144
2024-09-04 04:55:38,808 - root - INFO - train auc: 0.9839276543180169, val auc: 0.9830316846730762, new node val auc: 0.9746276322547508
2024-09-04 04:55:38,808 - root - INFO - train ap: 0.984133464689891, val ap: 0.9837252778684887, new node val ap: 0.9753770439388687
2024-09-04 04:55:38,818 - root - INFO - start 16 epoch
2024-09-04 06:10:13,181 - root - INFO - epoch: 16:
2024-09-04 06:10:13,181 - root - INFO - Epoch mean loss: 0.3123956405584581
2024-09-04 06:10:13,181 - root - INFO - train acc: 0.9380648879399643, val acc: 0.9354395876697393, new node val acc: 0.920056497175141
2024-09-04 06:10:13,181 - root - INFO - train auc: 0.984272057189969, val auc: 0.9833230911553836, new node val auc: 0.9754357130628317
2024-09-04 06:10:13,181 - root - INFO - train ap: 0.9844894119707134, val ap: 0.9841134873973078, new node val ap: 0.9764694251370454
2024-09-04 06:10:13,191 - root - INFO - start 17 epoch
2024-09-04 07:24:36,051 - root - INFO - epoch: 17:
2024-09-04 07:24:36,051 - root - INFO - Epoch mean loss: 0.30900891215156695
2024-09-04 07:24:36,051 - root - INFO - train acc: 0.9387318701340351, val acc: 0.9357220735454456, new node val acc: 0.9182331792501285
2024-09-04 07:24:36,051 - root - INFO - train auc: 0.9846645167145521, val auc: 0.9834676380216076, new node val auc: 0.9739042972093819
2024-09-04 07:24:36,052 - root - INFO - train ap: 0.9849232984044481, val ap: 0.984181905428074, new node val ap: 0.9748644814301379
2024-09-04 07:24:36,062 - root - INFO - start 18 epoch
2024-09-04 08:39:02,547 - root - INFO - epoch: 18:
2024-09-04 08:39:02,547 - root - INFO - Epoch mean loss: 0.30818717887629987
2024-09-04 08:39:02,547 - root - INFO - train acc: 0.9391532789276077, val acc: 0.936128456735058, new node val acc: 0.9184899845916797
2024-09-04 08:39:02,547 - root - INFO - train auc: 0.9846891046050347, val auc: 0.9836410942610764, new node val auc: 0.9746267762369458
2024-09-04 08:39:02,547 - root - INFO - train ap: 0.984876289223004, val ap: 0.9843966946918249, new node val ap: 0.9754444936027655
2024-09-04 08:39:02,557 - root - INFO - start 19 epoch
2024-09-04 09:53:28,027 - root - INFO - epoch: 19:
2024-09-04 09:53:28,027 - root - INFO - Epoch mean loss: 0.30404389962514866
2024-09-04 09:53:28,027 - root - INFO - train acc: 0.9400358830343715, val acc: 0.9351471900089205, new node val acc: 0.9181047765793529
2024-09-04 09:53:28,028 - root - INFO - train auc: 0.9850986465058594, val auc: 0.9833984207222389, new node val auc: 0.9751652114363979
2024-09-04 09:53:28,028 - root - INFO - train ap: 0.9852802465978125, val ap: 0.9842851832010059, new node val ap: 0.976085134910764
2024-09-04 10:01:01,402 - root - INFO - Test statistics: Old nodes -- acc: 0.9319060362771335, auc: 0.982104437175802, ap: 0.9830400176893067
2024-09-04 10:01:01,402 - root - INFO - Saving TGAN model
2024-09-04 10:01:01,451 - root - INFO - TGAN models saved
